[demo1|search|I|Oct23 14:59:56|0:00:00.000232] {
          dataset: default
          name: demo1
          seed: 0
          tot_steps: 300000
          device: cuda
          continue_from: None
          load_model: weights/checkpoint.pth
          lr: 0.001
          batch_size: 10
          warmup_steps: 100
          dropout: 0.1
          d_model: 512
          d_input: 64
          d_output: 512
          n_TE_layers: 8
          max_len: 30
          max_param: 5
          max_var: 10
          quiet: False
          save_equations: 0
          AMP: False
          grad_clip: None
          uniform_sample_number: 400
          pred_loss_weight: 1.0
          clip_loss_weight: 1.0
          num_workers: 0
          simplify: True
          normalize_loss: True
          normalize_X: True
          normalize_y: True
          function: f=0.1*x**0.3
          domain: x1:1,20
          avoid_zero_eps: 0.05
          sample_num: 512
          n_iter: 150
          c: 1.0
          child_num: 50
          n_playout: 20
          d_playout: 10
          eta: 0.999
          complexity_alpha: 1.0
          complexity_limit: None
          keep_vars: True
          normalize_all: False
          remove_abnormal: True
          use_old_model: False
          cheat: False
          disable_prod_model: True
          max_power_abs: None
          max_nesting_depth: 4
          extra_leaf: 
          custom_binary_ops: Add,Mul,Div
          custom_unary_ops: Cos,Log,Sin,Exp,Sqrt
          custom_leaf_ops: 
          use_custom_ops_only: True
          save_dir: ./results/search/demo1
        }
[demo1|single_test|I|Oct23 14:59:56|0:00:00.002235] Shared log file: /home/ma-user/work/PiX/results/logs/20251023_145953/pix.log
[demo1|single_test|I|Oct23 15:00:10|0:00:13.752494] 开始单次测试 | 模式=bfsearch_new_sr | 假设=[0, 1, 2, 4, 5, 7, 8, 10, 14, 15, 32]
[demo1|pde_solver|I|Oct23 15:00:15|0:00:18.504741] [pde_solver] Solve time: 3.212 s (mode=ls)
[demo1|search|I|Oct23 15:00:15|0:00:00.000755] {
          dataset: default
          name: demo1
          seed: 0
          tot_steps: 300000
          device: cuda
          continue_from: None
          load_model: weights/checkpoint.pth
          lr: 0.001
          batch_size: 10
          warmup_steps: 100
          dropout: 0.1
          d_model: 512
          d_input: 64
          d_output: 512
          n_TE_layers: 8
          max_len: 30
          max_param: 5
          max_var: 10
          quiet: False
          save_equations: 0
          AMP: False
          grad_clip: None
          uniform_sample_number: 400
          pred_loss_weight: 1.0
          clip_loss_weight: 1.0
          num_workers: 0
          simplify: True
          normalize_loss: True
          normalize_X: True
          normalize_y: True
          function: f=0.1*x**0.3
          domain: x1:1,20
          avoid_zero_eps: 0.05
          sample_num: 512
          n_iter: 150
          c: 1.0
          child_num: 50
          n_playout: 20
          d_playout: 10
          eta: 0.999
          complexity_alpha: 1.0
          complexity_limit: None
          keep_vars: True
          normalize_all: False
          remove_abnormal: True
          use_old_model: False
          cheat: False
          disable_prod_model: True
          max_power_abs: None
          max_nesting_depth: 4
          extra_leaf: 
          custom_binary_ops: Add,Mul,Div
          custom_unary_ops: Cos,Log,Sin,Exp,Sqrt
          custom_leaf_ops: 
          use_custom_ops_only: True
          save_dir: ./results/search/demo1
        }
[demo1|search|I|Oct23 15:00:17|0:00:02.037528] [SR4MDL] Tokenizer init: 1.853s | Model build+load: 0.182s | device=cuda | model_path=/home/ma-user/work/PiX/pix/methods/SR4MDL/weights/checkpoint.pth
[demo1|search|D|Oct23 15:00:17|0:00:02.037745] [SR4MDL] Using cached model+tokenizer
[demo1|search|N|Oct23 15:00:17|0:00:02.039271] Using custom binary operators only: ['Add', 'Mul', 'Div']
[demo1|search|N|Oct23 15:00:17|0:00:02.039364] Using custom unary operators only: ['Cos', 'Log', 'Sin', 'Exp', 'Sqrt']
[demo1|search|N|Oct23 15:00:17|0:00:02.039415] Using custom leaf constants only: []
[demo1|search|N|Oct23 15:00:17|0:00:02.039467] target function: dataset-override
        binary operators: [Add, Mul, Div]
        unary operators: [Cos, Log, Sin, Exp, Sqrt]
        leaf: []
        variables: [gamma]
        domain: {}
        N: 512
[demo1|mcts|I|Oct23 15:00:23|0:00:07.340981] Iter: 18 | Reward: 0.97025 | Complexity: 18 | R2: 0.98773 | MDL: 21.60847 | Best: [gamma, log(gamma), sin(cos(gamma) / gamma)] (N=0, Q=0.00, MDL=22) | Best equation: 0.011975 + 5.8e-05 * gamma + 0.008872 * log(gamma) + 0.010445 * sin(cos(gamma) / gamma) | Speed: 294ms/iter (1.5ms/iter) | Time: None | Current: [gamma, exp(log(gamma)) + exp(log(gamma)), exp(gamma + gamma), cos(gamma + exp(gamma)), exp(log(gamma)) / gamma, gamma + gamma] (N=1, Q=0.95, MDL=41)
[demo1|mcts|I|Oct23 15:00:23|0:00:07.605104] Iter: 19 | Reward: 0.97025 | Complexity: 18 | R2: 0.98773 | MDL: 21.60847 | Best: [gamma, log(gamma), sin(cos(gamma) / gamma)] (N=0, Q=0.00, MDL=22) | Best equation: 0.011975 + 5.8e-05 * gamma + 0.008872 * log(gamma) + 0.010445 * sin(cos(gamma) / gamma) | Speed: 293ms/iter (1.5ms/iter) | Time: None | Current: [gamma, exp(log(gamma)) + exp(log(gamma)), exp(gamma + gamma), cos(gamma + exp(gamma)), exp(log(gamma)) / gamma, sqrt(gamma)] (N=1, Q=0.96, MDL=41)
[demo1|mcts|I|Oct23 15:00:23|0:00:07.895089] Iter: 20 | Reward: 0.97025 | Complexity: 18 | R2: 0.98773 | MDL: 21.60847 | Best: [gamma, log(gamma), sin(cos(gamma) / gamma)] (N=0, Q=0.00, MDL=22) | Best equation: 0.011975 + 5.8e-05 * gamma + 0.008872 * log(gamma) + 0.010445 * sin(cos(gamma) / gamma) | Speed: 293ms/iter (1.5ms/iter) | Time: None | Current: [gamma, exp(log(gamma)) + exp(log(gamma)), log(gamma), cos(gamma + exp(gamma)), exp(log(gamma)) / gamma, sqrt(gamma)] (N=1, Q=0.97, MDL=39)
[demo1|mcts|I|Oct23 15:00:23|0:00:08.167182] Iter: 21 | Reward: 0.97025 | Complexity: 18 | R2: 0.98773 | MDL: 21.60847 | Best: [gamma, log(gamma), sin(cos(gamma) / gamma)] (N=0, Q=0.00, MDL=22) | Best equation: 0.011975 + 5.8e-05 * gamma + 0.008872 * log(gamma) + 0.010445 * sin(cos(gamma) / gamma) | Speed: 292ms/iter (1.5ms/iter) | Time: None | Current: [gamma, exp(log(gamma)) + exp(log(gamma)), log(gamma), gamma / sqrt(gamma), exp(log(gamma)) / gamma, sqrt(gamma)] (N=1, Q=0.95, MDL=36)
[demo1|mcts|I|Oct23 15:00:24|0:00:08.455448] Iter: 22 | Reward: 0.97025 | Complexity: 18 | R2: 0.98773 | MDL: 21.60847 | Best: [gamma, log(gamma), sin(cos(gamma) / gamma)] (N=0, Q=0.00, MDL=22) | Best equation: 0.011975 + 5.8e-05 * gamma + 0.008872 * log(gamma) + 0.010445 * sin(cos(gamma) / gamma) | Speed: 292ms/iter (1.4ms/iter) | Time: None | Current: [gamma, exp(log(gamma)) + exp(log(gamma)), log(gamma), gamma / sqrt(gamma), exp(log(gamma)) / gamma, sqrt(gamma), gamma / sqrt(gamma) + sqrt(gamma)] (N=1, Q=0.96, MDL=35)
[demo1|mcts|I|Oct23 15:00:24|0:00:08.768138] Iter: 23 | Reward: 0.97025 | Complexity: 18 | R2: 0.98773 | MDL: 21.60847 | Best: [gamma, log(gamma), sin(cos(gamma) / gamma)] (N=0, Q=0.00, MDL=22) | Best equation: 0.011975 + 5.8e-05 * gamma + 0.008872 * log(gamma) + 0.010445 * sin(cos(gamma) / gamma) | Speed: 293ms/iter (1.5ms/iter) | Time: None | Current: [gamma, cos(gamma), log(gamma), gamma / sqrt(gamma), exp(log(gamma)) / gamma, sqrt(gamma), gamma / sqrt(gamma) + sqrt(gamma)] (N=1, Q=0.96, MDL=37)
[demo1|mcts|I|Oct23 15:00:24|0:00:09.078444] Iter: 24 | Reward: 0.97025 | Complexity: 18 | R2: 0.98773 | MDL: 21.60847 | Best: [gamma, log(gamma), sin(cos(gamma) / gamma)] (N=0, Q=0.00, MDL=22) | Best equation: 0.011975 + 5.8e-05 * gamma + 0.008872 * log(gamma) + 0.010445 * sin(cos(gamma) / gamma) | Speed: 293ms/iter (1.5ms/iter) | Time: None | Current: [gamma, cos(gamma), log(gamma), gamma / sqrt(gamma), exp(log(gamma)) / gamma, sqrt(gamma), gamma / sqrt(gamma) + sqrt(gamma), gamma / sqrt(gamma) / gamma] (N=1, Q=0.96, MDL=32)
[demo1|mcts|I|Oct23 15:00:25|0:00:09.622866] Iter: 25 | Reward: 0.97025 | Complexity: 18 | R2: 0.98773 | MDL: 21.60847 | Best: [gamma, log(gamma), sin(cos(gamma) / gamma)] (N=0, Q=0.00, MDL=22) | Best equation: 0.011975 + 5.8e-05 * gamma + 0.008872 * log(gamma) + 0.010445 * sin(cos(gamma) / gamma) | Speed: 303ms/iter (1.5ms/iter) | Time: None | Current: [gamma, cos(gamma), log(gamma), gamma / sqrt(gamma), exp(log(gamma)) / gamma, sqrt(gamma), gamma / sqrt(gamma) + sqrt(gamma), gamma * gamma] (N=1, Q=0.95, MDL=32)
[demo1|mcts|I|Oct23 15:00:25|0:00:09.936642] Iter: 26 | Reward: 0.97025 | Complexity: 18 | R2: 0.98773 | MDL: 21.60847 | Best: [gamma, log(gamma), sin(cos(gamma) / gamma)] (N=0, Q=0.00, MDL=22) | Best equation: 0.011975 + 5.8e-05 * gamma + 0.008872 * log(gamma) + 0.010445 * sin(cos(gamma) / gamma) | Speed: 304ms/iter (1.5ms/iter) | Time: None | Current: [gamma, log(gamma) / sqrt(gamma), log(gamma), gamma / sqrt(gamma), exp(log(gamma)) / gamma, sqrt(gamma), gamma / sqrt(gamma) + sqrt(gamma), gamma * gamma] (N=1, Q=0.95, MDL=31)
[demo1|mcts|I|Oct23 15:00:26|0:00:10.243075] Iter: 27 | Reward: 0.97025 | Complexity: 18 | R2: 0.98773 | MDL: 21.60847 | Best: [gamma, log(gamma), sin(cos(gamma) / gamma)] (N=0, Q=0.00, MDL=22) | Best equation: 0.011975 + 5.8e-05 * gamma + 0.008872 * log(gamma) + 0.010445 * sin(cos(gamma) / gamma) | Speed: 304ms/iter (1.5ms/iter) | Time: None | Current: [gamma, log(gamma) / sqrt(gamma), log(gamma), gamma / sqrt(gamma), exp(log(gamma)) / gamma, sqrt(gamma), gamma / sqrt(gamma) + sqrt(gamma), exp(gamma * gamma)] (N=1, Q=0.94, MDL=32)
[demo1|mcts|I|Oct23 15:00:26|0:00:10.591324] Iter: 28 | Reward: 0.97025 | Complexity: 18 | R2: 0.98773 | MDL: 21.60847 | Best: [gamma, log(gamma), sin(cos(gamma) / gamma)] (N=0, Q=0.00, MDL=22) | Best equation: 0.011975 + 5.8e-05 * gamma + 0.008872 * log(gamma) + 0.010445 * sin(cos(gamma) / gamma) | Speed: 305ms/iter (1.5ms/iter) | Time: None | Current: [gamma, log(gamma) / sqrt(gamma), log(gamma), gamma / sqrt(gamma), exp(log(gamma)) / gamma, sqrt(gamma), gamma / sqrt(gamma) + sqrt(gamma), cos(gamma)] (N=1, Q=0.96, MDL=32)
[demo1|mcts|I|Oct23 15:00:26|0:00:10.901531] Iter: 29 | Reward: 0.97025 | Complexity: 18 | R2: 0.98773 | MDL: 21.60847 | Best: [gamma, log(gamma), sin(cos(gamma) / gamma)] (N=0, Q=0.00, MDL=22) | Best equation: 0.011975 + 5.8e-05 * gamma + 0.008872 * log(gamma) + 0.010445 * sin(cos(gamma) / gamma) | Speed: 306ms/iter (1.5ms/iter) | Time: None | Current: [gamma, log(gamma) / sqrt(gamma), log(gamma), gamma / sqrt(gamma), gamma * gamma, sqrt(gamma), gamma / sqrt(gamma) + sqrt(gamma), cos(gamma)] (N=1, Q=0.96, MDL=30)
[demo1|mcts|I|Oct23 15:00:27|0:00:11.216118] Iter: 30 | Reward: 0.97025 | Complexity: 18 | R2: 0.98773 | MDL: 21.60847 | Best: [gamma, log(gamma), sin(cos(gamma) / gamma)] (N=0, Q=0.00, MDL=22) | Best equation: 0.011975 + 5.8e-05 * gamma + 0.008872 * log(gamma) + 0.010445 * sin(cos(gamma) / gamma) | Speed: 306ms/iter (1.5ms/iter) | Time: None | Current: [gamma, log(gamma) / sqrt(gamma), log(gamma), gamma / sqrt(gamma), gamma * gamma, sqrt(gamma), log(gamma) / sqrt(gamma) / gamma, cos(gamma)] (N=1, Q=0.95, MDL=32)
[demo1|mcts|I|Oct23 15:00:27|0:00:11.772857] Iter: 31 | Reward: 0.97025 | Complexity: 18 | R2: 0.98773 | MDL: 21.60847 | Best: [gamma, log(gamma), sin(cos(gamma) / gamma)] (N=0, Q=0.00, MDL=22) | Best equation: 0.011975 + 5.8e-05 * gamma + 0.008872 * log(gamma) + 0.010445 * sin(cos(gamma) / gamma) | Speed: 314ms/iter (1.6ms/iter) | Time: None | Current: [gamma, log(gamma) / sqrt(gamma), log(gamma), gamma / sqrt(gamma), gamma * gamma, sqrt(gamma), log(gamma / sqrt(gamma)), cos(gamma)] (N=1, Q=0.96, MDL=30)
[demo1|mcts|I|Oct23 15:00:27|0:00:12.087359] Iter: 32 | Reward: 0.97025 | Complexity: 18 | R2: 0.98773 | MDL: 21.60847 | Best: [gamma, log(gamma), sin(cos(gamma) / gamma)] (N=0, Q=0.00, MDL=22) | Best equation: 0.011975 + 5.8e-05 * gamma + 0.008872 * log(gamma) + 0.010445 * sin(cos(gamma) / gamma) | Speed: 314ms/iter (1.6ms/iter) | Time: None | Current: [gamma, log(gamma) / sqrt(gamma), log(gamma), cos(gamma) + gamma, gamma * gamma, sqrt(gamma), log(gamma / sqrt(gamma)), cos(gamma)] (N=1, Q=0.95, MDL=36)
[demo1|mcts|I|Oct23 15:00:28|0:00:12.423351] Iter: 33 | Reward: 0.97025 | Complexity: 18 | R2: 0.98773 | MDL: 21.60847 | Best: [gamma, log(gamma), sin(cos(gamma) / gamma)] (N=0, Q=0.00, MDL=22) | Best equation: 0.011975 + 5.8e-05 * gamma + 0.008872 * log(gamma) + 0.010445 * sin(cos(gamma) / gamma) | Speed: 315ms/iter (1.6ms/iter) | Time: None | Current: [gamma, log(gamma) / sqrt(gamma), log(gamma), cos(gamma) + gamma, gamma * gamma, sqrt(gamma), log(gamma / sqrt(gamma)), log(gamma) / gamma] (N=1, Q=0.95, MDL=34)
[demo1|mcts|I|Oct23 15:00:28|0:00:12.740550] Iter: 34 | Reward: 0.97025 | Complexity: 18 | R2: 0.98773 | MDL: 21.60847 | Best: [gamma, log(gamma), sin(cos(gamma) / gamma)] (N=0, Q=0.00, MDL=22) | Best equation: 0.011975 + 5.8e-05 * gamma + 0.008872 * log(gamma) + 0.010445 * sin(cos(gamma) / gamma) | Speed: 315ms/iter (1.6ms/iter) | Time: None | Current: [gamma, log(gamma) / sqrt(gamma), log(gamma), cos(gamma) + gamma, gamma * gamma * gamma, sqrt(gamma), log(gamma / sqrt(gamma)), log(gamma) / gamma] (N=1, Q=0.95, MDL=34)
[demo1|mcts|I|Oct23 15:00:28|0:00:13.069700] Iter: 35 | Reward: 0.97025 | Complexity: 18 | R2: 0.98773 | MDL: 21.60847 | Best: [gamma, log(gamma), sin(cos(gamma) / gamma)] (N=0, Q=0.00, MDL=22) | Best equation: 0.011975 + 5.8e-05 * gamma + 0.008872 * log(gamma) + 0.010445 * sin(cos(gamma) / gamma) | Speed: 315ms/iter (1.6ms/iter) | Time: None | Current: [gamma, log(gamma) / sqrt(gamma), log(gamma), gamma * log(gamma), gamma * gamma * gamma, sqrt(gamma), log(gamma / sqrt(gamma)), log(gamma) / gamma] (N=1, Q=0.95, MDL=35)
[demo1|mcts|I|Oct23 15:00:29|0:00:13.381848] Iter: 36 | Reward: 0.97025 | Complexity: 18 | R2: 0.98773 | MDL: 21.60847 | Best: [gamma, log(gamma), sin(cos(gamma) / gamma)] (N=0, Q=0.00, MDL=22) | Best equation: 0.011975 + 5.8e-05 * gamma + 0.008872 * log(gamma) + 0.010445 * sin(cos(gamma) / gamma) | Speed: 315ms/iter (1.6ms/iter) | Time: None | Current: [gamma, log(gamma) / sqrt(gamma), log(gamma), gamma + gamma, gamma * gamma * gamma, sqrt(gamma), log(gamma / sqrt(gamma)), log(gamma) / gamma] (N=1, Q=0.95, MDL=36)
[demo1|mcts|I|Oct23 15:00:29|0:00:13.694391] Iter: 37 | Reward: 0.97025 | Complexity: 18 | R2: 0.98773 | MDL: 21.60847 | Best: [gamma, log(gamma), sin(cos(gamma) / gamma)] (N=0, Q=0.00, MDL=22) | Best equation: 0.011975 + 5.8e-05 * gamma + 0.008872 * log(gamma) + 0.010445 * sin(cos(gamma) / gamma) | Speed: 315ms/iter (1.6ms/iter) | Time: None | Current: [gamma, log(gamma) / sqrt(gamma), cos(log(gamma)), gamma + gamma, gamma * gamma * gamma, sqrt(gamma), log(gamma / sqrt(gamma)), log(gamma) / gamma] (N=1, Q=0.96, MDL=44)
[demo1|mcts|I|Oct23 15:00:29|0:00:14.018008] Iter: 38 | Reward: 0.97025 | Complexity: 18 | R2: 0.98773 | MDL: 21.60847 | Best: [gamma, log(gamma), sin(cos(gamma) / gamma)] (N=0, Q=0.00, MDL=22) | Best equation: 0.011975 + 5.8e-05 * gamma + 0.008872 * log(gamma) + 0.010445 * sin(cos(gamma) / gamma) | Speed: 315ms/iter (1.6ms/iter) | Time: None | Current: [gamma, log(gamma) / sqrt(gamma), cos(log(gamma)), gamma + gamma, gamma * gamma * gamma, sqrt(gamma), (gamma + gamma) / sqrt(gamma), log(gamma) / gamma] (N=1, Q=0.95, MDL=44)
[demo1|mcts|I|Oct23 15:00:30|0:00:14.644810] Iter: 39 | Reward: 0.97025 | Complexity: 18 | R2: 0.98773 | MDL: 21.60847 | Best: [gamma, log(gamma), sin(cos(gamma) / gamma)] (N=0, Q=0.00, MDL=22) | Best equation: 0.011975 + 5.8e-05 * gamma + 0.008872 * log(gamma) + 0.010445 * sin(cos(gamma) / gamma) | Speed: 323ms/iter (1.6ms/iter) | Time: None | Current: [gamma, log(gamma) / sqrt(gamma), cos(log(gamma)), gamma + gamma, gamma * gamma * gamma, sqrt(gamma), gamma / (gamma * gamma * gamma), log(gamma) / gamma] (N=1, Q=0.95, MDL=45)
[demo1|mcts|I|Oct23 15:00:30|0:00:14.961718] Iter: 40 | Reward: 0.97025 | Complexity: 18 | R2: 0.98773 | MDL: 21.60847 | Best: [gamma, log(gamma), sin(cos(gamma) / gamma)] (N=0, Q=0.00, MDL=22) | Best equation: 0.011975 + 5.8e-05 * gamma + 0.008872 * log(gamma) + 0.010445 * sin(cos(gamma) / gamma) | Speed: 323ms/iter (1.6ms/iter) | Time: None | Current: [gamma, log(gamma) / sqrt(gamma), cos(log(gamma)), gamma + gamma, gamma * gamma * gamma, sqrt(gamma), gamma + gamma + gamma, log(gamma) / gamma] (N=1, Q=0.95, MDL=40)
[demo1|mcts|I|Oct23 15:00:31|0:00:15.272554] Iter: 41 | Reward: 0.97025 | Complexity: 18 | R2: 0.98773 | MDL: 21.60847 | Best: [gamma, log(gamma), sin(cos(gamma) / gamma)] (N=0, Q=0.00, MDL=22) | Best equation: 0.011975 + 5.8e-05 * gamma + 0.008872 * log(gamma) + 0.010445 * sin(cos(gamma) / gamma) | Speed: 323ms/iter (1.6ms/iter) | Time: None | Current: [gamma, log(gamma) / sqrt(gamma), cos(sqrt(gamma)), gamma + gamma, gamma * gamma * gamma, sqrt(gamma), gamma + gamma + gamma, log(gamma) / gamma] (N=1, Q=0.95, MDL=42)
[demo1|mcts|I|Oct23 15:00:31|0:00:15.591413] Iter: 42 | Reward: 0.97025 | Complexity: 18 | R2: 0.98773 | MDL: 21.60847 | Best: [gamma, log(gamma), sin(cos(gamma) / gamma)] (N=0, Q=0.00, MDL=22) | Best equation: 0.011975 + 5.8e-05 * gamma + 0.008872 * log(gamma) + 0.010445 * sin(cos(gamma) / gamma) | Speed: 323ms/iter (1.6ms/iter) | Time: None | Current: [gamma, log(gamma) / sqrt(gamma), cos(sqrt(gamma)), gamma * sqrt(gamma), gamma * gamma * gamma, sqrt(gamma), gamma + gamma + gamma, log(gamma) / gamma] (N=1, Q=0.96, MDL=42)
[demo1|mcts|I|Oct23 15:00:31|0:00:15.919028] Iter: 43 | Reward: 0.97025 | Complexity: 18 | R2: 0.98773 | MDL: 21.60847 | Best: [gamma, log(gamma), sin(cos(gamma) / gamma)] (N=0, Q=0.00, MDL=22) | Best equation: 0.011975 + 5.8e-05 * gamma + 0.008872 * log(gamma) + 0.010445 * sin(cos(gamma) / gamma) | Speed: 323ms/iter (1.6ms/iter) | Time: None | Current: [gamma, sqrt(gamma) + sqrt(gamma), cos(sqrt(gamma)), gamma * sqrt(gamma), gamma * gamma * gamma, sqrt(gamma), gamma + gamma + gamma, log(gamma) / gamma] (N=1, Q=0.96, MDL=42)
[demo1|mcts|I|Oct23 15:00:32|0:00:16.250903] Iter: 44 | Reward: 0.97025 | Complexity: 18 | R2: 0.98773 | MDL: 21.60847 | Best: [gamma, log(gamma), sin(cos(gamma) / gamma)] (N=0, Q=0.00, MDL=22) | Best equation: 0.011975 + 5.8e-05 * gamma + 0.008872 * log(gamma) + 0.010445 * sin(cos(gamma) / gamma) | Speed: 323ms/iter (1.6ms/iter) | Time: None | Current: [gamma, log(sqrt(gamma)), cos(sqrt(gamma)), gamma * sqrt(gamma), gamma * gamma * gamma, sqrt(gamma), gamma + gamma + gamma, log(gamma) / gamma] (N=1, Q=0.95, MDL=42)
[demo1|mcts|I|Oct23 15:00:32|0:00:16.575199] Iter: 45 | Reward: 0.97025 | Complexity: 18 | R2: 0.98773 | MDL: 21.60847 | Best: [gamma, log(gamma), sin(cos(gamma) / gamma)] (N=0, Q=0.00, MDL=22) | Best equation: 0.011975 + 5.8e-05 * gamma + 0.008872 * log(gamma) + 0.010445 * sin(cos(gamma) / gamma) | Speed: 323ms/iter (1.6ms/iter) | Time: None | Current: [gamma, log(sqrt(gamma)), cos(sqrt(gamma)), gamma * sqrt(gamma), gamma / (gamma * gamma * gamma), sqrt(gamma), gamma + gamma + gamma, log(gamma) / gamma] (N=1, Q=0.96, MDL=41)
[demo1|mcts|I|Oct23 15:00:32|0:00:16.899619] Iter: 46 | Reward: 0.97025 | Complexity: 18 | R2: 0.98773 | MDL: 21.60847 | Best: [gamma, log(gamma), sin(cos(gamma) / gamma)] (N=0, Q=0.00, MDL=22) | Best equation: 0.011975 + 5.8e-05 * gamma + 0.008872 * log(gamma) + 0.010445 * sin(cos(gamma) / gamma) | Speed: 323ms/iter (1.6ms/iter) | Time: None | Current: [gamma, log(sqrt(gamma)), cos(sqrt(gamma)), exp(log(gamma) / gamma), gamma / (gamma * gamma * gamma), sqrt(gamma), gamma + gamma + gamma, log(gamma) / gamma] (N=1, Q=0.95, MDL=40)
[demo1|mcts|I|Oct23 15:00:33|0:00:17.234918] Iter: 47 | Reward: 0.97025 | Complexity: 18 | R2: 0.98773 | MDL: 21.60847 | Best: [gamma, log(gamma), sin(cos(gamma) / gamma)] (N=0, Q=0.00, MDL=22) | Best equation: 0.011975 + 5.8e-05 * gamma + 0.008872 * log(gamma) + 0.010445 * sin(cos(gamma) / gamma) | Speed: 323ms/iter (1.6ms/iter) | Time: None | Current: [gamma, log(sqrt(gamma)), cos(sqrt(gamma)), exp(log(gamma) / gamma), log(sqrt(gamma)) * sqrt(gamma), sqrt(gamma), gamma + gamma + gamma, log(gamma) / gamma] (N=1, Q=0.96, MDL=40)
[demo1|mcts|I|Oct23 15:00:33|0:00:17.560168] Iter: 48 | Reward: 0.97025 | Complexity: 18 | R2: 0.98773 | MDL: 21.60847 | Best: [gamma, log(gamma), sin(cos(gamma) / gamma)] (N=0, Q=0.00, MDL=22) | Best equation: 0.011975 + 5.8e-05 * gamma + 0.008872 * log(gamma) + 0.010445 * sin(cos(gamma) / gamma) | Speed: 323ms/iter (1.6ms/iter) | Time: None | Current: [gamma, log(sqrt(gamma)), gamma / sqrt(gamma), exp(log(gamma) / gamma), log(sqrt(gamma)) * sqrt(gamma), sqrt(gamma), gamma + gamma + gamma, log(gamma) / gamma] (N=1, Q=0.95, MDL=34)
[demo1|mcts|I|Oct23 15:00:34|0:00:18.232186] Iter: 49 | Reward: 0.97025 | Complexity: 18 | R2: 0.98773 | MDL: 21.60847 | Best: [gamma, log(gamma), sin(cos(gamma) / gamma)] (N=0, Q=0.00, MDL=22) | Best equation: 0.011975 + 5.8e-05 * gamma + 0.008872 * log(gamma) + 0.010445 * sin(cos(gamma) / gamma) | Speed: 330ms/iter (1.6ms/iter) | Time: None | Current: [gamma, log(sqrt(gamma)), gamma / sqrt(gamma), exp(log(gamma) / gamma), log(sqrt(gamma)) * sqrt(gamma), sqrt(gamma), sqrt(gamma) * sqrt(gamma), log(gamma) / gamma] (N=1, Q=0.95, MDL=35)
[demo1|mcts|I|Oct23 15:00:34|0:00:18.559361] Iter: 50 | Reward: 0.97025 | Complexity: 18 | R2: 0.98773 | MDL: 21.60847 | Best: [gamma, log(gamma), sin(cos(gamma) / gamma)] (N=0, Q=0.00, MDL=22) | Best equation: 0.011975 + 5.8e-05 * gamma + 0.008872 * log(gamma) + 0.010445 * sin(cos(gamma) / gamma) | Speed: 330ms/iter (1.6ms/iter) | Time: None | Current: [gamma, log(sqrt(gamma)), gamma / sqrt(gamma), exp(log(gamma) / gamma), sin(gamma / sqrt(gamma)), sqrt(gamma), sqrt(gamma) * sqrt(gamma), log(gamma) / gamma] (N=1, Q=0.95, MDL=35)
[demo1|search|I|Oct23 15:00:34|0:00:18.559647] Finished
[demo1|search|D|Oct23 15:00:34|0:00:18.892204] [SR4MDL] Using cached model+tokenizer
[demo1|search|N|Oct23 15:00:34|0:00:18.893117] Using custom binary operators only: ['Add', 'Mul', 'Div']
[demo1|search|N|Oct23 15:00:34|0:00:18.893206] Using custom unary operators only: ['Cos', 'Log', 'Sin', 'Exp', 'Sqrt']
[demo1|search|N|Oct23 15:00:34|0:00:18.893246] Using custom leaf constants only: []
[demo1|search|N|Oct23 15:00:34|0:00:18.893301] target function: dataset-override
        binary operators: [Add, Mul, Div]
        unary operators: [Cos, Log, Sin, Exp, Sqrt]
        leaf: []
        variables: [gamma]
        domain: {}
        N: 512
[demo1|mcts|I|Oct23 15:00:40|0:00:24.712509] Iter: 21 | Reward: 0.97893 | Complexity: 18 | R2: 0.99671 | MDL: 22.16422 | Best: [gamma, log(gamma), sin(cos(gamma) / gamma)] (N=0, Q=0.00, MDL=22) | Best equation: 0.009607 + -1.2e-05 * gamma + 0.010191 * log(gamma) + 0.010581 * sin(cos(gamma) / gamma) | Speed: 277ms/iter (1.4ms/iter) | Time: None | Current: [gamma, exp(log(gamma)) + exp(log(gamma)), log(gamma), gamma / sqrt(gamma), exp(log(gamma)) / gamma, sqrt(gamma)] (N=1, Q=0.96, MDL=36)
[demo1|mcts|I|Oct23 15:00:40|0:00:25.000958] Iter: 22 | Reward: 0.97893 | Complexity: 18 | R2: 0.99671 | MDL: 22.16422 | Best: [gamma, log(gamma), sin(cos(gamma) / gamma)] (N=0, Q=0.00, MDL=22) | Best equation: 0.009607 + -1.2e-05 * gamma + 0.010191 * log(gamma) + 0.010581 * sin(cos(gamma) / gamma) | Speed: 278ms/iter (1.4ms/iter) | Time: None | Current: [gamma, exp(log(gamma)) + exp(log(gamma)), log(gamma), gamma / sqrt(gamma), exp(log(gamma)) / gamma, sqrt(gamma), gamma / sqrt(gamma) + sqrt(gamma)] (N=1, Q=0.96, MDL=36)
[demo1|mcts|I|Oct23 15:00:41|0:00:25.301250] Iter: 23 | Reward: 0.97893 | Complexity: 18 | R2: 0.99671 | MDL: 22.16422 | Best: [gamma, log(gamma), sin(cos(gamma) / gamma)] (N=0, Q=0.00, MDL=22) | Best equation: 0.009607 + -1.2e-05 * gamma + 0.010191 * log(gamma) + 0.010581 * sin(cos(gamma) / gamma) | Speed: 279ms/iter (1.4ms/iter) | Time: None | Current: [gamma, cos(gamma), log(gamma), gamma / sqrt(gamma), exp(log(gamma)) / gamma, sqrt(gamma), gamma / sqrt(gamma) + sqrt(gamma)] (N=1, Q=0.98, MDL=37)
[demo1|mcts|I|Oct23 15:00:41|0:00:25.610286] Iter: 24 | Reward: 0.97893 | Complexity: 18 | R2: 0.99671 | MDL: 22.16422 | Best: [gamma, log(gamma), sin(cos(gamma) / gamma)] (N=0, Q=0.00, MDL=22) | Best equation: 0.009607 + -1.2e-05 * gamma + 0.010191 * log(gamma) + 0.010581 * sin(cos(gamma) / gamma) | Speed: 280ms/iter (1.4ms/iter) | Time: None | Current: [gamma, cos(gamma), log(gamma), gamma / sqrt(gamma), exp(log(gamma)) / gamma, sqrt(gamma), gamma / sqrt(gamma) + sqrt(gamma), gamma / sqrt(gamma) / gamma] (N=1, Q=0.96, MDL=33)
[demo1|mcts|I|Oct23 15:00:41|0:00:25.922243] Iter: 25 | Reward: 0.97893 | Complexity: 18 | R2: 0.99671 | MDL: 22.16422 | Best: [gamma, log(gamma), sin(cos(gamma) / gamma)] (N=0, Q=0.00, MDL=22) | Best equation: 0.009607 + -1.2e-05 * gamma + 0.010191 * log(gamma) + 0.010581 * sin(cos(gamma) / gamma) | Speed: 281ms/iter (1.4ms/iter) | Time: None | Current: [gamma, cos(gamma), log(gamma), gamma / sqrt(gamma), exp(log(gamma)) / gamma, sqrt(gamma), gamma / sqrt(gamma) + sqrt(gamma), gamma * gamma] (N=1, Q=0.96, MDL=32)
[demo1|mcts|I|Oct23 15:00:42|0:00:26.228544] Iter: 26 | Reward: 0.97893 | Complexity: 18 | R2: 0.99671 | MDL: 22.16422 | Best: [gamma, log(gamma), sin(cos(gamma) / gamma)] (N=0, Q=0.00, MDL=22) | Best equation: 0.009607 + -1.2e-05 * gamma + 0.010191 * log(gamma) + 0.010581 * sin(cos(gamma) / gamma) | Speed: 282ms/iter (1.4ms/iter) | Time: None | Current: [gamma, log(gamma) / sqrt(gamma), log(gamma), gamma / sqrt(gamma), exp(log(gamma)) / gamma, sqrt(gamma), gamma / sqrt(gamma) + sqrt(gamma), gamma * gamma] (N=1, Q=0.95, MDL=31)
[demo1|mcts|I|Oct23 15:00:42|0:00:26.533286] Iter: 27 | Reward: 0.97893 | Complexity: 18 | R2: 0.99671 | MDL: 22.16422 | Best: [gamma, log(gamma), sin(cos(gamma) / gamma)] (N=0, Q=0.00, MDL=22) | Best equation: 0.009607 + -1.2e-05 * gamma + 0.010191 * log(gamma) + 0.010581 * sin(cos(gamma) / gamma) | Speed: 283ms/iter (1.4ms/iter) | Time: None | Current: [gamma, log(gamma) / sqrt(gamma), log(gamma), gamma / sqrt(gamma), exp(log(gamma)) / gamma, sqrt(gamma), gamma / sqrt(gamma) + sqrt(gamma), exp(gamma * gamma)] (N=1, Q=0.95, MDL=32)
[demo1|mcts|I|Oct23 15:00:42|0:00:27.088004] Iter: 28 | Reward: 0.97893 | Complexity: 18 | R2: 0.99671 | MDL: 22.16422 | Best: [gamma, log(gamma), sin(cos(gamma) / gamma)] (N=0, Q=0.00, MDL=22) | Best equation: 0.009607 + -1.2e-05 * gamma + 0.010191 * log(gamma) + 0.010581 * sin(cos(gamma) / gamma) | Speed: 293ms/iter (1.5ms/iter) | Time: None | Current: [gamma, log(gamma) / sqrt(gamma), log(gamma), gamma / sqrt(gamma), exp(log(gamma)) / gamma, sqrt(gamma), gamma / sqrt(gamma) + sqrt(gamma), cos(gamma)] (N=1, Q=0.97, MDL=35)
[demo1|mcts|I|Oct23 15:00:43|0:00:27.389655] Iter: 29 | Reward: 0.97893 | Complexity: 18 | R2: 0.99671 | MDL: 22.16422 | Best: [gamma, log(gamma), sin(cos(gamma) / gamma)] (N=0, Q=0.00, MDL=22) | Best equation: 0.009607 + -1.2e-05 * gamma + 0.010191 * log(gamma) + 0.010581 * sin(cos(gamma) / gamma) | Speed: 293ms/iter (1.5ms/iter) | Time: None | Current: [gamma, log(gamma) / sqrt(gamma), log(gamma), gamma / sqrt(gamma), gamma * gamma, sqrt(gamma), gamma / sqrt(gamma) + sqrt(gamma), cos(gamma)] (N=1, Q=0.96, MDL=31)
[demo1|mcts|I|Oct23 15:00:43|0:00:27.702221] Iter: 30 | Reward: 0.97893 | Complexity: 18 | R2: 0.99671 | MDL: 22.16422 | Best: [gamma, log(gamma), sin(cos(gamma) / gamma)] (N=0, Q=0.00, MDL=22) | Best equation: 0.009607 + -1.2e-05 * gamma + 0.010191 * log(gamma) + 0.010581 * sin(cos(gamma) / gamma) | Speed: 294ms/iter (1.5ms/iter) | Time: None | Current: [gamma, log(gamma) / sqrt(gamma), log(gamma), gamma / sqrt(gamma), gamma * gamma, sqrt(gamma), log(gamma) / sqrt(gamma) / gamma, cos(gamma)] (N=1, Q=0.97, MDL=33)
[demo1|mcts|I|Oct23 15:00:43|0:00:28.022849] Iter: 31 | Reward: 0.97893 | Complexity: 18 | R2: 0.99671 | MDL: 22.16422 | Best: [gamma, log(gamma), sin(cos(gamma) / gamma)] (N=0, Q=0.00, MDL=22) | Best equation: 0.009607 + -1.2e-05 * gamma + 0.010191 * log(gamma) + 0.010581 * sin(cos(gamma) / gamma) | Speed: 294ms/iter (1.5ms/iter) | Time: None | Current: [gamma, log(gamma) / sqrt(gamma), log(gamma), gamma / sqrt(gamma), gamma * gamma, sqrt(gamma), log(gamma / sqrt(gamma)), cos(gamma)] (N=1, Q=0.97, MDL=31)
[demo1|mcts|I|Oct23 15:00:44|0:00:28.329845] Iter: 32 | Reward: 0.97893 | Complexity: 18 | R2: 0.99671 | MDL: 22.16422 | Best: [gamma, log(gamma), sin(cos(gamma) / gamma)] (N=0, Q=0.00, MDL=22) | Best equation: 0.009607 + -1.2e-05 * gamma + 0.010191 * log(gamma) + 0.010581 * sin(cos(gamma) / gamma) | Speed: 295ms/iter (1.5ms/iter) | Time: None | Current: [gamma, log(gamma) / sqrt(gamma), log(gamma), cos(gamma) + gamma, gamma * gamma, sqrt(gamma), log(gamma / sqrt(gamma)), cos(gamma)] (N=1, Q=0.96, MDL=36)
[demo1|mcts|I|Oct23 15:00:44|0:00:28.644309] Iter: 33 | Reward: 0.97893 | Complexity: 18 | R2: 0.99671 | MDL: 22.16422 | Best: [gamma, log(gamma), sin(cos(gamma) / gamma)] (N=0, Q=0.00, MDL=22) | Best equation: 0.009607 + -1.2e-05 * gamma + 0.010191 * log(gamma) + 0.010581 * sin(cos(gamma) / gamma) | Speed: 295ms/iter (1.5ms/iter) | Time: None | Current: [gamma, log(gamma) / sqrt(gamma), log(gamma), cos(gamma) + gamma, gamma * gamma, sqrt(gamma), log(gamma / sqrt(gamma)), log(gamma) / gamma] (N=1, Q=0.96, MDL=34)
[demo1|mcts|I|Oct23 15:00:45|0:00:29.216991] Iter: 34 | Reward: 0.97893 | Complexity: 18 | R2: 0.99671 | MDL: 22.16422 | Best: [gamma, log(gamma), sin(cos(gamma) / gamma)] (N=0, Q=0.00, MDL=22) | Best equation: 0.009607 + -1.2e-05 * gamma + 0.010191 * log(gamma) + 0.010581 * sin(cos(gamma) / gamma) | Speed: 304ms/iter (1.5ms/iter) | Time: None | Current: [gamma, log(gamma) / sqrt(gamma), log(gamma), cos(gamma) + gamma, gamma * gamma * gamma, sqrt(gamma), log(gamma / sqrt(gamma)), log(gamma) / gamma] (N=1, Q=0.96, MDL=33)
[demo1|mcts|I|Oct23 15:00:45|0:00:29.534279] Iter: 35 | Reward: 0.97893 | Complexity: 18 | R2: 0.99671 | MDL: 22.16422 | Best: [gamma, log(gamma), sin(cos(gamma) / gamma)] (N=0, Q=0.00, MDL=22) | Best equation: 0.009607 + -1.2e-05 * gamma + 0.010191 * log(gamma) + 0.010581 * sin(cos(gamma) / gamma) | Speed: 304ms/iter (1.5ms/iter) | Time: None | Current: [gamma, log(gamma) / sqrt(gamma), log(gamma), gamma * log(gamma), gamma * gamma * gamma, sqrt(gamma), log(gamma / sqrt(gamma)), log(gamma) / gamma] (N=1, Q=0.95, MDL=35)
[demo1|mcts|I|Oct23 15:00:45|0:00:29.838841] Iter: 36 | Reward: 0.97893 | Complexity: 18 | R2: 0.99671 | MDL: 22.16422 | Best: [gamma, log(gamma), sin(cos(gamma) / gamma)] (N=0, Q=0.00, MDL=22) | Best equation: 0.009607 + -1.2e-05 * gamma + 0.010191 * log(gamma) + 0.010581 * sin(cos(gamma) / gamma) | Speed: 304ms/iter (1.5ms/iter) | Time: None | Current: [gamma, log(gamma) / sqrt(gamma), log(gamma), gamma + gamma, gamma * gamma * gamma, sqrt(gamma), log(gamma / sqrt(gamma)), log(gamma) / gamma] (N=1, Q=0.96, MDL=36)
[demo1|mcts|I|Oct23 15:00:45|0:00:30.151910] Iter: 37 | Reward: 0.97893 | Complexity: 18 | R2: 0.99671 | MDL: 22.16422 | Best: [gamma, log(gamma), sin(cos(gamma) / gamma)] (N=0, Q=0.00, MDL=22) | Best equation: 0.009607 + -1.2e-05 * gamma + 0.010191 * log(gamma) + 0.010581 * sin(cos(gamma) / gamma) | Speed: 304ms/iter (1.5ms/iter) | Time: None | Current: [gamma, log(gamma) / sqrt(gamma), cos(log(gamma)), gamma + gamma, gamma * gamma * gamma, sqrt(gamma), log(gamma / sqrt(gamma)), log(gamma) / gamma] (N=1, Q=0.96, MDL=44)
[demo1|mcts|I|Oct23 15:00:46|0:00:30.473123] Iter: 38 | Reward: 0.97893 | Complexity: 18 | R2: 0.99671 | MDL: 22.16422 | Best: [gamma, log(gamma), sin(cos(gamma) / gamma)] (N=0, Q=0.00, MDL=22) | Best equation: 0.009607 + -1.2e-05 * gamma + 0.010191 * log(gamma) + 0.010581 * sin(cos(gamma) / gamma) | Speed: 305ms/iter (1.5ms/iter) | Time: None | Current: [gamma, log(gamma) / sqrt(gamma), cos(log(gamma)), gamma + gamma, gamma * gamma * gamma, sqrt(gamma), (gamma + gamma) / sqrt(gamma), log(gamma) / gamma] (N=1, Q=0.96, MDL=45)
[demo1|mcts|I|Oct23 15:00:46|0:00:30.803692] Iter: 39 | Reward: 0.97893 | Complexity: 18 | R2: 0.99671 | MDL: 22.16422 | Best: [gamma, log(gamma), sin(cos(gamma) / gamma)] (N=0, Q=0.00, MDL=22) | Best equation: 0.009607 + -1.2e-05 * gamma + 0.010191 * log(gamma) + 0.010581 * sin(cos(gamma) / gamma) | Speed: 305ms/iter (1.5ms/iter) | Time: None | Current: [gamma, log(gamma) / sqrt(gamma), cos(log(gamma)), gamma + gamma, gamma * gamma * gamma, sqrt(gamma), gamma / (gamma * gamma * gamma), log(gamma) / gamma] (N=1, Q=0.95, MDL=45)
[demo1|mcts|I|Oct23 15:00:46|0:00:31.120162] Iter: 40 | Reward: 0.97893 | Complexity: 18 | R2: 0.99671 | MDL: 22.16422 | Best: [gamma, log(gamma), sin(cos(gamma) / gamma)] (N=0, Q=0.00, MDL=22) | Best equation: 0.009607 + -1.2e-05 * gamma + 0.010191 * log(gamma) + 0.010581 * sin(cos(gamma) / gamma) | Speed: 306ms/iter (1.5ms/iter) | Time: None | Current: [gamma, log(gamma) / sqrt(gamma), cos(log(gamma)), gamma + gamma, gamma * gamma * gamma, sqrt(gamma), gamma + gamma + gamma, log(gamma) / gamma] (N=1, Q=0.95, MDL=40)
[demo1|mcts|I|Oct23 15:00:47|0:00:31.423038] Iter: 41 | Reward: 0.97893 | Complexity: 18 | R2: 0.99671 | MDL: 22.16422 | Best: [gamma, log(gamma), sin(cos(gamma) / gamma)] (N=0, Q=0.00, MDL=22) | Best equation: 0.009607 + -1.2e-05 * gamma + 0.010191 * log(gamma) + 0.010581 * sin(cos(gamma) / gamma) | Speed: 306ms/iter (1.5ms/iter) | Time: None | Current: [gamma, log(gamma) / sqrt(gamma), cos(sqrt(gamma)), gamma + gamma, gamma * gamma * gamma, sqrt(gamma), gamma + gamma + gamma, log(gamma) / gamma] (N=1, Q=0.96, MDL=43)
[demo1|mcts|I|Oct23 15:00:47|0:00:31.742015] Iter: 42 | Reward: 0.97893 | Complexity: 18 | R2: 0.99671 | MDL: 22.16422 | Best: [gamma, log(gamma), sin(cos(gamma) / gamma)] (N=0, Q=0.00, MDL=22) | Best equation: 0.009607 + -1.2e-05 * gamma + 0.010191 * log(gamma) + 0.010581 * sin(cos(gamma) / gamma) | Speed: 306ms/iter (1.5ms/iter) | Time: None | Current: [gamma, log(gamma) / sqrt(gamma), cos(sqrt(gamma)), gamma * sqrt(gamma), gamma * gamma * gamma, sqrt(gamma), gamma + gamma + gamma, log(gamma) / gamma] (N=1, Q=0.96, MDL=43)
[demo1|mcts|I|Oct23 15:00:48|0:00:32.364753] Iter: 43 | Reward: 0.97893 | Complexity: 18 | R2: 0.99671 | MDL: 22.16422 | Best: [gamma, log(gamma), sin(cos(gamma) / gamma)] (N=0, Q=0.00, MDL=22) | Best equation: 0.009607 + -1.2e-05 * gamma + 0.010191 * log(gamma) + 0.010581 * sin(cos(gamma) / gamma) | Speed: 313ms/iter (1.6ms/iter) | Time: None | Current: [gamma, sqrt(gamma) + sqrt(gamma), cos(sqrt(gamma)), gamma * sqrt(gamma), gamma * gamma * gamma, sqrt(gamma), gamma + gamma + gamma, log(gamma) / gamma] (N=1, Q=0.96, MDL=41)
[demo1|mcts|I|Oct23 15:00:48|0:00:32.689980] Iter: 44 | Reward: 0.97893 | Complexity: 18 | R2: 0.99671 | MDL: 22.16422 | Best: [gamma, log(gamma), sin(cos(gamma) / gamma)] (N=0, Q=0.00, MDL=22) | Best equation: 0.009607 + -1.2e-05 * gamma + 0.010191 * log(gamma) + 0.010581 * sin(cos(gamma) / gamma) | Speed: 314ms/iter (1.6ms/iter) | Time: None | Current: [gamma, log(sqrt(gamma)), cos(sqrt(gamma)), gamma * sqrt(gamma), gamma * gamma * gamma, sqrt(gamma), gamma + gamma + gamma, log(gamma) / gamma] (N=1, Q=0.96, MDL=43)
[demo1|mcts|I|Oct23 15:00:48|0:00:33.011956] Iter: 45 | Reward: 0.97893 | Complexity: 18 | R2: 0.99671 | MDL: 22.16422 | Best: [gamma, log(gamma), sin(cos(gamma) / gamma)] (N=0, Q=0.00, MDL=22) | Best equation: 0.009607 + -1.2e-05 * gamma + 0.010191 * log(gamma) + 0.010581 * sin(cos(gamma) / gamma) | Speed: 314ms/iter (1.6ms/iter) | Time: None | Current: [gamma, log(sqrt(gamma)), cos(sqrt(gamma)), gamma * sqrt(gamma), gamma / (gamma * gamma * gamma), sqrt(gamma), gamma + gamma + gamma, log(gamma) / gamma] (N=1, Q=0.96, MDL=42)
[demo1|mcts|I|Oct23 15:00:49|0:00:33.332211] Iter: 46 | Reward: 0.97893 | Complexity: 18 | R2: 0.99671 | MDL: 22.16422 | Best: [gamma, log(gamma), sin(cos(gamma) / gamma)] (N=0, Q=0.00, MDL=22) | Best equation: 0.009607 + -1.2e-05 * gamma + 0.010191 * log(gamma) + 0.010581 * sin(cos(gamma) / gamma) | Speed: 314ms/iter (1.6ms/iter) | Time: None | Current: [gamma, log(sqrt(gamma)), cos(sqrt(gamma)), exp(log(gamma) / gamma), gamma / (gamma * gamma * gamma), sqrt(gamma), gamma + gamma + gamma, log(gamma) / gamma] (N=1, Q=0.96, MDL=41)
[demo1|mcts|I|Oct23 15:00:49|0:00:33.663796] Iter: 47 | Reward: 0.97893 | Complexity: 18 | R2: 0.99671 | MDL: 22.16422 | Best: [gamma, log(gamma), sin(cos(gamma) / gamma)] (N=0, Q=0.00, MDL=22) | Best equation: 0.009607 + -1.2e-05 * gamma + 0.010191 * log(gamma) + 0.010581 * sin(cos(gamma) / gamma) | Speed: 314ms/iter (1.6ms/iter) | Time: None | Current: [gamma, log(sqrt(gamma)), cos(sqrt(gamma)), exp(log(gamma) / gamma), log(sqrt(gamma)) * sqrt(gamma), sqrt(gamma), gamma + gamma + gamma, log(gamma) / gamma] (N=1, Q=0.96, MDL=39)
[demo1|mcts|I|Oct23 15:00:49|0:00:33.990238] Iter: 48 | Reward: 0.97893 | Complexity: 18 | R2: 0.99671 | MDL: 22.16422 | Best: [gamma, log(gamma), sin(cos(gamma) / gamma)] (N=0, Q=0.00, MDL=22) | Best equation: 0.009607 + -1.2e-05 * gamma + 0.010191 * log(gamma) + 0.010581 * sin(cos(gamma) / gamma) | Speed: 315ms/iter (1.6ms/iter) | Time: None | Current: [gamma, log(sqrt(gamma)), gamma / sqrt(gamma), exp(log(gamma) / gamma), log(sqrt(gamma)) * sqrt(gamma), sqrt(gamma), gamma + gamma + gamma, log(gamma) / gamma] (N=1, Q=0.96, MDL=35)
[demo1|mcts|I|Oct23 15:00:50|0:00:34.314971] Iter: 49 | Reward: 0.97893 | Complexity: 18 | R2: 0.99671 | MDL: 22.16422 | Best: [gamma, log(gamma), sin(cos(gamma) / gamma)] (N=0, Q=0.00, MDL=22) | Best equation: 0.009607 + -1.2e-05 * gamma + 0.010191 * log(gamma) + 0.010581 * sin(cos(gamma) / gamma) | Speed: 315ms/iter (1.6ms/iter) | Time: None | Current: [gamma, log(sqrt(gamma)), gamma / sqrt(gamma), exp(log(gamma) / gamma), log(sqrt(gamma)) * sqrt(gamma), sqrt(gamma), sqrt(gamma) * sqrt(gamma), log(gamma) / gamma] (N=1, Q=0.96, MDL=35)
[demo1|mcts|I|Oct23 15:00:50|0:00:34.637610] Iter: 50 | Reward: 0.97893 | Complexity: 18 | R2: 0.99671 | MDL: 22.16422 | Best: [gamma, log(gamma), sin(cos(gamma) / gamma)] (N=0, Q=0.00, MDL=22) | Best equation: 0.009607 + -1.2e-05 * gamma + 0.010191 * log(gamma) + 0.010581 * sin(cos(gamma) / gamma) | Speed: 315ms/iter (1.6ms/iter) | Time: None | Current: [gamma, log(sqrt(gamma)), gamma / sqrt(gamma), exp(log(gamma) / gamma), sin(gamma / sqrt(gamma)), sqrt(gamma), sqrt(gamma) * sqrt(gamma), log(gamma) / gamma] (N=1, Q=0.95, MDL=35)
[demo1|mcts|I|Oct23 15:00:50|0:00:34.968141] Iter: 51 | Reward: 0.97893 | Complexity: 18 | R2: 0.99671 | MDL: 22.16422 | Best: [gamma, log(gamma), sin(cos(gamma) / gamma)] (N=0, Q=0.00, MDL=22) | Best equation: 0.009607 + -1.2e-05 * gamma + 0.010191 * log(gamma) + 0.010581 * sin(cos(gamma) / gamma) | Speed: 315ms/iter (1.6ms/iter) | Time: None | Current: [gamma, log(sqrt(gamma)), gamma / sqrt(gamma), exp(log(gamma) / gamma), sin(gamma / sqrt(gamma)), sqrt(gamma), cos(log(sqrt(gamma))), log(gamma) / gamma] (N=1, Q=0.95, MDL=41)
[demo1|mcts|I|Oct23 15:00:51|0:00:35.292840] Iter: 52 | Reward: 0.97893 | Complexity: 18 | R2: 0.99671 | MDL: 22.16422 | Best: [gamma, log(gamma), sin(cos(gamma) / gamma)] (N=0, Q=0.00, MDL=22) | Best equation: 0.009607 + -1.2e-05 * gamma + 0.010191 * log(gamma) + 0.010581 * sin(cos(gamma) / gamma) | Speed: 315ms/iter (1.6ms/iter) | Time: None | Current: [gamma, log(log(gamma) / gamma), gamma / sqrt(gamma), exp(log(gamma) / gamma), sin(gamma / sqrt(gamma)), sqrt(gamma), cos(log(sqrt(gamma))), log(gamma) / gamma] (N=1, Q=0.96, MDL=43)
[demo1|mcts|I|Oct23 15:00:51|0:00:36.060333] Iter: 53 | Reward: 0.97893 | Complexity: 18 | R2: 0.99671 | MDL: 22.16422 | Best: [gamma, log(gamma), sin(cos(gamma) / gamma)] (N=0, Q=0.00, MDL=22) | Best equation: 0.009607 + -1.2e-05 * gamma + 0.010191 * log(gamma) + 0.010581 * sin(cos(gamma) / gamma) | Speed: 324ms/iter (1.6ms/iter) | Time: None | Current: [gamma, log(log(gamma) / gamma), gamma / sqrt(gamma), exp(log(gamma) / gamma), gamma * sqrt(gamma), sqrt(gamma), cos(log(sqrt(gamma))), log(gamma) / gamma] (N=1, Q=0.96, MDL=44)
[demo1|mcts|I|Oct23 15:00:52|0:00:36.406735] Iter: 54 | Reward: 0.97893 | Complexity: 18 | R2: 0.99671 | MDL: 22.16422 | Best: [gamma, log(gamma), sin(cos(gamma) / gamma)] (N=0, Q=0.00, MDL=22) | Best equation: 0.009607 + -1.2e-05 * gamma + 0.010191 * log(gamma) + 0.010581 * sin(cos(gamma) / gamma) | Speed: 324ms/iter (1.6ms/iter) | Time: None | Current: [gamma, log(log(gamma) / gamma), log(gamma / sqrt(gamma)), exp(log(gamma) / gamma), gamma * sqrt(gamma), sqrt(gamma), cos(log(sqrt(gamma))), log(gamma) / gamma] (N=1, Q=0.96, MDL=45)
[demo1|mcts|I|Oct23 15:00:52|0:00:36.737879] Iter: 55 | Reward: 0.97893 | Complexity: 18 | R2: 0.99671 | MDL: 22.16422 | Best: [gamma, log(gamma), sin(cos(gamma) / gamma)] (N=0, Q=0.00, MDL=22) | Best equation: 0.009607 + -1.2e-05 * gamma + 0.010191 * log(gamma) + 0.010581 * sin(cos(gamma) / gamma) | Speed: 324ms/iter (1.6ms/iter) | Time: None | Current: [gamma, log(log(gamma) / gamma), log(gamma / sqrt(gamma)), exp(log(gamma) / gamma), gamma * sqrt(gamma), sqrt(gamma), cos(log(sqrt(gamma))), sqrt(sqrt(gamma))] (N=1, Q=0.96, MDL=46)
[demo1|mcts|I|Oct23 15:00:52|0:00:37.060790] Iter: 56 | Reward: 0.97893 | Complexity: 18 | R2: 0.99671 | MDL: 22.16422 | Best: [gamma, log(gamma), sin(cos(gamma) / gamma)] (N=0, Q=0.00, MDL=22) | Best equation: 0.009607 + -1.2e-05 * gamma + 0.010191 * log(gamma) + 0.010581 * sin(cos(gamma) / gamma) | Speed: 324ms/iter (1.6ms/iter) | Time: None | Current: [gamma, log(log(gamma) / gamma), log(gamma * sqrt(gamma)), exp(log(gamma) / gamma), gamma * sqrt(gamma), sqrt(gamma), cos(log(sqrt(gamma))), sqrt(sqrt(gamma))] (N=1, Q=0.97, MDL=43)
[demo1|mcts|I|Oct23 15:00:53|0:00:37.373186] Iter: 57 | Reward: 0.97893 | Complexity: 18 | R2: 0.99671 | MDL: 22.16422 | Best: [gamma, log(gamma), sin(cos(gamma) / gamma)] (N=0, Q=0.00, MDL=22) | Best equation: 0.009607 + -1.2e-05 * gamma + 0.010191 * log(gamma) + 0.010581 * sin(cos(gamma) / gamma) | Speed: 324ms/iter (1.6ms/iter) | Time: None | Current: [gamma, log(log(gamma) / gamma), log(gamma * sqrt(gamma)), exp(sqrt(sqrt(gamma))), gamma * sqrt(gamma), sqrt(gamma), cos(log(sqrt(gamma))), sqrt(sqrt(gamma))] (N=1, Q=0.96, MDL=37)
[demo1|mcts|I|Oct23 15:00:53|0:00:37.697433] Iter: 58 | Reward: 0.97893 | Complexity: 18 | R2: 0.99671 | MDL: 22.16422 | Best: [gamma, log(gamma), sin(cos(gamma) / gamma)] (N=0, Q=0.00, MDL=22) | Best equation: 0.009607 + -1.2e-05 * gamma + 0.010191 * log(gamma) + 0.010581 * sin(cos(gamma) / gamma) | Speed: 324ms/iter (1.6ms/iter) | Time: None | Current: [gamma, sqrt(gamma) + sqrt(sqrt(gamma)), log(gamma * sqrt(gamma)), exp(sqrt(sqrt(gamma))), gamma * sqrt(gamma), sqrt(gamma), cos(log(sqrt(gamma))), sqrt(sqrt(gamma))] (N=1, Q=0.95, MDL=28)
[demo1|mcts|I|Oct23 15:00:53|0:00:38.013065] Iter: 59 | Reward: 0.97893 | Complexity: 18 | R2: 0.99671 | MDL: 22.16422 | Best: [gamma, log(gamma), sin(cos(gamma) / gamma)] (N=0, Q=0.00, MDL=22) | Best equation: 0.009607 + -1.2e-05 * gamma + 0.010191 * log(gamma) + 0.010581 * sin(cos(gamma) / gamma) | Speed: 324ms/iter (1.6ms/iter) | Time: None | Current: [gamma, sqrt(gamma) + sqrt(sqrt(gamma)), log(gamma * sqrt(gamma)), exp(sqrt(sqrt(gamma))), gamma * sqrt(gamma), sqrt(gamma), cos(log(sqrt(gamma))), sqrt(sqrt(gamma))] (N=1, Q=0.96, MDL=28)
[demo1|mcts|I|Oct23 15:00:54|0:00:38.322937] Iter: 60 | Reward: 0.97893 | Complexity: 18 | R2: 0.99671 | MDL: 22.16422 | Best: [gamma, log(gamma), sin(cos(gamma) / gamma)] (N=0, Q=0.00, MDL=22) | Best equation: 0.009607 + -1.2e-05 * gamma + 0.010191 * log(gamma) + 0.010581 * sin(cos(gamma) / gamma) | Speed: 324ms/iter (1.6ms/iter) | Time: None | Current: [gamma, sqrt(gamma) + sqrt(sqrt(gamma)), gamma + gamma, exp(sqrt(sqrt(gamma))), gamma * sqrt(gamma), sqrt(gamma), cos(log(sqrt(gamma))), sqrt(sqrt(gamma))] (N=1, Q=0.96, MDL=30)
[demo1|mcts|I|Oct23 15:00:54|0:00:38.630321] Iter: 61 | Reward: 0.97893 | Complexity: 18 | R2: 0.99671 | MDL: 22.16422 | Best: [gamma, log(gamma), sin(cos(gamma) / gamma)] (N=0, Q=0.00, MDL=22) | Best equation: 0.009607 + -1.2e-05 * gamma + 0.010191 * log(gamma) + 0.010581 * sin(cos(gamma) / gamma) | Speed: 324ms/iter (1.6ms/iter) | Time: None | Current: [gamma, sqrt(gamma) / gamma, gamma + gamma, exp(sqrt(sqrt(gamma))), gamma * sqrt(gamma), sqrt(gamma), cos(log(sqrt(gamma))), sqrt(sqrt(gamma))] (N=1, Q=0.96, MDL=33)
[demo1|mcts|I|Oct23 15:00:54|0:00:38.943975] Iter: 62 | Reward: 0.97893 | Complexity: 18 | R2: 0.99671 | MDL: 22.16422 | Best: [gamma, log(gamma), sin(cos(gamma) / gamma)] (N=0, Q=0.00, MDL=22) | Best equation: 0.009607 + -1.2e-05 * gamma + 0.010191 * log(gamma) + 0.010581 * sin(cos(gamma) / gamma) | Speed: 323ms/iter (1.6ms/iter) | Time: None | Current: [gamma, sqrt(gamma) / gamma, gamma + gamma, exp(sqrt(sqrt(gamma))), gamma * sqrt(gamma), sqrt(gamma), sqrt(gamma) / (sqrt(gamma) / gamma), sqrt(sqrt(gamma))] (N=1, Q=0.97, MDL=34)
[demo1|mcts|I|Oct23 15:00:55|0:00:39.272629] Iter: 63 | Reward: 0.97893 | Complexity: 18 | R2: 0.99671 | MDL: 22.16422 | Best: [gamma, log(gamma), sin(cos(gamma) / gamma)] (N=0, Q=0.00, MDL=22) | Best equation: 0.009607 + -1.2e-05 * gamma + 0.010191 * log(gamma) + 0.010581 * sin(cos(gamma) / gamma) | Speed: 323ms/iter (1.6ms/iter) | Time: None | Current: [gamma, sqrt(gamma) / gamma, gamma / (gamma + gamma), exp(sqrt(sqrt(gamma))), gamma * sqrt(gamma), sqrt(gamma), sqrt(gamma) / (sqrt(gamma) / gamma), sqrt(sqrt(gamma))] (N=1, Q=0.96, MDL=34)
[demo1|mcts|I|Oct23 15:00:55|0:00:39.600095] Iter: 64 | Reward: 0.97893 | Complexity: 18 | R2: 0.99671 | MDL: 22.16422 | Best: [gamma, log(gamma), sin(cos(gamma) / gamma)] (N=0, Q=0.00, MDL=22) | Best equation: 0.009607 + -1.2e-05 * gamma + 0.010191 * log(gamma) + 0.010581 * sin(cos(gamma) / gamma) | Speed: 324ms/iter (1.6ms/iter) | Time: None | Current: [gamma, sqrt(gamma) / gamma, gamma / (gamma + gamma), exp(sqrt(sqrt(gamma))), gamma * gamma, sqrt(gamma), sqrt(gamma) / (sqrt(gamma) / gamma), sqrt(sqrt(gamma))] (N=1, Q=0.96, MDL=34)
[demo1|mcts|I|Oct23 15:00:55|0:00:39.921382] Iter: 65 | Reward: 0.97893 | Complexity: 18 | R2: 0.99671 | MDL: 22.16422 | Best: [gamma, log(gamma), sin(cos(gamma) / gamma)] (N=0, Q=0.00, MDL=22) | Best equation: 0.009607 + -1.2e-05 * gamma + 0.010191 * log(gamma) + 0.010581 * sin(cos(gamma) / gamma) | Speed: 324ms/iter (1.6ms/iter) | Time: None | Current: [gamma, sqrt(gamma) / gamma, gamma / (gamma + gamma), exp(sqrt(sqrt(gamma))), gamma * gamma, sqrt(gamma), sin(gamma), sqrt(sqrt(gamma))] (N=1, Q=0.96, MDL=36)
[demo1|mcts|I|Oct23 15:00:56|0:00:40.226924] Iter: 66 | Reward: 0.97893 | Complexity: 18 | R2: 0.99671 | MDL: 22.16422 | Best: [gamma, log(gamma), sin(cos(gamma) / gamma)] (N=0, Q=0.00, MDL=22) | Best equation: 0.009607 + -1.2e-05 * gamma + 0.010191 * log(gamma) + 0.010581 * sin(cos(gamma) / gamma) | Speed: 323ms/iter (1.6ms/iter) | Time: None | Current: [gamma, sqrt(gamma) / gamma, cos(gamma / (gamma + gamma)), exp(sqrt(sqrt(gamma))), gamma * gamma, sqrt(gamma), sin(gamma), sqrt(sqrt(gamma))] (N=1, Q=0.96, MDL=36)
[demo1|mcts|I|Oct23 15:00:56|0:00:41.023011] Iter: 67 | Reward: 0.97893 | Complexity: 18 | R2: 0.99671 | MDL: 22.16422 | Best: [gamma, log(gamma), sin(cos(gamma) / gamma)] (N=0, Q=0.00, MDL=22) | Best equation: 0.009607 + -1.2e-05 * gamma + 0.010191 * log(gamma) + 0.010581 * sin(cos(gamma) / gamma) | Speed: 330ms/iter (1.6ms/iter) | Time: None | Current: [gamma, sqrt(gamma) / gamma, cos(gamma / (gamma + gamma)), sin(gamma) * sqrt(sqrt(gamma)), gamma * gamma, sqrt(gamma), sin(gamma), sqrt(sqrt(gamma))] (N=1, Q=0.96, MDL=48)
[demo1|mcts|I|Oct23 15:00:57|0:00:41.346085] Iter: 68 | Reward: 0.97893 | Complexity: 18 | R2: 0.99671 | MDL: 22.16422 | Best: [gamma, log(gamma), sin(cos(gamma) / gamma)] (N=0, Q=0.00, MDL=22) | Best equation: 0.009607 + -1.2e-05 * gamma + 0.010191 * log(gamma) + 0.010581 * sin(cos(gamma) / gamma) | Speed: 330ms/iter (1.6ms/iter) | Time: None | Current: [gamma, sqrt(gamma) / gamma, cos(gamma / (gamma + gamma)), sin(gamma) * sqrt(sqrt(gamma)), gamma * gamma, sqrt(gamma), log(gamma), sqrt(sqrt(gamma))] (N=1, Q=0.95, MDL=46)
[demo1|mcts|I|Oct23 15:00:57|0:00:41.653816] Iter: 69 | Reward: 0.97893 | Complexity: 18 | R2: 0.99671 | MDL: 22.16422 | Best: [gamma, log(gamma), sin(cos(gamma) / gamma)] (N=0, Q=0.00, MDL=22) | Best equation: 0.009607 + -1.2e-05 * gamma + 0.010191 * log(gamma) + 0.010581 * sin(cos(gamma) / gamma) | Speed: 330ms/iter (1.6ms/iter) | Time: None | Current: [gamma, sqrt(gamma) / gamma, cos(gamma / (gamma + gamma)), gamma + gamma, gamma * gamma, sqrt(gamma), log(gamma), sqrt(sqrt(gamma))] (N=1, Q=0.96, MDL=42)
[demo1|mcts|I|Oct23 15:00:57|0:00:41.983969] Iter: 70 | Reward: 0.97893 | Complexity: 18 | R2: 0.99671 | MDL: 22.16422 | Best: [gamma, log(gamma), sin(cos(gamma) / gamma)] (N=0, Q=0.00, MDL=22) | Best equation: 0.009607 + -1.2e-05 * gamma + 0.010191 * log(gamma) + 0.010581 * sin(cos(gamma) / gamma) | Speed: 330ms/iter (1.6ms/iter) | Time: None | Current: [gamma, sqrt(gamma) / gamma, cos(gamma / (gamma + gamma)), gamma + gamma, cos(gamma * gamma), sqrt(gamma), log(gamma), sqrt(sqrt(gamma))] (N=1, Q=0.96, MDL=46)
[demo1|mcts|I|Oct23 15:00:58|0:00:42.296836] Iter: 71 | Reward: 0.97893 | Complexity: 18 | R2: 0.99671 | MDL: 22.16422 | Best: [gamma, log(gamma), sin(cos(gamma) / gamma)] (N=0, Q=0.00, MDL=22) | Best equation: 0.009607 + -1.2e-05 * gamma + 0.010191 * log(gamma) + 0.010581 * sin(cos(gamma) / gamma) | Speed: 330ms/iter (1.6ms/iter) | Time: None | Current: [gamma, sqrt(gamma) / gamma, cos(gamma / (gamma + gamma)), gamma + gamma, cos(gamma * gamma), sqrt(gamma), sqrt(sqrt(gamma)) / gamma, sqrt(sqrt(gamma))] (N=1, Q=0.96, MDL=46)
[demo1|mcts|I|Oct23 15:00:58|0:00:42.607526] Iter: 72 | Reward: 0.97893 | Complexity: 18 | R2: 0.99671 | MDL: 22.16422 | Best: [gamma, log(gamma), sin(cos(gamma) / gamma)] (N=0, Q=0.00, MDL=22) | Best equation: 0.009607 + -1.2e-05 * gamma + 0.010191 * log(gamma) + 0.010581 * sin(cos(gamma) / gamma) | Speed: 329ms/iter (1.6ms/iter) | Time: None | Current: [gamma, sqrt(gamma) / gamma, sin(sqrt(gamma) / gamma), gamma + gamma, cos(gamma * gamma), sqrt(gamma), sqrt(sqrt(gamma)) / gamma, sqrt(sqrt(gamma))] (N=1, Q=0.96, MDL=46)
[demo1|mcts|I|Oct23 15:00:58|0:00:42.931138] Iter: 73 | Reward: 0.97893 | Complexity: 18 | R2: 0.99671 | MDL: 22.16422 | Best: [gamma, log(gamma), sin(cos(gamma) / gamma)] (N=0, Q=0.00, MDL=22) | Best equation: 0.009607 + -1.2e-05 * gamma + 0.010191 * log(gamma) + 0.010581 * sin(cos(gamma) / gamma) | Speed: 329ms/iter (1.6ms/iter) | Time: None | Current: [gamma, sqrt(gamma) / gamma, sin(sqrt(gamma) / gamma), gamma + gamma, cos(gamma * gamma), exp(sqrt(gamma) / gamma), sqrt(sqrt(gamma)) / gamma, sqrt(sqrt(gamma))] (N=1, Q=0.96, MDL=45)
[demo1|mcts|I|Oct23 15:00:59|0:00:43.248084] Iter: 74 | Reward: 0.97893 | Complexity: 18 | R2: 0.99671 | MDL: 22.16422 | Best: [gamma, log(gamma), sin(cos(gamma) / gamma)] (N=0, Q=0.00, MDL=22) | Best equation: 0.009607 + -1.2e-05 * gamma + 0.010191 * log(gamma) + 0.010581 * sin(cos(gamma) / gamma) | Speed: 329ms/iter (1.6ms/iter) | Time: None | Current: [gamma, sqrt(gamma) / gamma, sqrt(sqrt(sqrt(gamma))), gamma + gamma, cos(gamma * gamma), exp(sqrt(gamma) / gamma), sqrt(sqrt(gamma)) / gamma, sqrt(sqrt(gamma))] (N=1, Q=0.96, MDL=42)
[demo1|mcts|I|Oct23 15:00:59|0:00:43.579631] Iter: 75 | Reward: 0.97893 | Complexity: 18 | R2: 0.99671 | MDL: 22.16422 | Best: [gamma, log(gamma), sin(cos(gamma) / gamma)] (N=0, Q=0.00, MDL=22) | Best equation: 0.009607 + -1.2e-05 * gamma + 0.010191 * log(gamma) + 0.010581 * sin(cos(gamma) / gamma) | Speed: 329ms/iter (1.6ms/iter) | Time: None | Current: [gamma, sqrt(gamma) / gamma, sqrt(sqrt(sqrt(gamma))), gamma + gamma, cos(gamma * gamma), gamma / cos(gamma * gamma), sqrt(sqrt(gamma)) / gamma, sqrt(sqrt(gamma))] (N=1, Q=0.96, MDL=46)
[demo1|mcts|I|Oct23 15:00:59|0:00:43.912451] Iter: 76 | Reward: 0.97893 | Complexity: 18 | R2: 0.99671 | MDL: 22.16422 | Best: [gamma, log(gamma), sin(cos(gamma) / gamma)] (N=0, Q=0.00, MDL=22) | Best equation: 0.009607 + -1.2e-05 * gamma + 0.010191 * log(gamma) + 0.010581 * sin(cos(gamma) / gamma) | Speed: 329ms/iter (1.6ms/iter) | Time: None | Current: [gamma, sqrt(gamma) / gamma, sqrt(sqrt(sqrt(gamma))), gamma + gamma, cos(gamma * gamma), sqrt(sqrt(gamma) / gamma), sqrt(sqrt(gamma)) / gamma, sqrt(sqrt(gamma))] (N=1, Q=0.97, MDL=44)
[demo1|mcts|I|Oct23 15:01:00|0:00:44.224141] Iter: 77 | Reward: 0.97893 | Complexity: 18 | R2: 0.99671 | MDL: 22.16422 | Best: [gamma, log(gamma), sin(cos(gamma) / gamma)] (N=0, Q=0.00, MDL=22) | Best equation: 0.009607 + -1.2e-05 * gamma + 0.010191 * log(gamma) + 0.010581 * sin(cos(gamma) / gamma) | Speed: 329ms/iter (1.6ms/iter) | Time: None | Current: [gamma, sqrt(gamma) / gamma, sqrt(sqrt(sqrt(gamma))), gamma + gamma, sqrt(sqrt(gamma)) + gamma, sqrt(sqrt(gamma) / gamma), sqrt(sqrt(gamma)) / gamma, sqrt(sqrt(gamma))] (N=1, Q=0.96, MDL=36)
[demo1|mcts|I|Oct23 15:01:00|0:00:44.545496] Iter: 78 | Reward: 0.97893 | Complexity: 18 | R2: 0.99671 | MDL: 22.16422 | Best: [gamma, log(gamma), sin(cos(gamma) / gamma)] (N=0, Q=0.00, MDL=22) | Best equation: 0.009607 + -1.2e-05 * gamma + 0.010191 * log(gamma) + 0.010581 * sin(cos(gamma) / gamma) | Speed: 329ms/iter (1.6ms/iter) | Time: None | Current: [gamma, sqrt(gamma) / gamma, sqrt(sqrt(sqrt(gamma))), gamma + gamma, sqrt(sqrt(gamma)) + gamma, sqrt(sqrt(gamma) / gamma), sqrt(sqrt(gamma)) / gamma, gamma * gamma] (N=1, Q=0.98, MDL=36)
[demo1|mcts|I|Oct23 15:01:00|0:00:44.886348] Iter: 79 | Reward: 0.97893 | Complexity: 18 | R2: 0.99671 | MDL: 22.16422 | Best: [gamma, log(gamma), sin(cos(gamma) / gamma)] (N=0, Q=0.00, MDL=22) | Best equation: 0.009607 + -1.2e-05 * gamma + 0.010191 * log(gamma) + 0.010581 * sin(cos(gamma) / gamma) | Speed: 329ms/iter (1.6ms/iter) | Time: None | Current: [gamma, sqrt(gamma) / gamma, sqrt(sqrt(sqrt(gamma))), gamma + gamma, sqrt(sqrt(gamma)) + gamma, sqrt(sqrt(gamma) / gamma), sqrt(sqrt(gamma)) / gamma, sin(gamma)] (N=1, Q=0.96, MDL=38)
[demo1|mcts|I|Oct23 15:01:00|0:00:45.184146] Iter: 80 | Reward: 0.97893 | Complexity: 18 | R2: 0.99671 | MDL: 22.16422 | Best: [gamma, log(gamma), sin(cos(gamma) / gamma)] (N=0, Q=0.00, MDL=22) | Best equation: 0.009607 + -1.2e-05 * gamma + 0.010191 * log(gamma) + 0.010581 * sin(cos(gamma) / gamma) | Speed: 329ms/iter (1.6ms/iter) | Time: None | Current: [gamma, sqrt(gamma) / gamma, sqrt(sqrt(sqrt(gamma))), gamma + gamma, sqrt(sqrt(gamma)) + gamma, exp(gamma + gamma), sqrt(sqrt(gamma)) / gamma, sin(gamma)] (N=1, Q=0.95, MDL=41)
[demo1|mcts|I|Oct23 15:01:01|0:00:45.482445] Iter: 81 | Reward: 0.97893 | Complexity: 18 | R2: 0.99671 | MDL: 22.16422 | Best: [gamma, log(gamma), sin(cos(gamma) / gamma)] (N=0, Q=0.00, MDL=22) | Best equation: 0.009607 + -1.2e-05 * gamma + 0.010191 * log(gamma) + 0.010581 * sin(cos(gamma) / gamma) | Speed: 328ms/iter (1.6ms/iter) | Time: None | Current: [gamma, sqrt(gamma) / gamma, sqrt(sqrt(sqrt(gamma))), gamma + gamma, gamma + gamma + sin(gamma), exp(gamma + gamma), sqrt(sqrt(gamma)) / gamma, sin(gamma)] (N=1, Q=0.96, MDL=40)
[demo1|mcts|I|Oct23 15:01:01|0:00:45.784925] Iter: 82 | Reward: 0.97893 | Complexity: 18 | R2: 0.99671 | MDL: 22.16422 | Best: [gamma, log(gamma), sin(cos(gamma) / gamma)] (N=0, Q=0.00, MDL=22) | Best equation: 0.009607 + -1.2e-05 * gamma + 0.010191 * log(gamma) + 0.010581 * sin(cos(gamma) / gamma) | Speed: 328ms/iter (1.6ms/iter) | Time: None | Current: [gamma, sqrt(gamma) / gamma, sqrt(sqrt(sqrt(gamma))), gamma / sin(gamma), gamma + gamma + sin(gamma), exp(gamma + gamma), sqrt(sqrt(gamma)) / gamma, sin(gamma)] (N=1, Q=0.95, MDL=45)
[demo1|mcts|I|Oct23 15:01:02|0:00:46.723782] Iter: 83 | Reward: 0.97893 | Complexity: 18 | R2: 0.99671 | MDL: 22.16422 | Best: [gamma, log(gamma), sin(cos(gamma) / gamma)] (N=0, Q=0.00, MDL=22) | Best equation: 0.009607 + -1.2e-05 * gamma + 0.010191 * log(gamma) + 0.010581 * sin(cos(gamma) / gamma) | Speed: 335ms/iter (1.7ms/iter) | Time: None | Current: [gamma, sqrt(gamma) / gamma, exp(sin(gamma)), gamma / sin(gamma), gamma + gamma + sin(gamma), exp(gamma + gamma), sqrt(sqrt(gamma)) / gamma, sin(gamma)] (N=1, Q=0.95, MDL=45)
[demo1|mcts|I|Oct23 15:01:02|0:00:47.043254] Iter: 84 | Reward: 0.97893 | Complexity: 18 | R2: 0.99671 | MDL: 22.16422 | Best: [gamma, log(gamma), sin(cos(gamma) / gamma)] (N=0, Q=0.00, MDL=22) | Best equation: 0.009607 + -1.2e-05 * gamma + 0.010191 * log(gamma) + 0.010581 * sin(cos(gamma) / gamma) | Speed: 335ms/iter (1.7ms/iter) | Time: None | Current: [gamma, sqrt(gamma) / gamma, exp(sin(gamma)), gamma / sin(gamma), gamma + gamma + sin(gamma), exp(gamma + gamma), cos(sin(gamma)), sin(gamma)] (N=1, Q=0.95, MDL=46)
[demo1|mcts|I|Oct23 15:01:03|0:00:47.336010] Iter: 85 | Reward: 0.97893 | Complexity: 18 | R2: 0.99671 | MDL: 22.16422 | Best: [gamma, log(gamma), sin(cos(gamma) / gamma)] (N=0, Q=0.00, MDL=22) | Best equation: 0.009607 + -1.2e-05 * gamma + 0.010191 * log(gamma) + 0.010581 * sin(cos(gamma) / gamma) | Speed: 335ms/iter (1.7ms/iter) | Time: None | Current: [gamma, sqrt(gamma) / gamma, exp(sin(gamma)), gamma / sin(gamma) + gamma, gamma + gamma + sin(gamma), exp(gamma + gamma), cos(sin(gamma)), sin(gamma)] (N=1, Q=0.95, MDL=44)
[demo1|mcts|I|Oct23 15:01:03|0:00:47.634559] Iter: 86 | Reward: 0.97893 | Complexity: 18 | R2: 0.99671 | MDL: 22.16422 | Best: [gamma, log(gamma), sin(cos(gamma) / gamma)] (N=0, Q=0.00, MDL=22) | Best equation: 0.009607 + -1.2e-05 * gamma + 0.010191 * log(gamma) + 0.010581 * sin(cos(gamma) / gamma) | Speed: 334ms/iter (1.7ms/iter) | Time: None | Current: [gamma, sqrt(gamma) / gamma, exp(sin(gamma)), gamma / sin(gamma) + gamma, sin(gamma) * gamma, exp(gamma + gamma), cos(sin(gamma)), sin(gamma)] (N=1, Q=0.96, MDL=45)
[demo1|mcts|I|Oct23 15:01:03|0:00:47.931317] Iter: 87 | Reward: 0.97893 | Complexity: 18 | R2: 0.99671 | MDL: 22.16422 | Best: [gamma, log(gamma), sin(cos(gamma) / gamma)] (N=0, Q=0.00, MDL=22) | Best equation: 0.009607 + -1.2e-05 * gamma + 0.010191 * log(gamma) + 0.010581 * sin(cos(gamma) / gamma) | Speed: 334ms/iter (1.7ms/iter) | Time: None | Current: [gamma, sqrt(gamma) / gamma, exp(sin(gamma)), gamma / sin(gamma) + gamma, sin(gamma) * gamma, exp(gamma + gamma), cos(sin(gamma)), exp(sin(gamma)) / gamma] (N=1, Q=0.96, MDL=45)
[demo1|mcts|I|Oct23 15:01:04|0:00:48.248857] Iter: 88 | Reward: 0.97893 | Complexity: 18 | R2: 0.99671 | MDL: 22.16422 | Best: [gamma, log(gamma), sin(cos(gamma) / gamma)] (N=0, Q=0.00, MDL=22) | Best equation: 0.009607 + -1.2e-05 * gamma + 0.010191 * log(gamma) + 0.010581 * sin(cos(gamma) / gamma) | Speed: 334ms/iter (1.7ms/iter) | Time: None | Current: [gamma, sqrt(gamma) / gamma, exp(sin(gamma)), gamma / (sin(gamma) * gamma), sin(gamma) * gamma, exp(gamma + gamma), cos(sin(gamma)), exp(sin(gamma)) / gamma] (N=1, Q=0.98, MDL=45)
[demo1|mcts|I|Oct23 15:01:04|0:00:48.566587] Iter: 89 | Reward: 0.97893 | Complexity: 18 | R2: 0.99671 | MDL: 22.16422 | Best: [gamma, log(gamma), sin(cos(gamma) / gamma)] (N=0, Q=0.00, MDL=22) | Best equation: 0.009607 + -1.2e-05 * gamma + 0.010191 * log(gamma) + 0.010581 * sin(cos(gamma) / gamma) | Speed: 333ms/iter (1.7ms/iter) | Time: None | Current: [gamma, sqrt(gamma) / gamma, exp(sin(gamma)), gamma / (sin(gamma) * gamma), sqrt(exp(sin(gamma))), exp(gamma + gamma), cos(sin(gamma)), exp(sin(gamma)) / gamma] (N=1, Q=0.96, MDL=45)
[demo1|mcts|I|Oct23 15:01:04|0:00:48.880814] Iter: 90 | Reward: 0.97893 | Complexity: 18 | R2: 0.99671 | MDL: 22.16422 | Best: [gamma, log(gamma), sin(cos(gamma) / gamma)] (N=0, Q=0.00, MDL=22) | Best equation: 0.009607 + -1.2e-05 * gamma + 0.010191 * log(gamma) + 0.010581 * sin(cos(gamma) / gamma) | Speed: 333ms/iter (1.7ms/iter) | Time: None | Current: [gamma, sqrt(gamma) / gamma, exp(sin(gamma)), gamma / (sin(gamma) * gamma), sqrt(exp(sin(gamma))), exp(gamma + gamma), cos(sin(gamma)), gamma + gamma] (N=1, Q=0.96, MDL=43)
[demo1|mcts|I|Oct23 15:01:04|0:00:49.169367] Iter: 91 | Reward: 0.97893 | Complexity: 18 | R2: 0.99671 | MDL: 22.16422 | Best: [gamma, log(gamma), sin(cos(gamma) / gamma)] (N=0, Q=0.00, MDL=22) | Best equation: 0.009607 + -1.2e-05 * gamma + 0.010191 * log(gamma) + 0.010581 * sin(cos(gamma) / gamma) | Speed: 333ms/iter (1.7ms/iter) | Time: None | Current: [gamma, sqrt(gamma) / gamma, exp(sin(gamma)), gamma / cos(sin(gamma)), sqrt(exp(sin(gamma))), exp(gamma + gamma), cos(sin(gamma)), gamma + gamma] (N=1, Q=0.96, MDL=43)
[demo1|mcts|I|Oct23 15:01:05|0:00:49.466222] Iter: 92 | Reward: 0.97893 | Complexity: 18 | R2: 0.99671 | MDL: 22.16422 | Best: [gamma, log(gamma), sin(cos(gamma) / gamma)] (N=0, Q=0.00, MDL=22) | Best equation: 0.009607 + -1.2e-05 * gamma + 0.010191 * log(gamma) + 0.010581 * sin(cos(gamma) / gamma) | Speed: 332ms/iter (1.7ms/iter) | Time: None | Current: [gamma, sqrt(gamma) / gamma, exp(sin(gamma)), gamma / cos(sin(gamma)), sqrt(exp(sin(gamma))), exp(gamma + gamma), sqrt(sqrt(gamma) / gamma), gamma + gamma] (N=1, Q=0.96, MDL=42)
[demo1|mcts|I|Oct23 15:01:05|0:00:49.776872] Iter: 93 | Reward: 0.97893 | Complexity: 18 | R2: 0.99671 | MDL: 22.16422 | Best: [gamma, log(gamma), sin(cos(gamma) / gamma)] (N=0, Q=0.00, MDL=22) | Best equation: 0.009607 + -1.2e-05 * gamma + 0.010191 * log(gamma) + 0.010581 * sin(cos(gamma) / gamma) | Speed: 332ms/iter (1.7ms/iter) | Time: None | Current: [gamma, sqrt(gamma) / gamma, exp(sin(gamma)), gamma / cos(sin(gamma)), gamma / (gamma + gamma), exp(gamma + gamma), sqrt(sqrt(gamma) / gamma), gamma + gamma] (N=1, Q=0.96, MDL=41)
[demo1|search|N|Oct23 15:01:05|0:00:49.862970] Interrupted
[demo1|single_test|E|Oct23 15:01:05|0:00:49.864292] (pix/single_test.py:256) 测试过程中出现错误: cannot access local variable 'loss' where it is not associated with a value
