[demo1|search|I|Dec18 01:56:32|0:00:00.000131] {
          dataset: default
          name: demo1
          seed: 0
          tot_steps: 300000
          device: cuda
          continue_from: None
          load_model: weights/checkpoint.pth
          lr: 0.001
          batch_size: 10
          warmup_steps: 100
          dropout: 0.1
          d_model: 512
          d_input: 64
          d_output: 512
          n_TE_layers: 8
          max_len: 30
          max_param: 5
          max_var: 10
          quiet: False
          save_equations: 0
          AMP: False
          grad_clip: None
          uniform_sample_number: 400
          pred_loss_weight: 1.0
          clip_loss_weight: 1.0
          num_workers: 0
          simplify: True
          normalize_loss: True
          normalize_X: True
          normalize_y: True
          function: f=0.01*cos(x)/(x*x) + 0.01*x*log(x) + 0.01
          domain: x1:1,20
          avoid_zero_eps: 0.05
          sample_num: 512
          n_iter: 150
          c: 1.0
          child_num: 50
          n_playout: 20
          d_playout: 10
          eta: 0.999
          complexity_alpha: 1.0
          complexity_limit: None
          keep_vars: True
          normalize_all: False
          remove_abnormal: True
          use_old_model: False
          cheat: False
          disable_prod_model: True
          max_power_abs: None
          max_nesting_depth: 4
          extra_leaf: 
          custom_binary_ops: Add,Mul,Div
          custom_unary_ops: Cos,Log,Sin,Exp
          custom_leaf_ops: 1
          use_custom_ops_only: True
          save_dir: ./results/search/demo1
        }
[demo1|single_test|I|Dec18 01:56:32|0:00:00.002183] Shared log file: /Users/oscar/Desktop/OX/CS/AI/PDE/PDExplorer/PiX/results/logs/20251218_015630/pix.log
[demo1|search|I|Dec18 01:56:36|0:00:00.000168] {
          dataset: default
          name: demo1
          seed: 0
          tot_steps: 300000
          device: cuda
          continue_from: None
          load_model: weights/checkpoint.pth
          lr: 0.001
          batch_size: 10
          warmup_steps: 100
          dropout: 0.1
          d_model: 512
          d_input: 64
          d_output: 512
          n_TE_layers: 8
          max_len: 30
          max_param: 5
          max_var: 10
          quiet: False
          save_equations: 0
          AMP: False
          grad_clip: None
          uniform_sample_number: 400
          pred_loss_weight: 1.0
          clip_loss_weight: 1.0
          num_workers: 0
          simplify: True
          normalize_loss: True
          normalize_X: True
          normalize_y: True
          function: f=0.01*cos(x)/(x*x) + 0.01*x*log(x) + 0.01
          domain: x1:1,20
          avoid_zero_eps: 0.05
          sample_num: 512
          n_iter: 150
          c: 1.0
          child_num: 50
          n_playout: 20
          d_playout: 10
          eta: 0.999
          complexity_alpha: 1.0
          complexity_limit: None
          keep_vars: True
          normalize_all: False
          remove_abnormal: True
          use_old_model: False
          cheat: False
          disable_prod_model: True
          max_power_abs: None
          max_nesting_depth: 4
          extra_leaf: 
          custom_binary_ops: Add,Mul,Div
          custom_unary_ops: Cos,Log,Sin,Exp
          custom_leaf_ops: 1
          use_custom_ops_only: True
          save_dir: ./results/search/demo1
        }
[demo1|single_test|I|Dec18 01:56:36|0:00:00.022961] 开始单次测试 | 模式=bfsearch_new_sr | 假设=[0, 1, 2, 4, 5, 7, 8, 10, 14, 15, 32]
[demo1|pde_solver|I|Dec18 01:56:36|0:00:00.594541] [pde_solver] Starting PDE solving for Fy=0.000000
[demo1|pde_solver|I|Dec18 01:56:41|0:00:05.160149] [pde_solver] Estimated global g = -0.000169934
[demo1|pde_solver|I|Dec18 01:56:41|0:00:05.160323] [pde_solver] Solve time: 4.505 s (mode=ls)
[demo1|search|N|Dec18 01:56:41|0:00:05.705113] CUDA not available: forcing model device to CPU
[demo1|search|I|Dec18 01:56:42|0:00:05.807001] [SR4MDL] Tokenizer init: 0.449s | Model build+load: 0.101s | device=cpu | model_path=/Users/oscar/Desktop/OX/CS/AI/PDE/PDExplorer/PiX/pix/methods/SR4MDL/weights/checkpoint.pth
[demo1|search|D|Dec18 01:56:42|0:00:05.807137] [SR4MDL] Using cached model+tokenizer
[demo1|search|N|Dec18 01:56:42|0:00:05.807994] Using custom binary operators only: ['Add', 'Mul', 'Div']
[demo1|search|N|Dec18 01:56:42|0:00:05.808030] Using custom unary operators only: ['Cos', 'Log', 'Sin', 'Exp']
[demo1|search|N|Dec18 01:56:42|0:00:05.808062] Using custom leaf constants only: ['1']
[demo1|search|N|Dec18 01:56:42|0:00:05.808095] target function: dataset-override
        binary operators: [Add, Mul, Div]
        unary operators: [Cos, Log, Sin, Exp]
        leaf: [1]
        variables: [gamma]
        domain: {}
        N: 512
[demo1|mcts|W|Dec18 01:56:42|0:00:05.808277] (pix/methods/SR4MDL/sr4mdl/search/mcts.py:203) Unknown args: log_per_sec=inf
[demo1|mcts|I|Dec18 01:58:23|0:01:47.151586] Iter: 25 | Reward: 0.98401 | Complexity: 16 | R2: 0.99989 | MDL: 35.12458 | Best: [gamma, log(gamma), sin(log(gamma))] (N=0, Q=0.00, MDL=35) | Best equation: 0.259937 + 0.000505 * gamma + -0.071615 * log(gamma) + -0.053973 * sin(log(gamma)) | Speed: 4.1s/iter (20ms/iter) | Time: None | Current: [gamma, sin(gamma), gamma + gamma, sin(gamma / 1) / gamma, exp(1), log(sin(gamma)), gamma / exp(gamma), exp(gamma)] (N=1, Q=0.96, MDL=36)
[demo1|mcts|I|Dec18 02:00:14|0:03:38.112021] Iter: 50 | Reward: 0.98401 | Complexity: 16 | R2: 0.99989 | MDL: 35.12458 | Best: [gamma, log(gamma), sin(log(gamma))] (N=0, Q=0.00, MDL=35) | Best equation: 0.259937 + 0.000505 * gamma + -0.071615 * log(gamma) + -0.053973 * sin(log(gamma)) | Speed: 4.2s/iter (21ms/iter) | Time: None | Current: [gamma, gamma + exp(gamma), exp(gamma), 1 / log(sin(gamma)), gamma / exp(1), log(sin(gamma)), exp(gamma) * log(sin(gamma)), gamma / exp(gamma)] (N=1, Q=0.97, MDL=42)
[demo1|mcts|I|Dec18 02:02:00|0:05:24.676882] Iter: 75 | Reward: 0.98401 | Complexity: 16 | R2: 0.99989 | MDL: 35.12458 | Best: [gamma, log(gamma), sin(log(gamma))] (N=0, Q=0.00, MDL=35) | Best equation: 0.259937 + 0.000505 * gamma + -0.071615 * log(gamma) + -0.053973 * sin(log(gamma)) | Speed: 4.3s/iter (21ms/iter) | Time: None | Current: [gamma, sin(gamma) * gamma, cos(gamma), gamma / exp(gamma) * gamma, log(sin(gamma)), gamma * gamma, exp(gamma) / sin(gamma), gamma / exp(gamma), exp(gamma)] (N=1, Q=0.97, MDL=40)
[demo1|mcts|I|Dec18 02:03:58|0:07:21.760310] Iter: 100 | Reward: 0.98401 | Complexity: 16 | R2: 0.99989 | MDL: 35.12458 | Best: [gamma, log(gamma), sin(log(gamma))] (N=0, Q=0.00, MDL=35) | Best equation: 0.259937 + 0.000505 * gamma + -0.071615 * log(gamma) + -0.053973 * sin(log(gamma)) | Speed: 4.4s/iter (22ms/iter) | Time: None | Current: [gamma, 1 + 1 + 1, exp(gamma) * gamma, gamma + 1, 1 + 1, sin(gamma), cos(gamma), sin(cos(gamma)), exp(gamma)] (N=1, Q=0.97, MDL=36)
[demo1|mcts|I|Dec18 02:22:26|0:25:50.031822] [final-opt] global top-10 optimized MSEs (min=1.349e-03): 1.349e-03, 1.349e-03, 3.747e-02, 3.548e-02, 1.547e-02
[demo1|search|I|Dec18 02:22:26|0:25:50.039033] Finished
