[demo1|search|I|Dec17 21:54:45|0:00:00.000106] {
          dataset: default
          name: demo1
          seed: 0
          tot_steps: 300000
          device: cuda
          continue_from: None
          load_model: weights/checkpoint.pth
          lr: 0.001
          batch_size: 10
          warmup_steps: 100
          dropout: 0.1
          d_model: 512
          d_input: 64
          d_output: 512
          n_TE_layers: 8
          max_len: 30
          max_param: 5
          max_var: 10
          quiet: False
          save_equations: 0
          AMP: False
          grad_clip: None
          uniform_sample_number: 400
          pred_loss_weight: 1.0
          clip_loss_weight: 1.0
          num_workers: 0
          simplify: True
          normalize_loss: True
          normalize_X: True
          normalize_y: True
          function: f=0.01*cos(x)/(x*x) + 0.01*x*log(x) + 0.01
          domain: x1:1,20
          avoid_zero_eps: 0.05
          sample_num: 512
          n_iter: 150
          c: 1.0
          child_num: 50
          n_playout: 20
          d_playout: 10
          eta: 0.999
          complexity_alpha: 1.0
          complexity_limit: None
          keep_vars: True
          normalize_all: False
          remove_abnormal: True
          use_old_model: False
          cheat: False
          disable_prod_model: True
          max_power_abs: None
          max_nesting_depth: 4
          extra_leaf: 
          custom_binary_ops: Add,Mul,Div
          custom_unary_ops: Cos,Log,Sin,Exp,Sqrt
          custom_leaf_ops: 
          use_custom_ops_only: True
          save_dir: ./results/search/demo1
        }
[demo1|single_test|I|Dec17 21:54:45|0:00:00.002150] Shared log file: /Users/oscar/Desktop/OX/CS/AI/PDE/PDExplorer/PiX/results/logs/20251217_215443/pix.log
[demo1|search|I|Dec17 21:54:50|0:00:00.000155] {
          dataset: default
          name: demo1
          seed: 0
          tot_steps: 300000
          device: cuda
          continue_from: None
          load_model: weights/checkpoint.pth
          lr: 0.001
          batch_size: 10
          warmup_steps: 100
          dropout: 0.1
          d_model: 512
          d_input: 64
          d_output: 512
          n_TE_layers: 8
          max_len: 30
          max_param: 5
          max_var: 10
          quiet: False
          save_equations: 0
          AMP: False
          grad_clip: None
          uniform_sample_number: 400
          pred_loss_weight: 1.0
          clip_loss_weight: 1.0
          num_workers: 0
          simplify: True
          normalize_loss: True
          normalize_X: True
          normalize_y: True
          function: f=0.01*cos(x)/(x*x) + 0.01*x*log(x) + 0.01
          domain: x1:1,20
          avoid_zero_eps: 0.05
          sample_num: 512
          n_iter: 150
          c: 1.0
          child_num: 50
          n_playout: 20
          d_playout: 10
          eta: 0.999
          complexity_alpha: 1.0
          complexity_limit: None
          keep_vars: True
          normalize_all: False
          remove_abnormal: True
          use_old_model: False
          cheat: False
          disable_prod_model: True
          max_power_abs: None
          max_nesting_depth: 4
          extra_leaf: 
          custom_binary_ops: Add,Mul,Div
          custom_unary_ops: Cos,Log,Sin,Exp,Sqrt
          custom_leaf_ops: 
          use_custom_ops_only: True
          save_dir: ./results/search/demo1
        }
[demo1|single_test|I|Dec17 21:54:50|0:00:00.023134] 开始单次测试 | 模式=bfsearch_new_sr | 假设=[0, 1, 2, 4, 5, 7, 8, 10, 14, 15, 32]
[demo1|pde_solver|I|Dec17 21:54:51|0:00:00.632654] [pde_solver] Starting PDE solving for Fy=0.000000
[demo1|pde_solver|I|Dec17 21:54:52|0:00:02.193054] [pde_solver] Solve time: 1.480 s (mode=ls)
[demo1|search|N|Dec17 21:54:53|0:00:03.020721] CUDA not available: forcing model device to CPU
[demo1|search|I|Dec17 21:54:53|0:00:03.122765] [SR4MDL] Tokenizer init: 0.729s | Model build+load: 0.102s | device=cpu | model_path=/Users/oscar/Desktop/OX/CS/AI/PDE/PDExplorer/PiX/pix/methods/SR4MDL/weights/checkpoint.pth
[demo1|search|D|Dec17 21:54:53|0:00:03.122906] [SR4MDL] Using cached model+tokenizer
[demo1|search|N|Dec17 21:54:53|0:00:03.125878] Using custom binary operators only: ['Add', 'Mul', 'Div']
[demo1|search|N|Dec17 21:54:53|0:00:03.125934] Using custom unary operators only: ['Cos', 'Log', 'Sin', 'Exp', 'Sqrt']
[demo1|search|N|Dec17 21:54:53|0:00:03.125964] Using custom leaf constants only: []
[demo1|search|N|Dec17 21:54:53|0:00:03.125999] target function: dataset-override
        binary operators: [Add, Mul, Div]
        unary operators: [Cos, Log, Sin, Exp, Sqrt]
        leaf: []
        variables: [gamma]
        domain: {}
        N: 512
[demo1|mcts|W|Dec17 21:54:53|0:00:03.126225] (pix/methods/SR4MDL/sr4mdl/search/mcts.py:203) Unknown args: log_per_sec=inf
[demo1|mcts|I|Dec17 21:56:22|0:01:31.881380] Iter: 25 | Reward: 0.97022 | Complexity: 18 | R2: 0.98770 | MDL: 21.47731 | Best: [gamma, log(gamma), sin(cos(gamma) / gamma)] (N=0, Q=0.00, MDL=21) | Best equation: 0.011973 + 5.8e-05 * gamma + 0.008869 * log(gamma) + 0.010411 * sin(cos(gamma) / gamma) | Speed: 3.6s/iter (18ms/iter) | Time: None | Current: [gamma, cos(gamma), log(gamma), gamma / sqrt(gamma), exp(log(gamma)) / gamma, sqrt(gamma), gamma / sqrt(gamma) + sqrt(gamma), gamma * gamma] (N=1, Q=0.95, MDL=32)
[demo1|mcts|I|Dec17 21:56:41|0:01:50.395122] Iter: 30 | Reward: 0.97022 | Complexity: 18 | R2: 0.98770 | MDL: 21.47731 | Best: [gamma, log(gamma), sin(cos(gamma) / gamma)] (N=0, Q=0.00, MDL=21) | Best equation: 0.011973 + 5.8e-05 * gamma + 0.008869 * log(gamma) + 0.010411 * sin(cos(gamma) / gamma) | Speed: 3.6s/iter (18ms/iter) | Time: None | Current: [gamma, log(gamma) / sqrt(gamma), log(gamma), gamma / sqrt(gamma), gamma * gamma, sqrt(gamma), log(gamma) / sqrt(gamma) / gamma, cos(gamma)] (N=1, Q=0.96, MDL=33)
[demo1|search|I|Dec17 21:56:41|0:01:50.396345] Finished
