[demo1|search|I|Oct23 12:31:05|0:00:00.000227] {
          dataset: default
          name: demo1
          seed: 0
          tot_steps: 300000
          device: cuda
          continue_from: None
          load_model: weights/checkpoint.pth
          lr: 0.001
          batch_size: 10
          warmup_steps: 100
          dropout: 0.1
          d_model: 512
          d_input: 64
          d_output: 512
          n_TE_layers: 8
          max_len: 30
          max_param: 5
          max_var: 10
          quiet: False
          save_equations: 0
          AMP: False
          grad_clip: None
          uniform_sample_number: 400
          pred_loss_weight: 1.0
          clip_loss_weight: 1.0
          num_workers: 0
          simplify: True
          normalize_loss: True
          normalize_X: True
          normalize_y: True
          function: f=0.1*x**0.3
          domain: x1:1,20
          avoid_zero_eps: 0.05
          sample_num: 512
          n_iter: 150
          c: 1.0
          child_num: 50
          n_playout: 20
          d_playout: 10
          eta: 0.999
          complexity_alpha: 1.0
          complexity_limit: None
          keep_vars: True
          normalize_all: False
          remove_abnormal: True
          use_old_model: False
          cheat: False
          disable_prod_model: True
          max_power_abs: None
          max_nesting_depth: 4
          extra_leaf: 
          custom_binary_ops: Add,Mul,Div
          custom_unary_ops: Cos,Log,Sin,Exp,Sqrt
          custom_leaf_ops: 
          use_custom_ops_only: True
          save_dir: ./results/search/demo1
        }
[demo1|single_test|I|Oct23 12:31:05|0:00:00.002161] Shared log file: /home/ma-user/work/PiX/results/logs/20251023_123057/pix.log
[demo1|single_test|I|Oct23 12:31:19|0:00:14.265886] 开始单次测试 | 模式=bfsearch_new_sr | 假设=[0, 1, 2, 4, 5, 7, 8, 10, 14, 15, 32]
[demo1|pde_solver|I|Oct23 12:31:22|0:00:17.181348] [pde_solver] Assembled A,b,Q with shape A=(80, 80, 240, 2, 2), b=(80, 80, 240, 2), Q=(80, 80, 240, 2); grid=(80,80,240); t_range=[81,90]; mode=ls; eps=1.0e-08; dt=0.0040
[demo1|pde_solver|I|Oct23 12:31:22|0:00:17.181688] [pde_solver] Assembly time: 0.304 s
[demo1|pde_solver|I|Oct23 12:31:35|0:00:29.576056] [pde_solver] Solve time: 12.394 s (mode=ls)
[demo1|search|I|Oct23 12:31:35|0:00:00.000554] {
          dataset: default
          name: demo1
          seed: 0
          tot_steps: 300000
          device: cuda
          continue_from: None
          load_model: weights/checkpoint.pth
          lr: 0.001
          batch_size: 10
          warmup_steps: 100
          dropout: 0.1
          d_model: 512
          d_input: 64
          d_output: 512
          n_TE_layers: 8
          max_len: 30
          max_param: 5
          max_var: 10
          quiet: False
          save_equations: 0
          AMP: False
          grad_clip: None
          uniform_sample_number: 400
          pred_loss_weight: 1.0
          clip_loss_weight: 1.0
          num_workers: 0
          simplify: True
          normalize_loss: True
          normalize_X: True
          normalize_y: True
          function: f=0.1*x**0.3
          domain: x1:1,20
          avoid_zero_eps: 0.05
          sample_num: 512
          n_iter: 150
          c: 1.0
          child_num: 50
          n_playout: 20
          d_playout: 10
          eta: 0.999
          complexity_alpha: 1.0
          complexity_limit: None
          keep_vars: True
          normalize_all: False
          remove_abnormal: True
          use_old_model: False
          cheat: False
          disable_prod_model: True
          max_power_abs: None
          max_nesting_depth: 4
          extra_leaf: 
          custom_binary_ops: Add,Mul,Div
          custom_unary_ops: Cos,Log,Sin,Exp,Sqrt
          custom_leaf_ops: 
          use_custom_ops_only: True
          save_dir: ./results/search/demo1
        }
[demo1|search|I|Oct23 12:31:40|0:00:05.600337] [SR4MDL] Tokenizer init: 5.314s | Model build+load: 0.284s | device=cuda | model_path=/home/ma-user/work/PiX/pix/methods/SR4MDL/weights/checkpoint.pth
[demo1|search|D|Oct23 12:31:40|0:00:05.600617] [SR4MDL] Using cached model+tokenizer
[demo1|search|N|Oct23 12:31:40|0:00:05.602490] Using custom binary operators only: ['Add', 'Mul', 'Div']
[demo1|search|N|Oct23 12:31:40|0:00:05.602597] Using custom unary operators only: ['Cos', 'Log', 'Sin', 'Exp', 'Sqrt']
[demo1|search|N|Oct23 12:31:40|0:00:05.602643] Using custom leaf constants only: []
[demo1|search|N|Oct23 12:31:40|0:00:05.602694] target function: dataset-override
        binary operators: [Add, Mul, Div]
        unary operators: [Cos, Log, Sin, Exp, Sqrt]
        leaf: []
        variables: [gamma]
        domain: {}
        N: 512
[demo1|mcts|I|Oct23 12:31:45|0:00:10.777267] Iter: 9 | Reward: 0.96118 | Complexity: 18 | R2: 0.97818 | MDL: 21.56493 | Best: [gamma, log(gamma), sin(cos(gamma) / gamma)] (N=0, Q=0.00, MDL=22) | Best equation: 0.012488 + 7.1e-05 * gamma + 0.0086 * log(gamma) + 0.010189 * sin(cos(gamma) / gamma) | Speed: 575ms/iter (2.9ms/iter) | Time: None | Current: [gamma, gamma + exp(gamma), exp(gamma), cos(gamma + exp(gamma))] (N=1, Q=0.95, MDL=31)
[demo1|mcts|I|Oct23 12:31:46|0:00:11.180591] Iter: 10 | Reward: 0.96118 | Complexity: 18 | R2: 0.97818 | MDL: 21.56493 | Best: [gamma, log(gamma), sin(cos(gamma) / gamma)] (N=0, Q=0.00, MDL=22) | Best equation: 0.012488 + 7.1e-05 * gamma + 0.0086 * log(gamma) + 0.010189 * sin(cos(gamma) / gamma) | Speed: 558ms/iter (2.8ms/iter) | Time: None | Current: [gamma, gamma + exp(gamma), gamma + exp(gamma) + exp(gamma), cos(gamma + exp(gamma))] (N=1, Q=0.95, MDL=32)
[demo1|mcts|I|Oct23 12:31:46|0:00:11.603458] Iter: 11 | Reward: 0.96118 | Complexity: 18 | R2: 0.97818 | MDL: 21.56493 | Best: [gamma, log(gamma), sin(cos(gamma) / gamma)] (N=0, Q=0.00, MDL=22) | Best equation: 0.012488 + 7.1e-05 * gamma + 0.0086 * log(gamma) + 0.010189 * sin(cos(gamma) / gamma) | Speed: 545ms/iter (2.7ms/iter) | Time: None | Current: [gamma, gamma + exp(gamma), gamma + exp(gamma) + exp(gamma), cos(gamma + exp(gamma)), (gamma + exp(gamma)) * gamma] (N=1, Q=0.95, MDL=36)
[demo1|mcts|I|Oct23 12:31:47|0:00:12.080639] Iter: 12 | Reward: 0.96118 | Complexity: 18 | R2: 0.97818 | MDL: 21.56493 | Best: [gamma, log(gamma), sin(cos(gamma) / gamma)] (N=0, Q=0.00, MDL=22) | Best equation: 0.012488 + 7.1e-05 * gamma + 0.0086 * log(gamma) + 0.010189 * sin(cos(gamma) / gamma) | Speed: 540ms/iter (2.7ms/iter) | Time: None | Current: [gamma, gamma + exp(gamma), gamma + exp(gamma) + exp(gamma), cos(gamma + exp(gamma)), log(gamma)] (N=1, Q=0.95, MDL=39)
[demo1|mcts|I|Oct23 12:31:47|0:00:12.509697] Iter: 13 | Reward: 0.96118 | Complexity: 18 | R2: 0.97818 | MDL: 21.56493 | Best: [gamma, log(gamma), sin(cos(gamma) / gamma)] (N=0, Q=0.00, MDL=22) | Best equation: 0.012488 + 7.1e-05 * gamma + 0.0086 * log(gamma) + 0.010189 * sin(cos(gamma) / gamma) | Speed: 531ms/iter (2.6ms/iter) | Time: None | Current: [gamma, gamma + exp(gamma), gamma + exp(gamma) + exp(gamma), cos(gamma + exp(gamma)), exp(log(gamma))] (N=1, Q=0.96, MDL=39)
[demo1|mcts|I|Oct23 12:31:48|0:00:13.196223] Iter: 14 | Reward: 0.96240 | Complexity: 17 | R2: 0.97846 | MDL: 41.60977 | Best: [gamma, sqrt(gamma), cos(gamma) / gamma] (N=0, Q=0.00, MDL=42) | Best equation: 0.005307 + -0.000692 * gamma + 0.010874 * sqrt(gamma) + 0.008857 * cos(gamma) / gamma | Speed: 529ms/iter (2.6ms/iter) | Time: None | Current: [gamma, gamma + exp(gamma), gamma + exp(gamma) + exp(gamma), cos(gamma + exp(gamma)), exp(log(gamma)), cos(exp(log(gamma)))] (N=1, Q=0.96, MDL=42)
[demo1|mcts|I|Oct23 12:31:49|0:00:14.021140] Iter: 15 | Reward: 0.96240 | Complexity: 17 | R2: 0.97846 | MDL: 41.60977 | Best: [gamma, sqrt(gamma), cos(gamma) / gamma] (N=0, Q=0.00, MDL=42) | Best equation: 0.005307 + -0.000692 * gamma + 0.010874 * sqrt(gamma) + 0.008857 * cos(gamma) / gamma | Speed: 561ms/iter (2.8ms/iter) | Time: None | Current: [gamma, exp(log(gamma)) + exp(log(gamma)), gamma + exp(gamma) + exp(gamma), cos(gamma + exp(gamma)), exp(log(gamma)), cos(exp(log(gamma)))] (N=1, Q=0.96, MDL=41)
[demo1|mcts|I|Oct23 12:31:49|0:00:14.575531] Iter: 16 | Reward: 0.96240 | Complexity: 17 | R2: 0.97846 | MDL: 41.60977 | Best: [gamma, sqrt(gamma), cos(gamma) / gamma] (N=0, Q=0.00, MDL=42) | Best equation: 0.005307 + -0.000692 * gamma + 0.010874 * sqrt(gamma) + 0.008857 * cos(gamma) / gamma | Speed: 561ms/iter (2.8ms/iter) | Time: None | Current: [gamma, exp(log(gamma)) + exp(log(gamma)), gamma + exp(gamma) + exp(gamma), cos(gamma + exp(gamma)), exp(log(gamma)) / gamma, cos(exp(log(gamma)))] (N=1, Q=0.95, MDL=43)
[demo1|mcts|I|Oct23 12:31:50|0:00:15.176427] Iter: 17 | Reward: 0.96240 | Complexity: 17 | R2: 0.97846 | MDL: 41.60977 | Best: [gamma, sqrt(gamma), cos(gamma) / gamma] (N=0, Q=0.00, MDL=42) | Best equation: 0.005307 + -0.000692 * gamma + 0.010874 * sqrt(gamma) + 0.008857 * cos(gamma) / gamma | Speed: 563ms/iter (2.8ms/iter) | Time: None | Current: [gamma, exp(log(gamma)) + exp(log(gamma)), gamma + exp(gamma) + exp(gamma), cos(gamma + exp(gamma)), exp(log(gamma)) / gamma, gamma + gamma] (N=1, Q=0.95, MDL=41)
[demo1|mcts|I|Oct23 12:31:50|0:00:15.681568] Iter: 18 | Reward: 0.96240 | Complexity: 17 | R2: 0.97846 | MDL: 41.60977 | Best: [gamma, sqrt(gamma), cos(gamma) / gamma] (N=0, Q=0.00, MDL=42) | Best equation: 0.005307 + -0.000692 * gamma + 0.010874 * sqrt(gamma) + 0.008857 * cos(gamma) / gamma | Speed: 560ms/iter (2.8ms/iter) | Time: None | Current: [gamma, exp(log(gamma)) + exp(log(gamma)), exp(gamma + gamma), cos(gamma + exp(gamma)), exp(log(gamma)) / gamma, gamma + gamma] (N=1, Q=0.94, MDL=41)
[demo1|mcts|I|Oct23 12:31:51|0:00:16.181170] Iter: 19 | Reward: 0.96240 | Complexity: 17 | R2: 0.97846 | MDL: 41.60977 | Best: [gamma, sqrt(gamma), cos(gamma) / gamma] (N=0, Q=0.00, MDL=42) | Best equation: 0.005307 + -0.000692 * gamma + 0.010874 * sqrt(gamma) + 0.008857 * cos(gamma) / gamma | Speed: 557ms/iter (2.8ms/iter) | Time: None | Current: [gamma, exp(log(gamma)) + exp(log(gamma)), exp(gamma + gamma), cos(gamma + exp(gamma)), exp(log(gamma)) / gamma, sqrt(gamma)] (N=1, Q=0.95, MDL=41)
[demo1|mcts|I|Oct23 12:31:51|0:00:16.702873] Iter: 20 | Reward: 0.96240 | Complexity: 17 | R2: 0.97846 | MDL: 41.60977 | Best: [gamma, sqrt(gamma), cos(gamma) / gamma] (N=0, Q=0.00, MDL=42) | Best equation: 0.005307 + -0.000692 * gamma + 0.010874 * sqrt(gamma) + 0.008857 * cos(gamma) / gamma | Speed: 555ms/iter (2.8ms/iter) | Time: None | Current: [gamma, exp(log(gamma)) + exp(log(gamma)), log(gamma), cos(gamma + exp(gamma)), exp(log(gamma)) / gamma, sqrt(gamma)] (N=1, Q=0.96, MDL=39)
[demo1|mcts|I|Oct23 12:31:52|0:00:17.218628] Iter: 21 | Reward: 0.96240 | Complexity: 17 | R2: 0.97846 | MDL: 41.60977 | Best: [gamma, sqrt(gamma), cos(gamma) / gamma] (N=0, Q=0.00, MDL=42) | Best equation: 0.005307 + -0.000692 * gamma + 0.010874 * sqrt(gamma) + 0.008857 * cos(gamma) / gamma | Speed: 553ms/iter (2.7ms/iter) | Time: None | Current: [gamma, exp(log(gamma)) + exp(log(gamma)), log(gamma), gamma / sqrt(gamma), exp(log(gamma)) / gamma, sqrt(gamma)] (N=1, Q=0.95, MDL=36)
[demo1|mcts|I|Oct23 12:31:53|0:00:18.100426] Iter: 22 | Reward: 0.96240 | Complexity: 17 | R2: 0.97846 | MDL: 41.60977 | Best: [gamma, sqrt(gamma), cos(gamma) / gamma] (N=0, Q=0.00, MDL=42) | Best equation: 0.005307 + -0.000692 * gamma + 0.010874 * sqrt(gamma) + 0.008857 * cos(gamma) / gamma | Speed: 568ms/iter (2.8ms/iter) | Time: None | Current: [gamma, exp(log(gamma)) + exp(log(gamma)), log(gamma), gamma / sqrt(gamma), exp(log(gamma)) / gamma, sqrt(gamma), gamma / sqrt(gamma) + sqrt(gamma)] (N=1, Q=0.95, MDL=36)
[demo1|mcts|I|Oct23 12:31:53|0:00:18.691527] Iter: 23 | Reward: 0.96240 | Complexity: 17 | R2: 0.97846 | MDL: 41.60977 | Best: [gamma, sqrt(gamma), cos(gamma) / gamma] (N=0, Q=0.00, MDL=42) | Best equation: 0.005307 + -0.000692 * gamma + 0.010874 * sqrt(gamma) + 0.008857 * cos(gamma) / gamma | Speed: 569ms/iter (2.8ms/iter) | Time: None | Current: [gamma, cos(gamma), log(gamma), gamma / sqrt(gamma), exp(log(gamma)) / gamma, sqrt(gamma), gamma / sqrt(gamma) + sqrt(gamma)] (N=1, Q=0.95, MDL=37)
[demo1|mcts|I|Oct23 12:31:54|0:00:19.309887] Iter: 24 | Reward: 0.96240 | Complexity: 17 | R2: 0.97846 | MDL: 41.60977 | Best: [gamma, sqrt(gamma), cos(gamma) / gamma] (N=0, Q=0.00, MDL=42) | Best equation: 0.005307 + -0.000692 * gamma + 0.010874 * sqrt(gamma) + 0.008857 * cos(gamma) / gamma | Speed: 571ms/iter (2.8ms/iter) | Time: None | Current: [gamma, cos(gamma), log(gamma), gamma / sqrt(gamma), exp(log(gamma)) / gamma, sqrt(gamma), gamma / sqrt(gamma) + sqrt(gamma), gamma / sqrt(gamma) / gamma] (N=1, Q=0.95, MDL=33)
[demo1|mcts|I|Oct23 12:31:55|0:00:19.982501] Iter: 25 | Reward: 0.96240 | Complexity: 17 | R2: 0.97846 | MDL: 41.60977 | Best: [gamma, sqrt(gamma), cos(gamma) / gamma] (N=0, Q=0.00, MDL=42) | Best equation: 0.005307 + -0.000692 * gamma + 0.010874 * sqrt(gamma) + 0.008857 * cos(gamma) / gamma | Speed: 575ms/iter (2.9ms/iter) | Time: None | Current: [gamma, cos(gamma), log(gamma), gamma / sqrt(gamma), exp(log(gamma)) / gamma, sqrt(gamma), gamma / sqrt(gamma) + sqrt(gamma), gamma * gamma] (N=1, Q=0.95, MDL=32)
[demo1|mcts|I|Oct23 12:31:55|0:00:20.585629] Iter: 26 | Reward: 0.96240 | Complexity: 17 | R2: 0.97846 | MDL: 41.60977 | Best: [gamma, sqrt(gamma), cos(gamma) / gamma] (N=0, Q=0.00, MDL=42) | Best equation: 0.005307 + -0.000692 * gamma + 0.010874 * sqrt(gamma) + 0.008857 * cos(gamma) / gamma | Speed: 576ms/iter (2.9ms/iter) | Time: None | Current: [gamma, log(gamma) / sqrt(gamma), log(gamma), gamma / sqrt(gamma), exp(log(gamma)) / gamma, sqrt(gamma), gamma / sqrt(gamma) + sqrt(gamma), gamma * gamma] (N=1, Q=0.94, MDL=31)
[demo1|mcts|I|Oct23 12:31:56|0:00:21.188808] Iter: 27 | Reward: 0.96240 | Complexity: 17 | R2: 0.97846 | MDL: 41.60977 | Best: [gamma, sqrt(gamma), cos(gamma) / gamma] (N=0, Q=0.00, MDL=42) | Best equation: 0.005307 + -0.000692 * gamma + 0.010874 * sqrt(gamma) + 0.008857 * cos(gamma) / gamma | Speed: 577ms/iter (2.9ms/iter) | Time: None | Current: [gamma, log(gamma) / sqrt(gamma), log(gamma), gamma / sqrt(gamma), exp(log(gamma)) / gamma, sqrt(gamma), gamma / sqrt(gamma) + sqrt(gamma), exp(gamma * gamma)] (N=1, Q=0.94, MDL=32)
[demo1|mcts|I|Oct23 12:31:57|0:00:22.222285] Iter: 28 | Reward: 0.96240 | Complexity: 17 | R2: 0.97846 | MDL: 41.60977 | Best: [gamma, sqrt(gamma), cos(gamma) / gamma] (N=0, Q=0.00, MDL=42) | Best equation: 0.005307 + -0.000692 * gamma + 0.010874 * sqrt(gamma) + 0.008857 * cos(gamma) / gamma | Speed: 594ms/iter (3.0ms/iter) | Time: None | Current: [gamma, log(gamma) / sqrt(gamma), log(gamma), gamma / sqrt(gamma), exp(log(gamma)) / gamma, sqrt(gamma), gamma / sqrt(gamma) + sqrt(gamma), cos(gamma)] (N=1, Q=0.95, MDL=33)
[demo1|mcts|I|Oct23 12:31:58|0:00:22.825076] Iter: 29 | Reward: 0.96240 | Complexity: 17 | R2: 0.97846 | MDL: 41.60977 | Best: [gamma, sqrt(gamma), cos(gamma) / gamma] (N=0, Q=0.00, MDL=42) | Best equation: 0.005307 + -0.000692 * gamma + 0.010874 * sqrt(gamma) + 0.008857 * cos(gamma) / gamma | Speed: 594ms/iter (3.0ms/iter) | Time: None | Current: [gamma, log(gamma) / sqrt(gamma), log(gamma), gamma / sqrt(gamma), gamma * gamma, sqrt(gamma), gamma / sqrt(gamma) + sqrt(gamma), cos(gamma)] (N=1, Q=0.95, MDL=30)
[demo1|mcts|I|Oct23 12:31:58|0:00:23.488926] Iter: 30 | Reward: 0.96240 | Complexity: 17 | R2: 0.97846 | MDL: 41.60977 | Best: [gamma, sqrt(gamma), cos(gamma) / gamma] (N=0, Q=0.00, MDL=42) | Best equation: 0.005307 + -0.000692 * gamma + 0.010874 * sqrt(gamma) + 0.008857 * cos(gamma) / gamma | Speed: 596ms/iter (3.0ms/iter) | Time: None | Current: [gamma, log(gamma) / sqrt(gamma), log(gamma), gamma / sqrt(gamma), gamma * gamma, sqrt(gamma), log(gamma) / sqrt(gamma) / gamma, cos(gamma)] (N=1, Q=0.95, MDL=33)
[demo1|mcts|I|Oct23 12:31:59|0:00:24.106063] Iter: 31 | Reward: 0.96240 | Complexity: 17 | R2: 0.97846 | MDL: 41.60977 | Best: [gamma, sqrt(gamma), cos(gamma) / gamma] (N=0, Q=0.00, MDL=42) | Best equation: 0.005307 + -0.000692 * gamma + 0.010874 * sqrt(gamma) + 0.008857 * cos(gamma) / gamma | Speed: 597ms/iter (3.0ms/iter) | Time: None | Current: [gamma, log(gamma) / sqrt(gamma), log(gamma), gamma / sqrt(gamma), gamma * gamma, sqrt(gamma), log(gamma / sqrt(gamma)), cos(gamma)] (N=1, Q=0.95, MDL=31)
[demo1|mcts|I|Oct23 12:31:59|0:00:24.710357] Iter: 32 | Reward: 0.96240 | Complexity: 17 | R2: 0.97846 | MDL: 41.60977 | Best: [gamma, sqrt(gamma), cos(gamma) / gamma] (N=0, Q=0.00, MDL=42) | Best equation: 0.005307 + -0.000692 * gamma + 0.010874 * sqrt(gamma) + 0.008857 * cos(gamma) / gamma | Speed: 597ms/iter (3.0ms/iter) | Time: None | Current: [gamma, log(gamma) / sqrt(gamma), log(gamma), cos(gamma) + gamma, gamma * gamma, sqrt(gamma), log(gamma / sqrt(gamma)), cos(gamma)] (N=1, Q=0.94, MDL=37)
[demo1|mcts|I|Oct23 12:32:00|0:00:25.404732] Iter: 33 | Reward: 0.96240 | Complexity: 17 | R2: 0.97846 | MDL: 41.60977 | Best: [gamma, sqrt(gamma), cos(gamma) / gamma] (N=0, Q=0.00, MDL=42) | Best equation: 0.005307 + -0.000692 * gamma + 0.010874 * sqrt(gamma) + 0.008857 * cos(gamma) / gamma | Speed: 600ms/iter (3.0ms/iter) | Time: None | Current: [gamma, log(gamma) / sqrt(gamma), log(gamma), cos(gamma) + gamma, gamma * gamma, sqrt(gamma), log(gamma / sqrt(gamma)), log(gamma) / gamma] (N=1, Q=0.94, MDL=35)
[demo1|mcts|I|Oct23 12:32:01|0:00:26.008008] Iter: 34 | Reward: 0.96240 | Complexity: 17 | R2: 0.97846 | MDL: 41.60977 | Best: [gamma, sqrt(gamma), cos(gamma) / gamma] (N=0, Q=0.00, MDL=42) | Best equation: 0.005307 + -0.000692 * gamma + 0.010874 * sqrt(gamma) + 0.008857 * cos(gamma) / gamma | Speed: 600ms/iter (3.0ms/iter) | Time: None | Current: [gamma, log(gamma) / sqrt(gamma), log(gamma), cos(gamma) + gamma, gamma * gamma * gamma, sqrt(gamma), log(gamma / sqrt(gamma)), log(gamma) / gamma] (N=1, Q=0.94, MDL=34)
[demo1|mcts|I|Oct23 12:32:02|0:00:27.120561] Iter: 35 | Reward: 0.96240 | Complexity: 17 | R2: 0.97846 | MDL: 41.60977 | Best: [gamma, sqrt(gamma), cos(gamma) / gamma] (N=0, Q=0.00, MDL=42) | Best equation: 0.005307 + -0.000692 * gamma + 0.010874 * sqrt(gamma) + 0.008857 * cos(gamma) / gamma | Speed: 615ms/iter (3.1ms/iter) | Time: None | Current: [gamma, log(gamma) / sqrt(gamma), log(gamma), gamma * log(gamma), gamma * gamma * gamma, sqrt(gamma), log(gamma / sqrt(gamma)), log(gamma) / gamma] (N=1, Q=0.94, MDL=33)
[demo1|mcts|I|Oct23 12:32:02|0:00:27.774616] Iter: 36 | Reward: 0.96240 | Complexity: 17 | R2: 0.97846 | MDL: 41.60977 | Best: [gamma, sqrt(gamma), cos(gamma) / gamma] (N=0, Q=0.00, MDL=42) | Best equation: 0.005307 + -0.000692 * gamma + 0.010874 * sqrt(gamma) + 0.008857 * cos(gamma) / gamma | Speed: 616ms/iter (3.1ms/iter) | Time: None | Current: [gamma, log(gamma) / sqrt(gamma), log(gamma), gamma + gamma, gamma * gamma * gamma, sqrt(gamma), log(gamma / sqrt(gamma)), log(gamma) / gamma] (N=1, Q=0.94, MDL=34)
[demo1|mcts|I|Oct23 12:32:03|0:00:28.384176] Iter: 37 | Reward: 0.96240 | Complexity: 17 | R2: 0.97846 | MDL: 41.60977 | Best: [gamma, sqrt(gamma), cos(gamma) / gamma] (N=0, Q=0.00, MDL=42) | Best equation: 0.005307 + -0.000692 * gamma + 0.010874 * sqrt(gamma) + 0.008857 * cos(gamma) / gamma | Speed: 616ms/iter (3.1ms/iter) | Time: None | Current: [gamma, log(gamma) / sqrt(gamma), cos(log(gamma)), gamma + gamma, gamma * gamma * gamma, sqrt(gamma), log(gamma / sqrt(gamma)), log(gamma) / gamma] (N=1, Q=0.95, MDL=44)
[demo1|mcts|I|Oct23 12:32:04|0:00:29.081035] Iter: 38 | Reward: 0.96240 | Complexity: 17 | R2: 0.97846 | MDL: 41.60977 | Best: [gamma, sqrt(gamma), cos(gamma) / gamma] (N=0, Q=0.00, MDL=42) | Best equation: 0.005307 + -0.000692 * gamma + 0.010874 * sqrt(gamma) + 0.008857 * cos(gamma) / gamma | Speed: 618ms/iter (3.1ms/iter) | Time: None | Current: [gamma, log(gamma) / sqrt(gamma), cos(log(gamma)), gamma + gamma, gamma * gamma * gamma, sqrt(gamma), (gamma + gamma) / sqrt(gamma), log(gamma) / gamma] (N=1, Q=0.94, MDL=44)
[demo1|mcts|I|Oct23 12:32:05|0:00:29.788578] Iter: 39 | Reward: 0.96240 | Complexity: 17 | R2: 0.97846 | MDL: 41.60977 | Best: [gamma, sqrt(gamma), cos(gamma) / gamma] (N=0, Q=0.00, MDL=42) | Best equation: 0.005307 + -0.000692 * gamma + 0.010874 * sqrt(gamma) + 0.008857 * cos(gamma) / gamma | Speed: 620ms/iter (3.1ms/iter) | Time: None | Current: [gamma, log(gamma) / sqrt(gamma), cos(log(gamma)), gamma + gamma, gamma * gamma * gamma, sqrt(gamma), gamma / (gamma * gamma * gamma), log(gamma) / gamma] (N=1, Q=0.94, MDL=45)
[demo1|mcts|I|Oct23 12:32:05|0:00:30.392039] Iter: 40 | Reward: 0.96240 | Complexity: 17 | R2: 0.97846 | MDL: 41.60977 | Best: [gamma, sqrt(gamma), cos(gamma) / gamma] (N=0, Q=0.00, MDL=42) | Best equation: 0.005307 + -0.000692 * gamma + 0.010874 * sqrt(gamma) + 0.008857 * cos(gamma) / gamma | Speed: 620ms/iter (3.1ms/iter) | Time: None | Current: [gamma, log(gamma) / sqrt(gamma), cos(log(gamma)), gamma + gamma, gamma * gamma * gamma, sqrt(gamma), gamma + gamma + gamma, log(gamma) / gamma] (N=1, Q=0.94, MDL=40)
[demo1|mcts|I|Oct23 12:32:06|0:00:30.990163] Iter: 41 | Reward: 0.96240 | Complexity: 17 | R2: 0.97846 | MDL: 41.60977 | Best: [gamma, sqrt(gamma), cos(gamma) / gamma] (N=0, Q=0.00, MDL=42) | Best equation: 0.005307 + -0.000692 * gamma + 0.010874 * sqrt(gamma) + 0.008857 * cos(gamma) / gamma | Speed: 619ms/iter (3.1ms/iter) | Time: None | Current: [gamma, log(gamma) / sqrt(gamma), cos(sqrt(gamma)), gamma + gamma, gamma * gamma * gamma, sqrt(gamma), gamma + gamma + gamma, log(gamma) / gamma] (N=1, Q=0.94, MDL=42)
[demo1|mcts|I|Oct23 12:32:06|0:00:31.609104] Iter: 42 | Reward: 0.96240 | Complexity: 17 | R2: 0.97846 | MDL: 41.60977 | Best: [gamma, sqrt(gamma), cos(gamma) / gamma] (N=0, Q=0.00, MDL=42) | Best equation: 0.005307 + -0.000692 * gamma + 0.010874 * sqrt(gamma) + 0.008857 * cos(gamma) / gamma | Speed: 619ms/iter (3.1ms/iter) | Time: None | Current: [gamma, log(gamma) / sqrt(gamma), cos(sqrt(gamma)), gamma * sqrt(gamma), gamma * gamma * gamma, sqrt(gamma), gamma + gamma + gamma, log(gamma) / gamma] (N=1, Q=0.95, MDL=43)
[demo1|mcts|I|Oct23 12:32:07|0:00:32.219568] Iter: 43 | Reward: 0.96240 | Complexity: 17 | R2: 0.97846 | MDL: 41.60977 | Best: [gamma, sqrt(gamma), cos(gamma) / gamma] (N=0, Q=0.00, MDL=42) | Best equation: 0.005307 + -0.000692 * gamma + 0.010874 * sqrt(gamma) + 0.008857 * cos(gamma) / gamma | Speed: 619ms/iter (3.1ms/iter) | Time: None | Current: [gamma, sqrt(gamma) + sqrt(gamma), cos(sqrt(gamma)), gamma * sqrt(gamma), gamma * gamma * gamma, sqrt(gamma), gamma + gamma + gamma, log(gamma) / gamma] (N=1, Q=0.95, MDL=42)
[demo1|mcts|I|Oct23 12:32:08|0:00:33.419832] Iter: 44 | Reward: 0.96240 | Complexity: 17 | R2: 0.97846 | MDL: 41.60977 | Best: [gamma, sqrt(gamma), cos(gamma) / gamma] (N=0, Q=0.00, MDL=42) | Best equation: 0.005307 + -0.000692 * gamma + 0.010874 * sqrt(gamma) + 0.008857 * cos(gamma) / gamma | Speed: 632ms/iter (3.1ms/iter) | Time: None | Current: [gamma, log(sqrt(gamma)), cos(sqrt(gamma)), gamma * sqrt(gamma), gamma * gamma * gamma, sqrt(gamma), gamma + gamma + gamma, log(gamma) / gamma] (N=1, Q=0.94, MDL=42)
[demo1|mcts|I|Oct23 12:32:09|0:00:34.090004] Iter: 45 | Reward: 0.96240 | Complexity: 17 | R2: 0.97846 | MDL: 41.60977 | Best: [gamma, sqrt(gamma), cos(gamma) / gamma] (N=0, Q=0.00, MDL=42) | Best equation: 0.005307 + -0.000692 * gamma + 0.010874 * sqrt(gamma) + 0.008857 * cos(gamma) / gamma | Speed: 633ms/iter (3.1ms/iter) | Time: None | Current: [gamma, log(sqrt(gamma)), cos(sqrt(gamma)), gamma * sqrt(gamma), gamma / (gamma * gamma * gamma), sqrt(gamma), gamma + gamma + gamma, log(gamma) / gamma] (N=1, Q=0.95, MDL=41)
[demo1|mcts|I|Oct23 12:32:09|0:00:34.714162] Iter: 46 | Reward: 0.96240 | Complexity: 17 | R2: 0.97846 | MDL: 41.60977 | Best: [gamma, sqrt(gamma), cos(gamma) / gamma] (N=0, Q=0.00, MDL=42) | Best equation: 0.005307 + -0.000692 * gamma + 0.010874 * sqrt(gamma) + 0.008857 * cos(gamma) / gamma | Speed: 633ms/iter (3.1ms/iter) | Time: None | Current: [gamma, log(sqrt(gamma)), cos(sqrt(gamma)), exp(log(gamma) / gamma), gamma / (gamma * gamma * gamma), sqrt(gamma), gamma + gamma + gamma, log(gamma) / gamma] (N=1, Q=0.94, MDL=40)
[demo1|mcts|I|Oct23 12:32:10|0:00:35.394499] Iter: 47 | Reward: 0.96240 | Complexity: 17 | R2: 0.97846 | MDL: 41.60977 | Best: [gamma, sqrt(gamma), cos(gamma) / gamma] (N=0, Q=0.00, MDL=42) | Best equation: 0.005307 + -0.000692 * gamma + 0.010874 * sqrt(gamma) + 0.008857 * cos(gamma) / gamma | Speed: 634ms/iter (3.2ms/iter) | Time: None | Current: [gamma, log(sqrt(gamma)), cos(sqrt(gamma)), exp(log(gamma) / gamma), log(sqrt(gamma)) * sqrt(gamma), sqrt(gamma), gamma + gamma + gamma, log(gamma) / gamma] (N=1, Q=0.95, MDL=40)
[demo1|mcts|I|Oct23 12:32:11|0:00:36.009566] Iter: 48 | Reward: 0.96240 | Complexity: 17 | R2: 0.97846 | MDL: 41.60977 | Best: [gamma, sqrt(gamma), cos(gamma) / gamma] (N=0, Q=0.00, MDL=42) | Best equation: 0.005307 + -0.000692 * gamma + 0.010874 * sqrt(gamma) + 0.008857 * cos(gamma) / gamma | Speed: 633ms/iter (3.2ms/iter) | Time: None | Current: [gamma, log(sqrt(gamma)), gamma / sqrt(gamma), exp(log(gamma) / gamma), log(sqrt(gamma)) * sqrt(gamma), sqrt(gamma), gamma + gamma + gamma, log(gamma) / gamma] (N=1, Q=0.94, MDL=34)
[demo1|mcts|I|Oct23 12:32:11|0:00:36.683494] Iter: 49 | Reward: 0.96240 | Complexity: 17 | R2: 0.97846 | MDL: 41.60977 | Best: [gamma, sqrt(gamma), cos(gamma) / gamma] (N=0, Q=0.00, MDL=42) | Best equation: 0.005307 + -0.000692 * gamma + 0.010874 * sqrt(gamma) + 0.008857 * cos(gamma) / gamma | Speed: 634ms/iter (3.2ms/iter) | Time: None | Current: [gamma, log(sqrt(gamma)), gamma / sqrt(gamma), exp(log(gamma) / gamma), log(sqrt(gamma)) * sqrt(gamma), sqrt(gamma), sqrt(gamma) * sqrt(gamma), log(gamma) / gamma] (N=1, Q=0.94, MDL=35)
[demo1|mcts|I|Oct23 12:32:12|0:00:37.309569] Iter: 50 | Reward: 0.96240 | Complexity: 17 | R2: 0.97846 | MDL: 41.60977 | Best: [gamma, sqrt(gamma), cos(gamma) / gamma] (N=0, Q=0.00, MDL=42) | Best equation: 0.005307 + -0.000692 * gamma + 0.010874 * sqrt(gamma) + 0.008857 * cos(gamma) / gamma | Speed: 634ms/iter (3.2ms/iter) | Time: None | Current: [gamma, log(sqrt(gamma)), gamma / sqrt(gamma), exp(log(gamma) / gamma), sin(gamma / sqrt(gamma)), sqrt(gamma), sqrt(gamma) * sqrt(gamma), log(gamma) / gamma] (N=1, Q=0.94, MDL=35)
[demo1|mcts|I|Oct23 12:32:13|0:00:37.998199] Iter: 51 | Reward: 0.96240 | Complexity: 17 | R2: 0.97846 | MDL: 41.60977 | Best: [gamma, sqrt(gamma), cos(gamma) / gamma] (N=0, Q=0.00, MDL=42) | Best equation: 0.005307 + -0.000692 * gamma + 0.010874 * sqrt(gamma) + 0.008857 * cos(gamma) / gamma | Speed: 635ms/iter (3.2ms/iter) | Time: None | Current: [gamma, log(sqrt(gamma)), gamma / sqrt(gamma), exp(log(gamma) / gamma), sin(gamma / sqrt(gamma)), sqrt(gamma), cos(log(sqrt(gamma))), log(gamma) / gamma] (N=1, Q=0.94, MDL=40)
[demo1|mcts|I|Oct23 12:32:13|0:00:38.610310] Iter: 52 | Reward: 0.96240 | Complexity: 17 | R2: 0.97846 | MDL: 41.60977 | Best: [gamma, sqrt(gamma), cos(gamma) / gamma] (N=0, Q=0.00, MDL=42) | Best equation: 0.005307 + -0.000692 * gamma + 0.010874 * sqrt(gamma) + 0.008857 * cos(gamma) / gamma | Speed: 635ms/iter (3.2ms/iter) | Time: None | Current: [gamma, log(log(gamma) / gamma), gamma / sqrt(gamma), exp(log(gamma) / gamma), sin(gamma / sqrt(gamma)), sqrt(gamma), cos(log(sqrt(gamma))), log(gamma) / gamma] (N=1, Q=0.94, MDL=44)
[demo1|mcts|I|Oct23 12:32:14|0:00:39.306436] Iter: 53 | Reward: 0.96240 | Complexity: 17 | R2: 0.97846 | MDL: 41.60977 | Best: [gamma, sqrt(gamma), cos(gamma) / gamma] (N=0, Q=0.00, MDL=42) | Best equation: 0.005307 + -0.000692 * gamma + 0.010874 * sqrt(gamma) + 0.008857 * cos(gamma) / gamma | Speed: 636ms/iter (3.2ms/iter) | Time: None | Current: [gamma, log(log(gamma) / gamma), gamma / sqrt(gamma), exp(log(gamma) / gamma), gamma * sqrt(gamma), sqrt(gamma), cos(log(sqrt(gamma))), log(gamma) / gamma] (N=1, Q=0.94, MDL=45)
[demo1|mcts|I|Oct23 12:32:15|0:00:39.974628] Iter: 54 | Reward: 0.96240 | Complexity: 17 | R2: 0.97846 | MDL: 41.60977 | Best: [gamma, sqrt(gamma), cos(gamma) / gamma] (N=0, Q=0.00, MDL=42) | Best equation: 0.005307 + -0.000692 * gamma + 0.010874 * sqrt(gamma) + 0.008857 * cos(gamma) / gamma | Speed: 637ms/iter (3.2ms/iter) | Time: None | Current: [gamma, log(log(gamma) / gamma), log(gamma / sqrt(gamma)), exp(log(gamma) / gamma), gamma * sqrt(gamma), sqrt(gamma), cos(log(sqrt(gamma))), log(gamma) / gamma] (N=1, Q=0.95, MDL=47)
[demo1|mcts|I|Oct23 12:32:16|0:00:41.491406] Iter: 55 | Reward: 0.96240 | Complexity: 17 | R2: 0.97846 | MDL: 41.60977 | Best: [gamma, sqrt(gamma), cos(gamma) / gamma] (N=0, Q=0.00, MDL=42) | Best equation: 0.005307 + -0.000692 * gamma + 0.010874 * sqrt(gamma) + 0.008857 * cos(gamma) / gamma | Speed: 653ms/iter (3.2ms/iter) | Time: None | Current: [gamma, log(log(gamma) / gamma), log(gamma / sqrt(gamma)), exp(log(gamma) / gamma), gamma * sqrt(gamma), sqrt(gamma), cos(log(sqrt(gamma))), sqrt(sqrt(gamma))] (N=1, Q=0.95, MDL=46)
[demo1|mcts|I|Oct23 12:32:17|0:00:42.110017] Iter: 56 | Reward: 0.96240 | Complexity: 17 | R2: 0.97846 | MDL: 41.60977 | Best: [gamma, sqrt(gamma), cos(gamma) / gamma] (N=0, Q=0.00, MDL=42) | Best equation: 0.005307 + -0.000692 * gamma + 0.010874 * sqrt(gamma) + 0.008857 * cos(gamma) / gamma | Speed: 652ms/iter (3.2ms/iter) | Time: None | Current: [gamma, log(log(gamma) / gamma), log(gamma * sqrt(gamma)), exp(log(gamma) / gamma), gamma * sqrt(gamma), sqrt(gamma), cos(log(sqrt(gamma))), sqrt(sqrt(gamma))] (N=1, Q=0.95, MDL=44)
[demo1|mcts|I|Oct23 12:32:18|0:00:42.781528] Iter: 57 | Reward: 0.96240 | Complexity: 17 | R2: 0.97846 | MDL: 41.60977 | Best: [gamma, sqrt(gamma), cos(gamma) / gamma] (N=0, Q=0.00, MDL=42) | Best equation: 0.005307 + -0.000692 * gamma + 0.010874 * sqrt(gamma) + 0.008857 * cos(gamma) / gamma | Speed: 652ms/iter (3.2ms/iter) | Time: None | Current: [gamma, log(log(gamma) / gamma), log(gamma * sqrt(gamma)), exp(sqrt(sqrt(gamma))), gamma * sqrt(gamma), sqrt(gamma), cos(log(sqrt(gamma))), sqrt(sqrt(gamma))] (N=1, Q=0.95, MDL=36)
[demo1|mcts|I|Oct23 12:32:18|0:00:43.407344] Iter: 58 | Reward: 0.96240 | Complexity: 17 | R2: 0.97846 | MDL: 41.60977 | Best: [gamma, sqrt(gamma), cos(gamma) / gamma] (N=0, Q=0.00, MDL=42) | Best equation: 0.005307 + -0.000692 * gamma + 0.010874 * sqrt(gamma) + 0.008857 * cos(gamma) / gamma | Speed: 652ms/iter (3.2ms/iter) | Time: None | Current: [gamma, sqrt(gamma) + sqrt(sqrt(gamma)), log(gamma * sqrt(gamma)), exp(sqrt(sqrt(gamma))), gamma * sqrt(gamma), sqrt(gamma), cos(log(sqrt(gamma))), sqrt(sqrt(gamma))] (N=1, Q=0.94, MDL=29)
[demo1|mcts|I|Oct23 12:32:19|0:00:44.075858] Iter: 59 | Reward: 0.96240 | Complexity: 17 | R2: 0.97846 | MDL: 41.60977 | Best: [gamma, sqrt(gamma), cos(gamma) / gamma] (N=0, Q=0.00, MDL=42) | Best equation: 0.005307 + -0.000692 * gamma + 0.010874 * sqrt(gamma) + 0.008857 * cos(gamma) / gamma | Speed: 652ms/iter (3.2ms/iter) | Time: None | Current: [gamma, sqrt(gamma) + sqrt(sqrt(gamma)), log(gamma * sqrt(gamma)), exp(sqrt(sqrt(gamma))), gamma * sqrt(gamma), sqrt(gamma), cos(log(sqrt(gamma))), sqrt(sqrt(gamma))] (N=1, Q=0.95, MDL=29)
[demo1|mcts|I|Oct23 12:32:19|0:00:44.696405] Iter: 60 | Reward: 0.96240 | Complexity: 17 | R2: 0.97846 | MDL: 41.60977 | Best: [gamma, sqrt(gamma), cos(gamma) / gamma] (N=0, Q=0.00, MDL=42) | Best equation: 0.005307 + -0.000692 * gamma + 0.010874 * sqrt(gamma) + 0.008857 * cos(gamma) / gamma | Speed: 652ms/iter (3.2ms/iter) | Time: None | Current: [gamma, sqrt(gamma) + sqrt(sqrt(gamma)), gamma + gamma, exp(sqrt(sqrt(gamma))), gamma * sqrt(gamma), sqrt(gamma), cos(log(sqrt(gamma))), sqrt(sqrt(gamma))] (N=1, Q=0.94, MDL=31)
[demo1|mcts|I|Oct23 12:32:20|0:00:45.310325] Iter: 61 | Reward: 0.96240 | Complexity: 17 | R2: 0.97846 | MDL: 41.60977 | Best: [gamma, sqrt(gamma), cos(gamma) / gamma] (N=0, Q=0.00, MDL=42) | Best equation: 0.005307 + -0.000692 * gamma + 0.010874 * sqrt(gamma) + 0.008857 * cos(gamma) / gamma | Speed: 651ms/iter (3.2ms/iter) | Time: None | Current: [gamma, sqrt(gamma) / gamma, gamma + gamma, exp(sqrt(sqrt(gamma))), gamma * sqrt(gamma), sqrt(gamma), cos(log(sqrt(gamma))), sqrt(sqrt(gamma))] (N=1, Q=0.94, MDL=33)
[demo1|mcts|I|Oct23 12:32:21|0:00:45.922538] Iter: 62 | Reward: 0.96240 | Complexity: 17 | R2: 0.97846 | MDL: 41.60977 | Best: [gamma, sqrt(gamma), cos(gamma) / gamma] (N=0, Q=0.00, MDL=42) | Best equation: 0.005307 + -0.000692 * gamma + 0.010874 * sqrt(gamma) + 0.008857 * cos(gamma) / gamma | Speed: 650ms/iter (3.2ms/iter) | Time: None | Current: [gamma, sqrt(gamma) / gamma, gamma + gamma, exp(sqrt(sqrt(gamma))), gamma * sqrt(gamma), sqrt(gamma), sqrt(gamma) / (sqrt(gamma) / gamma), sqrt(sqrt(gamma))] (N=1, Q=0.95, MDL=34)
[demo1|mcts|I|Oct23 12:32:21|0:00:46.599478] Iter: 63 | Reward: 0.96240 | Complexity: 17 | R2: 0.97846 | MDL: 41.60977 | Best: [gamma, sqrt(gamma), cos(gamma) / gamma] (N=0, Q=0.00, MDL=42) | Best equation: 0.005307 + -0.000692 * gamma + 0.010874 * sqrt(gamma) + 0.008857 * cos(gamma) / gamma | Speed: 651ms/iter (3.2ms/iter) | Time: None | Current: [gamma, sqrt(gamma) / gamma, gamma / (gamma + gamma), exp(sqrt(sqrt(gamma))), gamma * sqrt(gamma), sqrt(gamma), sqrt(gamma) / (sqrt(gamma) / gamma), sqrt(sqrt(gamma))] (N=1, Q=0.95, MDL=34)
[demo1|mcts|I|Oct23 12:32:22|0:00:47.285119] Iter: 64 | Reward: 0.96240 | Complexity: 17 | R2: 0.97846 | MDL: 41.60977 | Best: [gamma, sqrt(gamma), cos(gamma) / gamma] (N=0, Q=0.00, MDL=42) | Best equation: 0.005307 + -0.000692 * gamma + 0.010874 * sqrt(gamma) + 0.008857 * cos(gamma) / gamma | Speed: 651ms/iter (3.2ms/iter) | Time: None | Current: [gamma, sqrt(gamma) / gamma, gamma / (gamma + gamma), exp(sqrt(sqrt(gamma))), gamma * gamma, sqrt(gamma), sqrt(gamma) / (sqrt(gamma) / gamma), sqrt(sqrt(gamma))] (N=1, Q=0.94, MDL=34)
[demo1|mcts|I|Oct23 12:32:23|0:00:47.909027] Iter: 65 | Reward: 0.96240 | Complexity: 17 | R2: 0.97846 | MDL: 41.60977 | Best: [gamma, sqrt(gamma), cos(gamma) / gamma] (N=0, Q=0.00, MDL=42) | Best equation: 0.005307 + -0.000692 * gamma + 0.010874 * sqrt(gamma) + 0.008857 * cos(gamma) / gamma | Speed: 651ms/iter (3.2ms/iter) | Time: None | Current: [gamma, sqrt(gamma) / gamma, gamma / (gamma + gamma), exp(sqrt(sqrt(gamma))), gamma * gamma, sqrt(gamma), sin(gamma), sqrt(sqrt(gamma))] (N=1, Q=0.95, MDL=36)
[demo1|mcts|I|Oct23 12:32:23|0:00:48.512470] Iter: 66 | Reward: 0.96240 | Complexity: 17 | R2: 0.97846 | MDL: 41.60977 | Best: [gamma, sqrt(gamma), cos(gamma) / gamma] (N=0, Q=0.00, MDL=42) | Best equation: 0.005307 + -0.000692 * gamma + 0.010874 * sqrt(gamma) + 0.008857 * cos(gamma) / gamma | Speed: 650ms/iter (3.2ms/iter) | Time: None | Current: [gamma, sqrt(gamma) / gamma, cos(gamma / (gamma + gamma)), exp(sqrt(sqrt(gamma))), gamma * gamma, sqrt(gamma), sin(gamma), sqrt(sqrt(gamma))] (N=1, Q=0.95, MDL=35)
[demo1|mcts|I|Oct23 12:32:24|0:00:49.119553] Iter: 67 | Reward: 0.96240 | Complexity: 17 | R2: 0.97846 | MDL: 41.60977 | Best: [gamma, sqrt(gamma), cos(gamma) / gamma] (N=0, Q=0.00, MDL=42) | Best equation: 0.005307 + -0.000692 * gamma + 0.010874 * sqrt(gamma) + 0.008857 * cos(gamma) / gamma | Speed: 649ms/iter (3.2ms/iter) | Time: None | Current: [gamma, sqrt(gamma) / gamma, cos(gamma / (gamma + gamma)), sin(gamma) * sqrt(sqrt(gamma)), gamma * gamma, sqrt(gamma), sin(gamma), sqrt(sqrt(gamma))] (N=1, Q=0.95, MDL=47)
[demo1|mcts|I|Oct23 12:32:25|0:00:50.688043] Iter: 68 | Reward: 0.96240 | Complexity: 17 | R2: 0.97846 | MDL: 41.60977 | Best: [gamma, sqrt(gamma), cos(gamma) / gamma] (N=0, Q=0.00, MDL=42) | Best equation: 0.005307 + -0.000692 * gamma + 0.010874 * sqrt(gamma) + 0.008857 * cos(gamma) / gamma | Speed: 663ms/iter (3.3ms/iter) | Time: None | Current: [gamma, sqrt(gamma) / gamma, cos(gamma / (gamma + gamma)), sin(gamma) * sqrt(sqrt(gamma)), gamma * gamma, sqrt(gamma), log(gamma), sqrt(sqrt(gamma))] (N=1, Q=0.94, MDL=45)
[demo1|mcts|I|Oct23 12:32:26|0:00:51.311895] Iter: 69 | Reward: 0.96240 | Complexity: 17 | R2: 0.97846 | MDL: 41.60977 | Best: [gamma, sqrt(gamma), cos(gamma) / gamma] (N=0, Q=0.00, MDL=42) | Best equation: 0.005307 + -0.000692 * gamma + 0.010874 * sqrt(gamma) + 0.008857 * cos(gamma) / gamma | Speed: 662ms/iter (3.3ms/iter) | Time: None | Current: [gamma, sqrt(gamma) / gamma, cos(gamma / (gamma + gamma)), gamma + gamma, gamma * gamma, sqrt(gamma), log(gamma), sqrt(sqrt(gamma))] (N=1, Q=0.94, MDL=42)
[demo1|mcts|I|Oct23 12:32:27|0:00:51.997015] Iter: 70 | Reward: 0.96240 | Complexity: 17 | R2: 0.97846 | MDL: 41.60977 | Best: [gamma, sqrt(gamma), cos(gamma) / gamma] (N=0, Q=0.00, MDL=42) | Best equation: 0.005307 + -0.000692 * gamma + 0.010874 * sqrt(gamma) + 0.008857 * cos(gamma) / gamma | Speed: 663ms/iter (3.3ms/iter) | Time: None | Current: [gamma, sqrt(gamma) / gamma, cos(gamma / (gamma + gamma)), gamma + gamma, cos(gamma * gamma), sqrt(gamma), log(gamma), sqrt(sqrt(gamma))] (N=1, Q=0.94, MDL=47)
[demo1|mcts|I|Oct23 12:32:27|0:00:52.620274] Iter: 71 | Reward: 0.96240 | Complexity: 17 | R2: 0.97846 | MDL: 41.60977 | Best: [gamma, sqrt(gamma), cos(gamma) / gamma] (N=0, Q=0.00, MDL=42) | Best equation: 0.005307 + -0.000692 * gamma + 0.010874 * sqrt(gamma) + 0.008857 * cos(gamma) / gamma | Speed: 662ms/iter (3.3ms/iter) | Time: None | Current: [gamma, sqrt(gamma) / gamma, cos(gamma / (gamma + gamma)), gamma + gamma, cos(gamma * gamma), sqrt(gamma), sqrt(sqrt(gamma)) / gamma, sqrt(sqrt(gamma))] (N=1, Q=0.94, MDL=47)
[demo1|mcts|I|Oct23 12:32:28|0:00:53.285850] Iter: 72 | Reward: 0.96240 | Complexity: 17 | R2: 0.97846 | MDL: 41.60977 | Best: [gamma, sqrt(gamma), cos(gamma) / gamma] (N=0, Q=0.00, MDL=42) | Best equation: 0.005307 + -0.000692 * gamma + 0.010874 * sqrt(gamma) + 0.008857 * cos(gamma) / gamma | Speed: 662ms/iter (3.3ms/iter) | Time: None | Current: [gamma, sqrt(gamma) / gamma, sin(sqrt(gamma) / gamma), gamma + gamma, cos(gamma * gamma), sqrt(gamma), sqrt(sqrt(gamma)) / gamma, sqrt(sqrt(gamma))] (N=1, Q=0.95, MDL=47)
[demo1|mcts|I|Oct23 12:32:29|0:00:53.921509] Iter: 73 | Reward: 0.96240 | Complexity: 17 | R2: 0.97846 | MDL: 41.60977 | Best: [gamma, sqrt(gamma), cos(gamma) / gamma] (N=0, Q=0.00, MDL=42) | Best equation: 0.005307 + -0.000692 * gamma + 0.010874 * sqrt(gamma) + 0.008857 * cos(gamma) / gamma | Speed: 662ms/iter (3.3ms/iter) | Time: None | Current: [gamma, sqrt(gamma) / gamma, sin(sqrt(gamma) / gamma), gamma + gamma, cos(gamma * gamma), exp(sqrt(gamma) / gamma), sqrt(sqrt(gamma)) / gamma, sqrt(sqrt(gamma))] (N=1, Q=0.95, MDL=46)
[demo1|mcts|I|Oct23 12:32:29|0:00:54.611631] Iter: 74 | Reward: 0.96240 | Complexity: 17 | R2: 0.97846 | MDL: 41.60977 | Best: [gamma, sqrt(gamma), cos(gamma) / gamma] (N=0, Q=0.00, MDL=42) | Best equation: 0.005307 + -0.000692 * gamma + 0.010874 * sqrt(gamma) + 0.008857 * cos(gamma) / gamma | Speed: 662ms/iter (3.3ms/iter) | Time: None | Current: [gamma, sqrt(gamma) / gamma, sqrt(sqrt(sqrt(gamma))), gamma + gamma, cos(gamma * gamma), exp(sqrt(gamma) / gamma), sqrt(sqrt(gamma)) / gamma, sqrt(sqrt(gamma))] (N=1, Q=0.94, MDL=43)
[demo1|mcts|I|Oct23 12:32:30|0:00:55.290686] Iter: 75 | Reward: 0.96240 | Complexity: 17 | R2: 0.97846 | MDL: 41.60977 | Best: [gamma, sqrt(gamma), cos(gamma) / gamma] (N=0, Q=0.00, MDL=42) | Best equation: 0.005307 + -0.000692 * gamma + 0.010874 * sqrt(gamma) + 0.008857 * cos(gamma) / gamma | Speed: 663ms/iter (3.3ms/iter) | Time: None | Current: [gamma, sqrt(gamma) / gamma, sqrt(sqrt(sqrt(gamma))), gamma + gamma, cos(gamma * gamma), gamma / cos(gamma * gamma), sqrt(sqrt(gamma)) / gamma, sqrt(sqrt(gamma))] (N=1, Q=0.95, MDL=46)
[demo1|mcts|I|Oct23 12:32:31|0:00:55.906737] Iter: 76 | Reward: 0.96240 | Complexity: 17 | R2: 0.97846 | MDL: 41.60977 | Best: [gamma, sqrt(gamma), cos(gamma) / gamma] (N=0, Q=0.00, MDL=42) | Best equation: 0.005307 + -0.000692 * gamma + 0.010874 * sqrt(gamma) + 0.008857 * cos(gamma) / gamma | Speed: 662ms/iter (3.3ms/iter) | Time: None | Current: [gamma, sqrt(gamma) / gamma, sqrt(sqrt(sqrt(gamma))), gamma + gamma, cos(gamma * gamma), sqrt(sqrt(gamma) / gamma), sqrt(sqrt(gamma)) / gamma, sqrt(sqrt(gamma))] (N=1, Q=0.95, MDL=44)
[demo1|mcts|I|Oct23 12:32:31|0:00:56.520690] Iter: 77 | Reward: 0.96240 | Complexity: 17 | R2: 0.97846 | MDL: 41.60977 | Best: [gamma, sqrt(gamma), cos(gamma) / gamma] (N=0, Q=0.00, MDL=42) | Best equation: 0.005307 + -0.000692 * gamma + 0.010874 * sqrt(gamma) + 0.008857 * cos(gamma) / gamma | Speed: 661ms/iter (3.3ms/iter) | Time: None | Current: [gamma, sqrt(gamma) / gamma, sqrt(sqrt(sqrt(gamma))), gamma + gamma, sqrt(sqrt(gamma)) + gamma, sqrt(sqrt(gamma) / gamma), sqrt(sqrt(gamma)) / gamma, sqrt(sqrt(gamma))] (N=1, Q=0.95, MDL=38)
[demo1|mcts|I|Oct23 12:32:32|0:00:57.186573] Iter: 78 | Reward: 0.96240 | Complexity: 17 | R2: 0.97846 | MDL: 41.60977 | Best: [gamma, sqrt(gamma), cos(gamma) / gamma] (N=0, Q=0.00, MDL=42) | Best equation: 0.005307 + -0.000692 * gamma + 0.010874 * sqrt(gamma) + 0.008857 * cos(gamma) / gamma | Speed: 661ms/iter (3.3ms/iter) | Time: None | Current: [gamma, sqrt(gamma) / gamma, sqrt(sqrt(sqrt(gamma))), gamma + gamma, sqrt(sqrt(gamma)) + gamma, sqrt(sqrt(gamma) / gamma), sqrt(sqrt(gamma)) / gamma, gamma * gamma] (N=1, Q=0.95, MDL=37)
[demo1|mcts|I|Oct23 12:32:33|0:00:57.806940] Iter: 79 | Reward: 0.96240 | Complexity: 17 | R2: 0.97846 | MDL: 41.60977 | Best: [gamma, sqrt(gamma), cos(gamma) / gamma] (N=0, Q=0.00, MDL=42) | Best equation: 0.005307 + -0.000692 * gamma + 0.010874 * sqrt(gamma) + 0.008857 * cos(gamma) / gamma | Speed: 661ms/iter (3.3ms/iter) | Time: None | Current: [gamma, sqrt(gamma) / gamma, sqrt(sqrt(sqrt(gamma))), gamma + gamma, sqrt(sqrt(gamma)) + gamma, sqrt(sqrt(gamma) / gamma), sqrt(sqrt(gamma)) / gamma, sin(gamma)] (N=1, Q=0.94, MDL=39)
[demo1|mcts|I|Oct23 12:32:33|0:00:58.384360] Iter: 80 | Reward: 0.96240 | Complexity: 17 | R2: 0.97846 | MDL: 41.60977 | Best: [gamma, sqrt(gamma), cos(gamma) / gamma] (N=0, Q=0.00, MDL=42) | Best equation: 0.005307 + -0.000692 * gamma + 0.010874 * sqrt(gamma) + 0.008857 * cos(gamma) / gamma | Speed: 660ms/iter (3.3ms/iter) | Time: None | Current: [gamma, sqrt(gamma) / gamma, sqrt(sqrt(sqrt(gamma))), gamma + gamma, sqrt(sqrt(gamma)) + gamma, exp(gamma + gamma), sqrt(sqrt(gamma)) / gamma, sin(gamma)] (N=1, Q=0.93, MDL=42)
[demo1|mcts|I|Oct23 12:32:34|0:00:58.984537] Iter: 81 | Reward: 0.96240 | Complexity: 17 | R2: 0.97846 | MDL: 41.60977 | Best: [gamma, sqrt(gamma), cos(gamma) / gamma] (N=0, Q=0.00, MDL=42) | Best equation: 0.005307 + -0.000692 * gamma + 0.010874 * sqrt(gamma) + 0.008857 * cos(gamma) / gamma | Speed: 659ms/iter (3.3ms/iter) | Time: None | Current: [gamma, sqrt(gamma) / gamma, sqrt(sqrt(sqrt(gamma))), gamma + gamma, gamma + gamma + sin(gamma), exp(gamma + gamma), sqrt(sqrt(gamma)) / gamma, sin(gamma)] (N=1, Q=0.94, MDL=41)
[demo1|mcts|I|Oct23 12:32:34|0:00:59.521332] Iter: 82 | Reward: 0.96240 | Complexity: 17 | R2: 0.97846 | MDL: 41.60977 | Best: [gamma, sqrt(gamma), cos(gamma) / gamma] (N=0, Q=0.00, MDL=42) | Best equation: 0.005307 + -0.000692 * gamma + 0.010874 * sqrt(gamma) + 0.008857 * cos(gamma) / gamma | Speed: 658ms/iter (3.3ms/iter) | Time: None | Current: [gamma, sqrt(gamma) / gamma, sqrt(sqrt(sqrt(gamma))), gamma / sin(gamma), gamma + gamma + sin(gamma), exp(gamma + gamma), sqrt(sqrt(gamma)) / gamma, sin(gamma)] (N=1, Q=0.94, MDL=45)
[demo1|mcts|I|Oct23 12:32:35|0:01:00.174190] Iter: 83 | Reward: 0.96240 | Complexity: 17 | R2: 0.97846 | MDL: 41.60977 | Best: [gamma, sqrt(gamma), cos(gamma) / gamma] (N=0, Q=0.00, MDL=42) | Best equation: 0.005307 + -0.000692 * gamma + 0.010874 * sqrt(gamma) + 0.008857 * cos(gamma) / gamma | Speed: 657ms/iter (3.3ms/iter) | Time: None | Current: [gamma, sqrt(gamma) / gamma, exp(sin(gamma)), gamma / sin(gamma), gamma + gamma + sin(gamma), exp(gamma + gamma), sqrt(sqrt(gamma)) / gamma, sin(gamma)] (N=1, Q=0.93, MDL=46)
[demo1|mcts|I|Oct23 12:32:36|0:01:00.800313] Iter: 84 | Reward: 0.96240 | Complexity: 17 | R2: 0.97846 | MDL: 41.60977 | Best: [gamma, sqrt(gamma), cos(gamma) / gamma] (N=0, Q=0.00, MDL=42) | Best equation: 0.005307 + -0.000692 * gamma + 0.010874 * sqrt(gamma) + 0.008857 * cos(gamma) / gamma | Speed: 657ms/iter (3.3ms/iter) | Time: None | Current: [gamma, sqrt(gamma) / gamma, exp(sin(gamma)), gamma / sin(gamma), gamma + gamma + sin(gamma), exp(gamma + gamma), cos(sin(gamma)), sin(gamma)] (N=1, Q=0.94, MDL=46)
[demo1|mcts|I|Oct23 12:32:36|0:01:01.378610] Iter: 85 | Reward: 0.96240 | Complexity: 17 | R2: 0.97846 | MDL: 41.60977 | Best: [gamma, sqrt(gamma), cos(gamma) / gamma] (N=0, Q=0.00, MDL=42) | Best equation: 0.005307 + -0.000692 * gamma + 0.010874 * sqrt(gamma) + 0.008857 * cos(gamma) / gamma | Speed: 656ms/iter (3.3ms/iter) | Time: None | Current: [gamma, sqrt(gamma) / gamma, exp(sin(gamma)), gamma / sin(gamma) + gamma, gamma + gamma + sin(gamma), exp(gamma + gamma), cos(sin(gamma)), sin(gamma)] (N=1, Q=0.94, MDL=45)
[demo1|mcts|I|Oct23 12:32:37|0:01:01.982212] Iter: 86 | Reward: 0.96240 | Complexity: 17 | R2: 0.97846 | MDL: 41.60977 | Best: [gamma, sqrt(gamma), cos(gamma) / gamma] (N=0, Q=0.00, MDL=42) | Best equation: 0.005307 + -0.000692 * gamma + 0.010874 * sqrt(gamma) + 0.008857 * cos(gamma) / gamma | Speed: 656ms/iter (3.3ms/iter) | Time: None | Current: [gamma, sqrt(gamma) / gamma, exp(sin(gamma)), gamma / sin(gamma) + gamma, sin(gamma) * gamma, exp(gamma + gamma), cos(sin(gamma)), sin(gamma)] (N=1, Q=0.94, MDL=45)
[demo1|mcts|I|Oct23 12:32:38|0:01:03.692713] Iter: 87 | Reward: 0.96240 | Complexity: 17 | R2: 0.97846 | MDL: 41.60977 | Best: [gamma, sqrt(gamma), cos(gamma) / gamma] (N=0, Q=0.00, MDL=42) | Best equation: 0.005307 + -0.000692 * gamma + 0.010874 * sqrt(gamma) + 0.008857 * cos(gamma) / gamma | Speed: 668ms/iter (3.3ms/iter) | Time: None | Current: [gamma, sqrt(gamma) / gamma, exp(sin(gamma)), gamma / sin(gamma) + gamma, sin(gamma) * gamma, exp(gamma + gamma), cos(sin(gamma)), exp(sin(gamma)) / gamma] (N=1, Q=0.94, MDL=44)
[demo1|mcts|I|Oct23 12:32:39|0:01:04.291654] Iter: 88 | Reward: 0.96240 | Complexity: 17 | R2: 0.97846 | MDL: 41.60977 | Best: [gamma, sqrt(gamma), cos(gamma) / gamma] (N=0, Q=0.00, MDL=42) | Best equation: 0.005307 + -0.000692 * gamma + 0.010874 * sqrt(gamma) + 0.008857 * cos(gamma) / gamma | Speed: 667ms/iter (3.3ms/iter) | Time: None | Current: [gamma, sqrt(gamma) / gamma, exp(sin(gamma)), gamma / (sin(gamma) * gamma), sin(gamma) * gamma, exp(gamma + gamma), cos(sin(gamma)), exp(sin(gamma)) / gamma] (N=1, Q=0.95, MDL=45)
[demo1|mcts|I|Oct23 12:32:40|0:01:04.887530] Iter: 89 | Reward: 0.96240 | Complexity: 17 | R2: 0.97846 | MDL: 41.60977 | Best: [gamma, sqrt(gamma), cos(gamma) / gamma] (N=0, Q=0.00, MDL=42) | Best equation: 0.005307 + -0.000692 * gamma + 0.010874 * sqrt(gamma) + 0.008857 * cos(gamma) / gamma | Speed: 666ms/iter (3.3ms/iter) | Time: None | Current: [gamma, sqrt(gamma) / gamma, exp(sin(gamma)), gamma / (sin(gamma) * gamma), sqrt(exp(sin(gamma))), exp(gamma + gamma), cos(sin(gamma)), exp(sin(gamma)) / gamma] (N=1, Q=0.94, MDL=45)
[demo1|mcts|I|Oct23 12:32:40|0:01:05.500626] Iter: 90 | Reward: 0.96240 | Complexity: 17 | R2: 0.97846 | MDL: 41.60977 | Best: [gamma, sqrt(gamma), cos(gamma) / gamma] (N=0, Q=0.00, MDL=42) | Best equation: 0.005307 + -0.000692 * gamma + 0.010874 * sqrt(gamma) + 0.008857 * cos(gamma) / gamma | Speed: 666ms/iter (3.3ms/iter) | Time: None | Current: [gamma, sqrt(gamma) / gamma, exp(sin(gamma)), gamma / (sin(gamma) * gamma), sqrt(exp(sin(gamma))), exp(gamma + gamma), cos(sin(gamma)), gamma + gamma] (N=1, Q=0.94, MDL=44)
[demo1|mcts|I|Oct23 12:32:41|0:01:06.075767] Iter: 91 | Reward: 0.96240 | Complexity: 17 | R2: 0.97846 | MDL: 41.60977 | Best: [gamma, sqrt(gamma), cos(gamma) / gamma] (N=0, Q=0.00, MDL=42) | Best equation: 0.005307 + -0.000692 * gamma + 0.010874 * sqrt(gamma) + 0.008857 * cos(gamma) / gamma | Speed: 665ms/iter (3.3ms/iter) | Time: None | Current: [gamma, sqrt(gamma) / gamma, exp(sin(gamma)), gamma / cos(sin(gamma)), sqrt(exp(sin(gamma))), exp(gamma + gamma), cos(sin(gamma)), gamma + gamma] (N=1, Q=0.94, MDL=42)
[demo1|mcts|I|Oct23 12:32:41|0:01:06.608873] Iter: 92 | Reward: 0.96240 | Complexity: 17 | R2: 0.97846 | MDL: 41.60977 | Best: [gamma, sqrt(gamma), cos(gamma) / gamma] (N=0, Q=0.00, MDL=42) | Best equation: 0.005307 + -0.000692 * gamma + 0.010874 * sqrt(gamma) + 0.008857 * cos(gamma) / gamma | Speed: 663ms/iter (3.3ms/iter) | Time: None | Current: [gamma, sqrt(gamma) / gamma, exp(sin(gamma)), gamma / cos(sin(gamma)), sqrt(exp(sin(gamma))), exp(gamma + gamma), sqrt(sqrt(gamma) / gamma), gamma + gamma] (N=1, Q=0.95, MDL=42)
[demo1|mcts|I|Oct23 12:32:42|0:01:07.205668] Iter: 93 | Reward: 0.96240 | Complexity: 17 | R2: 0.97846 | MDL: 41.60977 | Best: [gamma, sqrt(gamma), cos(gamma) / gamma] (N=0, Q=0.00, MDL=42) | Best equation: 0.005307 + -0.000692 * gamma + 0.010874 * sqrt(gamma) + 0.008857 * cos(gamma) / gamma | Speed: 662ms/iter (3.3ms/iter) | Time: None | Current: [gamma, sqrt(gamma) / gamma, exp(sin(gamma)), gamma / cos(sin(gamma)), gamma / (gamma + gamma), exp(gamma + gamma), sqrt(sqrt(gamma) / gamma), gamma + gamma] (N=1, Q=0.94, MDL=42)
[demo1|mcts|I|Oct23 12:32:43|0:01:07.812926] Iter: 94 | Reward: 0.96240 | Complexity: 17 | R2: 0.97846 | MDL: 41.60977 | Best: [gamma, sqrt(gamma), cos(gamma) / gamma] (N=0, Q=0.00, MDL=42) | Best equation: 0.005307 + -0.000692 * gamma + 0.010874 * sqrt(gamma) + 0.008857 * cos(gamma) / gamma | Speed: 662ms/iter (3.3ms/iter) | Time: None | Current: [gamma, sqrt(gamma) / gamma, exp(sin(gamma)), log(gamma + gamma), gamma / (gamma + gamma), exp(gamma + gamma), sqrt(sqrt(gamma) / gamma), gamma + gamma] (N=1, Q=0.94, MDL=36)
[demo1|mcts|I|Oct23 12:32:43|0:01:08.404448] Iter: 95 | Reward: 0.96240 | Complexity: 17 | R2: 0.97846 | MDL: 41.60977 | Best: [gamma, sqrt(gamma), cos(gamma) / gamma] (N=0, Q=0.00, MDL=42) | Best equation: 0.005307 + -0.000692 * gamma + 0.010874 * sqrt(gamma) + 0.008857 * cos(gamma) / gamma | Speed: 661ms/iter (3.3ms/iter) | Time: None | Current: [gamma, sqrt(exp(gamma + gamma)), exp(sin(gamma)), log(gamma + gamma), gamma / (gamma + gamma), exp(gamma + gamma), sqrt(sqrt(gamma) / gamma), gamma + gamma] (N=1, Q=0.94, MDL=36)
[demo1|mcts|I|Oct23 12:32:44|0:01:09.006763] Iter: 96 | Reward: 0.96240 | Complexity: 17 | R2: 0.97846 | MDL: 41.60977 | Best: [gamma, sqrt(gamma), cos(gamma) / gamma] (N=0, Q=0.00, MDL=42) | Best equation: 0.005307 + -0.000692 * gamma + 0.010874 * sqrt(gamma) + 0.008857 * cos(gamma) / gamma | Speed: 660ms/iter (3.3ms/iter) | Time: None | Current: [gamma, sqrt(exp(gamma + gamma)), log(gamma), log(gamma + gamma), gamma / (gamma + gamma), exp(gamma + gamma), sqrt(sqrt(gamma) / gamma), gamma + gamma] (N=1, Q=0.94, MDL=32)
[demo1|mcts|I|Oct23 12:32:44|0:01:09.626922] Iter: 97 | Reward: 0.96240 | Complexity: 17 | R2: 0.97846 | MDL: 41.60977 | Best: [gamma, sqrt(gamma), cos(gamma) / gamma] (N=0, Q=0.00, MDL=42) | Best equation: 0.005307 + -0.000692 * gamma + 0.010874 * sqrt(gamma) + 0.008857 * cos(gamma) / gamma | Speed: 660ms/iter (3.3ms/iter) | Time: None | Current: [gamma, log(gamma) * log(gamma), log(gamma), log(gamma + gamma), gamma / (gamma + gamma), exp(gamma + gamma), sqrt(sqrt(gamma) / gamma), gamma + gamma] (N=1, Q=0.95, MDL=31)
[demo1|mcts|I|Oct23 12:32:45|0:01:10.375311] Iter: 98 | Reward: 0.96240 | Complexity: 17 | R2: 0.97846 | MDL: 41.60977 | Best: [gamma, sqrt(gamma), cos(gamma) / gamma] (N=0, Q=0.00, MDL=42) | Best equation: 0.005307 + -0.000692 * gamma + 0.010874 * sqrt(gamma) + 0.008857 * cos(gamma) / gamma | Speed: 661ms/iter (3.3ms/iter) | Time: None | Current: [gamma, log(gamma) * log(gamma), log(gamma), log(gamma + gamma), gamma / (gamma + gamma), sin(exp(gamma + gamma)), sqrt(sqrt(gamma) / gamma), gamma + gamma] (N=1, Q=0.94, MDL=38)
[demo1|mcts|I|Oct23 12:32:46|0:01:11.078515] Iter: 99 | Reward: 0.96240 | Complexity: 17 | R2: 0.97846 | MDL: 41.60977 | Best: [gamma, sqrt(gamma), cos(gamma) / gamma] (N=0, Q=0.00, MDL=42) | Best equation: 0.005307 + -0.000692 * gamma + 0.010874 * sqrt(gamma) + 0.008857 * cos(gamma) / gamma | Speed: 661ms/iter (3.3ms/iter) | Time: None | Current: [gamma, log(gamma) * log(gamma), log(gamma), log(gamma + gamma), gamma / (gamma + gamma), sin(exp(gamma + gamma)), sqrt(sqrt(gamma) / gamma), cos(gamma)] (N=1, Q=0.94, MDL=39)
[demo1|mcts|I|Oct23 12:32:46|0:01:11.722244] Iter: 100 | Reward: 0.96240 | Complexity: 17 | R2: 0.97846 | MDL: 41.60977 | Best: [gamma, sqrt(gamma), cos(gamma) / gamma] (N=0, Q=0.00, MDL=42) | Best equation: 0.005307 + -0.000692 * gamma + 0.010874 * sqrt(gamma) + 0.008857 * cos(gamma) / gamma | Speed: 661ms/iter (3.3ms/iter) | Time: None | Current: [gamma, log(gamma) * log(gamma), log(gamma), log(gamma + gamma), gamma / (gamma + gamma), gamma / log(gamma + gamma), sqrt(sqrt(gamma) / gamma), cos(gamma)] (N=1, Q=0.95, MDL=35)
[demo1|search|N|Oct23 12:35:41|0:04:06.114289] Interrupted
[demo1|single_test|E|Oct23 12:35:41|0:04:06.116712] (pix/single_test.py:321) 测试过程中出现错误: cannot access local variable 'loss' where it is not associated with a value
