[demo1|search|I|Dec18 16:08:05|0:00:00.000145] {
          dataset: default
          name: demo1
          seed: 0
          tot_steps: 300000
          device: cuda
          continue_from: None
          load_model: weights/checkpoint.pth
          lr: 0.001
          batch_size: 10
          warmup_steps: 100
          dropout: 0.1
          d_model: 512
          d_input: 64
          d_output: 512
          n_TE_layers: 8
          max_len: 30
          max_param: 5
          max_var: 10
          quiet: False
          save_equations: 0
          AMP: False
          grad_clip: None
          uniform_sample_number: 400
          pred_loss_weight: 1.0
          clip_loss_weight: 1.0
          num_workers: 0
          simplify: True
          normalize_loss: True
          normalize_X: True
          normalize_y: True
          function: f=0.01*cos(x)/(x*x) + 0.01*x*log(x) + 0.01
          domain: x1:1,20
          avoid_zero_eps: 0.05
          sample_num: 512
          n_iter: 150
          c: 1.0
          child_num: 50
          n_playout: 20
          d_playout: 10
          eta: 0.999
          complexity_alpha: 1.0
          complexity_limit: None
          keep_vars: True
          normalize_all: False
          remove_abnormal: True
          use_old_model: False
          cheat: False
          disable_prod_model: True
          max_power_abs: None
          max_nesting_depth: 4
          extra_leaf: 
          custom_binary_ops: Add,Mul,Div
          custom_unary_ops: 
          custom_leaf_ops: 1
          use_custom_ops_only: True
          save_dir: ./results/search/demo1
        }
[demo1|single_test|I|Dec18 16:08:05|0:00:00.002258] Shared log file: /Users/oscar/Desktop/OX/CS/AI/PDE/PDExplorer/PiX/results/logs/20251218_160803/pix.log
[demo1|search|I|Dec18 16:08:08|0:00:00.000140] {
          dataset: default
          name: demo1
          seed: 0
          tot_steps: 300000
          device: cuda
          continue_from: None
          load_model: weights/checkpoint.pth
          lr: 0.001
          batch_size: 10
          warmup_steps: 100
          dropout: 0.1
          d_model: 512
          d_input: 64
          d_output: 512
          n_TE_layers: 8
          max_len: 30
          max_param: 5
          max_var: 10
          quiet: False
          save_equations: 0
          AMP: False
          grad_clip: None
          uniform_sample_number: 400
          pred_loss_weight: 1.0
          clip_loss_weight: 1.0
          num_workers: 0
          simplify: True
          normalize_loss: True
          normalize_X: True
          normalize_y: True
          function: f=0.01*cos(x)/(x*x) + 0.01*x*log(x) + 0.01
          domain: x1:1,20
          avoid_zero_eps: 0.05
          sample_num: 512
          n_iter: 150
          c: 1.0
          child_num: 50
          n_playout: 20
          d_playout: 10
          eta: 0.999
          complexity_alpha: 1.0
          complexity_limit: None
          keep_vars: True
          normalize_all: False
          remove_abnormal: True
          use_old_model: False
          cheat: False
          disable_prod_model: True
          max_power_abs: None
          max_nesting_depth: 4
          extra_leaf: 
          custom_binary_ops: Add,Mul,Div
          custom_unary_ops: 
          custom_leaf_ops: 1
          use_custom_ops_only: True
          save_dir: ./results/search/demo1
        }
[demo1|single_test|I|Dec18 16:08:08|0:00:00.023831] 开始单次测试 | 模式=bfsearch_new_sr | 假设=[0, 1, 2, 4, 5, 7, 8, 10, 14, 15, 32]
[demo1|pde_solver|I|Dec18 16:08:09|0:00:00.651545] [pde_solver] Starting PDE solving for Fy=0.000000
[demo1|pde_solver|I|Dec18 16:08:14|0:00:05.247030] [pde_solver] Estimated global g = -0.000169934
[demo1|pde_solver|I|Dec18 16:08:14|0:00:05.247206] [pde_solver] Solve time: 4.518 s (mode=ls)
[demo1|search|N|Dec18 16:08:14|0:00:06.113965] CUDA not available: forcing model device to CPU
[demo1|search|I|Dec18 16:08:15|0:00:06.213406] [SR4MDL] Tokenizer init: 0.760s | Model build+load: 0.099s | device=cpu | model_path=/Users/oscar/Desktop/OX/CS/AI/PDE/PDExplorer/PiX/pix/methods/SR4MDL/weights/checkpoint.pth
[demo1|search|D|Dec18 16:08:15|0:00:06.213555] [SR4MDL] Using cached model+tokenizer
[demo1|search|N|Dec18 16:08:15|0:00:06.215851] Using custom binary operators only: ['Add', 'Mul', 'Div']
[demo1|search|N|Dec18 16:08:15|0:00:06.215904] Using custom unary operators only: []
[demo1|search|N|Dec18 16:08:15|0:00:06.215942] Using custom leaf constants only: ['1']
[demo1|search|N|Dec18 16:08:15|0:00:06.215984] target function: dataset-override
        binary operators: [Add, Mul, Div]
        unary operators: []
        leaf: [1]
        variables: [gamma]
        domain: {}
        N: 512
[demo1|mcts|W|Dec18 16:08:15|0:00:06.216124] (pix/methods/SR4MDL/sr4mdl/search/mcts.py:203) Unknown args: log_per_sec=inf
[demo1|mcts|I|Dec18 16:09:49|0:01:40.266187] Iter: 25 | Reward: 0.98702 | Complexity: 13 | R2: 0.99994 | MDL: 31.93268 | Best: [gamma, gamma / (1 + gamma)] (N=0, Q=0.00, MDL=32) | Best equation: 0.51246 + 0.000309 * gamma + -0.504586 * gamma / (1 + gamma) | Speed: 3.8s/iter (19ms/iter) | Time: None | Current: [gamma, 1 / gamma, gamma / (1 / gamma / 1), (gamma * gamma + gamma * gamma) / gamma, gamma * gamma] (N=1, Q=0.97, MDL=33)
[demo1|mcts|I|Dec18 16:11:31|0:03:22.724002] Iter: 50 | Reward: 0.98702 | Complexity: 13 | R2: 0.99994 | MDL: 31.93268 | Best: [gamma, gamma / (1 + gamma)] (N=0, Q=0.00, MDL=32) | Best equation: 0.51246 + 0.000309 * gamma + -0.504586 * gamma / (1 + gamma) | Speed: 3.9s/iter (20ms/iter) | Time: None | Current: [gamma, 1 + 1, gamma / (gamma * gamma), gamma * gamma, gamma / (1 / gamma) + gamma, gamma / (gamma * gamma) / (1 + 1)] (N=1, Q=0.96, MDL=37)
[demo1|mcts|I|Dec18 16:13:10|0:05:01.830115] Iter: 75 | Reward: 0.98702 | Complexity: 13 | R2: 0.99994 | MDL: 31.93268 | Best: [gamma, gamma / (1 + gamma)] (N=0, Q=0.00, MDL=32) | Best equation: 0.51246 + 0.000309 * gamma + -0.504586 * gamma / (1 + gamma) | Speed: 3.9s/iter (20ms/iter) | Time: None | Current: [gamma, gamma * gamma + gamma * gamma / 1, gamma * gamma / gamma, gamma * 1 / gamma, gamma + gamma * gamma, gamma * gamma / 1] (N=1, Q=0.97, MDL=39)
[demo1|mcts|I|Dec18 16:14:54|0:06:45.894497] Iter: 100 | Reward: 0.98702 | Complexity: 13 | R2: 0.99994 | MDL: 31.93268 | Best: [gamma, gamma / (1 + gamma)] (N=0, Q=0.00, MDL=32) | Best equation: 0.51246 + 0.000309 * gamma + -0.504586 * gamma / (1 + gamma) | Speed: 4.0s/iter (20ms/iter) | Time: None | Current: [gamma, 1 + 1, (1 + 1) / gamma, 1 + 1 + 1, 1 / gamma, gamma * gamma, gamma * gamma + 1 / (1 + 1)] (N=1, Q=0.96, MDL=35)
[demo1|mcts|I|Dec18 16:16:32|0:08:23.178904] [final-opt] global top-10 optimized MSEs (min=6.195e-04): 6.657e-04, 6.195e-04, 6.657e-04, 6.213e-04, 7.455e-04
[demo1|search|I|Dec18 16:16:32|0:08:23.190782] Finished
