[demo1|search|I|Oct23 13:43:47|0:00:00.000215] {
          dataset: default
          name: demo1
          seed: 0
          tot_steps: 300000
          device: cuda
          continue_from: None
          load_model: weights/checkpoint.pth
          lr: 0.001
          batch_size: 10
          warmup_steps: 100
          dropout: 0.1
          d_model: 512
          d_input: 64
          d_output: 512
          n_TE_layers: 8
          max_len: 30
          max_param: 5
          max_var: 10
          quiet: False
          save_equations: 0
          AMP: False
          grad_clip: None
          uniform_sample_number: 400
          pred_loss_weight: 1.0
          clip_loss_weight: 1.0
          num_workers: 0
          simplify: True
          normalize_loss: True
          normalize_X: True
          normalize_y: True
          function: f=0.1*x**0.3
          domain: x1:1,20
          avoid_zero_eps: 0.05
          sample_num: 512
          n_iter: 150
          c: 1.0
          child_num: 50
          n_playout: 20
          d_playout: 10
          eta: 0.999
          complexity_alpha: 1.0
          complexity_limit: None
          keep_vars: True
          normalize_all: False
          remove_abnormal: True
          use_old_model: False
          cheat: False
          disable_prod_model: True
          max_power_abs: None
          max_nesting_depth: 4
          extra_leaf: 
          custom_binary_ops: Add,Mul,Div
          custom_unary_ops: Cos,Log,Sin,Exp,Sqrt
          custom_leaf_ops: 
          use_custom_ops_only: True
          save_dir: ./results/search/demo1
        }
[demo1|single_test|I|Oct23 13:43:47|0:00:00.002099] Shared log file: /home/ma-user/work/PiX/results/logs/20251023_134344/pix.log
[demo1|single_test|I|Oct23 13:43:51|0:00:04.330607] 开始单次测试 | 模式=bfsearch_new_sr | 假设=[0, 1, 2, 4, 5, 7, 8, 10, 14, 15, 32]
[demo1|pde_solver|I|Oct23 13:43:53|0:00:05.805351] [pde_solver] Assembled A,b,Q with shape A=(80, 80, 240, 2, 2), b=(80, 80, 240, 2), Q=(80, 80, 240, 2); grid=(80,80,240); t_range=[81,85]; mode=ls; eps=1.0e-08; dt=0.0040
[demo1|pde_solver|I|Oct23 13:43:53|0:00:05.805694] [pde_solver] Assembly time: 0.165 s
[demo1|pde_solver|I|Oct23 13:43:56|0:00:09.009360] [pde_solver] Solve time: 3.203 s (mode=ls)
[demo1|search|I|Oct23 13:43:56|0:00:00.000588] {
          dataset: default
          name: demo1
          seed: 0
          tot_steps: 300000
          device: cuda
          continue_from: None
          load_model: weights/checkpoint.pth
          lr: 0.001
          batch_size: 10
          warmup_steps: 100
          dropout: 0.1
          d_model: 512
          d_input: 64
          d_output: 512
          n_TE_layers: 8
          max_len: 30
          max_param: 5
          max_var: 10
          quiet: False
          save_equations: 0
          AMP: False
          grad_clip: None
          uniform_sample_number: 400
          pred_loss_weight: 1.0
          clip_loss_weight: 1.0
          num_workers: 0
          simplify: True
          normalize_loss: True
          normalize_X: True
          normalize_y: True
          function: f=0.1*x**0.3
          domain: x1:1,20
          avoid_zero_eps: 0.05
          sample_num: 512
          n_iter: 150
          c: 1.0
          child_num: 50
          n_playout: 20
          d_playout: 10
          eta: 0.999
          complexity_alpha: 1.0
          complexity_limit: None
          keep_vars: True
          normalize_all: False
          remove_abnormal: True
          use_old_model: False
          cheat: False
          disable_prod_model: True
          max_power_abs: None
          max_nesting_depth: 4
          extra_leaf: 
          custom_binary_ops: Add,Mul,Div
          custom_unary_ops: Cos,Log,Sin,Exp,Sqrt
          custom_leaf_ops: 
          use_custom_ops_only: True
          save_dir: ./results/search/demo1
        }
[demo1|search|I|Oct23 13:43:59|0:00:02.064756] [SR4MDL] Tokenizer init: 1.784s | Model build+load: 0.279s | device=cuda | model_path=/home/ma-user/work/PiX/pix/methods/SR4MDL/weights/checkpoint.pth
[demo1|search|D|Oct23 13:43:59|0:00:02.064950] [SR4MDL] Using cached model+tokenizer
[demo1|search|N|Oct23 13:43:59|0:00:02.066388] Using custom binary operators only: ['Add', 'Mul', 'Div']
[demo1|search|N|Oct23 13:43:59|0:00:02.066480] Using custom unary operators only: ['Cos', 'Log', 'Sin', 'Exp', 'Sqrt']
[demo1|search|N|Oct23 13:43:59|0:00:02.066525] Using custom leaf constants only: []
[demo1|search|N|Oct23 13:43:59|0:00:02.066575] target function: dataset-override
        binary operators: [Add, Mul, Div]
        unary operators: [Cos, Log, Sin, Exp, Sqrt]
        leaf: []
        variables: [gamma]
        domain: {}
        N: 512
[demo1|mcts|I|Oct23 13:44:04|0:00:07.503745] Iter: 18 | Reward: 0.97024 | Complexity: 18 | R2: 0.98773 | MDL: 21.46530 | Best: [gamma, log(gamma), sin(cos(gamma) / gamma)] (N=0, Q=0.00, MDL=21) | Best equation: 0.011971 + 5.8e-05 * gamma + 0.00887 * log(gamma) + 0.010412 * sin(cos(gamma) / gamma) | Speed: 302ms/iter (1.5ms/iter) | Time: None | Current: [gamma, exp(log(gamma)) + exp(log(gamma)), exp(gamma + gamma), cos(gamma + exp(gamma)), exp(log(gamma)) / gamma, gamma + gamma] (N=1, Q=0.95, MDL=40)
[demo1|mcts|I|Oct23 13:44:04|0:00:07.784677] Iter: 19 | Reward: 0.97024 | Complexity: 18 | R2: 0.98773 | MDL: 21.46530 | Best: [gamma, log(gamma), sin(cos(gamma) / gamma)] (N=0, Q=0.00, MDL=21) | Best equation: 0.011971 + 5.8e-05 * gamma + 0.00887 * log(gamma) + 0.010412 * sin(cos(gamma) / gamma) | Speed: 301ms/iter (1.5ms/iter) | Time: None | Current: [gamma, exp(log(gamma)) + exp(log(gamma)), exp(gamma + gamma), cos(gamma + exp(gamma)), exp(log(gamma)) / gamma, sqrt(gamma)] (N=1, Q=0.96, MDL=40)
[demo1|mcts|I|Oct23 13:44:05|0:00:08.084374] Iter: 20 | Reward: 0.97024 | Complexity: 18 | R2: 0.98773 | MDL: 21.46530 | Best: [gamma, log(gamma), sin(cos(gamma) / gamma)] (N=0, Q=0.00, MDL=21) | Best equation: 0.011971 + 5.8e-05 * gamma + 0.00887 * log(gamma) + 0.010412 * sin(cos(gamma) / gamma) | Speed: 301ms/iter (1.5ms/iter) | Time: None | Current: [gamma, exp(log(gamma)) + exp(log(gamma)), log(gamma), cos(gamma + exp(gamma)), exp(log(gamma)) / gamma, sqrt(gamma)] (N=1, Q=0.97, MDL=39)
[demo1|mcts|I|Oct23 13:44:05|0:00:08.370533] Iter: 21 | Reward: 0.97024 | Complexity: 18 | R2: 0.98773 | MDL: 21.46530 | Best: [gamma, log(gamma), sin(cos(gamma) / gamma)] (N=0, Q=0.00, MDL=21) | Best equation: 0.011971 + 5.8e-05 * gamma + 0.00887 * log(gamma) + 0.010412 * sin(cos(gamma) / gamma) | Speed: 300ms/iter (1.5ms/iter) | Time: None | Current: [gamma, exp(log(gamma)) + exp(log(gamma)), log(gamma), gamma / sqrt(gamma), exp(log(gamma)) / gamma, sqrt(gamma)] (N=1, Q=0.95, MDL=36)
[demo1|mcts|I|Oct23 13:44:05|0:00:08.669591] Iter: 22 | Reward: 0.97024 | Complexity: 18 | R2: 0.98773 | MDL: 21.46530 | Best: [gamma, log(gamma), sin(cos(gamma) / gamma)] (N=0, Q=0.00, MDL=21) | Best equation: 0.011971 + 5.8e-05 * gamma + 0.00887 * log(gamma) + 0.010412 * sin(cos(gamma) / gamma) | Speed: 300ms/iter (1.5ms/iter) | Time: None | Current: [gamma, exp(log(gamma)) + exp(log(gamma)), log(gamma), gamma / sqrt(gamma), exp(log(gamma)) / gamma, sqrt(gamma), gamma / sqrt(gamma) + sqrt(gamma)] (N=1, Q=0.96, MDL=35)
[demo1|mcts|I|Oct23 13:44:05|0:00:08.982276] Iter: 23 | Reward: 0.97024 | Complexity: 18 | R2: 0.98773 | MDL: 21.46530 | Best: [gamma, log(gamma), sin(cos(gamma) / gamma)] (N=0, Q=0.00, MDL=21) | Best equation: 0.011971 + 5.8e-05 * gamma + 0.00887 * log(gamma) + 0.010412 * sin(cos(gamma) / gamma) | Speed: 301ms/iter (1.5ms/iter) | Time: None | Current: [gamma, cos(gamma), log(gamma), gamma / sqrt(gamma), exp(log(gamma)) / gamma, sqrt(gamma), gamma / sqrt(gamma) + sqrt(gamma)] (N=1, Q=0.96, MDL=37)
[demo1|mcts|I|Oct23 13:44:06|0:00:09.526454] Iter: 24 | Reward: 0.97024 | Complexity: 18 | R2: 0.98773 | MDL: 21.46530 | Best: [gamma, log(gamma), sin(cos(gamma) / gamma)] (N=0, Q=0.00, MDL=21) | Best equation: 0.011971 + 5.8e-05 * gamma + 0.00887 * log(gamma) + 0.010412 * sin(cos(gamma) / gamma) | Speed: 311ms/iter (1.5ms/iter) | Time: None | Current: [gamma, cos(gamma), log(gamma), gamma / sqrt(gamma), exp(log(gamma)) / gamma, sqrt(gamma), gamma / sqrt(gamma) + sqrt(gamma), gamma / sqrt(gamma) / gamma] (N=1, Q=0.96, MDL=32)
[demo1|mcts|I|Oct23 13:44:06|0:00:09.874240] Iter: 25 | Reward: 0.97024 | Complexity: 18 | R2: 0.98773 | MDL: 21.46530 | Best: [gamma, log(gamma), sin(cos(gamma) / gamma)] (N=0, Q=0.00, MDL=21) | Best equation: 0.011971 + 5.8e-05 * gamma + 0.00887 * log(gamma) + 0.010412 * sin(cos(gamma) / gamma) | Speed: 312ms/iter (1.6ms/iter) | Time: None | Current: [gamma, cos(gamma), log(gamma), gamma / sqrt(gamma), exp(log(gamma)) / gamma, sqrt(gamma), gamma / sqrt(gamma) + sqrt(gamma), gamma * gamma] (N=1, Q=0.95, MDL=32)
[demo1|mcts|I|Oct23 13:44:07|0:00:10.237883] Iter: 26 | Reward: 0.97024 | Complexity: 18 | R2: 0.98773 | MDL: 21.46530 | Best: [gamma, log(gamma), sin(cos(gamma) / gamma)] (N=0, Q=0.00, MDL=21) | Best equation: 0.011971 + 5.8e-05 * gamma + 0.00887 * log(gamma) + 0.010412 * sin(cos(gamma) / gamma) | Speed: 314ms/iter (1.6ms/iter) | Time: None | Current: [gamma, log(gamma) / sqrt(gamma), log(gamma), gamma / sqrt(gamma), exp(log(gamma)) / gamma, sqrt(gamma), gamma / sqrt(gamma) + sqrt(gamma), gamma * gamma] (N=1, Q=0.95, MDL=31)
[demo1|mcts|I|Oct23 13:44:07|0:00:10.606685] Iter: 27 | Reward: 0.97024 | Complexity: 18 | R2: 0.98773 | MDL: 21.46530 | Best: [gamma, log(gamma), sin(cos(gamma) / gamma)] (N=0, Q=0.00, MDL=21) | Best equation: 0.011971 + 5.8e-05 * gamma + 0.00887 * log(gamma) + 0.010412 * sin(cos(gamma) / gamma) | Speed: 316ms/iter (1.6ms/iter) | Time: None | Current: [gamma, log(gamma) / sqrt(gamma), log(gamma), gamma / sqrt(gamma), exp(log(gamma)) / gamma, sqrt(gamma), gamma / sqrt(gamma) + sqrt(gamma), exp(gamma * gamma)] (N=1, Q=0.94, MDL=32)
[demo1|mcts|I|Oct23 13:44:07|0:00:10.974735] Iter: 28 | Reward: 0.97024 | Complexity: 18 | R2: 0.98773 | MDL: 21.46530 | Best: [gamma, log(gamma), sin(cos(gamma) / gamma)] (N=0, Q=0.00, MDL=21) | Best equation: 0.011971 + 5.8e-05 * gamma + 0.00887 * log(gamma) + 0.010412 * sin(cos(gamma) / gamma) | Speed: 318ms/iter (1.6ms/iter) | Time: None | Current: [gamma, log(gamma) / sqrt(gamma), log(gamma), gamma / sqrt(gamma), exp(log(gamma)) / gamma, sqrt(gamma), gamma / sqrt(gamma) + sqrt(gamma), cos(gamma)] (N=1, Q=0.96, MDL=32)
[demo1|mcts|I|Oct23 13:44:08|0:00:11.306656] Iter: 29 | Reward: 0.97024 | Complexity: 18 | R2: 0.98773 | MDL: 21.46530 | Best: [gamma, log(gamma), sin(cos(gamma) / gamma)] (N=0, Q=0.00, MDL=21) | Best equation: 0.011971 + 5.8e-05 * gamma + 0.00887 * log(gamma) + 0.010412 * sin(cos(gamma) / gamma) | Speed: 319ms/iter (1.6ms/iter) | Time: None | Current: [gamma, log(gamma) / sqrt(gamma), log(gamma), gamma / sqrt(gamma), gamma * gamma, sqrt(gamma), gamma / sqrt(gamma) + sqrt(gamma), cos(gamma)] (N=1, Q=0.96, MDL=30)
[demo1|mcts|I|Oct23 13:44:08|0:00:11.646278] Iter: 30 | Reward: 0.97024 | Complexity: 18 | R2: 0.98773 | MDL: 21.46530 | Best: [gamma, log(gamma), sin(cos(gamma) / gamma)] (N=0, Q=0.00, MDL=21) | Best equation: 0.011971 + 5.8e-05 * gamma + 0.00887 * log(gamma) + 0.010412 * sin(cos(gamma) / gamma) | Speed: 319ms/iter (1.6ms/iter) | Time: None | Current: [gamma, log(gamma) / sqrt(gamma), log(gamma), gamma / sqrt(gamma), gamma * gamma, sqrt(gamma), log(gamma) / sqrt(gamma) / gamma, cos(gamma)] (N=1, Q=0.96, MDL=33)
[demo1|mcts|I|Oct23 13:44:09|0:00:12.224566] Iter: 31 | Reward: 0.97024 | Complexity: 18 | R2: 0.98773 | MDL: 21.46530 | Best: [gamma, log(gamma), sin(cos(gamma) / gamma)] (N=0, Q=0.00, MDL=21) | Best equation: 0.011971 + 5.8e-05 * gamma + 0.00887 * log(gamma) + 0.010412 * sin(cos(gamma) / gamma) | Speed: 328ms/iter (1.6ms/iter) | Time: None | Current: [gamma, log(gamma) / sqrt(gamma), log(gamma), gamma / sqrt(gamma), gamma * gamma, sqrt(gamma), log(gamma / sqrt(gamma)), cos(gamma)] (N=1, Q=0.96, MDL=31)
[demo1|mcts|I|Oct23 13:44:09|0:00:12.540641] Iter: 32 | Reward: 0.97024 | Complexity: 18 | R2: 0.98773 | MDL: 21.46530 | Best: [gamma, log(gamma), sin(cos(gamma) / gamma)] (N=0, Q=0.00, MDL=21) | Best equation: 0.011971 + 5.8e-05 * gamma + 0.00887 * log(gamma) + 0.010412 * sin(cos(gamma) / gamma) | Speed: 327ms/iter (1.6ms/iter) | Time: None | Current: [gamma, log(gamma) / sqrt(gamma), log(gamma), cos(gamma) + gamma, gamma * gamma, sqrt(gamma), log(gamma / sqrt(gamma)), cos(gamma)] (N=1, Q=0.95, MDL=36)
[demo1|mcts|I|Oct23 13:44:09|0:00:12.867411] Iter: 33 | Reward: 0.97024 | Complexity: 18 | R2: 0.98773 | MDL: 21.46530 | Best: [gamma, log(gamma), sin(cos(gamma) / gamma)] (N=0, Q=0.00, MDL=21) | Best equation: 0.011971 + 5.8e-05 * gamma + 0.00887 * log(gamma) + 0.010412 * sin(cos(gamma) / gamma) | Speed: 327ms/iter (1.6ms/iter) | Time: None | Current: [gamma, log(gamma) / sqrt(gamma), log(gamma), cos(gamma) + gamma, gamma * gamma, sqrt(gamma), log(gamma / sqrt(gamma)), log(gamma) / gamma] (N=1, Q=0.95, MDL=34)
[demo1|mcts|I|Oct23 13:44:10|0:00:13.192251] Iter: 34 | Reward: 0.97024 | Complexity: 18 | R2: 0.98773 | MDL: 21.46530 | Best: [gamma, log(gamma), sin(cos(gamma) / gamma)] (N=0, Q=0.00, MDL=21) | Best equation: 0.011971 + 5.8e-05 * gamma + 0.00887 * log(gamma) + 0.010412 * sin(cos(gamma) / gamma) | Speed: 327ms/iter (1.6ms/iter) | Time: None | Current: [gamma, log(gamma) / sqrt(gamma), log(gamma), cos(gamma) + gamma, gamma * gamma * gamma, sqrt(gamma), log(gamma / sqrt(gamma)), log(gamma) / gamma] (N=1, Q=0.95, MDL=34)
[demo1|mcts|I|Oct23 13:44:10|0:00:13.520856] Iter: 35 | Reward: 0.97024 | Complexity: 18 | R2: 0.98773 | MDL: 21.46530 | Best: [gamma, log(gamma), sin(cos(gamma) / gamma)] (N=0, Q=0.00, MDL=21) | Best equation: 0.011971 + 5.8e-05 * gamma + 0.00887 * log(gamma) + 0.010412 * sin(cos(gamma) / gamma) | Speed: 327ms/iter (1.6ms/iter) | Time: None | Current: [gamma, log(gamma) / sqrt(gamma), log(gamma), gamma * log(gamma), gamma * gamma * gamma, sqrt(gamma), log(gamma / sqrt(gamma)), log(gamma) / gamma] (N=1, Q=0.95, MDL=35)
[demo1|mcts|I|Oct23 13:44:10|0:00:13.837731] Iter: 36 | Reward: 0.97024 | Complexity: 18 | R2: 0.98773 | MDL: 21.46530 | Best: [gamma, log(gamma), sin(cos(gamma) / gamma)] (N=0, Q=0.00, MDL=21) | Best equation: 0.011971 + 5.8e-05 * gamma + 0.00887 * log(gamma) + 0.010412 * sin(cos(gamma) / gamma) | Speed: 327ms/iter (1.6ms/iter) | Time: None | Current: [gamma, log(gamma) / sqrt(gamma), log(gamma), gamma + gamma, gamma * gamma * gamma, sqrt(gamma), log(gamma / sqrt(gamma)), log(gamma) / gamma] (N=1, Q=0.95, MDL=36)
[demo1|mcts|I|Oct23 13:44:11|0:00:14.165432] Iter: 37 | Reward: 0.97024 | Complexity: 18 | R2: 0.98773 | MDL: 21.46530 | Best: [gamma, log(gamma), sin(cos(gamma) / gamma)] (N=0, Q=0.00, MDL=21) | Best equation: 0.011971 + 5.8e-05 * gamma + 0.00887 * log(gamma) + 0.010412 * sin(cos(gamma) / gamma) | Speed: 327ms/iter (1.6ms/iter) | Time: None | Current: [gamma, log(gamma) / sqrt(gamma), cos(log(gamma)), gamma + gamma, gamma * gamma * gamma, sqrt(gamma), log(gamma / sqrt(gamma)), log(gamma) / gamma] (N=1, Q=0.96, MDL=44)
[demo1|mcts|I|Oct23 13:44:11|0:00:14.493324] Iter: 38 | Reward: 0.97024 | Complexity: 18 | R2: 0.98773 | MDL: 21.46530 | Best: [gamma, log(gamma), sin(cos(gamma) / gamma)] (N=0, Q=0.00, MDL=21) | Best equation: 0.011971 + 5.8e-05 * gamma + 0.00887 * log(gamma) + 0.010412 * sin(cos(gamma) / gamma) | Speed: 327ms/iter (1.6ms/iter) | Time: None | Current: [gamma, log(gamma) / sqrt(gamma), cos(log(gamma)), gamma + gamma, gamma * gamma * gamma, sqrt(gamma), (gamma + gamma) / sqrt(gamma), log(gamma) / gamma] (N=1, Q=0.95, MDL=44)
[demo1|mcts|I|Oct23 13:44:12|0:00:15.135350] Iter: 39 | Reward: 0.97024 | Complexity: 18 | R2: 0.98773 | MDL: 21.46530 | Best: [gamma, log(gamma), sin(cos(gamma) / gamma)] (N=0, Q=0.00, MDL=21) | Best equation: 0.011971 + 5.8e-05 * gamma + 0.00887 * log(gamma) + 0.010412 * sin(cos(gamma) / gamma) | Speed: 335ms/iter (1.7ms/iter) | Time: None | Current: [gamma, log(gamma) / sqrt(gamma), cos(log(gamma)), gamma + gamma, gamma * gamma * gamma, sqrt(gamma), gamma / (gamma * gamma * gamma), log(gamma) / gamma] (N=1, Q=0.95, MDL=45)
[demo1|mcts|I|Oct23 13:44:12|0:00:15.454277] Iter: 40 | Reward: 0.97024 | Complexity: 18 | R2: 0.98773 | MDL: 21.46530 | Best: [gamma, log(gamma), sin(cos(gamma) / gamma)] (N=0, Q=0.00, MDL=21) | Best equation: 0.011971 + 5.8e-05 * gamma + 0.00887 * log(gamma) + 0.010412 * sin(cos(gamma) / gamma) | Speed: 335ms/iter (1.7ms/iter) | Time: None | Current: [gamma, log(gamma) / sqrt(gamma), cos(log(gamma)), gamma + gamma, gamma * gamma * gamma, sqrt(gamma), gamma + gamma + gamma, log(gamma) / gamma] (N=1, Q=0.95, MDL=40)
[demo1|mcts|I|Oct23 13:44:12|0:00:15.763260] Iter: 41 | Reward: 0.97024 | Complexity: 18 | R2: 0.98773 | MDL: 21.46530 | Best: [gamma, log(gamma), sin(cos(gamma) / gamma)] (N=0, Q=0.00, MDL=21) | Best equation: 0.011971 + 5.8e-05 * gamma + 0.00887 * log(gamma) + 0.010412 * sin(cos(gamma) / gamma) | Speed: 334ms/iter (1.7ms/iter) | Time: None | Current: [gamma, log(gamma) / sqrt(gamma), cos(sqrt(gamma)), gamma + gamma, gamma * gamma * gamma, sqrt(gamma), gamma + gamma + gamma, log(gamma) / gamma] (N=1, Q=0.95, MDL=42)
[demo1|mcts|I|Oct23 13:44:13|0:00:16.087876] Iter: 42 | Reward: 0.97024 | Complexity: 18 | R2: 0.98773 | MDL: 21.46530 | Best: [gamma, log(gamma), sin(cos(gamma) / gamma)] (N=0, Q=0.00, MDL=21) | Best equation: 0.011971 + 5.8e-05 * gamma + 0.00887 * log(gamma) + 0.010412 * sin(cos(gamma) / gamma) | Speed: 334ms/iter (1.7ms/iter) | Time: None | Current: [gamma, log(gamma) / sqrt(gamma), cos(sqrt(gamma)), gamma * sqrt(gamma), gamma * gamma * gamma, sqrt(gamma), gamma + gamma + gamma, log(gamma) / gamma] (N=1, Q=0.96, MDL=42)
[demo1|mcts|I|Oct23 13:44:13|0:00:16.418572] Iter: 43 | Reward: 0.97024 | Complexity: 18 | R2: 0.98773 | MDL: 21.46530 | Best: [gamma, log(gamma), sin(cos(gamma) / gamma)] (N=0, Q=0.00, MDL=21) | Best equation: 0.011971 + 5.8e-05 * gamma + 0.00887 * log(gamma) + 0.010412 * sin(cos(gamma) / gamma) | Speed: 334ms/iter (1.7ms/iter) | Time: None | Current: [gamma, sqrt(gamma) + sqrt(gamma), cos(sqrt(gamma)), gamma * sqrt(gamma), gamma * gamma * gamma, sqrt(gamma), gamma + gamma + gamma, log(gamma) / gamma] (N=1, Q=0.96, MDL=42)
[demo1|mcts|I|Oct23 13:44:13|0:00:16.781924] Iter: 44 | Reward: 0.97024 | Complexity: 18 | R2: 0.98773 | MDL: 21.46530 | Best: [gamma, log(gamma), sin(cos(gamma) / gamma)] (N=0, Q=0.00, MDL=21) | Best equation: 0.011971 + 5.8e-05 * gamma + 0.00887 * log(gamma) + 0.010412 * sin(cos(gamma) / gamma) | Speed: 334ms/iter (1.7ms/iter) | Time: None | Current: [gamma, log(sqrt(gamma)), cos(sqrt(gamma)), gamma * sqrt(gamma), gamma * gamma * gamma, sqrt(gamma), gamma + gamma + gamma, log(gamma) / gamma] (N=1, Q=0.95, MDL=42)
[demo1|mcts|I|Oct23 13:44:14|0:00:17.119371] Iter: 45 | Reward: 0.97024 | Complexity: 18 | R2: 0.98773 | MDL: 21.46530 | Best: [gamma, log(gamma), sin(cos(gamma) / gamma)] (N=0, Q=0.00, MDL=21) | Best equation: 0.011971 + 5.8e-05 * gamma + 0.00887 * log(gamma) + 0.010412 * sin(cos(gamma) / gamma) | Speed: 334ms/iter (1.7ms/iter) | Time: None | Current: [gamma, log(sqrt(gamma)), cos(sqrt(gamma)), gamma * sqrt(gamma), gamma / (gamma * gamma * gamma), sqrt(gamma), gamma + gamma + gamma, log(gamma) / gamma] (N=1, Q=0.96, MDL=41)
[demo1|mcts|I|Oct23 13:44:14|0:00:17.474512] Iter: 46 | Reward: 0.97024 | Complexity: 18 | R2: 0.98773 | MDL: 21.46530 | Best: [gamma, log(gamma), sin(cos(gamma) / gamma)] (N=0, Q=0.00, MDL=21) | Best equation: 0.011971 + 5.8e-05 * gamma + 0.00887 * log(gamma) + 0.010412 * sin(cos(gamma) / gamma) | Speed: 335ms/iter (1.7ms/iter) | Time: None | Current: [gamma, log(sqrt(gamma)), cos(sqrt(gamma)), exp(log(gamma) / gamma), gamma / (gamma * gamma * gamma), sqrt(gamma), gamma + gamma + gamma, log(gamma) / gamma] (N=1, Q=0.96, MDL=40)
[demo1|mcts|I|Oct23 13:44:14|0:00:17.812217] Iter: 47 | Reward: 0.97024 | Complexity: 18 | R2: 0.98773 | MDL: 21.46530 | Best: [gamma, log(gamma), sin(cos(gamma) / gamma)] (N=0, Q=0.00, MDL=21) | Best equation: 0.011971 + 5.8e-05 * gamma + 0.00887 * log(gamma) + 0.010412 * sin(cos(gamma) / gamma) | Speed: 335ms/iter (1.7ms/iter) | Time: None | Current: [gamma, log(sqrt(gamma)), cos(sqrt(gamma)), exp(log(gamma) / gamma), log(sqrt(gamma)) * sqrt(gamma), sqrt(gamma), gamma + gamma + gamma, log(gamma) / gamma] (N=1, Q=0.96, MDL=40)
[demo1|mcts|I|Oct23 13:44:15|0:00:18.519213] Iter: 48 | Reward: 0.97024 | Complexity: 18 | R2: 0.98773 | MDL: 21.46530 | Best: [gamma, log(gamma), sin(cos(gamma) / gamma)] (N=0, Q=0.00, MDL=21) | Best equation: 0.011971 + 5.8e-05 * gamma + 0.00887 * log(gamma) + 0.010412 * sin(cos(gamma) / gamma) | Speed: 343ms/iter (1.7ms/iter) | Time: None | Current: [gamma, log(sqrt(gamma)), gamma / sqrt(gamma), exp(log(gamma) / gamma), log(sqrt(gamma)) * sqrt(gamma), sqrt(gamma), gamma + gamma + gamma, log(gamma) / gamma] (N=1, Q=0.95, MDL=34)
[demo1|mcts|I|Oct23 13:44:15|0:00:18.854706] Iter: 49 | Reward: 0.97024 | Complexity: 18 | R2: 0.98773 | MDL: 21.46530 | Best: [gamma, log(gamma), sin(cos(gamma) / gamma)] (N=0, Q=0.00, MDL=21) | Best equation: 0.011971 + 5.8e-05 * gamma + 0.00887 * log(gamma) + 0.010412 * sin(cos(gamma) / gamma) | Speed: 343ms/iter (1.7ms/iter) | Time: None | Current: [gamma, log(sqrt(gamma)), gamma / sqrt(gamma), exp(log(gamma) / gamma), log(sqrt(gamma)) * sqrt(gamma), sqrt(gamma), sqrt(gamma) * sqrt(gamma), log(gamma) / gamma] (N=1, Q=0.95, MDL=35)
[demo1|mcts|I|Oct23 13:44:16|0:00:19.192273] Iter: 50 | Reward: 0.97024 | Complexity: 18 | R2: 0.98773 | MDL: 21.46530 | Best: [gamma, log(gamma), sin(cos(gamma) / gamma)] (N=0, Q=0.00, MDL=21) | Best equation: 0.011971 + 5.8e-05 * gamma + 0.00887 * log(gamma) + 0.010412 * sin(cos(gamma) / gamma) | Speed: 343ms/iter (1.7ms/iter) | Time: None | Current: [gamma, log(sqrt(gamma)), gamma / sqrt(gamma), exp(log(gamma) / gamma), sin(gamma / sqrt(gamma)), sqrt(gamma), sqrt(gamma) * sqrt(gamma), log(gamma) / gamma] (N=1, Q=0.95, MDL=35)
[demo1|search|I|Oct23 13:44:16|0:00:19.192599] Finished
[demo1|search|D|Oct23 13:44:16|0:00:19.537664] [SR4MDL] Using cached model+tokenizer
[demo1|search|N|Oct23 13:44:16|0:00:19.538760] Using custom binary operators only: ['Add', 'Mul', 'Div']
[demo1|search|N|Oct23 13:44:16|0:00:19.538866] Using custom unary operators only: ['Cos', 'Log', 'Sin', 'Exp', 'Sqrt']
[demo1|search|N|Oct23 13:44:16|0:00:19.538911] Using custom leaf constants only: []
[demo1|search|N|Oct23 13:44:16|0:00:19.538962] target function: dataset-override
        binary operators: [Add, Mul, Div]
        unary operators: [Cos, Log, Sin, Exp, Sqrt]
        leaf: []
        variables: [gamma]
        domain: {}
        N: 512
[demo1|mcts|I|Oct23 13:44:22|0:00:25.283492] Iter: 21 | Reward: 0.97877 | Complexity: 18 | R2: 0.99655 | MDL: 22.04817 | Best: [gamma, log(gamma), sin(cos(gamma) / gamma)] (N=0, Q=0.00, MDL=22) | Best equation: 0.009615 + -1.1e-05 * gamma + 0.010184 * log(gamma) + 0.010581 * sin(cos(gamma) / gamma) | Speed: 274ms/iter (1.4ms/iter) | Time: None | Current: [gamma, exp(log(gamma)) + exp(log(gamma)), log(gamma), gamma / sqrt(gamma), exp(log(gamma)) / gamma, sqrt(gamma)] (N=1, Q=0.96, MDL=36)
[demo1|mcts|I|Oct23 13:44:22|0:00:25.576292] Iter: 22 | Reward: 0.97877 | Complexity: 18 | R2: 0.99655 | MDL: 22.04817 | Best: [gamma, log(gamma), sin(cos(gamma) / gamma)] (N=0, Q=0.00, MDL=22) | Best equation: 0.009615 + -1.1e-05 * gamma + 0.010184 * log(gamma) + 0.010581 * sin(cos(gamma) / gamma) | Speed: 274ms/iter (1.4ms/iter) | Time: None | Current: [gamma, exp(log(gamma)) + exp(log(gamma)), log(gamma), gamma / sqrt(gamma), exp(log(gamma)) / gamma, sqrt(gamma), gamma / sqrt(gamma) + sqrt(gamma)] (N=1, Q=0.96, MDL=36)
[demo1|mcts|I|Oct23 13:44:22|0:00:25.883295] Iter: 23 | Reward: 0.97877 | Complexity: 18 | R2: 0.99655 | MDL: 22.04817 | Best: [gamma, log(gamma), sin(cos(gamma) / gamma)] (N=0, Q=0.00, MDL=22) | Best equation: 0.009615 + -1.1e-05 * gamma + 0.010184 * log(gamma) + 0.010581 * sin(cos(gamma) / gamma) | Speed: 276ms/iter (1.4ms/iter) | Time: None | Current: [gamma, cos(gamma), log(gamma), gamma / sqrt(gamma), exp(log(gamma)) / gamma, sqrt(gamma), gamma / sqrt(gamma) + sqrt(gamma)] (N=1, Q=0.98, MDL=37)
[demo1|mcts|I|Oct23 13:44:23|0:00:26.224916] Iter: 24 | Reward: 0.97877 | Complexity: 18 | R2: 0.99655 | MDL: 22.04817 | Best: [gamma, log(gamma), sin(cos(gamma) / gamma)] (N=0, Q=0.00, MDL=22) | Best equation: 0.009615 + -1.1e-05 * gamma + 0.010184 * log(gamma) + 0.010581 * sin(cos(gamma) / gamma) | Speed: 279ms/iter (1.4ms/iter) | Time: None | Current: [gamma, cos(gamma), log(gamma), gamma / sqrt(gamma), exp(log(gamma)) / gamma, sqrt(gamma), gamma / sqrt(gamma) + sqrt(gamma), gamma / sqrt(gamma) / gamma] (N=1, Q=0.96, MDL=33)
[demo1|mcts|I|Oct23 13:44:23|0:00:26.541919] Iter: 25 | Reward: 0.97877 | Complexity: 18 | R2: 0.99655 | MDL: 22.04817 | Best: [gamma, log(gamma), sin(cos(gamma) / gamma)] (N=0, Q=0.00, MDL=22) | Best equation: 0.009615 + -1.1e-05 * gamma + 0.010184 * log(gamma) + 0.010581 * sin(cos(gamma) / gamma) | Speed: 280ms/iter (1.4ms/iter) | Time: None | Current: [gamma, cos(gamma), log(gamma), gamma / sqrt(gamma), exp(log(gamma)) / gamma, sqrt(gamma), gamma / sqrt(gamma) + sqrt(gamma), gamma * gamma] (N=1, Q=0.96, MDL=32)
[demo1|mcts|I|Oct23 13:44:23|0:00:26.862114] Iter: 26 | Reward: 0.97877 | Complexity: 18 | R2: 0.99655 | MDL: 22.04817 | Best: [gamma, log(gamma), sin(cos(gamma) / gamma)] (N=0, Q=0.00, MDL=22) | Best equation: 0.009615 + -1.1e-05 * gamma + 0.010184 * log(gamma) + 0.010581 * sin(cos(gamma) / gamma) | Speed: 282ms/iter (1.4ms/iter) | Time: None | Current: [gamma, log(gamma) / sqrt(gamma), log(gamma), gamma / sqrt(gamma), exp(log(gamma)) / gamma, sqrt(gamma), gamma / sqrt(gamma) + sqrt(gamma), gamma * gamma] (N=1, Q=0.96, MDL=31)
[demo1|mcts|I|Oct23 13:44:24|0:00:27.424126] Iter: 27 | Reward: 0.97877 | Complexity: 18 | R2: 0.99655 | MDL: 22.04817 | Best: [gamma, log(gamma), sin(cos(gamma) / gamma)] (N=0, Q=0.00, MDL=22) | Best equation: 0.009615 + -1.1e-05 * gamma + 0.010184 * log(gamma) + 0.010581 * sin(cos(gamma) / gamma) | Speed: 292ms/iter (1.5ms/iter) | Time: None | Current: [gamma, log(gamma) / sqrt(gamma), log(gamma), gamma / sqrt(gamma), exp(log(gamma)) / gamma, sqrt(gamma), gamma / sqrt(gamma) + sqrt(gamma), exp(gamma * gamma)] (N=1, Q=0.95, MDL=32)
[demo1|mcts|I|Oct23 13:44:24|0:00:27.793174] Iter: 28 | Reward: 0.97877 | Complexity: 18 | R2: 0.99655 | MDL: 22.04817 | Best: [gamma, log(gamma), sin(cos(gamma) / gamma)] (N=0, Q=0.00, MDL=22) | Best equation: 0.009615 + -1.1e-05 * gamma + 0.010184 * log(gamma) + 0.010581 * sin(cos(gamma) / gamma) | Speed: 295ms/iter (1.5ms/iter) | Time: None | Current: [gamma, log(gamma) / sqrt(gamma), log(gamma), gamma / sqrt(gamma), exp(log(gamma)) / gamma, sqrt(gamma), gamma / sqrt(gamma) + sqrt(gamma), cos(gamma)] (N=1, Q=0.97, MDL=35)
[demo1|mcts|I|Oct23 13:44:25|0:00:28.118518] Iter: 29 | Reward: 0.97877 | Complexity: 18 | R2: 0.99655 | MDL: 22.04817 | Best: [gamma, log(gamma), sin(cos(gamma) / gamma)] (N=0, Q=0.00, MDL=22) | Best equation: 0.009615 + -1.1e-05 * gamma + 0.010184 * log(gamma) + 0.010581 * sin(cos(gamma) / gamma) | Speed: 296ms/iter (1.5ms/iter) | Time: None | Current: [gamma, log(gamma) / sqrt(gamma), log(gamma), gamma / sqrt(gamma), gamma * gamma, sqrt(gamma), gamma / sqrt(gamma) + sqrt(gamma), cos(gamma)] (N=1, Q=0.96, MDL=31)
[demo1|mcts|I|Oct23 13:44:25|0:00:28.475149] Iter: 30 | Reward: 0.97877 | Complexity: 18 | R2: 0.99655 | MDL: 22.04817 | Best: [gamma, log(gamma), sin(cos(gamma) / gamma)] (N=0, Q=0.00, MDL=22) | Best equation: 0.009615 + -1.1e-05 * gamma + 0.010184 * log(gamma) + 0.010581 * sin(cos(gamma) / gamma) | Speed: 298ms/iter (1.5ms/iter) | Time: None | Current: [gamma, log(gamma) / sqrt(gamma), log(gamma), gamma / sqrt(gamma), gamma * gamma, sqrt(gamma), log(gamma) / sqrt(gamma) / gamma, cos(gamma)] (N=1, Q=0.97, MDL=33)
[demo1|mcts|I|Oct23 13:44:25|0:00:28.801494] Iter: 31 | Reward: 0.97877 | Complexity: 18 | R2: 0.99655 | MDL: 22.04817 | Best: [gamma, log(gamma), sin(cos(gamma) / gamma)] (N=0, Q=0.00, MDL=22) | Best equation: 0.009615 + -1.1e-05 * gamma + 0.010184 * log(gamma) + 0.010581 * sin(cos(gamma) / gamma) | Speed: 299ms/iter (1.5ms/iter) | Time: None | Current: [gamma, log(gamma) / sqrt(gamma), log(gamma), gamma / sqrt(gamma), gamma * gamma, sqrt(gamma), log(gamma / sqrt(gamma)), cos(gamma)] (N=1, Q=0.97, MDL=31)
[demo1|mcts|I|Oct23 13:44:26|0:00:29.140344] Iter: 32 | Reward: 0.97877 | Complexity: 18 | R2: 0.99655 | MDL: 22.04817 | Best: [gamma, log(gamma), sin(cos(gamma) / gamma)] (N=0, Q=0.00, MDL=22) | Best equation: 0.009615 + -1.1e-05 * gamma + 0.010184 * log(gamma) + 0.010581 * sin(cos(gamma) / gamma) | Speed: 300ms/iter (1.5ms/iter) | Time: None | Current: [gamma, log(gamma) / sqrt(gamma), log(gamma), cos(gamma) + gamma, gamma * gamma, sqrt(gamma), log(gamma / sqrt(gamma)), cos(gamma)] (N=1, Q=0.96, MDL=36)
[demo1|mcts|I|Oct23 13:44:26|0:00:29.464187] Iter: 33 | Reward: 0.97877 | Complexity: 18 | R2: 0.99655 | MDL: 22.04817 | Best: [gamma, log(gamma), sin(cos(gamma) / gamma)] (N=0, Q=0.00, MDL=22) | Best equation: 0.009615 + -1.1e-05 * gamma + 0.010184 * log(gamma) + 0.010581 * sin(cos(gamma) / gamma) | Speed: 301ms/iter (1.5ms/iter) | Time: None | Current: [gamma, log(gamma) / sqrt(gamma), log(gamma), cos(gamma) + gamma, gamma * gamma, sqrt(gamma), log(gamma / sqrt(gamma)), log(gamma) / gamma] (N=1, Q=0.96, MDL=34)
[demo1|mcts|I|Oct23 13:44:27|0:00:30.079366] Iter: 34 | Reward: 0.97877 | Complexity: 18 | R2: 0.99655 | MDL: 22.04817 | Best: [gamma, log(gamma), sin(cos(gamma) / gamma)] (N=0, Q=0.00, MDL=22) | Best equation: 0.009615 + -1.1e-05 * gamma + 0.010184 * log(gamma) + 0.010581 * sin(cos(gamma) / gamma) | Speed: 310ms/iter (1.5ms/iter) | Time: None | Current: [gamma, log(gamma) / sqrt(gamma), log(gamma), cos(gamma) + gamma, gamma * gamma * gamma, sqrt(gamma), log(gamma / sqrt(gamma)), log(gamma) / gamma] (N=1, Q=0.96, MDL=33)
[demo1|mcts|I|Oct23 13:44:27|0:00:30.411456] Iter: 35 | Reward: 0.97877 | Complexity: 18 | R2: 0.99655 | MDL: 22.04817 | Best: [gamma, log(gamma), sin(cos(gamma) / gamma)] (N=0, Q=0.00, MDL=22) | Best equation: 0.009615 + -1.1e-05 * gamma + 0.010184 * log(gamma) + 0.010581 * sin(cos(gamma) / gamma) | Speed: 311ms/iter (1.5ms/iter) | Time: None | Current: [gamma, log(gamma) / sqrt(gamma), log(gamma), gamma * log(gamma), gamma * gamma * gamma, sqrt(gamma), log(gamma / sqrt(gamma)), log(gamma) / gamma] (N=1, Q=0.95, MDL=35)
[demo1|mcts|I|Oct23 13:44:27|0:00:30.757732] Iter: 36 | Reward: 0.97877 | Complexity: 18 | R2: 0.99655 | MDL: 22.04817 | Best: [gamma, log(gamma), sin(cos(gamma) / gamma)] (N=0, Q=0.00, MDL=22) | Best equation: 0.009615 + -1.1e-05 * gamma + 0.010184 * log(gamma) + 0.010581 * sin(cos(gamma) / gamma) | Speed: 312ms/iter (1.5ms/iter) | Time: None | Current: [gamma, log(gamma) / sqrt(gamma), log(gamma), gamma + gamma, gamma * gamma * gamma, sqrt(gamma), log(gamma / sqrt(gamma)), log(gamma) / gamma] (N=1, Q=0.96, MDL=36)
[demo1|mcts|I|Oct23 13:44:28|0:00:31.089291] Iter: 37 | Reward: 0.97877 | Complexity: 18 | R2: 0.99655 | MDL: 22.04817 | Best: [gamma, log(gamma), sin(cos(gamma) / gamma)] (N=0, Q=0.00, MDL=22) | Best equation: 0.009615 + -1.1e-05 * gamma + 0.010184 * log(gamma) + 0.010581 * sin(cos(gamma) / gamma) | Speed: 312ms/iter (1.6ms/iter) | Time: None | Current: [gamma, log(gamma) / sqrt(gamma), cos(log(gamma)), gamma + gamma, gamma * gamma * gamma, sqrt(gamma), log(gamma / sqrt(gamma)), log(gamma) / gamma] (N=1, Q=0.96, MDL=44)
[demo1|mcts|I|Oct23 13:44:28|0:00:31.447602] Iter: 38 | Reward: 0.97877 | Complexity: 18 | R2: 0.99655 | MDL: 22.04817 | Best: [gamma, log(gamma), sin(cos(gamma) / gamma)] (N=0, Q=0.00, MDL=22) | Best equation: 0.009615 + -1.1e-05 * gamma + 0.010184 * log(gamma) + 0.010581 * sin(cos(gamma) / gamma) | Speed: 313ms/iter (1.6ms/iter) | Time: None | Current: [gamma, log(gamma) / sqrt(gamma), cos(log(gamma)), gamma + gamma, gamma * gamma * gamma, sqrt(gamma), (gamma + gamma) / sqrt(gamma), log(gamma) / gamma] (N=1, Q=0.96, MDL=45)
[demo1|mcts|I|Oct23 13:44:28|0:00:31.787388] Iter: 39 | Reward: 0.97877 | Complexity: 18 | R2: 0.99655 | MDL: 22.04817 | Best: [gamma, log(gamma), sin(cos(gamma) / gamma)] (N=0, Q=0.00, MDL=22) | Best equation: 0.009615 + -1.1e-05 * gamma + 0.010184 * log(gamma) + 0.010581 * sin(cos(gamma) / gamma) | Speed: 314ms/iter (1.6ms/iter) | Time: None | Current: [gamma, log(gamma) / sqrt(gamma), cos(log(gamma)), gamma + gamma, gamma * gamma * gamma, sqrt(gamma), gamma / (gamma * gamma * gamma), log(gamma) / gamma] (N=1, Q=0.95, MDL=45)
[demo1|mcts|I|Oct23 13:44:29|0:00:32.102167] Iter: 40 | Reward: 0.97877 | Complexity: 18 | R2: 0.99655 | MDL: 22.04817 | Best: [gamma, log(gamma), sin(cos(gamma) / gamma)] (N=0, Q=0.00, MDL=22) | Best equation: 0.009615 + -1.1e-05 * gamma + 0.010184 * log(gamma) + 0.010581 * sin(cos(gamma) / gamma) | Speed: 314ms/iter (1.6ms/iter) | Time: None | Current: [gamma, log(gamma) / sqrt(gamma), cos(log(gamma)), gamma + gamma, gamma * gamma * gamma, sqrt(gamma), gamma + gamma + gamma, log(gamma) / gamma] (N=1, Q=0.95, MDL=40)
[demo1|mcts|I|Oct23 13:44:29|0:00:32.415335] Iter: 41 | Reward: 0.97877 | Complexity: 18 | R2: 0.99655 | MDL: 22.04817 | Best: [gamma, log(gamma), sin(cos(gamma) / gamma)] (N=0, Q=0.00, MDL=22) | Best equation: 0.009615 + -1.1e-05 * gamma + 0.010184 * log(gamma) + 0.010581 * sin(cos(gamma) / gamma) | Speed: 314ms/iter (1.6ms/iter) | Time: None | Current: [gamma, log(gamma) / sqrt(gamma), cos(sqrt(gamma)), gamma + gamma, gamma * gamma * gamma, sqrt(gamma), gamma + gamma + gamma, log(gamma) / gamma] (N=1, Q=0.96, MDL=43)
[demo1|mcts|I|Oct23 13:44:30|0:00:33.096143] Iter: 42 | Reward: 0.97877 | Complexity: 18 | R2: 0.99655 | MDL: 22.04817 | Best: [gamma, log(gamma), sin(cos(gamma) / gamma)] (N=0, Q=0.00, MDL=22) | Best equation: 0.009615 + -1.1e-05 * gamma + 0.010184 * log(gamma) + 0.010581 * sin(cos(gamma) / gamma) | Speed: 323ms/iter (1.6ms/iter) | Time: None | Current: [gamma, log(gamma) / sqrt(gamma), cos(sqrt(gamma)), gamma * sqrt(gamma), gamma * gamma * gamma, sqrt(gamma), gamma + gamma + gamma, log(gamma) / gamma] (N=1, Q=0.96, MDL=43)
[demo1|mcts|I|Oct23 13:44:30|0:00:33.404847] Iter: 43 | Reward: 0.97877 | Complexity: 18 | R2: 0.99655 | MDL: 22.04817 | Best: [gamma, log(gamma), sin(cos(gamma) / gamma)] (N=0, Q=0.00, MDL=22) | Best equation: 0.009615 + -1.1e-05 * gamma + 0.010184 * log(gamma) + 0.010581 * sin(cos(gamma) / gamma) | Speed: 322ms/iter (1.6ms/iter) | Time: None | Current: [gamma, sqrt(gamma) + sqrt(gamma), cos(sqrt(gamma)), gamma * sqrt(gamma), gamma * gamma * gamma, sqrt(gamma), gamma + gamma + gamma, log(gamma) / gamma] (N=1, Q=0.96, MDL=41)
[demo1|mcts|I|Oct23 13:44:30|0:00:33.730785] Iter: 44 | Reward: 0.97877 | Complexity: 18 | R2: 0.99655 | MDL: 22.04817 | Best: [gamma, log(gamma), sin(cos(gamma) / gamma)] (N=0, Q=0.00, MDL=22) | Best equation: 0.009615 + -1.1e-05 * gamma + 0.010184 * log(gamma) + 0.010581 * sin(cos(gamma) / gamma) | Speed: 323ms/iter (1.6ms/iter) | Time: None | Current: [gamma, log(sqrt(gamma)), cos(sqrt(gamma)), gamma * sqrt(gamma), gamma * gamma * gamma, sqrt(gamma), gamma + gamma + gamma, log(gamma) / gamma] (N=1, Q=0.96, MDL=43)
[demo1|mcts|I|Oct23 13:44:31|0:00:34.049169] Iter: 45 | Reward: 0.97877 | Complexity: 18 | R2: 0.99655 | MDL: 22.04817 | Best: [gamma, log(gamma), sin(cos(gamma) / gamma)] (N=0, Q=0.00, MDL=22) | Best equation: 0.009615 + -1.1e-05 * gamma + 0.010184 * log(gamma) + 0.010581 * sin(cos(gamma) / gamma) | Speed: 322ms/iter (1.6ms/iter) | Time: None | Current: [gamma, log(sqrt(gamma)), cos(sqrt(gamma)), gamma * sqrt(gamma), gamma / (gamma * gamma * gamma), sqrt(gamma), gamma + gamma + gamma, log(gamma) / gamma] (N=1, Q=0.96, MDL=42)
[demo1|mcts|I|Oct23 13:44:31|0:00:34.368123] Iter: 46 | Reward: 0.97877 | Complexity: 18 | R2: 0.99655 | MDL: 22.04817 | Best: [gamma, log(gamma), sin(cos(gamma) / gamma)] (N=0, Q=0.00, MDL=22) | Best equation: 0.009615 + -1.1e-05 * gamma + 0.010184 * log(gamma) + 0.010581 * sin(cos(gamma) / gamma) | Speed: 322ms/iter (1.6ms/iter) | Time: None | Current: [gamma, log(sqrt(gamma)), cos(sqrt(gamma)), exp(log(gamma) / gamma), gamma / (gamma * gamma * gamma), sqrt(gamma), gamma + gamma + gamma, log(gamma) / gamma] (N=1, Q=0.96, MDL=41)
[demo1|mcts|I|Oct23 13:44:31|0:00:34.698816] Iter: 47 | Reward: 0.97877 | Complexity: 18 | R2: 0.99655 | MDL: 22.04817 | Best: [gamma, log(gamma), sin(cos(gamma) / gamma)] (N=0, Q=0.00, MDL=22) | Best equation: 0.009615 + -1.1e-05 * gamma + 0.010184 * log(gamma) + 0.010581 * sin(cos(gamma) / gamma) | Speed: 323ms/iter (1.6ms/iter) | Time: None | Current: [gamma, log(sqrt(gamma)), cos(sqrt(gamma)), exp(log(gamma) / gamma), log(sqrt(gamma)) * sqrt(gamma), sqrt(gamma), gamma + gamma + gamma, log(gamma) / gamma] (N=1, Q=0.96, MDL=39)
[demo1|mcts|I|Oct23 13:44:31|0:00:35.021533] Iter: 48 | Reward: 0.97877 | Complexity: 18 | R2: 0.99655 | MDL: 22.04817 | Best: [gamma, log(gamma), sin(cos(gamma) / gamma)] (N=0, Q=0.00, MDL=22) | Best equation: 0.009615 + -1.1e-05 * gamma + 0.010184 * log(gamma) + 0.010581 * sin(cos(gamma) / gamma) | Speed: 323ms/iter (1.6ms/iter) | Time: None | Current: [gamma, log(sqrt(gamma)), gamma / sqrt(gamma), exp(log(gamma) / gamma), log(sqrt(gamma)) * sqrt(gamma), sqrt(gamma), gamma + gamma + gamma, log(gamma) / gamma] (N=1, Q=0.96, MDL=35)
[demo1|mcts|I|Oct23 13:44:32|0:00:35.345049] Iter: 49 | Reward: 0.97877 | Complexity: 18 | R2: 0.99655 | MDL: 22.04817 | Best: [gamma, log(gamma), sin(cos(gamma) / gamma)] (N=0, Q=0.00, MDL=22) | Best equation: 0.009615 + -1.1e-05 * gamma + 0.010184 * log(gamma) + 0.010581 * sin(cos(gamma) / gamma) | Speed: 323ms/iter (1.6ms/iter) | Time: None | Current: [gamma, log(sqrt(gamma)), gamma / sqrt(gamma), exp(log(gamma) / gamma), log(sqrt(gamma)) * sqrt(gamma), sqrt(gamma), sqrt(gamma) * sqrt(gamma), log(gamma) / gamma] (N=1, Q=0.96, MDL=35)
[demo1|mcts|I|Oct23 13:44:32|0:00:35.677998] Iter: 50 | Reward: 0.97877 | Complexity: 18 | R2: 0.99655 | MDL: 22.04817 | Best: [gamma, log(gamma), sin(cos(gamma) / gamma)] (N=0, Q=0.00, MDL=22) | Best equation: 0.009615 + -1.1e-05 * gamma + 0.010184 * log(gamma) + 0.010581 * sin(cos(gamma) / gamma) | Speed: 323ms/iter (1.6ms/iter) | Time: None | Current: [gamma, log(sqrt(gamma)), gamma / sqrt(gamma), exp(log(gamma) / gamma), sin(gamma / sqrt(gamma)), sqrt(gamma), sqrt(gamma) * sqrt(gamma), log(gamma) / gamma] (N=1, Q=0.95, MDL=35)
[demo1|mcts|I|Oct23 13:44:32|0:00:36.009974] Iter: 51 | Reward: 0.97877 | Complexity: 18 | R2: 0.99655 | MDL: 22.04817 | Best: [gamma, log(gamma), sin(cos(gamma) / gamma)] (N=0, Q=0.00, MDL=22) | Best equation: 0.009615 + -1.1e-05 * gamma + 0.010184 * log(gamma) + 0.010581 * sin(cos(gamma) / gamma) | Speed: 323ms/iter (1.6ms/iter) | Time: None | Current: [gamma, log(sqrt(gamma)), gamma / sqrt(gamma), exp(log(gamma) / gamma), sin(gamma / sqrt(gamma)), sqrt(gamma), cos(log(sqrt(gamma))), log(gamma) / gamma] (N=1, Q=0.95, MDL=41)
[demo1|mcts|I|Oct23 13:44:33|0:00:36.341136] Iter: 52 | Reward: 0.97877 | Complexity: 18 | R2: 0.99655 | MDL: 22.04817 | Best: [gamma, log(gamma), sin(cos(gamma) / gamma)] (N=0, Q=0.00, MDL=22) | Best equation: 0.009615 + -1.1e-05 * gamma + 0.010184 * log(gamma) + 0.010581 * sin(cos(gamma) / gamma) | Speed: 323ms/iter (1.6ms/iter) | Time: None | Current: [gamma, log(log(gamma) / gamma), gamma / sqrt(gamma), exp(log(gamma) / gamma), sin(gamma / sqrt(gamma)), sqrt(gamma), cos(log(sqrt(gamma))), log(gamma) / gamma] (N=1, Q=0.96, MDL=43)
[demo1|mcts|I|Oct23 13:44:34|0:00:37.082738] Iter: 53 | Reward: 0.97877 | Complexity: 18 | R2: 0.99655 | MDL: 22.04817 | Best: [gamma, log(gamma), sin(cos(gamma) / gamma)] (N=0, Q=0.00, MDL=22) | Best equation: 0.009615 + -1.1e-05 * gamma + 0.010184 * log(gamma) + 0.010581 * sin(cos(gamma) / gamma) | Speed: 331ms/iter (1.6ms/iter) | Time: None | Current: [gamma, log(log(gamma) / gamma), gamma / sqrt(gamma), exp(log(gamma) / gamma), gamma * sqrt(gamma), sqrt(gamma), cos(log(sqrt(gamma))), log(gamma) / gamma] (N=1, Q=0.96, MDL=45)
[demo1|mcts|I|Oct23 13:44:34|0:00:37.418277] Iter: 54 | Reward: 0.97877 | Complexity: 18 | R2: 0.99655 | MDL: 22.04817 | Best: [gamma, log(gamma), sin(cos(gamma) / gamma)] (N=0, Q=0.00, MDL=22) | Best equation: 0.009615 + -1.1e-05 * gamma + 0.010184 * log(gamma) + 0.010581 * sin(cos(gamma) / gamma) | Speed: 331ms/iter (1.6ms/iter) | Time: None | Current: [gamma, log(log(gamma) / gamma), log(gamma / sqrt(gamma)), exp(log(gamma) / gamma), gamma * sqrt(gamma), sqrt(gamma), cos(log(sqrt(gamma))), log(gamma) / gamma] (N=1, Q=0.96, MDL=45)
[demo1|mcts|I|Oct23 13:44:34|0:00:37.742069] Iter: 55 | Reward: 0.97877 | Complexity: 18 | R2: 0.99655 | MDL: 22.04817 | Best: [gamma, log(gamma), sin(cos(gamma) / gamma)] (N=0, Q=0.00, MDL=22) | Best equation: 0.009615 + -1.1e-05 * gamma + 0.010184 * log(gamma) + 0.010581 * sin(cos(gamma) / gamma) | Speed: 331ms/iter (1.6ms/iter) | Time: None | Current: [gamma, log(log(gamma) / gamma), log(gamma / sqrt(gamma)), exp(log(gamma) / gamma), gamma * sqrt(gamma), sqrt(gamma), cos(log(sqrt(gamma))), sqrt(sqrt(gamma))] (N=1, Q=0.96, MDL=46)
[demo1|mcts|I|Oct23 13:44:35|0:00:38.066246] Iter: 56 | Reward: 0.97877 | Complexity: 18 | R2: 0.99655 | MDL: 22.04817 | Best: [gamma, log(gamma), sin(cos(gamma) / gamma)] (N=0, Q=0.00, MDL=22) | Best equation: 0.009615 + -1.1e-05 * gamma + 0.010184 * log(gamma) + 0.010581 * sin(cos(gamma) / gamma) | Speed: 331ms/iter (1.6ms/iter) | Time: None | Current: [gamma, log(log(gamma) / gamma), log(gamma * sqrt(gamma)), exp(log(gamma) / gamma), gamma * sqrt(gamma), sqrt(gamma), cos(log(sqrt(gamma))), sqrt(sqrt(gamma))] (N=1, Q=0.97, MDL=43)
[demo1|mcts|I|Oct23 13:44:35|0:00:38.383750] Iter: 57 | Reward: 0.97877 | Complexity: 18 | R2: 0.99655 | MDL: 22.04817 | Best: [gamma, log(gamma), sin(cos(gamma) / gamma)] (N=0, Q=0.00, MDL=22) | Best equation: 0.009615 + -1.1e-05 * gamma + 0.010184 * log(gamma) + 0.010581 * sin(cos(gamma) / gamma) | Speed: 331ms/iter (1.6ms/iter) | Time: None | Current: [gamma, log(log(gamma) / gamma), log(gamma * sqrt(gamma)), exp(sqrt(sqrt(gamma))), gamma * sqrt(gamma), sqrt(gamma), cos(log(sqrt(gamma))), sqrt(sqrt(gamma))] (N=1, Q=0.96, MDL=37)
[demo1|mcts|I|Oct23 13:44:35|0:00:38.698578] Iter: 58 | Reward: 0.97877 | Complexity: 18 | R2: 0.99655 | MDL: 22.04817 | Best: [gamma, log(gamma), sin(cos(gamma) / gamma)] (N=0, Q=0.00, MDL=22) | Best equation: 0.009615 + -1.1e-05 * gamma + 0.010184 * log(gamma) + 0.010581 * sin(cos(gamma) / gamma) | Speed: 330ms/iter (1.6ms/iter) | Time: None | Current: [gamma, sqrt(gamma) + sqrt(sqrt(gamma)), log(gamma * sqrt(gamma)), exp(sqrt(sqrt(gamma))), gamma * sqrt(gamma), sqrt(gamma), cos(log(sqrt(gamma))), sqrt(sqrt(gamma))] (N=1, Q=0.96, MDL=29)
[demo1|mcts|I|Oct23 13:44:35|0:00:39.019170] Iter: 59 | Reward: 0.97877 | Complexity: 18 | R2: 0.99655 | MDL: 22.04817 | Best: [gamma, log(gamma), sin(cos(gamma) / gamma)] (N=0, Q=0.00, MDL=22) | Best equation: 0.009615 + -1.1e-05 * gamma + 0.010184 * log(gamma) + 0.010581 * sin(cos(gamma) / gamma) | Speed: 330ms/iter (1.6ms/iter) | Time: None | Current: [gamma, sqrt(gamma) + sqrt(sqrt(gamma)), log(gamma * sqrt(gamma)), exp(sqrt(sqrt(gamma))), gamma * sqrt(gamma), sqrt(gamma), cos(log(sqrt(gamma))), sqrt(sqrt(gamma))] (N=1, Q=0.96, MDL=29)
[demo1|mcts|I|Oct23 13:44:36|0:00:39.332019] Iter: 60 | Reward: 0.97877 | Complexity: 18 | R2: 0.99655 | MDL: 22.04817 | Best: [gamma, log(gamma), sin(cos(gamma) / gamma)] (N=0, Q=0.00, MDL=22) | Best equation: 0.009615 + -1.1e-05 * gamma + 0.010184 * log(gamma) + 0.010581 * sin(cos(gamma) / gamma) | Speed: 330ms/iter (1.6ms/iter) | Time: None | Current: [gamma, sqrt(gamma) + sqrt(sqrt(gamma)), gamma + gamma, exp(sqrt(sqrt(gamma))), gamma * sqrt(gamma), sqrt(gamma), cos(log(sqrt(gamma))), sqrt(sqrt(gamma))] (N=1, Q=0.96, MDL=30)
[demo1|mcts|I|Oct23 13:44:36|0:00:39.638367] Iter: 61 | Reward: 0.97877 | Complexity: 18 | R2: 0.99655 | MDL: 22.04817 | Best: [gamma, log(gamma), sin(cos(gamma) / gamma)] (N=0, Q=0.00, MDL=22) | Best equation: 0.009615 + -1.1e-05 * gamma + 0.010184 * log(gamma) + 0.010581 * sin(cos(gamma) / gamma) | Speed: 329ms/iter (1.6ms/iter) | Time: None | Current: [gamma, sqrt(gamma) / gamma, gamma + gamma, exp(sqrt(sqrt(gamma))), gamma * sqrt(gamma), sqrt(gamma), cos(log(sqrt(gamma))), sqrt(sqrt(gamma))] (N=1, Q=0.96, MDL=33)
[demo1|mcts|I|Oct23 13:44:36|0:00:39.950919] Iter: 62 | Reward: 0.97877 | Complexity: 18 | R2: 0.99655 | MDL: 22.04817 | Best: [gamma, log(gamma), sin(cos(gamma) / gamma)] (N=0, Q=0.00, MDL=22) | Best equation: 0.009615 + -1.1e-05 * gamma + 0.010184 * log(gamma) + 0.010581 * sin(cos(gamma) / gamma) | Speed: 329ms/iter (1.6ms/iter) | Time: None | Current: [gamma, sqrt(gamma) / gamma, gamma + gamma, exp(sqrt(sqrt(gamma))), gamma * sqrt(gamma), sqrt(gamma), sqrt(gamma) / (sqrt(gamma) / gamma), sqrt(sqrt(gamma))] (N=1, Q=0.97, MDL=34)
[demo1|mcts|I|Oct23 13:44:37|0:00:40.279178] Iter: 63 | Reward: 0.97877 | Complexity: 18 | R2: 0.99655 | MDL: 22.04817 | Best: [gamma, log(gamma), sin(cos(gamma) / gamma)] (N=0, Q=0.00, MDL=22) | Best equation: 0.009615 + -1.1e-05 * gamma + 0.010184 * log(gamma) + 0.010581 * sin(cos(gamma) / gamma) | Speed: 329ms/iter (1.6ms/iter) | Time: None | Current: [gamma, sqrt(gamma) / gamma, gamma / (gamma + gamma), exp(sqrt(sqrt(gamma))), gamma * sqrt(gamma), sqrt(gamma), sqrt(gamma) / (sqrt(gamma) / gamma), sqrt(sqrt(gamma))] (N=1, Q=0.96, MDL=34)
[demo1|mcts|I|Oct23 13:44:37|0:00:40.606412] Iter: 64 | Reward: 0.97877 | Complexity: 18 | R2: 0.99655 | MDL: 22.04817 | Best: [gamma, log(gamma), sin(cos(gamma) / gamma)] (N=0, Q=0.00, MDL=22) | Best equation: 0.009615 + -1.1e-05 * gamma + 0.010184 * log(gamma) + 0.010581 * sin(cos(gamma) / gamma) | Speed: 329ms/iter (1.6ms/iter) | Time: None | Current: [gamma, sqrt(gamma) / gamma, gamma / (gamma + gamma), exp(sqrt(sqrt(gamma))), gamma * gamma, sqrt(gamma), sqrt(gamma) / (sqrt(gamma) / gamma), sqrt(sqrt(gamma))] (N=1, Q=0.96, MDL=34)
[demo1|mcts|I|Oct23 13:44:37|0:00:40.921660] Iter: 65 | Reward: 0.97877 | Complexity: 18 | R2: 0.99655 | MDL: 22.04817 | Best: [gamma, log(gamma), sin(cos(gamma) / gamma)] (N=0, Q=0.00, MDL=22) | Best equation: 0.009615 + -1.1e-05 * gamma + 0.010184 * log(gamma) + 0.010581 * sin(cos(gamma) / gamma) | Speed: 329ms/iter (1.6ms/iter) | Time: None | Current: [gamma, sqrt(gamma) / gamma, gamma / (gamma + gamma), exp(sqrt(sqrt(gamma))), gamma * gamma, sqrt(gamma), sin(gamma), sqrt(sqrt(gamma))] (N=1, Q=0.96, MDL=36)
[demo1|mcts|I|Oct23 13:44:38|0:00:41.711504] Iter: 66 | Reward: 0.97877 | Complexity: 18 | R2: 0.99655 | MDL: 22.04817 | Best: [gamma, log(gamma), sin(cos(gamma) / gamma)] (N=0, Q=0.00, MDL=22) | Best equation: 0.009615 + -1.1e-05 * gamma + 0.010184 * log(gamma) + 0.010581 * sin(cos(gamma) / gamma) | Speed: 336ms/iter (1.7ms/iter) | Time: None | Current: [gamma, sqrt(gamma) / gamma, cos(gamma / (gamma + gamma)), exp(sqrt(sqrt(gamma))), gamma * gamma, sqrt(gamma), sin(gamma), sqrt(sqrt(gamma))] (N=1, Q=0.96, MDL=36)
[demo1|mcts|I|Oct23 13:44:39|0:00:42.027301] Iter: 67 | Reward: 0.97877 | Complexity: 18 | R2: 0.99655 | MDL: 22.04817 | Best: [gamma, log(gamma), sin(cos(gamma) / gamma)] (N=0, Q=0.00, MDL=22) | Best equation: 0.009615 + -1.1e-05 * gamma + 0.010184 * log(gamma) + 0.010581 * sin(cos(gamma) / gamma) | Speed: 336ms/iter (1.7ms/iter) | Time: None | Current: [gamma, sqrt(gamma) / gamma, cos(gamma / (gamma + gamma)), sin(gamma) * sqrt(sqrt(gamma)), gamma * gamma, sqrt(gamma), sin(gamma), sqrt(sqrt(gamma))] (N=1, Q=0.96, MDL=48)
[demo1|mcts|I|Oct23 13:44:39|0:00:42.350440] Iter: 68 | Reward: 0.97877 | Complexity: 18 | R2: 0.99655 | MDL: 22.04817 | Best: [gamma, log(gamma), sin(cos(gamma) / gamma)] (N=0, Q=0.00, MDL=22) | Best equation: 0.009615 + -1.1e-05 * gamma + 0.010184 * log(gamma) + 0.010581 * sin(cos(gamma) / gamma) | Speed: 335ms/iter (1.7ms/iter) | Time: None | Current: [gamma, sqrt(gamma) / gamma, cos(gamma / (gamma + gamma)), sin(gamma) * sqrt(sqrt(gamma)), gamma * gamma, sqrt(gamma), log(gamma), sqrt(sqrt(gamma))] (N=1, Q=0.95, MDL=46)
[demo1|mcts|I|Oct23 13:44:39|0:00:42.657752] Iter: 69 | Reward: 0.97877 | Complexity: 18 | R2: 0.99655 | MDL: 22.04817 | Best: [gamma, log(gamma), sin(cos(gamma) / gamma)] (N=0, Q=0.00, MDL=22) | Best equation: 0.009615 + -1.1e-05 * gamma + 0.010184 * log(gamma) + 0.010581 * sin(cos(gamma) / gamma) | Speed: 335ms/iter (1.7ms/iter) | Time: None | Current: [gamma, sqrt(gamma) / gamma, cos(gamma / (gamma + gamma)), gamma + gamma, gamma * gamma, sqrt(gamma), log(gamma), sqrt(sqrt(gamma))] (N=1, Q=0.96, MDL=42)
[demo1|mcts|I|Oct23 13:44:39|0:00:42.979853] Iter: 70 | Reward: 0.97877 | Complexity: 18 | R2: 0.99655 | MDL: 22.04817 | Best: [gamma, log(gamma), sin(cos(gamma) / gamma)] (N=0, Q=0.00, MDL=22) | Best equation: 0.009615 + -1.1e-05 * gamma + 0.010184 * log(gamma) + 0.010581 * sin(cos(gamma) / gamma) | Speed: 335ms/iter (1.7ms/iter) | Time: None | Current: [gamma, sqrt(gamma) / gamma, cos(gamma / (gamma + gamma)), gamma + gamma, cos(gamma * gamma), sqrt(gamma), log(gamma), sqrt(sqrt(gamma))] (N=1, Q=0.96, MDL=46)
[demo1|mcts|I|Oct23 13:44:40|0:00:43.302341] Iter: 71 | Reward: 0.97877 | Complexity: 18 | R2: 0.99655 | MDL: 22.04817 | Best: [gamma, log(gamma), sin(cos(gamma) / gamma)] (N=0, Q=0.00, MDL=22) | Best equation: 0.009615 + -1.1e-05 * gamma + 0.010184 * log(gamma) + 0.010581 * sin(cos(gamma) / gamma) | Speed: 335ms/iter (1.7ms/iter) | Time: None | Current: [gamma, sqrt(gamma) / gamma, cos(gamma / (gamma + gamma)), gamma + gamma, cos(gamma * gamma), sqrt(gamma), sqrt(sqrt(gamma)) / gamma, sqrt(sqrt(gamma))] (N=1, Q=0.96, MDL=46)
[demo1|mcts|I|Oct23 13:44:40|0:00:43.614880] Iter: 72 | Reward: 0.97877 | Complexity: 18 | R2: 0.99655 | MDL: 22.04817 | Best: [gamma, log(gamma), sin(cos(gamma) / gamma)] (N=0, Q=0.00, MDL=22) | Best equation: 0.009615 + -1.1e-05 * gamma + 0.010184 * log(gamma) + 0.010581 * sin(cos(gamma) / gamma) | Speed: 334ms/iter (1.7ms/iter) | Time: None | Current: [gamma, sqrt(gamma) / gamma, sin(sqrt(gamma) / gamma), gamma + gamma, cos(gamma * gamma), sqrt(gamma), sqrt(sqrt(gamma)) / gamma, sqrt(sqrt(gamma))] (N=1, Q=0.96, MDL=46)
[demo1|mcts|I|Oct23 13:44:40|0:00:43.934997] Iter: 73 | Reward: 0.97877 | Complexity: 18 | R2: 0.99655 | MDL: 22.04817 | Best: [gamma, log(gamma), sin(cos(gamma) / gamma)] (N=0, Q=0.00, MDL=22) | Best equation: 0.009615 + -1.1e-05 * gamma + 0.010184 * log(gamma) + 0.010581 * sin(cos(gamma) / gamma) | Speed: 334ms/iter (1.7ms/iter) | Time: None | Current: [gamma, sqrt(gamma) / gamma, sin(sqrt(gamma) / gamma), gamma + gamma, cos(gamma * gamma), exp(sqrt(gamma) / gamma), sqrt(sqrt(gamma)) / gamma, sqrt(sqrt(gamma))] (N=1, Q=0.96, MDL=45)
[demo1|mcts|I|Oct23 13:44:41|0:00:44.267805] Iter: 74 | Reward: 0.97877 | Complexity: 18 | R2: 0.99655 | MDL: 22.04817 | Best: [gamma, log(gamma), sin(cos(gamma) / gamma)] (N=0, Q=0.00, MDL=22) | Best equation: 0.009615 + -1.1e-05 * gamma + 0.010184 * log(gamma) + 0.010581 * sin(cos(gamma) / gamma) | Speed: 334ms/iter (1.7ms/iter) | Time: None | Current: [gamma, sqrt(gamma) / gamma, sqrt(sqrt(sqrt(gamma))), gamma + gamma, cos(gamma * gamma), exp(sqrt(gamma) / gamma), sqrt(sqrt(gamma)) / gamma, sqrt(sqrt(gamma))] (N=1, Q=0.96, MDL=42)
[demo1|mcts|I|Oct23 13:44:41|0:00:44.590483] Iter: 75 | Reward: 0.97877 | Complexity: 18 | R2: 0.99655 | MDL: 22.04817 | Best: [gamma, log(gamma), sin(cos(gamma) / gamma)] (N=0, Q=0.00, MDL=22) | Best equation: 0.009615 + -1.1e-05 * gamma + 0.010184 * log(gamma) + 0.010581 * sin(cos(gamma) / gamma) | Speed: 334ms/iter (1.7ms/iter) | Time: None | Current: [gamma, sqrt(gamma) / gamma, sqrt(sqrt(sqrt(gamma))), gamma + gamma, cos(gamma * gamma), gamma / cos(gamma * gamma), sqrt(sqrt(gamma)) / gamma, sqrt(sqrt(gamma))] (N=1, Q=0.96, MDL=46)
[demo1|mcts|I|Oct23 13:44:41|0:00:44.927487] Iter: 76 | Reward: 0.97877 | Complexity: 18 | R2: 0.99655 | MDL: 22.04817 | Best: [gamma, log(gamma), sin(cos(gamma) / gamma)] (N=0, Q=0.00, MDL=22) | Best equation: 0.009615 + -1.1e-05 * gamma + 0.010184 * log(gamma) + 0.010581 * sin(cos(gamma) / gamma) | Speed: 334ms/iter (1.7ms/iter) | Time: None | Current: [gamma, sqrt(gamma) / gamma, sqrt(sqrt(sqrt(gamma))), gamma + gamma, cos(gamma * gamma), sqrt(sqrt(gamma) / gamma), sqrt(sqrt(gamma)) / gamma, sqrt(sqrt(gamma))] (N=1, Q=0.97, MDL=44)
[demo1|mcts|I|Oct23 13:44:42|0:00:45.251248] Iter: 77 | Reward: 0.97877 | Complexity: 18 | R2: 0.99655 | MDL: 22.04817 | Best: [gamma, log(gamma), sin(cos(gamma) / gamma)] (N=0, Q=0.00, MDL=22) | Best equation: 0.009615 + -1.1e-05 * gamma + 0.010184 * log(gamma) + 0.010581 * sin(cos(gamma) / gamma) | Speed: 334ms/iter (1.7ms/iter) | Time: None | Current: [gamma, sqrt(gamma) / gamma, sqrt(sqrt(sqrt(gamma))), gamma + gamma, sqrt(sqrt(gamma)) + gamma, sqrt(sqrt(gamma) / gamma), sqrt(sqrt(gamma)) / gamma, sqrt(sqrt(gamma))] (N=1, Q=0.96, MDL=36)
[demo1|mcts|I|Oct23 13:44:42|0:00:45.578536] Iter: 78 | Reward: 0.97877 | Complexity: 18 | R2: 0.99655 | MDL: 22.04817 | Best: [gamma, log(gamma), sin(cos(gamma) / gamma)] (N=0, Q=0.00, MDL=22) | Best equation: 0.009615 + -1.1e-05 * gamma + 0.010184 * log(gamma) + 0.010581 * sin(cos(gamma) / gamma) | Speed: 334ms/iter (1.7ms/iter) | Time: None | Current: [gamma, sqrt(gamma) / gamma, sqrt(sqrt(sqrt(gamma))), gamma + gamma, sqrt(sqrt(gamma)) + gamma, sqrt(sqrt(gamma) / gamma), sqrt(sqrt(gamma)) / gamma, gamma * gamma] (N=1, Q=0.98, MDL=36)
[demo1|mcts|I|Oct23 13:44:42|0:00:45.916207] Iter: 79 | Reward: 0.97877 | Complexity: 18 | R2: 0.99655 | MDL: 22.04817 | Best: [gamma, log(gamma), sin(cos(gamma) / gamma)] (N=0, Q=0.00, MDL=22) | Best equation: 0.009615 + -1.1e-05 * gamma + 0.010184 * log(gamma) + 0.010581 * sin(cos(gamma) / gamma) | Speed: 334ms/iter (1.7ms/iter) | Time: None | Current: [gamma, sqrt(gamma) / gamma, sqrt(sqrt(sqrt(gamma))), gamma + gamma, sqrt(sqrt(gamma)) + gamma, sqrt(sqrt(gamma) / gamma), sqrt(sqrt(gamma)) / gamma, sin(gamma)] (N=1, Q=0.96, MDL=39)
[demo1|mcts|I|Oct23 13:44:43|0:00:46.218686] Iter: 80 | Reward: 0.97877 | Complexity: 18 | R2: 0.99655 | MDL: 22.04817 | Best: [gamma, log(gamma), sin(cos(gamma) / gamma)] (N=0, Q=0.00, MDL=22) | Best equation: 0.009615 + -1.1e-05 * gamma + 0.010184 * log(gamma) + 0.010581 * sin(cos(gamma) / gamma) | Speed: 333ms/iter (1.7ms/iter) | Time: None | Current: [gamma, sqrt(gamma) / gamma, sqrt(sqrt(sqrt(gamma))), gamma + gamma, sqrt(sqrt(gamma)) + gamma, exp(gamma + gamma), sqrt(sqrt(gamma)) / gamma, sin(gamma)] (N=1, Q=0.95, MDL=42)
[demo1|mcts|I|Oct23 13:44:43|0:00:46.515278] Iter: 81 | Reward: 0.97877 | Complexity: 18 | R2: 0.99655 | MDL: 22.04817 | Best: [gamma, log(gamma), sin(cos(gamma) / gamma)] (N=0, Q=0.00, MDL=22) | Best equation: 0.009615 + -1.1e-05 * gamma + 0.010184 * log(gamma) + 0.010581 * sin(cos(gamma) / gamma) | Speed: 333ms/iter (1.7ms/iter) | Time: None | Current: [gamma, sqrt(gamma) / gamma, sqrt(sqrt(sqrt(gamma))), gamma + gamma, gamma + gamma + sin(gamma), exp(gamma + gamma), sqrt(sqrt(gamma)) / gamma, sin(gamma)] (N=1, Q=0.96, MDL=40)
[demo1|mcts|I|Oct23 13:44:44|0:00:47.414695] Iter: 82 | Reward: 0.97877 | Complexity: 18 | R2: 0.99655 | MDL: 22.04817 | Best: [gamma, log(gamma), sin(cos(gamma) / gamma)] (N=0, Q=0.00, MDL=22) | Best equation: 0.009615 + -1.1e-05 * gamma + 0.010184 * log(gamma) + 0.010581 * sin(cos(gamma) / gamma) | Speed: 340ms/iter (1.7ms/iter) | Time: None | Current: [gamma, sqrt(gamma) / gamma, sqrt(sqrt(sqrt(gamma))), gamma / sin(gamma), gamma + gamma + sin(gamma), exp(gamma + gamma), sqrt(sqrt(gamma)) / gamma, sin(gamma)] (N=1, Q=0.95, MDL=45)
[demo1|mcts|I|Oct23 13:44:44|0:00:47.729630] Iter: 83 | Reward: 0.97877 | Complexity: 18 | R2: 0.99655 | MDL: 22.04817 | Best: [gamma, log(gamma), sin(cos(gamma) / gamma)] (N=0, Q=0.00, MDL=22) | Best equation: 0.009615 + -1.1e-05 * gamma + 0.010184 * log(gamma) + 0.010581 * sin(cos(gamma) / gamma) | Speed: 340ms/iter (1.7ms/iter) | Time: None | Current: [gamma, sqrt(gamma) / gamma, exp(sin(gamma)), gamma / sin(gamma), gamma + gamma + sin(gamma), exp(gamma + gamma), sqrt(sqrt(gamma)) / gamma, sin(gamma)] (N=1, Q=0.95, MDL=45)
[demo1|mcts|I|Oct23 13:44:45|0:00:48.047047] Iter: 84 | Reward: 0.97877 | Complexity: 18 | R2: 0.99655 | MDL: 22.04817 | Best: [gamma, log(gamma), sin(cos(gamma) / gamma)] (N=0, Q=0.00, MDL=22) | Best equation: 0.009615 + -1.1e-05 * gamma + 0.010184 * log(gamma) + 0.010581 * sin(cos(gamma) / gamma) | Speed: 339ms/iter (1.7ms/iter) | Time: None | Current: [gamma, sqrt(gamma) / gamma, exp(sin(gamma)), gamma / sin(gamma), gamma + gamma + sin(gamma), exp(gamma + gamma), cos(sin(gamma)), sin(gamma)] (N=1, Q=0.95, MDL=46)
[demo1|mcts|I|Oct23 13:44:45|0:00:48.349650] Iter: 85 | Reward: 0.97877 | Complexity: 18 | R2: 0.99655 | MDL: 22.04817 | Best: [gamma, log(gamma), sin(cos(gamma) / gamma)] (N=0, Q=0.00, MDL=22) | Best equation: 0.009615 + -1.1e-05 * gamma + 0.010184 * log(gamma) + 0.010581 * sin(cos(gamma) / gamma) | Speed: 339ms/iter (1.7ms/iter) | Time: None | Current: [gamma, sqrt(gamma) / gamma, exp(sin(gamma)), gamma / sin(gamma) + gamma, gamma + gamma + sin(gamma), exp(gamma + gamma), cos(sin(gamma)), sin(gamma)] (N=1, Q=0.95, MDL=44)
[demo1|mcts|I|Oct23 13:44:45|0:00:48.660064] Iter: 86 | Reward: 0.97877 | Complexity: 18 | R2: 0.99655 | MDL: 22.04817 | Best: [gamma, log(gamma), sin(cos(gamma) / gamma)] (N=0, Q=0.00, MDL=22) | Best equation: 0.009615 + -1.1e-05 * gamma + 0.010184 * log(gamma) + 0.010581 * sin(cos(gamma) / gamma) | Speed: 339ms/iter (1.7ms/iter) | Time: None | Current: [gamma, sqrt(gamma) / gamma, exp(sin(gamma)), gamma / sin(gamma) + gamma, sin(gamma) * gamma, exp(gamma + gamma), cos(sin(gamma)), sin(gamma)] (N=1, Q=0.96, MDL=45)
[demo1|mcts|I|Oct23 13:44:45|0:00:48.963931] Iter: 87 | Reward: 0.97877 | Complexity: 18 | R2: 0.99655 | MDL: 22.04817 | Best: [gamma, log(gamma), sin(cos(gamma) / gamma)] (N=0, Q=0.00, MDL=22) | Best equation: 0.009615 + -1.1e-05 * gamma + 0.010184 * log(gamma) + 0.010581 * sin(cos(gamma) / gamma) | Speed: 338ms/iter (1.7ms/iter) | Time: None | Current: [gamma, sqrt(gamma) / gamma, exp(sin(gamma)), gamma / sin(gamma) + gamma, sin(gamma) * gamma, exp(gamma + gamma), cos(sin(gamma)), exp(sin(gamma)) / gamma] (N=1, Q=0.96, MDL=45)
[demo1|mcts|I|Oct23 13:44:46|0:00:49.300635] Iter: 88 | Reward: 0.97877 | Complexity: 18 | R2: 0.99655 | MDL: 22.04817 | Best: [gamma, log(gamma), sin(cos(gamma) / gamma)] (N=0, Q=0.00, MDL=22) | Best equation: 0.009615 + -1.1e-05 * gamma + 0.010184 * log(gamma) + 0.010581 * sin(cos(gamma) / gamma) | Speed: 338ms/iter (1.7ms/iter) | Time: None | Current: [gamma, sqrt(gamma) / gamma, exp(sin(gamma)), gamma / (sin(gamma) * gamma), sin(gamma) * gamma, exp(gamma + gamma), cos(sin(gamma)), exp(sin(gamma)) / gamma] (N=1, Q=0.98, MDL=45)
[demo1|mcts|I|Oct23 13:44:46|0:00:49.650234] Iter: 89 | Reward: 0.97877 | Complexity: 18 | R2: 0.99655 | MDL: 22.04817 | Best: [gamma, log(gamma), sin(cos(gamma) / gamma)] (N=0, Q=0.00, MDL=22) | Best equation: 0.009615 + -1.1e-05 * gamma + 0.010184 * log(gamma) + 0.010581 * sin(cos(gamma) / gamma) | Speed: 338ms/iter (1.7ms/iter) | Time: None | Current: [gamma, sqrt(gamma) / gamma, exp(sin(gamma)), gamma / (sin(gamma) * gamma), sqrt(exp(sin(gamma))), exp(gamma + gamma), cos(sin(gamma)), exp(sin(gamma)) / gamma] (N=1, Q=0.96, MDL=45)
[demo1|mcts|I|Oct23 13:44:46|0:00:49.981766] Iter: 90 | Reward: 0.97877 | Complexity: 18 | R2: 0.99655 | MDL: 22.04817 | Best: [gamma, log(gamma), sin(cos(gamma) / gamma)] (N=0, Q=0.00, MDL=22) | Best equation: 0.009615 + -1.1e-05 * gamma + 0.010184 * log(gamma) + 0.010581 * sin(cos(gamma) / gamma) | Speed: 338ms/iter (1.7ms/iter) | Time: None | Current: [gamma, sqrt(gamma) / gamma, exp(sin(gamma)), gamma / (sin(gamma) * gamma), sqrt(exp(sin(gamma))), exp(gamma + gamma), cos(sin(gamma)), gamma + gamma] (N=1, Q=0.96, MDL=43)
[demo1|mcts|I|Oct23 13:44:47|0:00:50.284604] Iter: 91 | Reward: 0.97877 | Complexity: 18 | R2: 0.99655 | MDL: 22.04817 | Best: [gamma, log(gamma), sin(cos(gamma) / gamma)] (N=0, Q=0.00, MDL=22) | Best equation: 0.009615 + -1.1e-05 * gamma + 0.010184 * log(gamma) + 0.010581 * sin(cos(gamma) / gamma) | Speed: 338ms/iter (1.7ms/iter) | Time: None | Current: [gamma, sqrt(gamma) / gamma, exp(sin(gamma)), gamma / cos(sin(gamma)), sqrt(exp(sin(gamma))), exp(gamma + gamma), cos(sin(gamma)), gamma + gamma] (N=1, Q=0.96, MDL=42)
[demo1|mcts|I|Oct23 13:44:47|0:00:50.603297] Iter: 92 | Reward: 0.97877 | Complexity: 18 | R2: 0.99655 | MDL: 22.04817 | Best: [gamma, log(gamma), sin(cos(gamma) / gamma)] (N=0, Q=0.00, MDL=22) | Best equation: 0.009615 + -1.1e-05 * gamma + 0.010184 * log(gamma) + 0.010581 * sin(cos(gamma) / gamma) | Speed: 338ms/iter (1.7ms/iter) | Time: None | Current: [gamma, sqrt(gamma) / gamma, exp(sin(gamma)), gamma / cos(sin(gamma)), sqrt(exp(sin(gamma))), exp(gamma + gamma), sqrt(sqrt(gamma) / gamma), gamma + gamma] (N=1, Q=0.96, MDL=42)
[demo1|mcts|I|Oct23 13:44:47|0:00:50.923300] Iter: 93 | Reward: 0.97877 | Complexity: 18 | R2: 0.99655 | MDL: 22.04817 | Best: [gamma, log(gamma), sin(cos(gamma) / gamma)] (N=0, Q=0.00, MDL=22) | Best equation: 0.009615 + -1.1e-05 * gamma + 0.010184 * log(gamma) + 0.010581 * sin(cos(gamma) / gamma) | Speed: 337ms/iter (1.7ms/iter) | Time: None | Current: [gamma, sqrt(gamma) / gamma, exp(sin(gamma)), gamma / cos(sin(gamma)), gamma / (gamma + gamma), exp(gamma + gamma), sqrt(sqrt(gamma) / gamma), gamma + gamma] (N=1, Q=0.96, MDL=41)
[demo1|mcts|I|Oct23 13:44:48|0:00:51.261698] Iter: 94 | Reward: 0.97877 | Complexity: 18 | R2: 0.99655 | MDL: 22.04817 | Best: [gamma, log(gamma), sin(cos(gamma) / gamma)] (N=0, Q=0.00, MDL=22) | Best equation: 0.009615 + -1.1e-05 * gamma + 0.010184 * log(gamma) + 0.010581 * sin(cos(gamma) / gamma) | Speed: 337ms/iter (1.7ms/iter) | Time: None | Current: [gamma, sqrt(gamma) / gamma, exp(sin(gamma)), log(gamma + gamma), gamma / (gamma + gamma), exp(gamma + gamma), sqrt(sqrt(gamma) / gamma), gamma + gamma] (N=1, Q=0.95, MDL=35)
[demo1|mcts|I|Oct23 13:44:48|0:00:51.569003] Iter: 95 | Reward: 0.97877 | Complexity: 18 | R2: 0.99655 | MDL: 22.04817 | Best: [gamma, log(gamma), sin(cos(gamma) / gamma)] (N=0, Q=0.00, MDL=22) | Best equation: 0.009615 + -1.1e-05 * gamma + 0.010184 * log(gamma) + 0.010581 * sin(cos(gamma) / gamma) | Speed: 337ms/iter (1.7ms/iter) | Time: None | Current: [gamma, sqrt(exp(gamma + gamma)), exp(sin(gamma)), log(gamma + gamma), gamma / (gamma + gamma), exp(gamma + gamma), sqrt(sqrt(gamma) / gamma), gamma + gamma] (N=1, Q=0.95, MDL=36)
[demo1|mcts|I|Oct23 13:44:48|0:00:51.894059] Iter: 96 | Reward: 0.97877 | Complexity: 18 | R2: 0.99655 | MDL: 22.04817 | Best: [gamma, log(gamma), sin(cos(gamma) / gamma)] (N=0, Q=0.00, MDL=22) | Best equation: 0.009615 + -1.1e-05 * gamma + 0.010184 * log(gamma) + 0.010581 * sin(cos(gamma) / gamma) | Speed: 337ms/iter (1.7ms/iter) | Time: None | Current: [gamma, sqrt(exp(gamma + gamma)), log(gamma), log(gamma + gamma), gamma / (gamma + gamma), exp(gamma + gamma), sqrt(sqrt(gamma) / gamma), gamma + gamma] (N=1, Q=0.96, MDL=33)
[demo1|mcts|I|Oct23 13:44:49|0:00:52.234996] Iter: 97 | Reward: 0.97877 | Complexity: 18 | R2: 0.99655 | MDL: 22.04817 | Best: [gamma, log(gamma), sin(cos(gamma) / gamma)] (N=0, Q=0.00, MDL=22) | Best equation: 0.009615 + -1.1e-05 * gamma + 0.010184 * log(gamma) + 0.010581 * sin(cos(gamma) / gamma) | Speed: 337ms/iter (1.7ms/iter) | Time: None | Current: [gamma, log(gamma) * log(gamma), log(gamma), log(gamma + gamma), gamma / (gamma + gamma), exp(gamma + gamma), sqrt(sqrt(gamma) / gamma), gamma + gamma] (N=1, Q=0.96, MDL=31)
[demo1|mcts|I|Oct23 13:44:49|0:00:52.602552] Iter: 98 | Reward: 0.97877 | Complexity: 18 | R2: 0.99655 | MDL: 22.04817 | Best: [gamma, log(gamma), sin(cos(gamma) / gamma)] (N=0, Q=0.00, MDL=22) | Best equation: 0.009615 + -1.1e-05 * gamma + 0.010184 * log(gamma) + 0.010581 * sin(cos(gamma) / gamma) | Speed: 337ms/iter (1.7ms/iter) | Time: None | Current: [gamma, log(gamma) * log(gamma), log(gamma), log(gamma + gamma), gamma / (gamma + gamma), sin(exp(gamma + gamma)), sqrt(sqrt(gamma) / gamma), gamma + gamma] (N=1, Q=0.96, MDL=39)
[demo1|mcts|I|Oct23 13:44:49|0:00:52.980070] Iter: 99 | Reward: 0.97877 | Complexity: 18 | R2: 0.99655 | MDL: 22.04817 | Best: [gamma, log(gamma), sin(cos(gamma) / gamma)] (N=0, Q=0.00, MDL=22) | Best equation: 0.009615 + -1.1e-05 * gamma + 0.010184 * log(gamma) + 0.010581 * sin(cos(gamma) / gamma) | Speed: 338ms/iter (1.7ms/iter) | Time: None | Current: [gamma, log(gamma) * log(gamma), log(gamma), log(gamma + gamma), gamma / (gamma + gamma), sin(exp(gamma + gamma)), sqrt(sqrt(gamma) / gamma), cos(gamma)] (N=1, Q=0.97, MDL=41)
[demo1|mcts|I|Oct23 13:44:50|0:00:53.325204] Iter: 100 | Reward: 0.97877 | Complexity: 18 | R2: 0.99655 | MDL: 22.04817 | Best: [gamma, log(gamma), sin(cos(gamma) / gamma)] (N=0, Q=0.00, MDL=22) | Best equation: 0.009615 + -1.1e-05 * gamma + 0.010184 * log(gamma) + 0.010581 * sin(cos(gamma) / gamma) | Speed: 338ms/iter (1.7ms/iter) | Time: None | Current: [gamma, log(gamma) * log(gamma), log(gamma), log(gamma + gamma), gamma / (gamma + gamma), gamma / log(gamma + gamma), sqrt(sqrt(gamma) / gamma), cos(gamma)] (N=1, Q=0.96, MDL=36)
[demo1|mcts|I|Oct23 13:44:50|0:00:53.687721] Iter: 101 | Reward: 0.97877 | Complexity: 18 | R2: 0.99655 | MDL: 22.04817 | Best: [gamma, log(gamma), sin(cos(gamma) / gamma)] (N=0, Q=0.00, MDL=22) | Best equation: 0.009615 + -1.1e-05 * gamma + 0.010184 * log(gamma) + 0.010581 * sin(cos(gamma) / gamma) | Speed: 338ms/iter (1.7ms/iter) | Time: None | Current: [gamma, log(gamma) * log(gamma), log(gamma), log(gamma + gamma), gamma / (gamma + gamma), cos(gamma) + cos(gamma), sqrt(sqrt(gamma) / gamma), cos(gamma)] (N=1, Q=0.96, MDL=42)
[demo1|mcts|I|Oct23 13:44:51|0:00:54.031507] Iter: 102 | Reward: 0.97877 | Complexity: 18 | R2: 0.99655 | MDL: 22.04817 | Best: [gamma, log(gamma), sin(cos(gamma) / gamma)] (N=0, Q=0.00, MDL=22) | Best equation: 0.009615 + -1.1e-05 * gamma + 0.010184 * log(gamma) + 0.010581 * sin(cos(gamma) / gamma) | Speed: 338ms/iter (1.7ms/iter) | Time: None | Current: [gamma, log(gamma) * log(gamma), log(gamma), log(gamma + gamma), log(gamma) + log(gamma), cos(gamma) + cos(gamma), sqrt(sqrt(gamma) / gamma), cos(gamma)] (N=1, Q=0.96, MDL=37)
[demo1|mcts|I|Oct23 13:44:51|0:00:54.367681] Iter: 103 | Reward: 0.97877 | Complexity: 18 | R2: 0.99655 | MDL: 22.04817 | Best: [gamma, log(gamma), sin(cos(gamma) / gamma)] (N=0, Q=0.00, MDL=22) | Best equation: 0.009615 + -1.1e-05 * gamma + 0.010184 * log(gamma) + 0.010581 * sin(cos(gamma) / gamma) | Speed: 338ms/iter (1.7ms/iter) | Time: None | Current: [gamma, sqrt(log(gamma)), log(gamma), log(gamma + gamma), log(gamma) + log(gamma), cos(gamma) + cos(gamma), sqrt(sqrt(gamma) / gamma), cos(gamma)] (N=1, Q=0.96, MDL=44)
[demo1|mcts|I|Oct23 13:44:51|0:00:54.691037] Iter: 104 | Reward: 0.97877 | Complexity: 18 | R2: 0.99655 | MDL: 22.04817 | Best: [gamma, log(gamma), sin(cos(gamma) / gamma)] (N=0, Q=0.00, MDL=22) | Best equation: 0.009615 + -1.1e-05 * gamma + 0.010184 * log(gamma) + 0.010581 * sin(cos(gamma) / gamma) | Speed: 338ms/iter (1.7ms/iter) | Time: None | Current: [gamma, sqrt(log(gamma)), log(gamma), log(gamma + gamma), log(gamma) + log(gamma), sqrt(log(gamma)) * log(gamma + gamma), sqrt(sqrt(gamma) / gamma), cos(gamma)] (N=1, Q=0.97, MDL=38)
[demo1|mcts|I|Oct23 13:44:51|0:00:55.020011] Iter: 105 | Reward: 0.97877 | Complexity: 18 | R2: 0.99655 | MDL: 22.04817 | Best: [gamma, log(gamma), sin(cos(gamma) / gamma)] (N=0, Q=0.00, MDL=22) | Best equation: 0.009615 + -1.1e-05 * gamma + 0.010184 * log(gamma) + 0.010581 * sin(cos(gamma) / gamma) | Speed: 338ms/iter (1.7ms/iter) | Time: None | Current: [gamma, sqrt(log(gamma)), log(gamma), log(gamma + gamma), log(gamma) + log(gamma), (log(gamma) + log(gamma)) / cos(gamma), sqrt(sqrt(gamma) / gamma), cos(gamma)] (N=1, Q=0.97, MDL=45)
[demo1|mcts|I|Oct23 13:44:53|0:00:56.091002] Iter: 106 | Reward: 0.97877 | Complexity: 18 | R2: 0.99655 | MDL: 22.04817 | Best: [gamma, log(gamma), sin(cos(gamma) / gamma)] (N=0, Q=0.00, MDL=22) | Best equation: 0.009615 + -1.1e-05 * gamma + 0.010184 * log(gamma) + 0.010581 * sin(cos(gamma) / gamma) | Speed: 345ms/iter (1.7ms/iter) | Time: None | Current: [gamma, sqrt(log(gamma)), log(gamma), log(sqrt(log(gamma))), log(gamma) + log(gamma), (log(gamma) + log(gamma)) / cos(gamma), sqrt(sqrt(gamma) / gamma), cos(gamma)] (N=1, Q=0.97, MDL=45)
[demo1|mcts|I|Oct23 13:44:53|0:00:56.459790] Iter: 107 | Reward: 0.97877 | Complexity: 18 | R2: 0.99655 | MDL: 22.04817 | Best: [gamma, log(gamma), sin(cos(gamma) / gamma)] (N=0, Q=0.00, MDL=22) | Best equation: 0.009615 + -1.1e-05 * gamma + 0.010184 * log(gamma) + 0.010581 * sin(cos(gamma) / gamma) | Speed: 345ms/iter (1.7ms/iter) | Time: None | Current: [gamma, sqrt(log(gamma)), log(gamma), log(sqrt(log(gamma))), log(gamma) + log(gamma), (log(gamma) + log(gamma)) / cos(gamma), gamma / cos(gamma), cos(gamma)] (N=1, Q=0.96, MDL=40)
[demo1|mcts|I|Oct23 13:44:53|0:00:56.787077] Iter: 108 | Reward: 0.97877 | Complexity: 18 | R2: 0.99655 | MDL: 22.04817 | Best: [gamma, log(gamma), sin(cos(gamma) / gamma)] (N=0, Q=0.00, MDL=22) | Best equation: 0.009615 + -1.1e-05 * gamma + 0.010184 * log(gamma) + 0.010581 * sin(cos(gamma) / gamma) | Speed: 345ms/iter (1.7ms/iter) | Time: None | Current: [gamma, sqrt(log(gamma)), log(gamma), log(sqrt(log(gamma))), cos(gamma) + cos(gamma), (log(gamma) + log(gamma)) / cos(gamma), gamma / cos(gamma), cos(gamma)] (N=1, Q=0.97, MDL=42)
[demo1|mcts|I|Oct23 13:44:54|0:00:57.122917] Iter: 109 | Reward: 0.97877 | Complexity: 18 | R2: 0.99655 | MDL: 22.04817 | Best: [gamma, log(gamma), sin(cos(gamma) / gamma)] (N=0, Q=0.00, MDL=22) | Best equation: 0.009615 + -1.1e-05 * gamma + 0.010184 * log(gamma) + 0.010581 * sin(cos(gamma) / gamma) | Speed: 345ms/iter (1.7ms/iter) | Time: None | Current: [gamma, cos(gamma) / gamma, log(gamma), log(sqrt(log(gamma))), cos(gamma) + cos(gamma), (log(gamma) + log(gamma)) / cos(gamma), gamma / cos(gamma), cos(gamma)] (N=1, Q=0.97, MDL=43)
[demo1|mcts|I|Oct23 13:44:54|0:00:57.464409] Iter: 110 | Reward: 0.97877 | Complexity: 18 | R2: 0.99655 | MDL: 22.04817 | Best: [gamma, log(gamma), sin(cos(gamma) / gamma)] (N=0, Q=0.00, MDL=22) | Best equation: 0.009615 + -1.1e-05 * gamma + 0.010184 * log(gamma) + 0.010581 * sin(cos(gamma) / gamma) | Speed: 345ms/iter (1.7ms/iter) | Time: None | Current: [gamma, cos(gamma) / gamma, log(gamma), log(sqrt(log(gamma))), cos(gamma) + cos(gamma), log(gamma) + cos(gamma) + cos(gamma), gamma / cos(gamma), cos(gamma)] (N=1, Q=0.97, MDL=43)
[demo1|mcts|I|Oct23 13:44:54|0:00:57.802332] Iter: 111 | Reward: 0.97877 | Complexity: 18 | R2: 0.99655 | MDL: 22.04817 | Best: [gamma, log(gamma), sin(cos(gamma) / gamma)] (N=0, Q=0.00, MDL=22) | Best equation: 0.009615 + -1.1e-05 * gamma + 0.010184 * log(gamma) + 0.010581 * sin(cos(gamma) / gamma) | Speed: 345ms/iter (1.7ms/iter) | Time: None | Current: [gamma, cos(gamma) / gamma, log(gamma), log(sqrt(log(gamma))), sqrt(cos(gamma)), log(gamma) + cos(gamma) + cos(gamma), gamma / cos(gamma), cos(gamma)] (N=1, Q=0.97, MDL=43)
[demo1|mcts|I|Oct23 13:44:55|0:00:58.125730] Iter: 112 | Reward: 0.97877 | Complexity: 18 | R2: 0.99655 | MDL: 22.04817 | Best: [gamma, log(gamma), sin(cos(gamma) / gamma)] (N=0, Q=0.00, MDL=22) | Best equation: 0.009615 + -1.1e-05 * gamma + 0.010184 * log(gamma) + 0.010581 * sin(cos(gamma) / gamma) | Speed: 345ms/iter (1.7ms/iter) | Time: None | Current: [gamma, cos(gamma) / gamma, log(gamma), log(sqrt(log(gamma))), sqrt(cos(gamma)), log(gamma) + cos(gamma) + cos(gamma), gamma + gamma / cos(gamma), cos(gamma)] (N=1, Q=0.97, MDL=43)
[demo1|mcts|I|Oct23 13:44:55|0:00:58.467788] Iter: 113 | Reward: 0.97877 | Complexity: 18 | R2: 0.99655 | MDL: 22.04817 | Best: [gamma, log(gamma), sin(cos(gamma) / gamma)] (N=0, Q=0.00, MDL=22) | Best equation: 0.009615 + -1.1e-05 * gamma + 0.010184 * log(gamma) + 0.010581 * sin(cos(gamma) / gamma) | Speed: 344ms/iter (1.7ms/iter) | Time: None | Current: [gamma, cos(gamma) / gamma, log(gamma), exp(log(gamma)), sqrt(cos(gamma)), log(gamma) + cos(gamma) + cos(gamma), gamma + gamma / cos(gamma), cos(gamma)] (N=1, Q=0.97, MDL=41)
[demo1|mcts|I|Oct23 13:44:55|0:00:58.779809] Iter: 114 | Reward: 0.97877 | Complexity: 18 | R2: 0.99655 | MDL: 22.04817 | Best: [gamma, log(gamma), sin(cos(gamma) / gamma)] (N=0, Q=0.00, MDL=22) | Best equation: 0.009615 + -1.1e-05 * gamma + 0.010184 * log(gamma) + 0.010581 * sin(cos(gamma) / gamma) | Speed: 344ms/iter (1.7ms/iter) | Time: None | Current: [gamma, gamma * gamma, log(gamma), exp(log(gamma)), sqrt(cos(gamma)), log(gamma) + cos(gamma) + cos(gamma), gamma + gamma / cos(gamma), cos(gamma)] (N=1, Q=0.97, MDL=40)
[demo1|mcts|I|Oct23 13:44:56|0:00:59.106541] Iter: 115 | Reward: 0.97877 | Complexity: 18 | R2: 0.99655 | MDL: 22.04817 | Best: [gamma, log(gamma), sin(cos(gamma) / gamma)] (N=0, Q=0.00, MDL=22) | Best equation: 0.009615 + -1.1e-05 * gamma + 0.010184 * log(gamma) + 0.010581 * sin(cos(gamma) / gamma) | Speed: 344ms/iter (1.7ms/iter) | Time: None | Current: [gamma, gamma * gamma, log(gamma), exp(log(gamma)), cos(gamma) * gamma, log(gamma) + cos(gamma) + cos(gamma), gamma + gamma / cos(gamma), cos(gamma)] (N=1, Q=0.96, MDL=40)
[demo1|mcts|I|Oct23 13:44:56|0:00:59.439196] Iter: 116 | Reward: 0.97877 | Complexity: 18 | R2: 0.99655 | MDL: 22.04817 | Best: [gamma, log(gamma), sin(cos(gamma) / gamma)] (N=0, Q=0.00, MDL=22) | Best equation: 0.009615 + -1.1e-05 * gamma + 0.010184 * log(gamma) + 0.010581 * sin(cos(gamma) / gamma) | Speed: 344ms/iter (1.7ms/iter) | Time: None | Current: [gamma, gamma * gamma, log(gamma), exp(log(gamma)), cos(gamma) * gamma, log(gamma) * exp(log(gamma)), gamma + gamma / cos(gamma), cos(gamma)] (N=1, Q=0.96, MDL=37)
[demo1|mcts|I|Oct23 13:44:56|0:00:59.754406] Iter: 117 | Reward: 0.97877 | Complexity: 18 | R2: 0.99655 | MDL: 22.04817 | Best: [gamma, log(gamma), sin(cos(gamma) / gamma)] (N=0, Q=0.00, MDL=22) | Best equation: 0.009615 + -1.1e-05 * gamma + 0.010184 * log(gamma) + 0.010581 * sin(cos(gamma) / gamma) | Speed: 344ms/iter (1.7ms/iter) | Time: None | Current: [gamma, gamma * gamma, log(gamma), exp(log(gamma)), cos(gamma) * gamma, log(gamma) + gamma, gamma + gamma / cos(gamma), cos(gamma)] (N=1, Q=0.97, MDL=36)
[demo1|mcts|I|Oct23 13:44:57|0:01:00.068461] Iter: 118 | Reward: 0.97877 | Complexity: 18 | R2: 0.99655 | MDL: 22.04817 | Best: [gamma, log(gamma), sin(cos(gamma) / gamma)] (N=0, Q=0.00, MDL=22) | Best equation: 0.009615 + -1.1e-05 * gamma + 0.010184 * log(gamma) + 0.010581 * sin(cos(gamma) / gamma) | Speed: 343ms/iter (1.7ms/iter) | Time: None | Current: [gamma, gamma * gamma, log(gamma), exp(log(gamma)), cos(gamma) * gamma, gamma * (log(gamma) + gamma), gamma + gamma / cos(gamma), cos(gamma)] (N=1, Q=0.97, MDL=37)
[demo1|mcts|I|Oct23 13:44:57|0:01:00.386689] Iter: 119 | Reward: 0.97877 | Complexity: 18 | R2: 0.99655 | MDL: 22.04817 | Best: [gamma, log(gamma), sin(cos(gamma) / gamma)] (N=0, Q=0.00, MDL=22) | Best equation: 0.009615 + -1.1e-05 * gamma + 0.010184 * log(gamma) + 0.010581 * sin(cos(gamma) / gamma) | Speed: 343ms/iter (1.7ms/iter) | Time: None | Current: [gamma, gamma * gamma, log(gamma), exp(log(gamma)), cos(gamma) * gamma, cos(gamma) * gamma / exp(log(gamma)), gamma + gamma / cos(gamma), cos(gamma)] (N=1, Q=0.96, MDL=38)
[demo1|mcts|I|Oct23 13:44:57|0:01:00.720352] Iter: 120 | Reward: 0.97877 | Complexity: 18 | R2: 0.99655 | MDL: 22.04817 | Best: [gamma, log(gamma), sin(cos(gamma) / gamma)] (N=0, Q=0.00, MDL=22) | Best equation: 0.009615 + -1.1e-05 * gamma + 0.010184 * log(gamma) + 0.010581 * sin(cos(gamma) / gamma) | Speed: 343ms/iter (1.7ms/iter) | Time: None | Current: [gamma, gamma * gamma, log(gamma), exp(log(gamma)), gamma * gamma / gamma, cos(gamma) * gamma / exp(log(gamma)), gamma + gamma / cos(gamma), cos(gamma)] (N=1, Q=0.97, MDL=38)
[demo1|mcts|I|Oct23 13:44:58|0:01:01.041933] Iter: 121 | Reward: 0.97877 | Complexity: 18 | R2: 0.99655 | MDL: 22.04817 | Best: [gamma, log(gamma), sin(cos(gamma) / gamma)] (N=0, Q=0.00, MDL=22) | Best equation: 0.009615 + -1.1e-05 * gamma + 0.010184 * log(gamma) + 0.010581 * sin(cos(gamma) / gamma) | Speed: 343ms/iter (1.7ms/iter) | Time: None | Current: [gamma, gamma * gamma, log(gamma), exp(log(gamma)), gamma * gamma / gamma, log(gamma) / gamma, gamma + gamma / cos(gamma), cos(gamma)] (N=1, Q=0.97, MDL=36)
[demo1|mcts|I|Oct23 13:44:58|0:01:01.351333] Iter: 122 | Reward: 0.97877 | Complexity: 18 | R2: 0.99655 | MDL: 22.04817 | Best: [gamma, log(gamma), sin(cos(gamma) / gamma)] (N=0, Q=0.00, MDL=22) | Best equation: 0.009615 + -1.1e-05 * gamma + 0.010184 * log(gamma) + 0.010581 * sin(cos(gamma) / gamma) | Speed: 343ms/iter (1.7ms/iter) | Time: None | Current: [gamma, gamma * gamma, log(gamma), log(log(gamma) / gamma), gamma * gamma / gamma, log(gamma) / gamma, gamma + gamma / cos(gamma), cos(gamma)] (N=1, Q=0.97, MDL=43)
[demo1|mcts|I|Oct23 13:44:58|0:01:01.670489] Iter: 123 | Reward: 0.97877 | Complexity: 18 | R2: 0.99655 | MDL: 22.04817 | Best: [gamma, log(gamma), sin(cos(gamma) / gamma)] (N=0, Q=0.00, MDL=22) | Best equation: 0.009615 + -1.1e-05 * gamma + 0.010184 * log(gamma) + 0.010581 * sin(cos(gamma) / gamma) | Speed: 343ms/iter (1.7ms/iter) | Time: None | Current: [gamma, gamma * gamma, log(gamma), gamma / log(gamma), gamma * gamma / gamma, log(gamma) / gamma, gamma + gamma / cos(gamma), cos(gamma)] (N=1, Q=0.96, MDL=40)
[demo1|mcts|I|Oct23 13:44:58|0:01:01.999672] Iter: 124 | Reward: 0.97877 | Complexity: 18 | R2: 0.99655 | MDL: 22.04817 | Best: [gamma, log(gamma), sin(cos(gamma) / gamma)] (N=0, Q=0.00, MDL=22) | Best equation: 0.009615 + -1.1e-05 * gamma + 0.010184 * log(gamma) + 0.010581 * sin(cos(gamma) / gamma) | Speed: 342ms/iter (1.7ms/iter) | Time: None | Current: [gamma, gamma * gamma, cos(gamma) / gamma, gamma / log(gamma), gamma * gamma / gamma, log(gamma) / gamma, gamma + gamma / cos(gamma), cos(gamma)] (N=1, Q=0.96, MDL=44)
[demo1|mcts|I|Oct23 13:44:59|0:01:02.332650] Iter: 125 | Reward: 0.97877 | Complexity: 18 | R2: 0.99655 | MDL: 22.04817 | Best: [gamma, log(gamma), sin(cos(gamma) / gamma)] (N=0, Q=0.00, MDL=22) | Best equation: 0.009615 + -1.1e-05 * gamma + 0.010184 * log(gamma) + 0.010581 * sin(cos(gamma) / gamma) | Speed: 342ms/iter (1.7ms/iter) | Time: None | Current: [gamma, gamma * gamma, cos(gamma) / gamma, cos(gamma) * cos(gamma), gamma * gamma / gamma, log(gamma) / gamma, gamma + gamma / cos(gamma), cos(gamma)] (N=1, Q=0.97, MDL=46)
[demo1|mcts|I|Oct23 13:44:59|0:01:02.664730] Iter: 126 | Reward: 0.97877 | Complexity: 18 | R2: 0.99655 | MDL: 22.04817 | Best: [gamma, log(gamma), sin(cos(gamma) / gamma)] (N=0, Q=0.00, MDL=22) | Best equation: 0.009615 + -1.1e-05 * gamma + 0.010184 * log(gamma) + 0.010581 * sin(cos(gamma) / gamma) | Speed: 342ms/iter (1.7ms/iter) | Time: None | Current: [gamma, gamma * gamma, cos(gamma) / gamma, cos(gamma) * cos(gamma), gamma * gamma / gamma, log(gamma), gamma + gamma / cos(gamma), cos(gamma)] (N=1, Q=0.97, MDL=44)
[demo1|mcts|I|Oct23 13:45:00|0:01:03.119617] Iter: 127 | Reward: 0.97976 | Complexity: 17 | R2: 0.99655 | MDL: 45.01176 | Best: [gamma, cos(gamma) / gamma, sqrt(gamma) / cos(gamma), log(gamma)] (N=0, Q=0.00, MDL=45) | Best equation: 0.009612 + -1.2e-05 * gamma + 0.010523 * cos(gamma) / gamma + 0.010186 * log(gamma) | Speed: 342ms/iter (1.7ms/iter) | Time: None | Current: [gamma, gamma * gamma, cos(gamma) / gamma, cos(gamma) / (gamma * gamma), gamma * gamma / gamma, log(gamma), gamma + gamma / cos(gamma), cos(gamma)] (N=1, Q=0.98, MDL=45)
[demo1|mcts|I|Oct23 13:45:00|0:01:03.439104] Iter: 128 | Reward: 0.97976 | Complexity: 17 | R2: 0.99655 | MDL: 45.01176 | Best: [gamma, cos(gamma) / gamma, sqrt(gamma) / cos(gamma), log(gamma)] (N=0, Q=0.00, MDL=45) | Best equation: 0.009612 + -1.2e-05 * gamma + 0.010523 * cos(gamma) / gamma + 0.010186 * log(gamma) | Speed: 343ms/iter (1.7ms/iter) | Time: None | Current: [gamma, gamma * gamma, cos(gamma) / gamma, gamma / (gamma * gamma), gamma * gamma / gamma, log(gamma), gamma + gamma / cos(gamma), cos(gamma)] (N=1, Q=0.97, MDL=45)
[demo1|mcts|I|Oct23 13:45:00|0:01:03.773674] Iter: 129 | Reward: 0.97976 | Complexity: 17 | R2: 0.99655 | MDL: 45.01176 | Best: [gamma, cos(gamma) / gamma, sqrt(gamma) / cos(gamma), log(gamma)] (N=0, Q=0.00, MDL=45) | Best equation: 0.009612 + -1.2e-05 * gamma + 0.010523 * cos(gamma) / gamma + 0.010186 * log(gamma) | Speed: 343ms/iter (1.7ms/iter) | Time: None | Current: [gamma, gamma * gamma, cos(gamma) / gamma, gamma / (gamma * gamma), gamma * gamma / gamma, log(gamma), gamma + gamma / cos(gamma), gamma / cos(gamma)] (N=1, Q=0.97, MDL=43)
[demo1|mcts|I|Oct23 13:45:01|0:01:04.997286] Iter: 130 | Reward: 0.97976 | Complexity: 17 | R2: 0.99655 | MDL: 45.01176 | Best: [gamma, cos(gamma) / gamma, sqrt(gamma) / cos(gamma), log(gamma)] (N=0, Q=0.00, MDL=45) | Best equation: 0.009612 + -1.2e-05 * gamma + 0.010523 * cos(gamma) / gamma + 0.010186 * log(gamma) | Speed: 350ms/iter (1.7ms/iter) | Time: None | Current: [gamma, gamma * gamma, cos(gamma) / gamma, gamma / (gamma * gamma), gamma * gamma / gamma, log(gamma), gamma * log(gamma), gamma / cos(gamma)] (N=1, Q=0.97, MDL=42)
[demo1|mcts|I|Oct23 13:45:02|0:01:05.290290] Iter: 131 | Reward: 0.97976 | Complexity: 17 | R2: 0.99655 | MDL: 45.01176 | Best: [gamma, cos(gamma) / gamma, sqrt(gamma) / cos(gamma), log(gamma)] (N=0, Q=0.00, MDL=45) | Best equation: 0.009612 + -1.2e-05 * gamma + 0.010523 * cos(gamma) / gamma + 0.010186 * log(gamma) | Speed: 349ms/iter (1.7ms/iter) | Time: None | Current: [gamma, gamma * gamma, exp(gamma), gamma / (gamma * gamma), gamma * gamma / gamma, log(gamma), gamma * log(gamma), gamma / cos(gamma)] (N=1, Q=0.97, MDL=38)
[demo1|mcts|I|Oct23 13:45:02|0:01:05.586323] Iter: 132 | Reward: 0.97976 | Complexity: 17 | R2: 0.99655 | MDL: 45.01176 | Best: [gamma, cos(gamma) / gamma, sqrt(gamma) / cos(gamma), log(gamma)] (N=0, Q=0.00, MDL=45) | Best equation: 0.009612 + -1.2e-05 * gamma + 0.010523 * cos(gamma) / gamma + 0.010186 * log(gamma) | Speed: 349ms/iter (1.7ms/iter) | Time: None | Current: [gamma, gamma * gamma, exp(gamma), gamma * gamma * gamma * log(gamma), gamma * gamma / gamma, log(gamma), gamma * log(gamma), gamma / cos(gamma)] (N=1, Q=0.96, MDL=37)
[demo1|mcts|I|Oct23 13:45:02|0:01:05.891168] Iter: 133 | Reward: 0.97976 | Complexity: 17 | R2: 0.99655 | MDL: 45.01176 | Best: [gamma, cos(gamma) / gamma, sqrt(gamma) / cos(gamma), log(gamma)] (N=0, Q=0.00, MDL=45) | Best equation: 0.009612 + -1.2e-05 * gamma + 0.010523 * cos(gamma) / gamma + 0.010186 * log(gamma) | Speed: 349ms/iter (1.7ms/iter) | Time: None | Current: [gamma, gamma * gamma, exp(gamma), gamma / log(gamma), gamma * gamma / gamma, log(gamma), gamma * log(gamma), gamma / cos(gamma)] (N=1, Q=0.95, MDL=35)
[demo1|mcts|I|Oct23 13:45:03|0:01:06.179419] Iter: 134 | Reward: 0.97976 | Complexity: 17 | R2: 0.99655 | MDL: 45.01176 | Best: [gamma, cos(gamma) / gamma, sqrt(gamma) / cos(gamma), log(gamma)] (N=0, Q=0.00, MDL=45) | Best equation: 0.009612 + -1.2e-05 * gamma + 0.010523 * cos(gamma) / gamma + 0.010186 * log(gamma) | Speed: 348ms/iter (1.7ms/iter) | Time: None | Current: [gamma, gamma * gamma, exp(gamma), gamma / log(gamma), gamma * gamma / gamma, exp(gamma * log(gamma)), gamma * log(gamma), gamma / cos(gamma)] (N=1, Q=0.94, MDL=35)
[demo1|mcts|I|Oct23 13:45:03|0:01:06.490520] Iter: 135 | Reward: 0.97976 | Complexity: 17 | R2: 0.99655 | MDL: 45.01176 | Best: [gamma, cos(gamma) / gamma, sqrt(gamma) / cos(gamma), log(gamma)] (N=0, Q=0.00, MDL=45) | Best equation: 0.009612 + -1.2e-05 * gamma + 0.010523 * cos(gamma) / gamma + 0.010186 * log(gamma) | Speed: 348ms/iter (1.7ms/iter) | Time: None | Current: [gamma, gamma * gamma, exp(gamma), gamma / log(gamma), gamma * gamma / gamma, gamma / log(gamma) + gamma, gamma * log(gamma), gamma / cos(gamma)] (N=1, Q=0.95, MDL=36)
[demo1|mcts|I|Oct23 13:45:03|0:01:06.792762] Iter: 136 | Reward: 0.97976 | Complexity: 17 | R2: 0.99655 | MDL: 45.01176 | Best: [gamma, cos(gamma) / gamma, sqrt(gamma) / cos(gamma), log(gamma)] (N=0, Q=0.00, MDL=45) | Best equation: 0.009612 + -1.2e-05 * gamma + 0.010523 * cos(gamma) / gamma + 0.010186 * log(gamma) | Speed: 347ms/iter (1.7ms/iter) | Time: None | Current: [gamma, gamma * gamma, exp(gamma), gamma / log(gamma), gamma * gamma / gamma, exp(gamma) + gamma, gamma * log(gamma), gamma / cos(gamma)] (N=1, Q=0.96, MDL=34)
[demo1|mcts|I|Oct23 13:45:04|0:01:07.091116] Iter: 137 | Reward: 0.97976 | Complexity: 17 | R2: 0.99655 | MDL: 45.01176 | Best: [gamma, cos(gamma) / gamma, sqrt(gamma) / cos(gamma), log(gamma)] (N=0, Q=0.00, MDL=45) | Best equation: 0.009612 + -1.2e-05 * gamma + 0.010523 * cos(gamma) / gamma + 0.010186 * log(gamma) | Speed: 347ms/iter (1.7ms/iter) | Time: None | Current: [gamma, gamma * gamma, exp(gamma), log(gamma * gamma), gamma * gamma / gamma, exp(gamma) + gamma, gamma * log(gamma), gamma / cos(gamma)] (N=1, Q=0.95, MDL=33)
[demo1|mcts|I|Oct23 13:45:04|0:01:07.380992] Iter: 138 | Reward: 0.97976 | Complexity: 17 | R2: 0.99655 | MDL: 45.01176 | Best: [gamma, cos(gamma) / gamma, sqrt(gamma) / cos(gamma), log(gamma)] (N=0, Q=0.00, MDL=45) | Best equation: 0.009612 + -1.2e-05 * gamma + 0.010523 * cos(gamma) / gamma + 0.010186 * log(gamma) | Speed: 347ms/iter (1.7ms/iter) | Time: None | Current: [gamma, gamma * gamma, exp(gamma), log(gamma * gamma), gamma * gamma / gamma, exp(gamma) + gamma, sin(gamma * gamma), gamma / cos(gamma)] (N=1, Q=0.95, MDL=38)
[demo1|mcts|I|Oct23 13:45:04|0:01:07.684986] Iter: 139 | Reward: 0.97976 | Complexity: 17 | R2: 0.99655 | MDL: 45.01176 | Best: [gamma, cos(gamma) / gamma, sqrt(gamma) / cos(gamma), log(gamma)] (N=0, Q=0.00, MDL=45) | Best equation: 0.009612 + -1.2e-05 * gamma + 0.010523 * cos(gamma) / gamma + 0.010186 * log(gamma) | Speed: 346ms/iter (1.7ms/iter) | Time: None | Current: [gamma, sin(gamma / cos(gamma)), exp(gamma), log(gamma * gamma), gamma * gamma / gamma, exp(gamma) + gamma, sin(gamma * gamma), gamma / cos(gamma)] (N=1, Q=0.96, MDL=44)
[demo1|mcts|I|Oct23 13:45:04|0:01:07.984936] Iter: 140 | Reward: 0.97976 | Complexity: 17 | R2: 0.99655 | MDL: 45.01176 | Best: [gamma, cos(gamma) / gamma, sqrt(gamma) / cos(gamma), log(gamma)] (N=0, Q=0.00, MDL=45) | Best equation: 0.009612 + -1.2e-05 * gamma + 0.010523 * cos(gamma) / gamma + 0.010186 * log(gamma) | Speed: 346ms/iter (1.7ms/iter) | Time: None | Current: [gamma, exp(sin(gamma * gamma)), exp(gamma), log(gamma * gamma), gamma * gamma / gamma, exp(gamma) + gamma, sin(gamma * gamma), gamma / cos(gamma)] (N=1, Q=0.96, MDL=42)
[demo1|mcts|I|Oct23 13:45:05|0:01:08.296363] Iter: 141 | Reward: 0.97976 | Complexity: 17 | R2: 0.99655 | MDL: 45.01176 | Best: [gamma, cos(gamma) / gamma, sqrt(gamma) / cos(gamma), log(gamma)] (N=0, Q=0.00, MDL=45) | Best equation: 0.009612 + -1.2e-05 * gamma + 0.010523 * cos(gamma) / gamma + 0.010186 * log(gamma) | Speed: 346ms/iter (1.7ms/iter) | Time: None | Current: [gamma, exp(sin(gamma * gamma)), exp(gamma), log(gamma * gamma), gamma * gamma / gamma, sin(gamma), sin(gamma * gamma), gamma / cos(gamma)] (N=1, Q=0.96, MDL=45)
[demo1|mcts|I|Oct23 13:45:05|0:01:08.606198] Iter: 142 | Reward: 0.97976 | Complexity: 17 | R2: 0.99655 | MDL: 45.01176 | Best: [gamma, cos(gamma) / gamma, sqrt(gamma) / cos(gamma), log(gamma)] (N=0, Q=0.00, MDL=45) | Best equation: 0.009612 + -1.2e-05 * gamma + 0.010523 * cos(gamma) / gamma + 0.010186 * log(gamma) | Speed: 346ms/iter (1.7ms/iter) | Time: None | Current: [gamma, gamma / cos(gamma) + gamma, exp(gamma), log(gamma * gamma), gamma * gamma / gamma, sin(gamma), sin(gamma * gamma), gamma / cos(gamma)] (N=1, Q=0.95, MDL=45)
[demo1|mcts|I|Oct23 13:45:05|0:01:08.949139] Iter: 143 | Reward: 0.97976 | Complexity: 17 | R2: 0.99655 | MDL: 45.01176 | Best: [gamma, cos(gamma) / gamma, sqrt(gamma) / cos(gamma), log(gamma)] (N=0, Q=0.00, MDL=45) | Best equation: 0.009612 + -1.2e-05 * gamma + 0.010523 * cos(gamma) / gamma + 0.010186 * log(gamma) | Speed: 346ms/iter (1.7ms/iter) | Time: None | Current: [gamma, gamma / cos(gamma) + gamma, exp(gamma), gamma / (gamma / cos(gamma)), gamma * gamma / gamma, sin(gamma), sin(gamma * gamma), gamma / cos(gamma)] (N=1, Q=0.96, MDL=48)
[demo1|mcts|I|Oct23 13:45:06|0:01:09.256762] Iter: 144 | Reward: 0.97976 | Complexity: 17 | R2: 0.99655 | MDL: 45.01176 | Best: [gamma, cos(gamma) / gamma, sqrt(gamma) / cos(gamma), log(gamma)] (N=0, Q=0.00, MDL=45) | Best equation: 0.009612 + -1.2e-05 * gamma + 0.010523 * cos(gamma) / gamma + 0.010186 * log(gamma) | Speed: 345ms/iter (1.7ms/iter) | Time: None | Current: [gamma, gamma / cos(gamma) + gamma, exp(gamma), gamma / (gamma / cos(gamma)), sin(gamma) / gamma, sin(gamma), sin(gamma * gamma), gamma / cos(gamma)] (N=1, Q=0.96, MDL=48)
[demo1|mcts|I|Oct23 13:45:06|0:01:09.598894] Iter: 145 | Reward: 0.97976 | Complexity: 17 | R2: 0.99655 | MDL: 45.01176 | Best: [gamma, cos(gamma) / gamma, sqrt(gamma) / cos(gamma), log(gamma)] (N=0, Q=0.00, MDL=45) | Best equation: 0.009612 + -1.2e-05 * gamma + 0.010523 * cos(gamma) / gamma + 0.010186 * log(gamma) | Speed: 345ms/iter (1.7ms/iter) | Time: None | Current: [gamma, gamma / cos(gamma) + gamma, exp(gamma), sin(gamma) / gamma + sin(gamma), sin(gamma) / gamma, sin(gamma), sin(gamma * gamma), gamma / cos(gamma)] (N=1, Q=0.96, MDL=48)
[demo1|mcts|I|Oct23 13:45:06|0:01:09.920154] Iter: 146 | Reward: 0.97976 | Complexity: 17 | R2: 0.99655 | MDL: 45.01176 | Best: [gamma, cos(gamma) / gamma, sqrt(gamma) / cos(gamma), log(gamma)] (N=0, Q=0.00, MDL=45) | Best equation: 0.009612 + -1.2e-05 * gamma + 0.010523 * cos(gamma) / gamma + 0.010186 * log(gamma) | Speed: 345ms/iter (1.7ms/iter) | Time: None | Current: [gamma, sin(gamma) + sin(gamma), exp(gamma), sin(gamma) / gamma + sin(gamma), sin(gamma) / gamma, sin(gamma), sin(gamma * gamma), gamma / cos(gamma)] (N=1, Q=0.96, MDL=48)
[demo1|mcts|I|Oct23 13:45:07|0:01:10.238856] Iter: 147 | Reward: 0.97976 | Complexity: 17 | R2: 0.99655 | MDL: 45.01176 | Best: [gamma, cos(gamma) / gamma, sqrt(gamma) / cos(gamma), log(gamma)] (N=0, Q=0.00, MDL=45) | Best equation: 0.009612 + -1.2e-05 * gamma + 0.010523 * cos(gamma) / gamma + 0.010186 * log(gamma) | Speed: 345ms/iter (1.7ms/iter) | Time: None | Current: [gamma, sqrt(gamma), exp(gamma), sin(gamma) / gamma + sin(gamma), sin(gamma) / gamma, sin(gamma), sin(gamma * gamma), gamma / cos(gamma)] (N=1, Q=0.96, MDL=46)
[demo1|mcts|I|Oct23 13:45:07|0:01:10.547818] Iter: 148 | Reward: 0.97976 | Complexity: 17 | R2: 0.99655 | MDL: 45.01176 | Best: [gamma, cos(gamma) / gamma, sqrt(gamma) / cos(gamma), log(gamma)] (N=0, Q=0.00, MDL=45) | Best equation: 0.009612 + -1.2e-05 * gamma + 0.010523 * cos(gamma) / gamma + 0.010186 * log(gamma) | Speed: 345ms/iter (1.7ms/iter) | Time: None | Current: [gamma, sqrt(gamma), exp(gamma), log(exp(gamma)), sin(gamma) / gamma, sin(gamma), sin(gamma * gamma), gamma / cos(gamma)] (N=1, Q=0.95, MDL=45)
[demo1|mcts|I|Oct23 13:45:07|0:01:10.830493] Iter: 149 | Reward: 0.97976 | Complexity: 17 | R2: 0.99655 | MDL: 45.01176 | Best: [gamma, cos(gamma) / gamma, sqrt(gamma) / cos(gamma), log(gamma)] (N=0, Q=0.00, MDL=45) | Best equation: 0.009612 + -1.2e-05 * gamma + 0.010523 * cos(gamma) / gamma + 0.010186 * log(gamma) | Speed: 344ms/iter (1.7ms/iter) | Time: None | Current: [gamma, sqrt(gamma), exp(gamma), log(exp(gamma)), sqrt(gamma) * exp(gamma), sin(gamma), sin(gamma * gamma), gamma / cos(gamma)] (N=1, Q=0.96, MDL=43)
[demo1|mcts|I|Oct23 13:45:08|0:01:11.131610] Iter: 150 | Reward: 0.97976 | Complexity: 17 | R2: 0.99655 | MDL: 45.01176 | Best: [gamma, cos(gamma) / gamma, sqrt(gamma) / cos(gamma), log(gamma)] (N=0, Q=0.00, MDL=45) | Best equation: 0.009612 + -1.2e-05 * gamma + 0.010523 * cos(gamma) / gamma + 0.010186 * log(gamma) | Speed: 344ms/iter (1.7ms/iter) | Time: None | Current: [gamma, sqrt(gamma), exp(gamma), log(exp(gamma)) / gamma, sqrt(gamma) * exp(gamma), sin(gamma), sin(gamma * gamma), gamma / cos(gamma)] (N=1, Q=0.96, MDL=45)
[demo1|search|N|Oct23 13:47:56|0:03:59.286993] Interrupted
[demo1|single_test|E|Oct23 13:47:56|0:03:59.289243] (pix/single_test.py:321) 测试过程中出现错误: cannot access local variable 'loss' where it is not associated with a value
