[demo1|search|I|Dec18 00:11:21|0:00:00.000165] {
          dataset: default
          name: demo1
          seed: 0
          tot_steps: 300000
          device: cuda
          continue_from: None
          load_model: weights/checkpoint.pth
          lr: 0.001
          batch_size: 10
          warmup_steps: 100
          dropout: 0.1
          d_model: 512
          d_input: 64
          d_output: 512
          n_TE_layers: 8
          max_len: 30
          max_param: 5
          max_var: 10
          quiet: False
          save_equations: 0
          AMP: False
          grad_clip: None
          uniform_sample_number: 400
          pred_loss_weight: 1.0
          clip_loss_weight: 1.0
          num_workers: 0
          simplify: True
          normalize_loss: True
          normalize_X: True
          normalize_y: True
          function: f=0.01*cos(x)/(x*x) + 0.01*x*log(x) + 0.01
          domain: x1:1,20
          avoid_zero_eps: 0.05
          sample_num: 512
          n_iter: 150
          c: 1.0
          child_num: 50
          n_playout: 20
          d_playout: 10
          eta: 0.999
          complexity_alpha: 1.0
          complexity_limit: None
          keep_vars: True
          normalize_all: False
          remove_abnormal: True
          use_old_model: False
          cheat: False
          disable_prod_model: True
          max_power_abs: None
          max_nesting_depth: 4
          extra_leaf: 
          custom_binary_ops: Add,Mul,Div
          custom_unary_ops: Cos,Log,Sin,Exp,Sqrt
          custom_leaf_ops: 
          use_custom_ops_only: True
          save_dir: ./results/search/demo1
        }
[demo1|single_test|I|Dec18 00:11:21|0:00:00.002714] Shared log file: /Users/oscar/Desktop/OX/CS/AI/PDE/PDExplorer/PiX/results/logs/20251218_001118/pix.log
[demo1|search|I|Dec18 00:11:25|0:00:00.000232] {
          dataset: default
          name: demo1
          seed: 0
          tot_steps: 300000
          device: cuda
          continue_from: None
          load_model: weights/checkpoint.pth
          lr: 0.001
          batch_size: 10
          warmup_steps: 100
          dropout: 0.1
          d_model: 512
          d_input: 64
          d_output: 512
          n_TE_layers: 8
          max_len: 30
          max_param: 5
          max_var: 10
          quiet: False
          save_equations: 0
          AMP: False
          grad_clip: None
          uniform_sample_number: 400
          pred_loss_weight: 1.0
          clip_loss_weight: 1.0
          num_workers: 0
          simplify: True
          normalize_loss: True
          normalize_X: True
          normalize_y: True
          function: f=0.01*cos(x)/(x*x) + 0.01*x*log(x) + 0.01
          domain: x1:1,20
          avoid_zero_eps: 0.05
          sample_num: 512
          n_iter: 150
          c: 1.0
          child_num: 50
          n_playout: 20
          d_playout: 10
          eta: 0.999
          complexity_alpha: 1.0
          complexity_limit: None
          keep_vars: True
          normalize_all: False
          remove_abnormal: True
          use_old_model: False
          cheat: False
          disable_prod_model: True
          max_power_abs: None
          max_nesting_depth: 4
          extra_leaf: 
          custom_binary_ops: Add,Mul,Div
          custom_unary_ops: Cos,Log,Sin,Exp,Sqrt
          custom_leaf_ops: 
          use_custom_ops_only: True
          save_dir: ./results/search/demo1
        }
[demo1|single_test|I|Dec18 00:11:25|0:00:00.023879] 开始单次测试 | 模式=bfsearch_new_sr | 假设=[0, 1, 2, 4, 5, 7, 8, 10, 14, 15, 32]
[demo1|pde_solver|I|Dec18 00:11:26|0:00:00.687767] [pde_solver] Starting PDE solving for Fy=0.000000
[demo1|pde_solver|I|Dec18 00:11:31|0:00:05.404453] [pde_solver] Estimated global g = -0.000169934
[demo1|pde_solver|I|Dec18 00:11:31|0:00:05.405096] [pde_solver] Solve time: 4.647 s (mode=ls)
[demo1|search|N|Dec18 00:11:31|0:00:06.163738] CUDA not available: forcing model device to CPU
[demo1|search|I|Dec18 00:11:32|0:00:06.377985] [SR4MDL] Tokenizer init: 0.524s | Model build+load: 0.214s | device=cpu | model_path=/Users/oscar/Desktop/OX/CS/AI/PDE/PDExplorer/PiX/pix/methods/SR4MDL/weights/checkpoint.pth
[demo1|search|D|Dec18 00:11:32|0:00:06.378119] [SR4MDL] Using cached model+tokenizer
[demo1|search|N|Dec18 00:11:32|0:00:06.383680] Using custom binary operators only: ['Add', 'Mul', 'Div']
[demo1|search|N|Dec18 00:11:32|0:00:06.383739] Using custom unary operators only: ['Cos', 'Log', 'Sin', 'Exp', 'Sqrt']
[demo1|search|N|Dec18 00:11:32|0:00:06.383767] Using custom leaf constants only: []
[demo1|search|N|Dec18 00:11:32|0:00:06.383815] target function: dataset-override
        binary operators: [Add, Mul, Div]
        unary operators: [Cos, Log, Sin, Exp, Sqrt]
        leaf: []
        variables: [gamma]
        domain: {}
        N: 512
[demo1|mcts|W|Dec18 00:11:32|0:00:06.384417] (pix/methods/SR4MDL/sr4mdl/search/mcts.py:203) Unknown args: log_per_sec=inf
[demo1|mcts|I|Dec18 00:13:13|0:01:47.892330] Iter: 25 | Reward: 0.98781 | Complexity: 10 | R2: 0.99774 | MDL: 33.66484 | Best: [gamma, sqrt(gamma)] (N=0, Q=0.00, MDL=34) | Best equation: 0.588474 + 0.0816 * gamma + -0.405814 * sqrt(gamma) | Speed: 4.1s/iter (20ms/iter) | Time: None | Current: [gamma, cos(gamma), log(gamma), gamma / sqrt(gamma), exp(log(gamma)) / gamma, sqrt(gamma), gamma / sqrt(gamma) + sqrt(gamma), gamma * gamma] (N=1, Q=0.97, MDL=36)
[demo1|mcts|I|Dec18 00:15:05|0:03:39.385706] Iter: 50 | Reward: 0.98781 | Complexity: 10 | R2: 0.99774 | MDL: 33.66484 | Best: [gamma, sqrt(gamma)] (N=0, Q=0.00, MDL=34) | Best equation: 0.588474 + 0.0816 * gamma + -0.405814 * sqrt(gamma) | Speed: 4.3s/iter (21ms/iter) | Time: None | Current: [gamma, log(sqrt(gamma)), gamma / sqrt(gamma), exp(log(gamma) / gamma), sin(gamma / sqrt(gamma)), sqrt(gamma), sqrt(gamma) * sqrt(gamma), log(gamma) / gamma] (N=1, Q=0.98, MDL=30)
[demo1|mcts|I|Dec18 00:17:07|0:05:41.209691] Iter: 75 | Reward: 0.98781 | Complexity: 10 | R2: 0.99774 | MDL: 33.66484 | Best: [gamma, sqrt(gamma)] (N=0, Q=0.00, MDL=34) | Best equation: 0.588474 + 0.0816 * gamma + -0.405814 * sqrt(gamma) | Speed: 4.5s/iter (22ms/iter) | Time: None | Current: [gamma, sqrt(gamma) / gamma, sqrt(sqrt(sqrt(gamma))), gamma + gamma, cos(gamma * gamma), gamma / cos(gamma * gamma), sqrt(sqrt(gamma)) / gamma, sqrt(sqrt(gamma))] (N=1, Q=0.98, MDL=37)
[demo1|mcts|I|Dec18 00:19:14|0:07:48.489696] Iter: 100 | Reward: 0.98781 | Complexity: 10 | R2: 0.99774 | MDL: 33.66484 | Best: [gamma, sqrt(gamma)] (N=0, Q=0.00, MDL=34) | Best equation: 0.588474 + 0.0816 * gamma + -0.405814 * sqrt(gamma) | Speed: 4.6s/iter (23ms/iter) | Time: None | Current: [gamma, log(gamma) * log(gamma), log(gamma), log(gamma + gamma), gamma / (gamma + gamma), gamma / log(gamma + gamma), sqrt(sqrt(gamma) / gamma), cos(gamma)] (N=1, Q=0.98, MDL=35)
[demo1|search|I|Dec18 00:19:14|0:07:48.491506] Finished
