[demo1|search|I|Dec17 23:20:43|0:00:00.000132] {
          dataset: default
          name: demo1
          seed: 0
          tot_steps: 300000
          device: cuda
          continue_from: None
          load_model: weights/checkpoint.pth
          lr: 0.001
          batch_size: 10
          warmup_steps: 100
          dropout: 0.1
          d_model: 512
          d_input: 64
          d_output: 512
          n_TE_layers: 8
          max_len: 30
          max_param: 5
          max_var: 10
          quiet: False
          save_equations: 0
          AMP: False
          grad_clip: None
          uniform_sample_number: 400
          pred_loss_weight: 1.0
          clip_loss_weight: 1.0
          num_workers: 0
          simplify: True
          normalize_loss: True
          normalize_X: True
          normalize_y: True
          function: f=0.01*cos(x)/(x*x) + 0.01*x*log(x) + 0.01
          domain: x1:1,20
          avoid_zero_eps: 0.05
          sample_num: 512
          n_iter: 150
          c: 1.0
          child_num: 50
          n_playout: 20
          d_playout: 10
          eta: 0.999
          complexity_alpha: 1.0
          complexity_limit: None
          keep_vars: True
          normalize_all: False
          remove_abnormal: True
          use_old_model: False
          cheat: False
          disable_prod_model: True
          max_power_abs: None
          max_nesting_depth: 4
          extra_leaf: 
          custom_binary_ops: Add,Mul,Div
          custom_unary_ops: Cos,Log,Sin,Exp,Sqrt
          custom_leaf_ops: 
          use_custom_ops_only: True
          save_dir: ./results/search/demo1
        }
[demo1|single_test|I|Dec17 23:20:43|0:00:00.002931] Shared log file: /Users/oscar/Desktop/OX/CS/AI/PDE/PDExplorer/PiX/results/logs/20251217_232040/pix.log
[demo1|search|I|Dec17 23:20:49|0:00:00.000149] {
          dataset: default
          name: demo1
          seed: 0
          tot_steps: 300000
          device: cuda
          continue_from: None
          load_model: weights/checkpoint.pth
          lr: 0.001
          batch_size: 10
          warmup_steps: 100
          dropout: 0.1
          d_model: 512
          d_input: 64
          d_output: 512
          n_TE_layers: 8
          max_len: 30
          max_param: 5
          max_var: 10
          quiet: False
          save_equations: 0
          AMP: False
          grad_clip: None
          uniform_sample_number: 400
          pred_loss_weight: 1.0
          clip_loss_weight: 1.0
          num_workers: 0
          simplify: True
          normalize_loss: True
          normalize_X: True
          normalize_y: True
          function: f=0.01*cos(x)/(x*x) + 0.01*x*log(x) + 0.01
          domain: x1:1,20
          avoid_zero_eps: 0.05
          sample_num: 512
          n_iter: 150
          c: 1.0
          child_num: 50
          n_playout: 20
          d_playout: 10
          eta: 0.999
          complexity_alpha: 1.0
          complexity_limit: None
          keep_vars: True
          normalize_all: False
          remove_abnormal: True
          use_old_model: False
          cheat: False
          disable_prod_model: True
          max_power_abs: None
          max_nesting_depth: 4
          extra_leaf: 
          custom_binary_ops: Add,Mul,Div
          custom_unary_ops: Cos,Log,Sin,Exp,Sqrt
          custom_leaf_ops: 
          use_custom_ops_only: True
          save_dir: ./results/search/demo1
        }
[demo1|single_test|I|Dec17 23:20:49|0:00:00.022910] 开始单次测试 | 模式=bfsearch_new_sr | 假设=[0, 1, 2, 4, 5, 7, 8, 10, 14, 15, 32]
[demo1|pde_solver|I|Dec17 23:20:50|0:00:00.618469] [pde_solver] Starting PDE solving for Fy=0.000000
[demo1|pde_solver|I|Dec17 23:20:52|0:00:02.871739] [pde_solver] Estimated global g = -0.000756208
[demo1|pde_solver|I|Dec17 23:20:52|0:00:02.871904] [pde_solver] Solve time: 2.187 s (mode=ls)
[demo1|search|N|Dec17 23:20:53|0:00:03.742886] CUDA not available: forcing model device to CPU
[demo1|search|I|Dec17 23:20:53|0:00:03.920294] [SR4MDL] Tokenizer init: 0.798s | Model build+load: 0.177s | device=cpu | model_path=/Users/oscar/Desktop/OX/CS/AI/PDE/PDExplorer/PiX/pix/methods/SR4MDL/weights/checkpoint.pth
[demo1|search|D|Dec17 23:20:53|0:00:03.923495] [SR4MDL] Using cached model+tokenizer
[demo1|search|N|Dec17 23:20:53|0:00:03.929207] Using custom binary operators only: ['Add', 'Mul', 'Div']
[demo1|search|N|Dec17 23:20:53|0:00:03.929256] Using custom unary operators only: ['Cos', 'Log', 'Sin', 'Exp', 'Sqrt']
[demo1|search|N|Dec17 23:20:53|0:00:03.929281] Using custom leaf constants only: []
[demo1|search|N|Dec17 23:20:53|0:00:03.929309] target function: dataset-override
        binary operators: [Add, Mul, Div]
        unary operators: [Cos, Log, Sin, Exp, Sqrt]
        leaf: []
        variables: [gamma]
        domain: {}
        N: 512
[demo1|mcts|W|Dec17 23:20:53|0:00:03.929398] (pix/methods/SR4MDL/sr4mdl/search/mcts.py:203) Unknown args: log_per_sec=inf
[demo1|mcts|I|Dec17 23:22:24|0:01:34.491517] Iter: 25 | Reward: 0.97022 | Complexity: 18 | R2: 0.98770 | MDL: 21.45650 | Best: [gamma, log(gamma), sin(cos(gamma) / gamma)] (N=0, Q=0.00, MDL=21) | Best equation: 0.011973 + 5.8e-05 * gamma + 0.008869 * log(gamma) + 0.010411 * sin(cos(gamma) / gamma) | Speed: 3.6s/iter (18ms/iter) | Time: None | Current: [gamma, cos(gamma), log(gamma), gamma / sqrt(gamma), exp(log(gamma)) / gamma, sqrt(gamma), gamma / sqrt(gamma) + sqrt(gamma), gamma * gamma] (N=1, Q=0.95, MDL=32)
[demo1|mcts|I|Dec17 23:23:58|0:03:08.915040] Iter: 50 | Reward: 0.97022 | Complexity: 18 | R2: 0.98770 | MDL: 21.45650 | Best: [gamma, log(gamma), sin(cos(gamma) / gamma)] (N=0, Q=0.00, MDL=21) | Best equation: 0.011973 + 5.8e-05 * gamma + 0.008869 * log(gamma) + 0.010411 * sin(cos(gamma) / gamma) | Speed: 3.7s/iter (18ms/iter) | Time: None | Current: [gamma, log(sqrt(gamma)), gamma / sqrt(gamma), exp(log(gamma) / gamma), sin(gamma / sqrt(gamma)), sqrt(gamma), sqrt(gamma) * sqrt(gamma), log(gamma) / gamma] (N=1, Q=0.95, MDL=35)
[demo1|mcts|I|Dec17 23:25:40|0:04:50.753060] Iter: 75 | Reward: 0.97022 | Complexity: 18 | R2: 0.98770 | MDL: 21.45650 | Best: [gamma, log(gamma), sin(cos(gamma) / gamma)] (N=0, Q=0.00, MDL=21) | Best equation: 0.011973 + 5.8e-05 * gamma + 0.008869 * log(gamma) + 0.010411 * sin(cos(gamma) / gamma) | Speed: 3.8s/iter (19ms/iter) | Time: None | Current: [gamma, sqrt(gamma) / gamma, sqrt(sqrt(sqrt(gamma))), gamma + gamma, cos(gamma * gamma), gamma / cos(gamma * gamma), sqrt(sqrt(gamma)) / gamma, sqrt(sqrt(gamma))] (N=1, Q=0.96, MDL=46)
[demo1|mcts|I|Dec17 23:27:26|0:06:36.567609] Iter: 100 | Reward: 0.97022 | Complexity: 18 | R2: 0.98770 | MDL: 21.45650 | Best: [gamma, log(gamma), sin(cos(gamma) / gamma)] (N=0, Q=0.00, MDL=21) | Best equation: 0.011973 + 5.8e-05 * gamma + 0.008869 * log(gamma) + 0.010411 * sin(cos(gamma) / gamma) | Speed: 3.9s/iter (20ms/iter) | Time: None | Current: [gamma, log(gamma) * log(gamma), log(gamma), log(gamma + gamma), gamma / (gamma + gamma), gamma / log(gamma + gamma), sqrt(sqrt(gamma) / gamma), cos(gamma)] (N=1, Q=0.96, MDL=34)
[demo1|search|I|Dec17 23:27:26|0:06:36.568800] Finished
