[demo1|search|I|Oct23 13:36:05|0:00:00.000250] {
          dataset: default
          name: demo1
          seed: 0
          tot_steps: 300000
          device: cuda
          continue_from: None
          load_model: weights/checkpoint.pth
          lr: 0.001
          batch_size: 10
          warmup_steps: 100
          dropout: 0.1
          d_model: 512
          d_input: 64
          d_output: 512
          n_TE_layers: 8
          max_len: 30
          max_param: 5
          max_var: 10
          quiet: False
          save_equations: 0
          AMP: False
          grad_clip: None
          uniform_sample_number: 400
          pred_loss_weight: 1.0
          clip_loss_weight: 1.0
          num_workers: 0
          simplify: True
          normalize_loss: True
          normalize_X: True
          normalize_y: True
          function: f=0.1*x**0.3
          domain: x1:1,20
          avoid_zero_eps: 0.05
          sample_num: 512
          n_iter: 150
          c: 1.0
          child_num: 50
          n_playout: 20
          d_playout: 10
          eta: 0.999
          complexity_alpha: 1.0
          complexity_limit: None
          keep_vars: True
          normalize_all: False
          remove_abnormal: True
          use_old_model: False
          cheat: False
          disable_prod_model: True
          max_power_abs: None
          max_nesting_depth: 4
          extra_leaf: 
          custom_binary_ops: Add,Mul,Div
          custom_unary_ops: Cos,Log,Sin,Exp,Sqrt
          custom_leaf_ops: 
          use_custom_ops_only: True
          save_dir: ./results/search/demo1
        }
[demo1|single_test|I|Oct23 13:36:05|0:00:00.002273] Shared log file: /home/ma-user/work/PiX/results/logs/20251023_133601/pix.log
[demo1|single_test|I|Oct23 13:36:13|0:00:07.495092] 开始单次测试 | 模式=bfsearch_new_sr | 假设=[0, 1, 2, 4, 5, 7, 8, 10, 14, 15, 32]
[demo1|pde_solver|I|Oct23 13:36:14|0:00:09.113635] [pde_solver] Assembled A,b,Q with shape A=(80, 80, 240, 2, 2), b=(80, 80, 240, 2), Q=(80, 80, 240, 2); grid=(80,80,240); t_range=[81,85]; mode=ls; eps=1.0e-08; dt=0.0040
[demo1|pde_solver|I|Oct23 13:36:14|0:00:09.113930] [pde_solver] Assembly time: 0.163 s
[demo1|pde_solver|I|Oct23 13:36:17|0:00:12.226611] [pde_solver] Solve time: 3.112 s (mode=ls)
[demo1|search|I|Oct23 13:36:18|0:00:00.000937] {
          dataset: default
          name: demo1
          seed: 0
          tot_steps: 300000
          device: cuda
          continue_from: None
          load_model: weights/checkpoint.pth
          lr: 0.001
          batch_size: 10
          warmup_steps: 100
          dropout: 0.1
          d_model: 512
          d_input: 64
          d_output: 512
          n_TE_layers: 8
          max_len: 30
          max_param: 5
          max_var: 10
          quiet: False
          save_equations: 0
          AMP: False
          grad_clip: None
          uniform_sample_number: 400
          pred_loss_weight: 1.0
          clip_loss_weight: 1.0
          num_workers: 0
          simplify: True
          normalize_loss: True
          normalize_X: True
          normalize_y: True
          function: f=0.1*x**0.3
          domain: x1:1,20
          avoid_zero_eps: 0.05
          sample_num: 512
          n_iter: 150
          c: 1.0
          child_num: 50
          n_playout: 20
          d_playout: 10
          eta: 0.999
          complexity_alpha: 1.0
          complexity_limit: None
          keep_vars: True
          normalize_all: False
          remove_abnormal: True
          use_old_model: False
          cheat: False
          disable_prod_model: True
          max_power_abs: None
          max_nesting_depth: 4
          extra_leaf: 
          custom_binary_ops: Add,Mul,Div
          custom_unary_ops: Cos,Log,Sin,Exp,Sqrt
          custom_leaf_ops: 
          use_custom_ops_only: True
          save_dir: ./results/search/demo1
        }
[demo1|search|I|Oct23 13:36:19|0:00:01.852988] [SR4MDL] Tokenizer init: 1.748s | Model build+load: 0.102s | device=cuda | model_path=/home/ma-user/work/PiX/pix/methods/SR4MDL/weights/checkpoint.pth
[demo1|search|D|Oct23 13:36:19|0:00:01.853196] [SR4MDL] Using cached model+tokenizer
[demo1|search|N|Oct23 13:36:19|0:00:01.854857] Using custom binary operators only: ['Add', 'Mul', 'Div']
[demo1|search|N|Oct23 13:36:19|0:00:01.854969] Using custom unary operators only: ['Cos', 'Log', 'Sin', 'Exp', 'Sqrt']
[demo1|search|N|Oct23 13:36:19|0:00:01.855016] Using custom leaf constants only: []
[demo1|search|N|Oct23 13:36:19|0:00:01.855065] target function: dataset-override
        binary operators: [Add, Mul, Div]
        unary operators: [Cos, Log, Sin, Exp, Sqrt]
        leaf: []
        variables: [gamma]
        domain: {}
        N: 512
[demo1|mcts|I|Oct23 13:36:25|0:00:07.114616] Iter: 18 | Reward: 0.97024 | Complexity: 18 | R2: 0.98773 | MDL: 21.46530 | Best: [gamma, log(gamma), sin(cos(gamma) / gamma)] (N=0, Q=0.00, MDL=21) | Best equation: 0.011971 + 5.8e-05 * gamma + 0.00887 * log(gamma) + 0.010412 * sin(cos(gamma) / gamma) | Speed: 292ms/iter (1.5ms/iter) | Time: None | Current: [gamma, exp(log(gamma)) + exp(log(gamma)), exp(gamma + gamma), cos(gamma + exp(gamma)), exp(log(gamma)) / gamma, gamma + gamma] (N=1, Q=0.95, MDL=40)
[demo1|mcts|I|Oct23 13:36:25|0:00:07.379303] Iter: 19 | Reward: 0.97024 | Complexity: 18 | R2: 0.98773 | MDL: 21.46530 | Best: [gamma, log(gamma), sin(cos(gamma) / gamma)] (N=0, Q=0.00, MDL=21) | Best equation: 0.011971 + 5.8e-05 * gamma + 0.00887 * log(gamma) + 0.010412 * sin(cos(gamma) / gamma) | Speed: 291ms/iter (1.4ms/iter) | Time: None | Current: [gamma, exp(log(gamma)) + exp(log(gamma)), exp(gamma + gamma), cos(gamma + exp(gamma)), exp(log(gamma)) / gamma, sqrt(gamma)] (N=1, Q=0.96, MDL=40)
[demo1|mcts|I|Oct23 13:36:25|0:00:07.669954] Iter: 20 | Reward: 0.97024 | Complexity: 18 | R2: 0.98773 | MDL: 21.46530 | Best: [gamma, log(gamma), sin(cos(gamma) / gamma)] (N=0, Q=0.00, MDL=21) | Best equation: 0.011971 + 5.8e-05 * gamma + 0.00887 * log(gamma) + 0.010412 * sin(cos(gamma) / gamma) | Speed: 291ms/iter (1.4ms/iter) | Time: None | Current: [gamma, exp(log(gamma)) + exp(log(gamma)), log(gamma), cos(gamma + exp(gamma)), exp(log(gamma)) / gamma, sqrt(gamma)] (N=1, Q=0.97, MDL=39)
[demo1|mcts|I|Oct23 13:36:26|0:00:07.944335] Iter: 21 | Reward: 0.97024 | Complexity: 18 | R2: 0.98773 | MDL: 21.46530 | Best: [gamma, log(gamma), sin(cos(gamma) / gamma)] (N=0, Q=0.00, MDL=21) | Best equation: 0.011971 + 5.8e-05 * gamma + 0.00887 * log(gamma) + 0.010412 * sin(cos(gamma) / gamma) | Speed: 290ms/iter (1.4ms/iter) | Time: None | Current: [gamma, exp(log(gamma)) + exp(log(gamma)), log(gamma), gamma / sqrt(gamma), exp(log(gamma)) / gamma, sqrt(gamma)] (N=1, Q=0.95, MDL=36)
[demo1|mcts|I|Oct23 13:36:26|0:00:08.230223] Iter: 22 | Reward: 0.97024 | Complexity: 18 | R2: 0.98773 | MDL: 21.46530 | Best: [gamma, log(gamma), sin(cos(gamma) / gamma)] (N=0, Q=0.00, MDL=21) | Best equation: 0.011971 + 5.8e-05 * gamma + 0.00887 * log(gamma) + 0.010412 * sin(cos(gamma) / gamma) | Speed: 290ms/iter (1.4ms/iter) | Time: None | Current: [gamma, exp(log(gamma)) + exp(log(gamma)), log(gamma), gamma / sqrt(gamma), exp(log(gamma)) / gamma, sqrt(gamma), gamma / sqrt(gamma) + sqrt(gamma)] (N=1, Q=0.96, MDL=35)
[demo1|mcts|I|Oct23 13:36:26|0:00:08.531479] Iter: 23 | Reward: 0.97024 | Complexity: 18 | R2: 0.98773 | MDL: 21.46530 | Best: [gamma, log(gamma), sin(cos(gamma) / gamma)] (N=0, Q=0.00, MDL=21) | Best equation: 0.011971 + 5.8e-05 * gamma + 0.00887 * log(gamma) + 0.010412 * sin(cos(gamma) / gamma) | Speed: 290ms/iter (1.4ms/iter) | Time: None | Current: [gamma, cos(gamma), log(gamma), gamma / sqrt(gamma), exp(log(gamma)) / gamma, sqrt(gamma), gamma / sqrt(gamma) + sqrt(gamma)] (N=1, Q=0.96, MDL=37)
[demo1|mcts|I|Oct23 13:36:27|0:00:09.045167] Iter: 24 | Reward: 0.97024 | Complexity: 18 | R2: 0.98773 | MDL: 21.46530 | Best: [gamma, log(gamma), sin(cos(gamma) / gamma)] (N=0, Q=0.00, MDL=21) | Best equation: 0.011971 + 5.8e-05 * gamma + 0.00887 * log(gamma) + 0.010412 * sin(cos(gamma) / gamma) | Speed: 300ms/iter (1.5ms/iter) | Time: None | Current: [gamma, cos(gamma), log(gamma), gamma / sqrt(gamma), exp(log(gamma)) / gamma, sqrt(gamma), gamma / sqrt(gamma) + sqrt(gamma), gamma / sqrt(gamma) / gamma] (N=1, Q=0.96, MDL=32)
[demo1|mcts|I|Oct23 13:36:27|0:00:09.361438] Iter: 25 | Reward: 0.97024 | Complexity: 18 | R2: 0.98773 | MDL: 21.46530 | Best: [gamma, log(gamma), sin(cos(gamma) / gamma)] (N=0, Q=0.00, MDL=21) | Best equation: 0.011971 + 5.8e-05 * gamma + 0.00887 * log(gamma) + 0.010412 * sin(cos(gamma) / gamma) | Speed: 300ms/iter (1.5ms/iter) | Time: None | Current: [gamma, cos(gamma), log(gamma), gamma / sqrt(gamma), exp(log(gamma)) / gamma, sqrt(gamma), gamma / sqrt(gamma) + sqrt(gamma), gamma * gamma] (N=1, Q=0.95, MDL=32)
[demo1|mcts|I|Oct23 13:36:27|0:00:09.671471] Iter: 26 | Reward: 0.97024 | Complexity: 18 | R2: 0.98773 | MDL: 21.46530 | Best: [gamma, log(gamma), sin(cos(gamma) / gamma)] (N=0, Q=0.00, MDL=21) | Best equation: 0.011971 + 5.8e-05 * gamma + 0.00887 * log(gamma) + 0.010412 * sin(cos(gamma) / gamma) | Speed: 301ms/iter (1.5ms/iter) | Time: None | Current: [gamma, log(gamma) / sqrt(gamma), log(gamma), gamma / sqrt(gamma), exp(log(gamma)) / gamma, sqrt(gamma), gamma / sqrt(gamma) + sqrt(gamma), gamma * gamma] (N=1, Q=0.95, MDL=31)
[demo1|mcts|I|Oct23 13:36:28|0:00:09.984554] Iter: 27 | Reward: 0.97024 | Complexity: 18 | R2: 0.98773 | MDL: 21.46530 | Best: [gamma, log(gamma), sin(cos(gamma) / gamma)] (N=0, Q=0.00, MDL=21) | Best equation: 0.011971 + 5.8e-05 * gamma + 0.00887 * log(gamma) + 0.010412 * sin(cos(gamma) / gamma) | Speed: 301ms/iter (1.5ms/iter) | Time: None | Current: [gamma, log(gamma) / sqrt(gamma), log(gamma), gamma / sqrt(gamma), exp(log(gamma)) / gamma, sqrt(gamma), gamma / sqrt(gamma) + sqrt(gamma), exp(gamma * gamma)] (N=1, Q=0.94, MDL=32)
[demo1|mcts|I|Oct23 13:36:28|0:00:10.324801] Iter: 28 | Reward: 0.97024 | Complexity: 18 | R2: 0.98773 | MDL: 21.46530 | Best: [gamma, log(gamma), sin(cos(gamma) / gamma)] (N=0, Q=0.00, MDL=21) | Best equation: 0.011971 + 5.8e-05 * gamma + 0.00887 * log(gamma) + 0.010412 * sin(cos(gamma) / gamma) | Speed: 302ms/iter (1.5ms/iter) | Time: None | Current: [gamma, log(gamma) / sqrt(gamma), log(gamma), gamma / sqrt(gamma), exp(log(gamma)) / gamma, sqrt(gamma), gamma / sqrt(gamma) + sqrt(gamma), cos(gamma)] (N=1, Q=0.96, MDL=32)
[demo1|mcts|I|Oct23 13:36:28|0:00:10.639801] Iter: 29 | Reward: 0.97024 | Complexity: 18 | R2: 0.98773 | MDL: 21.46530 | Best: [gamma, log(gamma), sin(cos(gamma) / gamma)] (N=0, Q=0.00, MDL=21) | Best equation: 0.011971 + 5.8e-05 * gamma + 0.00887 * log(gamma) + 0.010412 * sin(cos(gamma) / gamma) | Speed: 303ms/iter (1.5ms/iter) | Time: None | Current: [gamma, log(gamma) / sqrt(gamma), log(gamma), gamma / sqrt(gamma), gamma * gamma, sqrt(gamma), gamma / sqrt(gamma) + sqrt(gamma), cos(gamma)] (N=1, Q=0.96, MDL=30)
[demo1|mcts|I|Oct23 13:36:29|0:00:10.968341] Iter: 30 | Reward: 0.97024 | Complexity: 18 | R2: 0.98773 | MDL: 21.46530 | Best: [gamma, log(gamma), sin(cos(gamma) / gamma)] (N=0, Q=0.00, MDL=21) | Best equation: 0.011971 + 5.8e-05 * gamma + 0.00887 * log(gamma) + 0.010412 * sin(cos(gamma) / gamma) | Speed: 304ms/iter (1.5ms/iter) | Time: None | Current: [gamma, log(gamma) / sqrt(gamma), log(gamma), gamma / sqrt(gamma), gamma * gamma, sqrt(gamma), log(gamma) / sqrt(gamma) / gamma, cos(gamma)] (N=1, Q=0.96, MDL=33)
[demo1|mcts|I|Oct23 13:36:29|0:00:11.523804] Iter: 31 | Reward: 0.97024 | Complexity: 18 | R2: 0.98773 | MDL: 21.46530 | Best: [gamma, log(gamma), sin(cos(gamma) / gamma)] (N=0, Q=0.00, MDL=21) | Best equation: 0.011971 + 5.8e-05 * gamma + 0.00887 * log(gamma) + 0.010412 * sin(cos(gamma) / gamma) | Speed: 312ms/iter (1.6ms/iter) | Time: None | Current: [gamma, log(gamma) / sqrt(gamma), log(gamma), gamma / sqrt(gamma), gamma * gamma, sqrt(gamma), log(gamma / sqrt(gamma)), cos(gamma)] (N=1, Q=0.96, MDL=31)
[demo1|mcts|I|Oct23 13:36:29|0:00:11.842850] Iter: 32 | Reward: 0.97024 | Complexity: 18 | R2: 0.98773 | MDL: 21.46530 | Best: [gamma, log(gamma), sin(cos(gamma) / gamma)] (N=0, Q=0.00, MDL=21) | Best equation: 0.011971 + 5.8e-05 * gamma + 0.00887 * log(gamma) + 0.010412 * sin(cos(gamma) / gamma) | Speed: 312ms/iter (1.6ms/iter) | Time: None | Current: [gamma, log(gamma) / sqrt(gamma), log(gamma), cos(gamma) + gamma, gamma * gamma, sqrt(gamma), log(gamma / sqrt(gamma)), cos(gamma)] (N=1, Q=0.95, MDL=36)
[demo1|mcts|I|Oct23 13:36:30|0:00:12.168815] Iter: 33 | Reward: 0.97024 | Complexity: 18 | R2: 0.98773 | MDL: 21.46530 | Best: [gamma, log(gamma), sin(cos(gamma) / gamma)] (N=0, Q=0.00, MDL=21) | Best equation: 0.011971 + 5.8e-05 * gamma + 0.00887 * log(gamma) + 0.010412 * sin(cos(gamma) / gamma) | Speed: 313ms/iter (1.6ms/iter) | Time: None | Current: [gamma, log(gamma) / sqrt(gamma), log(gamma), cos(gamma) + gamma, gamma * gamma, sqrt(gamma), log(gamma / sqrt(gamma)), log(gamma) / gamma] (N=1, Q=0.95, MDL=34)
[demo1|mcts|I|Oct23 13:36:30|0:00:12.491434] Iter: 34 | Reward: 0.97024 | Complexity: 18 | R2: 0.98773 | MDL: 21.46530 | Best: [gamma, log(gamma), sin(cos(gamma) / gamma)] (N=0, Q=0.00, MDL=21) | Best equation: 0.011971 + 5.8e-05 * gamma + 0.00887 * log(gamma) + 0.010412 * sin(cos(gamma) / gamma) | Speed: 313ms/iter (1.6ms/iter) | Time: None | Current: [gamma, log(gamma) / sqrt(gamma), log(gamma), cos(gamma) + gamma, gamma * gamma * gamma, sqrt(gamma), log(gamma / sqrt(gamma)), log(gamma) / gamma] (N=1, Q=0.95, MDL=34)
[demo1|mcts|I|Oct23 13:36:30|0:00:12.812866] Iter: 35 | Reward: 0.97024 | Complexity: 18 | R2: 0.98773 | MDL: 21.46530 | Best: [gamma, log(gamma), sin(cos(gamma) / gamma)] (N=0, Q=0.00, MDL=21) | Best equation: 0.011971 + 5.8e-05 * gamma + 0.00887 * log(gamma) + 0.010412 * sin(cos(gamma) / gamma) | Speed: 313ms/iter (1.6ms/iter) | Time: None | Current: [gamma, log(gamma) / sqrt(gamma), log(gamma), gamma * log(gamma), gamma * gamma * gamma, sqrt(gamma), log(gamma / sqrt(gamma)), log(gamma) / gamma] (N=1, Q=0.95, MDL=35)
[demo1|mcts|I|Oct23 13:36:31|0:00:13.120151] Iter: 36 | Reward: 0.97024 | Complexity: 18 | R2: 0.98773 | MDL: 21.46530 | Best: [gamma, log(gamma), sin(cos(gamma) / gamma)] (N=0, Q=0.00, MDL=21) | Best equation: 0.011971 + 5.8e-05 * gamma + 0.00887 * log(gamma) + 0.010412 * sin(cos(gamma) / gamma) | Speed: 313ms/iter (1.6ms/iter) | Time: None | Current: [gamma, log(gamma) / sqrt(gamma), log(gamma), gamma + gamma, gamma * gamma * gamma, sqrt(gamma), log(gamma / sqrt(gamma)), log(gamma) / gamma] (N=1, Q=0.95, MDL=36)
[demo1|mcts|I|Oct23 13:36:31|0:00:13.448104] Iter: 37 | Reward: 0.97024 | Complexity: 18 | R2: 0.98773 | MDL: 21.46530 | Best: [gamma, log(gamma), sin(cos(gamma) / gamma)] (N=0, Q=0.00, MDL=21) | Best equation: 0.011971 + 5.8e-05 * gamma + 0.00887 * log(gamma) + 0.010412 * sin(cos(gamma) / gamma) | Speed: 313ms/iter (1.6ms/iter) | Time: None | Current: [gamma, log(gamma) / sqrt(gamma), cos(log(gamma)), gamma + gamma, gamma * gamma * gamma, sqrt(gamma), log(gamma / sqrt(gamma)), log(gamma) / gamma] (N=1, Q=0.96, MDL=44)
[demo1|mcts|I|Oct23 13:36:31|0:00:13.773175] Iter: 38 | Reward: 0.97024 | Complexity: 18 | R2: 0.98773 | MDL: 21.46530 | Best: [gamma, log(gamma), sin(cos(gamma) / gamma)] (N=0, Q=0.00, MDL=21) | Best equation: 0.011971 + 5.8e-05 * gamma + 0.00887 * log(gamma) + 0.010412 * sin(cos(gamma) / gamma) | Speed: 314ms/iter (1.6ms/iter) | Time: None | Current: [gamma, log(gamma) / sqrt(gamma), cos(log(gamma)), gamma + gamma, gamma * gamma * gamma, sqrt(gamma), (gamma + gamma) / sqrt(gamma), log(gamma) / gamma] (N=1, Q=0.95, MDL=44)
[demo1|mcts|I|Oct23 13:36:32|0:00:14.411252] Iter: 39 | Reward: 0.97024 | Complexity: 18 | R2: 0.98773 | MDL: 21.46530 | Best: [gamma, log(gamma), sin(cos(gamma) / gamma)] (N=0, Q=0.00, MDL=21) | Best equation: 0.011971 + 5.8e-05 * gamma + 0.00887 * log(gamma) + 0.010412 * sin(cos(gamma) / gamma) | Speed: 322ms/iter (1.6ms/iter) | Time: None | Current: [gamma, log(gamma) / sqrt(gamma), cos(log(gamma)), gamma + gamma, gamma * gamma * gamma, sqrt(gamma), gamma / (gamma * gamma * gamma), log(gamma) / gamma] (N=1, Q=0.95, MDL=45)
[demo1|mcts|I|Oct23 13:36:32|0:00:14.720818] Iter: 40 | Reward: 0.97024 | Complexity: 18 | R2: 0.98773 | MDL: 21.46530 | Best: [gamma, log(gamma), sin(cos(gamma) / gamma)] (N=0, Q=0.00, MDL=21) | Best equation: 0.011971 + 5.8e-05 * gamma + 0.00887 * log(gamma) + 0.010412 * sin(cos(gamma) / gamma) | Speed: 322ms/iter (1.6ms/iter) | Time: None | Current: [gamma, log(gamma) / sqrt(gamma), cos(log(gamma)), gamma + gamma, gamma * gamma * gamma, sqrt(gamma), gamma + gamma + gamma, log(gamma) / gamma] (N=1, Q=0.95, MDL=40)
[demo1|mcts|I|Oct23 13:36:33|0:00:15.035631] Iter: 41 | Reward: 0.97024 | Complexity: 18 | R2: 0.98773 | MDL: 21.46530 | Best: [gamma, log(gamma), sin(cos(gamma) / gamma)] (N=0, Q=0.00, MDL=21) | Best equation: 0.011971 + 5.8e-05 * gamma + 0.00887 * log(gamma) + 0.010412 * sin(cos(gamma) / gamma) | Speed: 321ms/iter (1.6ms/iter) | Time: None | Current: [gamma, log(gamma) / sqrt(gamma), cos(sqrt(gamma)), gamma + gamma, gamma * gamma * gamma, sqrt(gamma), gamma + gamma + gamma, log(gamma) / gamma] (N=1, Q=0.95, MDL=42)
[demo1|mcts|I|Oct23 13:36:33|0:00:15.362754] Iter: 42 | Reward: 0.97024 | Complexity: 18 | R2: 0.98773 | MDL: 21.46530 | Best: [gamma, log(gamma), sin(cos(gamma) / gamma)] (N=0, Q=0.00, MDL=21) | Best equation: 0.011971 + 5.8e-05 * gamma + 0.00887 * log(gamma) + 0.010412 * sin(cos(gamma) / gamma) | Speed: 322ms/iter (1.6ms/iter) | Time: None | Current: [gamma, log(gamma) / sqrt(gamma), cos(sqrt(gamma)), gamma * sqrt(gamma), gamma * gamma * gamma, sqrt(gamma), gamma + gamma + gamma, log(gamma) / gamma] (N=1, Q=0.96, MDL=42)
[demo1|mcts|I|Oct23 13:36:33|0:00:15.679217] Iter: 43 | Reward: 0.97024 | Complexity: 18 | R2: 0.98773 | MDL: 21.46530 | Best: [gamma, log(gamma), sin(cos(gamma) / gamma)] (N=0, Q=0.00, MDL=21) | Best equation: 0.011971 + 5.8e-05 * gamma + 0.00887 * log(gamma) + 0.010412 * sin(cos(gamma) / gamma) | Speed: 321ms/iter (1.6ms/iter) | Time: None | Current: [gamma, sqrt(gamma) + sqrt(gamma), cos(sqrt(gamma)), gamma * sqrt(gamma), gamma * gamma * gamma, sqrt(gamma), gamma + gamma + gamma, log(gamma) / gamma] (N=1, Q=0.96, MDL=42)
[demo1|mcts|I|Oct23 13:36:34|0:00:16.014712] Iter: 44 | Reward: 0.97024 | Complexity: 18 | R2: 0.98773 | MDL: 21.46530 | Best: [gamma, log(gamma), sin(cos(gamma) / gamma)] (N=0, Q=0.00, MDL=21) | Best equation: 0.011971 + 5.8e-05 * gamma + 0.00887 * log(gamma) + 0.010412 * sin(cos(gamma) / gamma) | Speed: 322ms/iter (1.6ms/iter) | Time: None | Current: [gamma, log(sqrt(gamma)), cos(sqrt(gamma)), gamma * sqrt(gamma), gamma * gamma * gamma, sqrt(gamma), gamma + gamma + gamma, log(gamma) / gamma] (N=1, Q=0.95, MDL=42)
[demo1|mcts|I|Oct23 13:36:34|0:00:16.343946] Iter: 45 | Reward: 0.97024 | Complexity: 18 | R2: 0.98773 | MDL: 21.46530 | Best: [gamma, log(gamma), sin(cos(gamma) / gamma)] (N=0, Q=0.00, MDL=21) | Best equation: 0.011971 + 5.8e-05 * gamma + 0.00887 * log(gamma) + 0.010412 * sin(cos(gamma) / gamma) | Speed: 322ms/iter (1.6ms/iter) | Time: None | Current: [gamma, log(sqrt(gamma)), cos(sqrt(gamma)), gamma * sqrt(gamma), gamma / (gamma * gamma * gamma), sqrt(gamma), gamma + gamma + gamma, log(gamma) / gamma] (N=1, Q=0.96, MDL=41)
[demo1|mcts|I|Oct23 13:36:34|0:00:16.667839] Iter: 46 | Reward: 0.97024 | Complexity: 18 | R2: 0.98773 | MDL: 21.46530 | Best: [gamma, log(gamma), sin(cos(gamma) / gamma)] (N=0, Q=0.00, MDL=21) | Best equation: 0.011971 + 5.8e-05 * gamma + 0.00887 * log(gamma) + 0.010412 * sin(cos(gamma) / gamma) | Speed: 322ms/iter (1.6ms/iter) | Time: None | Current: [gamma, log(sqrt(gamma)), cos(sqrt(gamma)), exp(log(gamma) / gamma), gamma / (gamma * gamma * gamma), sqrt(gamma), gamma + gamma + gamma, log(gamma) / gamma] (N=1, Q=0.96, MDL=40)
[demo1|mcts|I|Oct23 13:36:35|0:00:17.006346] Iter: 47 | Reward: 0.97024 | Complexity: 18 | R2: 0.98773 | MDL: 21.46530 | Best: [gamma, log(gamma), sin(cos(gamma) / gamma)] (N=0, Q=0.00, MDL=21) | Best equation: 0.011971 + 5.8e-05 * gamma + 0.00887 * log(gamma) + 0.010412 * sin(cos(gamma) / gamma) | Speed: 322ms/iter (1.6ms/iter) | Time: None | Current: [gamma, log(sqrt(gamma)), cos(sqrt(gamma)), exp(log(gamma) / gamma), log(sqrt(gamma)) * sqrt(gamma), sqrt(gamma), gamma + gamma + gamma, log(gamma) / gamma] (N=1, Q=0.96, MDL=40)
[demo1|mcts|I|Oct23 13:36:35|0:00:17.703439] Iter: 48 | Reward: 0.97024 | Complexity: 18 | R2: 0.98773 | MDL: 21.46530 | Best: [gamma, log(gamma), sin(cos(gamma) / gamma)] (N=0, Q=0.00, MDL=21) | Best equation: 0.011971 + 5.8e-05 * gamma + 0.00887 * log(gamma) + 0.010412 * sin(cos(gamma) / gamma) | Speed: 330ms/iter (1.6ms/iter) | Time: None | Current: [gamma, log(sqrt(gamma)), gamma / sqrt(gamma), exp(log(gamma) / gamma), log(sqrt(gamma)) * sqrt(gamma), sqrt(gamma), gamma + gamma + gamma, log(gamma) / gamma] (N=1, Q=0.95, MDL=34)
[demo1|mcts|I|Oct23 13:36:36|0:00:18.048149] Iter: 49 | Reward: 0.97024 | Complexity: 18 | R2: 0.98773 | MDL: 21.46530 | Best: [gamma, log(gamma), sin(cos(gamma) / gamma)] (N=0, Q=0.00, MDL=21) | Best equation: 0.011971 + 5.8e-05 * gamma + 0.00887 * log(gamma) + 0.010412 * sin(cos(gamma) / gamma) | Speed: 330ms/iter (1.6ms/iter) | Time: None | Current: [gamma, log(sqrt(gamma)), gamma / sqrt(gamma), exp(log(gamma) / gamma), log(sqrt(gamma)) * sqrt(gamma), sqrt(gamma), sqrt(gamma) * sqrt(gamma), log(gamma) / gamma] (N=1, Q=0.95, MDL=35)
[demo1|mcts|I|Oct23 13:36:36|0:00:18.379636] Iter: 50 | Reward: 0.97024 | Complexity: 18 | R2: 0.98773 | MDL: 21.46530 | Best: [gamma, log(gamma), sin(cos(gamma) / gamma)] (N=0, Q=0.00, MDL=21) | Best equation: 0.011971 + 5.8e-05 * gamma + 0.00887 * log(gamma) + 0.010412 * sin(cos(gamma) / gamma) | Speed: 330ms/iter (1.6ms/iter) | Time: None | Current: [gamma, log(sqrt(gamma)), gamma / sqrt(gamma), exp(log(gamma) / gamma), sin(gamma / sqrt(gamma)), sqrt(gamma), sqrt(gamma) * sqrt(gamma), log(gamma) / gamma] (N=1, Q=0.95, MDL=35)
[demo1|mcts|I|Oct23 13:36:36|0:00:18.725041] Iter: 51 | Reward: 0.97024 | Complexity: 18 | R2: 0.98773 | MDL: 21.46530 | Best: [gamma, log(gamma), sin(cos(gamma) / gamma)] (N=0, Q=0.00, MDL=21) | Best equation: 0.011971 + 5.8e-05 * gamma + 0.00887 * log(gamma) + 0.010412 * sin(cos(gamma) / gamma) | Speed: 331ms/iter (1.6ms/iter) | Time: None | Current: [gamma, log(sqrt(gamma)), gamma / sqrt(gamma), exp(log(gamma) / gamma), sin(gamma / sqrt(gamma)), sqrt(gamma), cos(log(sqrt(gamma))), log(gamma) / gamma] (N=1, Q=0.94, MDL=40)
[demo1|mcts|I|Oct23 13:36:37|0:00:19.089323] Iter: 52 | Reward: 0.97024 | Complexity: 18 | R2: 0.98773 | MDL: 21.46530 | Best: [gamma, log(gamma), sin(cos(gamma) / gamma)] (N=0, Q=0.00, MDL=21) | Best equation: 0.011971 + 5.8e-05 * gamma + 0.00887 * log(gamma) + 0.010412 * sin(cos(gamma) / gamma) | Speed: 331ms/iter (1.6ms/iter) | Time: None | Current: [gamma, log(log(gamma) / gamma), gamma / sqrt(gamma), exp(log(gamma) / gamma), sin(gamma / sqrt(gamma)), sqrt(gamma), cos(log(sqrt(gamma))), log(gamma) / gamma] (N=1, Q=0.96, MDL=44)
[demo1|mcts|I|Oct23 13:36:37|0:00:19.440206] Iter: 53 | Reward: 0.97024 | Complexity: 18 | R2: 0.98773 | MDL: 21.46530 | Best: [gamma, log(gamma), sin(cos(gamma) / gamma)] (N=0, Q=0.00, MDL=21) | Best equation: 0.011971 + 5.8e-05 * gamma + 0.00887 * log(gamma) + 0.010412 * sin(cos(gamma) / gamma) | Speed: 332ms/iter (1.7ms/iter) | Time: None | Current: [gamma, log(log(gamma) / gamma), gamma / sqrt(gamma), exp(log(gamma) / gamma), gamma * sqrt(gamma), sqrt(gamma), cos(log(sqrt(gamma))), log(gamma) / gamma] (N=1, Q=0.95, MDL=46)
[demo1|mcts|I|Oct23 13:36:37|0:00:19.806731] Iter: 54 | Reward: 0.97024 | Complexity: 18 | R2: 0.98773 | MDL: 21.46530 | Best: [gamma, log(gamma), sin(cos(gamma) / gamma)] (N=0, Q=0.00, MDL=21) | Best equation: 0.011971 + 5.8e-05 * gamma + 0.00887 * log(gamma) + 0.010412 * sin(cos(gamma) / gamma) | Speed: 332ms/iter (1.7ms/iter) | Time: None | Current: [gamma, log(log(gamma) / gamma), log(gamma / sqrt(gamma)), exp(log(gamma) / gamma), gamma * sqrt(gamma), sqrt(gamma), cos(log(sqrt(gamma))), log(gamma) / gamma] (N=1, Q=0.95, MDL=47)
[demo1|mcts|I|Oct23 13:36:38|0:00:20.153950] Iter: 55 | Reward: 0.97024 | Complexity: 18 | R2: 0.98773 | MDL: 21.46530 | Best: [gamma, log(gamma), sin(cos(gamma) / gamma)] (N=0, Q=0.00, MDL=21) | Best equation: 0.011971 + 5.8e-05 * gamma + 0.00887 * log(gamma) + 0.010412 * sin(cos(gamma) / gamma) | Speed: 333ms/iter (1.7ms/iter) | Time: None | Current: [gamma, log(log(gamma) / gamma), log(gamma / sqrt(gamma)), exp(log(gamma) / gamma), gamma * sqrt(gamma), sqrt(gamma), cos(log(sqrt(gamma))), sqrt(sqrt(gamma))] (N=1, Q=0.96, MDL=46)
[demo1|mcts|I|Oct23 13:36:38|0:00:20.508079] Iter: 56 | Reward: 0.97024 | Complexity: 18 | R2: 0.98773 | MDL: 21.46530 | Best: [gamma, log(gamma), sin(cos(gamma) / gamma)] (N=0, Q=0.00, MDL=21) | Best equation: 0.011971 + 5.8e-05 * gamma + 0.00887 * log(gamma) + 0.010412 * sin(cos(gamma) / gamma) | Speed: 333ms/iter (1.7ms/iter) | Time: None | Current: [gamma, log(log(gamma) / gamma), log(gamma * sqrt(gamma)), exp(log(gamma) / gamma), gamma * sqrt(gamma), sqrt(gamma), cos(log(sqrt(gamma))), sqrt(sqrt(gamma))] (N=1, Q=0.95, MDL=44)
[demo1|mcts|I|Oct23 13:36:38|0:00:20.835493] Iter: 57 | Reward: 0.97024 | Complexity: 18 | R2: 0.98773 | MDL: 21.46530 | Best: [gamma, log(gamma), sin(cos(gamma) / gamma)] (N=0, Q=0.00, MDL=21) | Best equation: 0.011971 + 5.8e-05 * gamma + 0.00887 * log(gamma) + 0.010412 * sin(cos(gamma) / gamma) | Speed: 333ms/iter (1.7ms/iter) | Time: None | Current: [gamma, log(log(gamma) / gamma), log(gamma * sqrt(gamma)), exp(sqrt(sqrt(gamma))), gamma * sqrt(gamma), sqrt(gamma), cos(log(sqrt(gamma))), sqrt(sqrt(gamma))] (N=1, Q=0.95, MDL=38)
[demo1|mcts|I|Oct23 13:36:39|0:00:21.174991] Iter: 58 | Reward: 0.97024 | Complexity: 18 | R2: 0.98773 | MDL: 21.46530 | Best: [gamma, log(gamma), sin(cos(gamma) / gamma)] (N=0, Q=0.00, MDL=21) | Best equation: 0.011971 + 5.8e-05 * gamma + 0.00887 * log(gamma) + 0.010412 * sin(cos(gamma) / gamma) | Speed: 333ms/iter (1.7ms/iter) | Time: None | Current: [gamma, sqrt(gamma) + sqrt(sqrt(gamma)), log(gamma * sqrt(gamma)), exp(sqrt(sqrt(gamma))), gamma * sqrt(gamma), sqrt(gamma), cos(log(sqrt(gamma))), sqrt(sqrt(gamma))] (N=1, Q=0.95, MDL=28)
[demo1|mcts|I|Oct23 13:36:39|0:00:21.510321] Iter: 59 | Reward: 0.97024 | Complexity: 18 | R2: 0.98773 | MDL: 21.46530 | Best: [gamma, log(gamma), sin(cos(gamma) / gamma)] (N=0, Q=0.00, MDL=21) | Best equation: 0.011971 + 5.8e-05 * gamma + 0.00887 * log(gamma) + 0.010412 * sin(cos(gamma) / gamma) | Speed: 333ms/iter (1.7ms/iter) | Time: None | Current: [gamma, sqrt(gamma) + sqrt(sqrt(gamma)), log(gamma * sqrt(gamma)), exp(sqrt(sqrt(gamma))), gamma * sqrt(gamma), sqrt(gamma), cos(log(sqrt(gamma))), sqrt(sqrt(gamma))] (N=1, Q=0.96, MDL=28)
[demo1|mcts|I|Oct23 13:36:39|0:00:21.830843] Iter: 60 | Reward: 0.97024 | Complexity: 18 | R2: 0.98773 | MDL: 21.46530 | Best: [gamma, log(gamma), sin(cos(gamma) / gamma)] (N=0, Q=0.00, MDL=21) | Best equation: 0.011971 + 5.8e-05 * gamma + 0.00887 * log(gamma) + 0.010412 * sin(cos(gamma) / gamma) | Speed: 333ms/iter (1.7ms/iter) | Time: None | Current: [gamma, sqrt(gamma) + sqrt(sqrt(gamma)), gamma + gamma, exp(sqrt(sqrt(gamma))), gamma * sqrt(gamma), sqrt(gamma), cos(log(sqrt(gamma))), sqrt(sqrt(gamma))] (N=1, Q=0.95, MDL=31)
[demo1|mcts|I|Oct23 13:36:40|0:00:22.593745] Iter: 61 | Reward: 0.97024 | Complexity: 18 | R2: 0.98773 | MDL: 21.46530 | Best: [gamma, log(gamma), sin(cos(gamma) / gamma)] (N=0, Q=0.00, MDL=21) | Best equation: 0.011971 + 5.8e-05 * gamma + 0.00887 * log(gamma) + 0.010412 * sin(cos(gamma) / gamma) | Speed: 340ms/iter (1.7ms/iter) | Time: None | Current: [gamma, sqrt(gamma) / gamma, gamma + gamma, exp(sqrt(sqrt(gamma))), gamma * sqrt(gamma), sqrt(gamma), cos(log(sqrt(gamma))), sqrt(sqrt(gamma))] (N=1, Q=0.95, MDL=33)
[demo1|mcts|I|Oct23 13:36:41|0:00:22.911820] Iter: 62 | Reward: 0.97024 | Complexity: 18 | R2: 0.98773 | MDL: 21.46530 | Best: [gamma, log(gamma), sin(cos(gamma) / gamma)] (N=0, Q=0.00, MDL=21) | Best equation: 0.011971 + 5.8e-05 * gamma + 0.00887 * log(gamma) + 0.010412 * sin(cos(gamma) / gamma) | Speed: 340ms/iter (1.7ms/iter) | Time: None | Current: [gamma, sqrt(gamma) / gamma, gamma + gamma, exp(sqrt(sqrt(gamma))), gamma * sqrt(gamma), sqrt(gamma), sqrt(gamma) / (sqrt(gamma) / gamma), sqrt(sqrt(gamma))] (N=1, Q=0.96, MDL=34)
[demo1|mcts|I|Oct23 13:36:41|0:00:23.240832] Iter: 63 | Reward: 0.97024 | Complexity: 18 | R2: 0.98773 | MDL: 21.46530 | Best: [gamma, log(gamma), sin(cos(gamma) / gamma)] (N=0, Q=0.00, MDL=21) | Best equation: 0.011971 + 5.8e-05 * gamma + 0.00887 * log(gamma) + 0.010412 * sin(cos(gamma) / gamma) | Speed: 339ms/iter (1.7ms/iter) | Time: None | Current: [gamma, sqrt(gamma) / gamma, gamma / (gamma + gamma), exp(sqrt(sqrt(gamma))), gamma * sqrt(gamma), sqrt(gamma), sqrt(gamma) / (sqrt(gamma) / gamma), sqrt(sqrt(gamma))] (N=1, Q=0.95, MDL=34)
[demo1|mcts|I|Oct23 13:36:41|0:00:23.569267] Iter: 64 | Reward: 0.97024 | Complexity: 18 | R2: 0.98773 | MDL: 21.46530 | Best: [gamma, log(gamma), sin(cos(gamma) / gamma)] (N=0, Q=0.00, MDL=21) | Best equation: 0.011971 + 5.8e-05 * gamma + 0.00887 * log(gamma) + 0.010412 * sin(cos(gamma) / gamma) | Speed: 339ms/iter (1.7ms/iter) | Time: None | Current: [gamma, sqrt(gamma) / gamma, gamma / (gamma + gamma), exp(sqrt(sqrt(gamma))), gamma * gamma, sqrt(gamma), sqrt(gamma) / (sqrt(gamma) / gamma), sqrt(sqrt(gamma))] (N=1, Q=0.95, MDL=34)
[demo1|mcts|I|Oct23 13:36:42|0:00:23.889873] Iter: 65 | Reward: 0.97024 | Complexity: 18 | R2: 0.98773 | MDL: 21.46530 | Best: [gamma, log(gamma), sin(cos(gamma) / gamma)] (N=0, Q=0.00, MDL=21) | Best equation: 0.011971 + 5.8e-05 * gamma + 0.00887 * log(gamma) + 0.010412 * sin(cos(gamma) / gamma) | Speed: 339ms/iter (1.7ms/iter) | Time: None | Current: [gamma, sqrt(gamma) / gamma, gamma / (gamma + gamma), exp(sqrt(sqrt(gamma))), gamma * gamma, sqrt(gamma), sin(gamma), sqrt(sqrt(gamma))] (N=1, Q=0.95, MDL=36)
[demo1|mcts|I|Oct23 13:36:42|0:00:24.198359] Iter: 66 | Reward: 0.97024 | Complexity: 18 | R2: 0.98773 | MDL: 21.46530 | Best: [gamma, log(gamma), sin(cos(gamma) / gamma)] (N=0, Q=0.00, MDL=21) | Best equation: 0.011971 + 5.8e-05 * gamma + 0.00887 * log(gamma) + 0.010412 * sin(cos(gamma) / gamma) | Speed: 339ms/iter (1.7ms/iter) | Time: None | Current: [gamma, sqrt(gamma) / gamma, cos(gamma / (gamma + gamma)), exp(sqrt(sqrt(gamma))), gamma * gamma, sqrt(gamma), sin(gamma), sqrt(sqrt(gamma))] (N=1, Q=0.96, MDL=35)
[demo1|mcts|I|Oct23 13:36:42|0:00:24.512514] Iter: 67 | Reward: 0.97024 | Complexity: 18 | R2: 0.98773 | MDL: 21.46530 | Best: [gamma, log(gamma), sin(cos(gamma) / gamma)] (N=0, Q=0.00, MDL=21) | Best equation: 0.011971 + 5.8e-05 * gamma + 0.00887 * log(gamma) + 0.010412 * sin(cos(gamma) / gamma) | Speed: 338ms/iter (1.7ms/iter) | Time: None | Current: [gamma, sqrt(gamma) / gamma, cos(gamma / (gamma + gamma)), sin(gamma) * sqrt(sqrt(gamma)), gamma * gamma, sqrt(gamma), sin(gamma), sqrt(sqrt(gamma))] (N=1, Q=0.96, MDL=48)
[demo1|mcts|I|Oct23 13:36:42|0:00:24.835886] Iter: 68 | Reward: 0.97024 | Complexity: 18 | R2: 0.98773 | MDL: 21.46530 | Best: [gamma, log(gamma), sin(cos(gamma) / gamma)] (N=0, Q=0.00, MDL=21) | Best equation: 0.011971 + 5.8e-05 * gamma + 0.00887 * log(gamma) + 0.010412 * sin(cos(gamma) / gamma) | Speed: 338ms/iter (1.7ms/iter) | Time: None | Current: [gamma, sqrt(gamma) / gamma, cos(gamma / (gamma + gamma)), sin(gamma) * sqrt(sqrt(gamma)), gamma * gamma, sqrt(gamma), log(gamma), sqrt(sqrt(gamma))] (N=1, Q=0.95, MDL=46)
[demo1|mcts|I|Oct23 13:36:43|0:00:25.140075] Iter: 69 | Reward: 0.97024 | Complexity: 18 | R2: 0.98773 | MDL: 21.46530 | Best: [gamma, log(gamma), sin(cos(gamma) / gamma)] (N=0, Q=0.00, MDL=21) | Best equation: 0.011971 + 5.8e-05 * gamma + 0.00887 * log(gamma) + 0.010412 * sin(cos(gamma) / gamma) | Speed: 337ms/iter (1.7ms/iter) | Time: None | Current: [gamma, sqrt(gamma) / gamma, cos(gamma / (gamma + gamma)), gamma + gamma, gamma * gamma, sqrt(gamma), log(gamma), sqrt(sqrt(gamma))] (N=1, Q=0.94, MDL=41)
[demo1|mcts|I|Oct23 13:36:43|0:00:25.462517] Iter: 70 | Reward: 0.97024 | Complexity: 18 | R2: 0.98773 | MDL: 21.46530 | Best: [gamma, log(gamma), sin(cos(gamma) / gamma)] (N=0, Q=0.00, MDL=21) | Best equation: 0.011971 + 5.8e-05 * gamma + 0.00887 * log(gamma) + 0.010412 * sin(cos(gamma) / gamma) | Speed: 337ms/iter (1.7ms/iter) | Time: None | Current: [gamma, sqrt(gamma) / gamma, cos(gamma / (gamma + gamma)), gamma + gamma, cos(gamma * gamma), sqrt(gamma), log(gamma), sqrt(sqrt(gamma))] (N=1, Q=0.95, MDL=46)
[demo1|mcts|I|Oct23 13:36:43|0:00:25.782968] Iter: 71 | Reward: 0.97024 | Complexity: 18 | R2: 0.98773 | MDL: 21.46530 | Best: [gamma, log(gamma), sin(cos(gamma) / gamma)] (N=0, Q=0.00, MDL=21) | Best equation: 0.011971 + 5.8e-05 * gamma + 0.00887 * log(gamma) + 0.010412 * sin(cos(gamma) / gamma) | Speed: 337ms/iter (1.7ms/iter) | Time: None | Current: [gamma, sqrt(gamma) / gamma, cos(gamma / (gamma + gamma)), gamma + gamma, cos(gamma * gamma), sqrt(gamma), sqrt(sqrt(gamma)) / gamma, sqrt(sqrt(gamma))] (N=1, Q=0.95, MDL=46)
[demo1|mcts|I|Oct23 13:36:44|0:00:26.101741] Iter: 72 | Reward: 0.97024 | Complexity: 18 | R2: 0.98773 | MDL: 21.46530 | Best: [gamma, log(gamma), sin(cos(gamma) / gamma)] (N=0, Q=0.00, MDL=21) | Best equation: 0.011971 + 5.8e-05 * gamma + 0.00887 * log(gamma) + 0.010412 * sin(cos(gamma) / gamma) | Speed: 337ms/iter (1.7ms/iter) | Time: None | Current: [gamma, sqrt(gamma) / gamma, sin(sqrt(gamma) / gamma), gamma + gamma, cos(gamma * gamma), sqrt(gamma), sqrt(sqrt(gamma)) / gamma, sqrt(sqrt(gamma))] (N=1, Q=0.95, MDL=46)
[demo1|mcts|I|Oct23 13:36:44|0:00:26.428491] Iter: 73 | Reward: 0.97024 | Complexity: 18 | R2: 0.98773 | MDL: 21.46530 | Best: [gamma, log(gamma), sin(cos(gamma) / gamma)] (N=0, Q=0.00, MDL=21) | Best equation: 0.011971 + 5.8e-05 * gamma + 0.00887 * log(gamma) + 0.010412 * sin(cos(gamma) / gamma) | Speed: 337ms/iter (1.7ms/iter) | Time: None | Current: [gamma, sqrt(gamma) / gamma, sin(sqrt(gamma) / gamma), gamma + gamma, cos(gamma * gamma), exp(sqrt(gamma) / gamma), sqrt(sqrt(gamma)) / gamma, sqrt(sqrt(gamma))] (N=1, Q=0.96, MDL=44)
[demo1|mcts|I|Oct23 13:36:44|0:00:26.751671] Iter: 74 | Reward: 0.97024 | Complexity: 18 | R2: 0.98773 | MDL: 21.46530 | Best: [gamma, log(gamma), sin(cos(gamma) / gamma)] (N=0, Q=0.00, MDL=21) | Best equation: 0.011971 + 5.8e-05 * gamma + 0.00887 * log(gamma) + 0.010412 * sin(cos(gamma) / gamma) | Speed: 336ms/iter (1.7ms/iter) | Time: None | Current: [gamma, sqrt(gamma) / gamma, sqrt(sqrt(sqrt(gamma))), gamma + gamma, cos(gamma * gamma), exp(sqrt(gamma) / gamma), sqrt(sqrt(gamma)) / gamma, sqrt(sqrt(gamma))] (N=1, Q=0.95, MDL=42)
[demo1|mcts|I|Oct23 13:36:45|0:00:27.605532] Iter: 75 | Reward: 0.97024 | Complexity: 18 | R2: 0.98773 | MDL: 21.46530 | Best: [gamma, log(gamma), sin(cos(gamma) / gamma)] (N=0, Q=0.00, MDL=21) | Best equation: 0.011971 + 5.8e-05 * gamma + 0.00887 * log(gamma) + 0.010412 * sin(cos(gamma) / gamma) | Speed: 343ms/iter (1.7ms/iter) | Time: None | Current: [gamma, sqrt(gamma) / gamma, sqrt(sqrt(sqrt(gamma))), gamma + gamma, cos(gamma * gamma), gamma / cos(gamma * gamma), sqrt(sqrt(gamma)) / gamma, sqrt(sqrt(gamma))] (N=1, Q=0.96, MDL=46)
[demo1|mcts|I|Oct23 13:36:46|0:00:27.944164] Iter: 76 | Reward: 0.97024 | Complexity: 18 | R2: 0.98773 | MDL: 21.46530 | Best: [gamma, log(gamma), sin(cos(gamma) / gamma)] (N=0, Q=0.00, MDL=21) | Best equation: 0.011971 + 5.8e-05 * gamma + 0.00887 * log(gamma) + 0.010412 * sin(cos(gamma) / gamma) | Speed: 343ms/iter (1.7ms/iter) | Time: None | Current: [gamma, sqrt(gamma) / gamma, sqrt(sqrt(sqrt(gamma))), gamma + gamma, cos(gamma * gamma), sqrt(sqrt(gamma) / gamma), sqrt(sqrt(gamma)) / gamma, sqrt(sqrt(gamma))] (N=1, Q=0.96, MDL=43)
[demo1|mcts|I|Oct23 13:36:46|0:00:28.267879] Iter: 77 | Reward: 0.97024 | Complexity: 18 | R2: 0.98773 | MDL: 21.46530 | Best: [gamma, log(gamma), sin(cos(gamma) / gamma)] (N=0, Q=0.00, MDL=21) | Best equation: 0.011971 + 5.8e-05 * gamma + 0.00887 * log(gamma) + 0.010412 * sin(cos(gamma) / gamma) | Speed: 343ms/iter (1.7ms/iter) | Time: None | Current: [gamma, sqrt(gamma) / gamma, sqrt(sqrt(sqrt(gamma))), gamma + gamma, sqrt(sqrt(gamma)) + gamma, sqrt(sqrt(gamma) / gamma), sqrt(sqrt(gamma)) / gamma, sqrt(sqrt(gamma))] (N=1, Q=0.96, MDL=37)
[demo1|mcts|I|Oct23 13:36:46|0:00:28.599526] Iter: 78 | Reward: 0.97024 | Complexity: 18 | R2: 0.98773 | MDL: 21.46530 | Best: [gamma, log(gamma), sin(cos(gamma) / gamma)] (N=0, Q=0.00, MDL=21) | Best equation: 0.011971 + 5.8e-05 * gamma + 0.00887 * log(gamma) + 0.010412 * sin(cos(gamma) / gamma) | Speed: 343ms/iter (1.7ms/iter) | Time: None | Current: [gamma, sqrt(gamma) / gamma, sqrt(sqrt(sqrt(gamma))), gamma + gamma, sqrt(sqrt(gamma)) + gamma, sqrt(sqrt(gamma) / gamma), sqrt(sqrt(gamma)) / gamma, gamma * gamma] (N=1, Q=0.95, MDL=36)
[demo1|mcts|I|Oct23 13:36:47|0:00:28.940547] Iter: 79 | Reward: 0.97024 | Complexity: 18 | R2: 0.98773 | MDL: 21.46530 | Best: [gamma, log(gamma), sin(cos(gamma) / gamma)] (N=0, Q=0.00, MDL=21) | Best equation: 0.011971 + 5.8e-05 * gamma + 0.00887 * log(gamma) + 0.010412 * sin(cos(gamma) / gamma) | Speed: 343ms/iter (1.7ms/iter) | Time: None | Current: [gamma, sqrt(gamma) / gamma, sqrt(sqrt(sqrt(gamma))), gamma + gamma, sqrt(sqrt(gamma)) + gamma, sqrt(sqrt(gamma) / gamma), sqrt(sqrt(gamma)) / gamma, sin(gamma)] (N=1, Q=0.95, MDL=41)
[demo1|mcts|I|Oct23 13:36:47|0:00:29.240691] Iter: 80 | Reward: 0.97024 | Complexity: 18 | R2: 0.98773 | MDL: 21.46530 | Best: [gamma, log(gamma), sin(cos(gamma) / gamma)] (N=0, Q=0.00, MDL=21) | Best equation: 0.011971 + 5.8e-05 * gamma + 0.00887 * log(gamma) + 0.010412 * sin(cos(gamma) / gamma) | Speed: 342ms/iter (1.7ms/iter) | Time: None | Current: [gamma, sqrt(gamma) / gamma, sqrt(sqrt(sqrt(gamma))), gamma + gamma, sqrt(sqrt(gamma)) + gamma, exp(gamma + gamma), sqrt(sqrt(gamma)) / gamma, sin(gamma)] (N=1, Q=0.94, MDL=42)
[demo1|mcts|I|Oct23 13:36:47|0:00:29.546271] Iter: 81 | Reward: 0.97024 | Complexity: 18 | R2: 0.98773 | MDL: 21.46530 | Best: [gamma, log(gamma), sin(cos(gamma) / gamma)] (N=0, Q=0.00, MDL=21) | Best equation: 0.011971 + 5.8e-05 * gamma + 0.00887 * log(gamma) + 0.010412 * sin(cos(gamma) / gamma) | Speed: 342ms/iter (1.7ms/iter) | Time: None | Current: [gamma, sqrt(gamma) / gamma, sqrt(sqrt(sqrt(gamma))), gamma + gamma, gamma + gamma + sin(gamma), exp(gamma + gamma), sqrt(sqrt(gamma)) / gamma, sin(gamma)] (N=1, Q=0.95, MDL=35)
[demo1|mcts|I|Oct23 13:36:47|0:00:29.865277] Iter: 82 | Reward: 0.97024 | Complexity: 18 | R2: 0.98773 | MDL: 21.46530 | Best: [gamma, log(gamma), sin(cos(gamma) / gamma)] (N=0, Q=0.00, MDL=21) | Best equation: 0.011971 + 5.8e-05 * gamma + 0.00887 * log(gamma) + 0.010412 * sin(cos(gamma) / gamma) | Speed: 342ms/iter (1.7ms/iter) | Time: None | Current: [gamma, sqrt(gamma) / gamma, sqrt(sqrt(sqrt(gamma))), gamma / sin(gamma), gamma + gamma + sin(gamma), exp(gamma + gamma), sqrt(sqrt(gamma)) / gamma, sin(gamma)] (N=1, Q=0.95, MDL=44)
[demo1|mcts|I|Oct23 13:36:48|0:00:30.179247] Iter: 83 | Reward: 0.97024 | Complexity: 18 | R2: 0.98773 | MDL: 21.46530 | Best: [gamma, log(gamma), sin(cos(gamma) / gamma)] (N=0, Q=0.00, MDL=21) | Best equation: 0.011971 + 5.8e-05 * gamma + 0.00887 * log(gamma) + 0.010412 * sin(cos(gamma) / gamma) | Speed: 341ms/iter (1.7ms/iter) | Time: None | Current: [gamma, sqrt(gamma) / gamma, exp(sin(gamma)), gamma / sin(gamma), gamma + gamma + sin(gamma), exp(gamma + gamma), sqrt(sqrt(gamma)) / gamma, sin(gamma)] (N=1, Q=0.95, MDL=46)
[demo1|mcts|I|Oct23 13:36:48|0:00:30.502927] Iter: 84 | Reward: 0.97024 | Complexity: 18 | R2: 0.98773 | MDL: 21.46530 | Best: [gamma, log(gamma), sin(cos(gamma) / gamma)] (N=0, Q=0.00, MDL=21) | Best equation: 0.011971 + 5.8e-05 * gamma + 0.00887 * log(gamma) + 0.010412 * sin(cos(gamma) / gamma) | Speed: 341ms/iter (1.7ms/iter) | Time: None | Current: [gamma, sqrt(gamma) / gamma, exp(sin(gamma)), gamma / sin(gamma), gamma + gamma + sin(gamma), exp(gamma + gamma), cos(sin(gamma)), sin(gamma)] (N=1, Q=0.95, MDL=46)
[demo1|mcts|I|Oct23 13:36:48|0:00:30.799458] Iter: 85 | Reward: 0.97024 | Complexity: 18 | R2: 0.98773 | MDL: 21.46530 | Best: [gamma, log(gamma), sin(cos(gamma) / gamma)] (N=0, Q=0.00, MDL=21) | Best equation: 0.011971 + 5.8e-05 * gamma + 0.00887 * log(gamma) + 0.010412 * sin(cos(gamma) / gamma) | Speed: 341ms/iter (1.7ms/iter) | Time: None | Current: [gamma, sqrt(gamma) / gamma, exp(sin(gamma)), gamma / sin(gamma) + gamma, gamma + gamma + sin(gamma), exp(gamma + gamma), cos(sin(gamma)), sin(gamma)] (N=1, Q=0.95, MDL=45)
[demo1|mcts|I|Oct23 13:36:49|0:00:31.103054] Iter: 86 | Reward: 0.97024 | Complexity: 18 | R2: 0.98773 | MDL: 21.46530 | Best: [gamma, log(gamma), sin(cos(gamma) / gamma)] (N=0, Q=0.00, MDL=21) | Best equation: 0.011971 + 5.8e-05 * gamma + 0.00887 * log(gamma) + 0.010412 * sin(cos(gamma) / gamma) | Speed: 340ms/iter (1.7ms/iter) | Time: None | Current: [gamma, sqrt(gamma) / gamma, exp(sin(gamma)), gamma / sin(gamma) + gamma, sin(gamma) * gamma, exp(gamma + gamma), cos(sin(gamma)), sin(gamma)] (N=1, Q=0.95, MDL=46)
[demo1|mcts|I|Oct23 13:36:49|0:00:31.410244] Iter: 87 | Reward: 0.97024 | Complexity: 18 | R2: 0.98773 | MDL: 21.46530 | Best: [gamma, log(gamma), sin(cos(gamma) / gamma)] (N=0, Q=0.00, MDL=21) | Best equation: 0.011971 + 5.8e-05 * gamma + 0.00887 * log(gamma) + 0.010412 * sin(cos(gamma) / gamma) | Speed: 340ms/iter (1.7ms/iter) | Time: None | Current: [gamma, sqrt(gamma) / gamma, exp(sin(gamma)), gamma / sin(gamma) + gamma, sin(gamma) * gamma, exp(gamma + gamma), cos(sin(gamma)), exp(sin(gamma)) / gamma] (N=1, Q=0.96, MDL=46)
[demo1|mcts|I|Oct23 13:36:49|0:00:31.730335] Iter: 88 | Reward: 0.97024 | Complexity: 18 | R2: 0.98773 | MDL: 21.46530 | Best: [gamma, log(gamma), sin(cos(gamma) / gamma)] (N=0, Q=0.00, MDL=21) | Best equation: 0.011971 + 5.8e-05 * gamma + 0.00887 * log(gamma) + 0.010412 * sin(cos(gamma) / gamma) | Speed: 339ms/iter (1.7ms/iter) | Time: None | Current: [gamma, sqrt(gamma) / gamma, exp(sin(gamma)), gamma / (sin(gamma) * gamma), sin(gamma) * gamma, exp(gamma + gamma), cos(sin(gamma)), exp(sin(gamma)) / gamma] (N=1, Q=0.96, MDL=46)
[demo1|mcts|I|Oct23 13:36:50|0:00:32.055485] Iter: 89 | Reward: 0.97024 | Complexity: 18 | R2: 0.98773 | MDL: 21.46530 | Best: [gamma, log(gamma), sin(cos(gamma) / gamma)] (N=0, Q=0.00, MDL=21) | Best equation: 0.011971 + 5.8e-05 * gamma + 0.00887 * log(gamma) + 0.010412 * sin(cos(gamma) / gamma) | Speed: 339ms/iter (1.7ms/iter) | Time: None | Current: [gamma, sqrt(gamma) / gamma, exp(sin(gamma)), gamma / (sin(gamma) * gamma), sqrt(exp(sin(gamma))), exp(gamma + gamma), cos(sin(gamma)), exp(sin(gamma)) / gamma] (N=1, Q=0.95, MDL=45)
[demo1|mcts|I|Oct23 13:36:50|0:00:32.373151] Iter: 90 | Reward: 0.97024 | Complexity: 18 | R2: 0.98773 | MDL: 21.46530 | Best: [gamma, log(gamma), sin(cos(gamma) / gamma)] (N=0, Q=0.00, MDL=21) | Best equation: 0.011971 + 5.8e-05 * gamma + 0.00887 * log(gamma) + 0.010412 * sin(cos(gamma) / gamma) | Speed: 339ms/iter (1.7ms/iter) | Time: None | Current: [gamma, sqrt(gamma) / gamma, exp(sin(gamma)), gamma / (sin(gamma) * gamma), sqrt(exp(sin(gamma))), exp(gamma + gamma), cos(sin(gamma)), gamma + gamma] (N=1, Q=0.95, MDL=44)
[demo1|mcts|I|Oct23 13:36:50|0:00:32.668542] Iter: 91 | Reward: 0.97024 | Complexity: 18 | R2: 0.98773 | MDL: 21.46530 | Best: [gamma, log(gamma), sin(cos(gamma) / gamma)] (N=0, Q=0.00, MDL=21) | Best equation: 0.011971 + 5.8e-05 * gamma + 0.00887 * log(gamma) + 0.010412 * sin(cos(gamma) / gamma) | Speed: 339ms/iter (1.7ms/iter) | Time: None | Current: [gamma, sqrt(gamma) / gamma, exp(sin(gamma)), gamma / cos(sin(gamma)), sqrt(exp(sin(gamma))), exp(gamma + gamma), cos(sin(gamma)), gamma + gamma] (N=1, Q=0.94, MDL=43)
[demo1|mcts|I|Oct23 13:36:51|0:00:32.969724] Iter: 92 | Reward: 0.97024 | Complexity: 18 | R2: 0.98773 | MDL: 21.46530 | Best: [gamma, log(gamma), sin(cos(gamma) / gamma)] (N=0, Q=0.00, MDL=21) | Best equation: 0.011971 + 5.8e-05 * gamma + 0.00887 * log(gamma) + 0.010412 * sin(cos(gamma) / gamma) | Speed: 338ms/iter (1.7ms/iter) | Time: None | Current: [gamma, sqrt(gamma) / gamma, exp(sin(gamma)), gamma / cos(sin(gamma)), sqrt(exp(sin(gamma))), exp(gamma + gamma), sqrt(sqrt(gamma) / gamma), gamma + gamma] (N=1, Q=0.95, MDL=41)
[demo1|mcts|I|Oct23 13:36:51|0:00:33.276287] Iter: 93 | Reward: 0.97024 | Complexity: 18 | R2: 0.98773 | MDL: 21.46530 | Best: [gamma, log(gamma), sin(cos(gamma) / gamma)] (N=0, Q=0.00, MDL=21) | Best equation: 0.011971 + 5.8e-05 * gamma + 0.00887 * log(gamma) + 0.010412 * sin(cos(gamma) / gamma) | Speed: 338ms/iter (1.7ms/iter) | Time: None | Current: [gamma, sqrt(gamma) / gamma, exp(sin(gamma)), gamma / cos(sin(gamma)), gamma / (gamma + gamma), exp(gamma + gamma), sqrt(sqrt(gamma) / gamma), gamma + gamma] (N=1, Q=0.95, MDL=38)
[demo1|mcts|I|Oct23 13:36:51|0:00:33.587080] Iter: 94 | Reward: 0.97024 | Complexity: 18 | R2: 0.98773 | MDL: 21.46530 | Best: [gamma, log(gamma), sin(cos(gamma) / gamma)] (N=0, Q=0.00, MDL=21) | Best equation: 0.011971 + 5.8e-05 * gamma + 0.00887 * log(gamma) + 0.010412 * sin(cos(gamma) / gamma) | Speed: 338ms/iter (1.7ms/iter) | Time: None | Current: [gamma, sqrt(gamma) / gamma, exp(sin(gamma)), log(gamma + gamma), gamma / (gamma + gamma), exp(gamma + gamma), sqrt(sqrt(gamma) / gamma), gamma + gamma] (N=1, Q=0.95, MDL=35)
[demo1|mcts|I|Oct23 13:36:52|0:00:33.934217] Iter: 95 | Reward: 0.97024 | Complexity: 18 | R2: 0.98773 | MDL: 21.46530 | Best: [gamma, log(gamma), sin(cos(gamma) / gamma)] (N=0, Q=0.00, MDL=21) | Best equation: 0.011971 + 5.8e-05 * gamma + 0.00887 * log(gamma) + 0.010412 * sin(cos(gamma) / gamma) | Speed: 338ms/iter (1.7ms/iter) | Time: None | Current: [gamma, sqrt(exp(gamma + gamma)), exp(sin(gamma)), log(gamma + gamma), gamma / (gamma + gamma), exp(gamma + gamma), sqrt(sqrt(gamma) / gamma), gamma + gamma] (N=1, Q=0.94, MDL=36)
[demo1|mcts|I|Oct23 13:36:52|0:00:34.250671] Iter: 96 | Reward: 0.97024 | Complexity: 18 | R2: 0.98773 | MDL: 21.46530 | Best: [gamma, log(gamma), sin(cos(gamma) / gamma)] (N=0, Q=0.00, MDL=21) | Best equation: 0.011971 + 5.8e-05 * gamma + 0.00887 * log(gamma) + 0.010412 * sin(cos(gamma) / gamma) | Speed: 337ms/iter (1.7ms/iter) | Time: None | Current: [gamma, sqrt(exp(gamma + gamma)), log(gamma), log(gamma + gamma), gamma / (gamma + gamma), exp(gamma + gamma), sqrt(sqrt(gamma) / gamma), gamma + gamma] (N=1, Q=0.95, MDL=34)
[demo1|mcts|I|Oct23 13:36:52|0:00:34.571679] Iter: 97 | Reward: 0.97024 | Complexity: 18 | R2: 0.98773 | MDL: 21.46530 | Best: [gamma, log(gamma), sin(cos(gamma) / gamma)] (N=0, Q=0.00, MDL=21) | Best equation: 0.011971 + 5.8e-05 * gamma + 0.00887 * log(gamma) + 0.010412 * sin(cos(gamma) / gamma) | Speed: 337ms/iter (1.7ms/iter) | Time: None | Current: [gamma, log(gamma) * log(gamma), log(gamma), log(gamma + gamma), gamma / (gamma + gamma), exp(gamma + gamma), sqrt(sqrt(gamma) / gamma), gamma + gamma] (N=1, Q=0.95, MDL=34)
[demo1|mcts|I|Oct23 13:36:53|0:00:35.562932] Iter: 98 | Reward: 0.97024 | Complexity: 18 | R2: 0.98773 | MDL: 21.46530 | Best: [gamma, log(gamma), sin(cos(gamma) / gamma)] (N=0, Q=0.00, MDL=21) | Best equation: 0.011971 + 5.8e-05 * gamma + 0.00887 * log(gamma) + 0.010412 * sin(cos(gamma) / gamma) | Speed: 344ms/iter (1.7ms/iter) | Time: None | Current: [gamma, log(gamma) * log(gamma), log(gamma), log(gamma + gamma), gamma / (gamma + gamma), sin(exp(gamma + gamma)), sqrt(sqrt(gamma) / gamma), gamma + gamma] (N=1, Q=0.95, MDL=38)
[demo1|mcts|I|Oct23 13:36:54|0:00:35.920881] Iter: 99 | Reward: 0.97024 | Complexity: 18 | R2: 0.98773 | MDL: 21.46530 | Best: [gamma, log(gamma), sin(cos(gamma) / gamma)] (N=0, Q=0.00, MDL=21) | Best equation: 0.011971 + 5.8e-05 * gamma + 0.00887 * log(gamma) + 0.010412 * sin(cos(gamma) / gamma) | Speed: 344ms/iter (1.7ms/iter) | Time: None | Current: [gamma, log(gamma) * log(gamma), log(gamma), log(gamma + gamma), gamma / (gamma + gamma), sin(exp(gamma + gamma)), sqrt(sqrt(gamma) / gamma), cos(gamma)] (N=1, Q=0.95, MDL=40)
[demo1|mcts|I|Oct23 13:36:54|0:00:36.262262] Iter: 100 | Reward: 0.97024 | Complexity: 18 | R2: 0.98773 | MDL: 21.46530 | Best: [gamma, log(gamma), sin(cos(gamma) / gamma)] (N=0, Q=0.00, MDL=21) | Best equation: 0.011971 + 5.8e-05 * gamma + 0.00887 * log(gamma) + 0.010412 * sin(cos(gamma) / gamma) | Speed: 344ms/iter (1.7ms/iter) | Time: None | Current: [gamma, log(gamma) * log(gamma), log(gamma), log(gamma + gamma), gamma / (gamma + gamma), gamma / log(gamma + gamma), sqrt(sqrt(gamma) / gamma), cos(gamma)] (N=1, Q=0.96, MDL=34)
[demo1|mcts|I|Oct23 13:36:54|0:00:36.607687] Iter: 101 | Reward: 0.97024 | Complexity: 18 | R2: 0.98773 | MDL: 21.46530 | Best: [gamma, log(gamma), sin(cos(gamma) / gamma)] (N=0, Q=0.00, MDL=21) | Best equation: 0.011971 + 5.8e-05 * gamma + 0.00887 * log(gamma) + 0.010412 * sin(cos(gamma) / gamma) | Speed: 344ms/iter (1.7ms/iter) | Time: None | Current: [gamma, log(gamma) * log(gamma), log(gamma), log(gamma + gamma), gamma / (gamma + gamma), cos(gamma) + cos(gamma), sqrt(sqrt(gamma) / gamma), cos(gamma)] (N=1, Q=0.95, MDL=42)
[demo1|mcts|I|Oct23 13:36:55|0:00:36.944853] Iter: 102 | Reward: 0.97024 | Complexity: 18 | R2: 0.98773 | MDL: 21.46530 | Best: [gamma, log(gamma), sin(cos(gamma) / gamma)] (N=0, Q=0.00, MDL=21) | Best equation: 0.011971 + 5.8e-05 * gamma + 0.00887 * log(gamma) + 0.010412 * sin(cos(gamma) / gamma) | Speed: 344ms/iter (1.7ms/iter) | Time: None | Current: [gamma, log(gamma) * log(gamma), log(gamma), log(gamma + gamma), log(gamma) + log(gamma), cos(gamma) + cos(gamma), sqrt(sqrt(gamma) / gamma), cos(gamma)] (N=1, Q=0.96, MDL=36)
[demo1|mcts|I|Oct23 13:36:55|0:00:37.284625] Iter: 103 | Reward: 0.97024 | Complexity: 18 | R2: 0.98773 | MDL: 21.46530 | Best: [gamma, log(gamma), sin(cos(gamma) / gamma)] (N=0, Q=0.00, MDL=21) | Best equation: 0.011971 + 5.8e-05 * gamma + 0.00887 * log(gamma) + 0.010412 * sin(cos(gamma) / gamma) | Speed: 344ms/iter (1.7ms/iter) | Time: None | Current: [gamma, sqrt(log(gamma)), log(gamma), log(gamma + gamma), log(gamma) + log(gamma), cos(gamma) + cos(gamma), sqrt(sqrt(gamma) / gamma), cos(gamma)] (N=1, Q=0.96, MDL=46)
[demo1|mcts|I|Oct23 13:36:55|0:00:37.611690] Iter: 104 | Reward: 0.97024 | Complexity: 18 | R2: 0.98773 | MDL: 21.46530 | Best: [gamma, log(gamma), sin(cos(gamma) / gamma)] (N=0, Q=0.00, MDL=21) | Best equation: 0.011971 + 5.8e-05 * gamma + 0.00887 * log(gamma) + 0.010412 * sin(cos(gamma) / gamma) | Speed: 344ms/iter (1.7ms/iter) | Time: None | Current: [gamma, sqrt(log(gamma)), log(gamma), log(gamma + gamma), log(gamma) + log(gamma), sqrt(log(gamma)) * log(gamma + gamma), sqrt(sqrt(gamma) / gamma), cos(gamma)] (N=1, Q=0.96, MDL=43)
[demo1|mcts|I|Oct23 13:36:56|0:00:37.943627] Iter: 105 | Reward: 0.97024 | Complexity: 18 | R2: 0.98773 | MDL: 21.46530 | Best: [gamma, log(gamma), sin(cos(gamma) / gamma)] (N=0, Q=0.00, MDL=21) | Best equation: 0.011971 + 5.8e-05 * gamma + 0.00887 * log(gamma) + 0.010412 * sin(cos(gamma) / gamma) | Speed: 344ms/iter (1.7ms/iter) | Time: None | Current: [gamma, sqrt(log(gamma)), log(gamma), log(gamma + gamma), log(gamma) + log(gamma), (log(gamma) + log(gamma)) / cos(gamma), sqrt(sqrt(gamma) / gamma), cos(gamma)] (N=1, Q=0.96, MDL=46)
[demo1|mcts|I|Oct23 13:36:56|0:00:38.272981] Iter: 106 | Reward: 0.97024 | Complexity: 18 | R2: 0.98773 | MDL: 21.46530 | Best: [gamma, log(gamma), sin(cos(gamma) / gamma)] (N=0, Q=0.00, MDL=21) | Best equation: 0.011971 + 5.8e-05 * gamma + 0.00887 * log(gamma) + 0.010412 * sin(cos(gamma) / gamma) | Speed: 344ms/iter (1.7ms/iter) | Time: None | Current: [gamma, sqrt(log(gamma)), log(gamma), log(sqrt(log(gamma))), log(gamma) + log(gamma), (log(gamma) + log(gamma)) / cos(gamma), sqrt(sqrt(gamma) / gamma), cos(gamma)] (N=1, Q=0.96, MDL=46)
[demo1|mcts|I|Oct23 13:36:56|0:00:38.633994] Iter: 107 | Reward: 0.97024 | Complexity: 18 | R2: 0.98773 | MDL: 21.46530 | Best: [gamma, log(gamma), sin(cos(gamma) / gamma)] (N=0, Q=0.00, MDL=21) | Best equation: 0.011971 + 5.8e-05 * gamma + 0.00887 * log(gamma) + 0.010412 * sin(cos(gamma) / gamma) | Speed: 344ms/iter (1.7ms/iter) | Time: None | Current: [gamma, sqrt(log(gamma)), log(gamma), log(sqrt(log(gamma))), log(gamma) + log(gamma), (log(gamma) + log(gamma)) / cos(gamma), gamma / cos(gamma), cos(gamma)] (N=1, Q=0.95, MDL=41)
[demo1|mcts|I|Oct23 13:36:57|0:00:38.972817] Iter: 108 | Reward: 0.97024 | Complexity: 18 | R2: 0.98773 | MDL: 21.46530 | Best: [gamma, log(gamma), sin(cos(gamma) / gamma)] (N=0, Q=0.00, MDL=21) | Best equation: 0.011971 + 5.8e-05 * gamma + 0.00887 * log(gamma) + 0.010412 * sin(cos(gamma) / gamma) | Speed: 344ms/iter (1.7ms/iter) | Time: None | Current: [gamma, sqrt(log(gamma)), log(gamma), log(sqrt(log(gamma))), cos(gamma) + cos(gamma), (log(gamma) + log(gamma)) / cos(gamma), gamma / cos(gamma), cos(gamma)] (N=1, Q=0.96, MDL=42)
[demo1|mcts|I|Oct23 13:36:57|0:00:39.315011] Iter: 109 | Reward: 0.97024 | Complexity: 18 | R2: 0.98773 | MDL: 21.46530 | Best: [gamma, log(gamma), sin(cos(gamma) / gamma)] (N=0, Q=0.00, MDL=21) | Best equation: 0.011971 + 5.8e-05 * gamma + 0.00887 * log(gamma) + 0.010412 * sin(cos(gamma) / gamma) | Speed: 344ms/iter (1.7ms/iter) | Time: None | Current: [gamma, cos(gamma) / gamma, log(gamma), log(sqrt(log(gamma))), cos(gamma) + cos(gamma), (log(gamma) + log(gamma)) / cos(gamma), gamma / cos(gamma), cos(gamma)] (N=1, Q=0.96, MDL=43)
[demo1|mcts|I|Oct23 13:36:57|0:00:39.660691] Iter: 110 | Reward: 0.97024 | Complexity: 18 | R2: 0.98773 | MDL: 21.46530 | Best: [gamma, log(gamma), sin(cos(gamma) / gamma)] (N=0, Q=0.00, MDL=21) | Best equation: 0.011971 + 5.8e-05 * gamma + 0.00887 * log(gamma) + 0.010412 * sin(cos(gamma) / gamma) | Speed: 344ms/iter (1.7ms/iter) | Time: None | Current: [gamma, cos(gamma) / gamma, log(gamma), log(sqrt(log(gamma))), cos(gamma) + cos(gamma), log(gamma) + cos(gamma) + cos(gamma), gamma / cos(gamma), cos(gamma)] (N=1, Q=0.97, MDL=43)
[demo1|mcts|I|Oct23 13:36:58|0:00:39.998052] Iter: 111 | Reward: 0.97024 | Complexity: 18 | R2: 0.98773 | MDL: 21.46530 | Best: [gamma, log(gamma), sin(cos(gamma) / gamma)] (N=0, Q=0.00, MDL=21) | Best equation: 0.011971 + 5.8e-05 * gamma + 0.00887 * log(gamma) + 0.010412 * sin(cos(gamma) / gamma) | Speed: 344ms/iter (1.7ms/iter) | Time: None | Current: [gamma, cos(gamma) / gamma, log(gamma), log(sqrt(log(gamma))), sqrt(cos(gamma)), log(gamma) + cos(gamma) + cos(gamma), gamma / cos(gamma), cos(gamma)] (N=1, Q=0.96, MDL=42)
[demo1|mcts|I|Oct23 13:36:58|0:00:40.317596] Iter: 112 | Reward: 0.97024 | Complexity: 18 | R2: 0.98773 | MDL: 21.46530 | Best: [gamma, log(gamma), sin(cos(gamma) / gamma)] (N=0, Q=0.00, MDL=21) | Best equation: 0.011971 + 5.8e-05 * gamma + 0.00887 * log(gamma) + 0.010412 * sin(cos(gamma) / gamma) | Speed: 343ms/iter (1.7ms/iter) | Time: None | Current: [gamma, cos(gamma) / gamma, log(gamma), log(sqrt(log(gamma))), sqrt(cos(gamma)), log(gamma) + cos(gamma) + cos(gamma), gamma + gamma / cos(gamma), cos(gamma)] (N=1, Q=0.96, MDL=43)
[demo1|mcts|I|Oct23 13:36:58|0:00:40.702332] Iter: 113 | Reward: 0.97024 | Complexity: 18 | R2: 0.98773 | MDL: 21.46530 | Best: [gamma, log(gamma), sin(cos(gamma) / gamma)] (N=0, Q=0.00, MDL=21) | Best equation: 0.011971 + 5.8e-05 * gamma + 0.00887 * log(gamma) + 0.010412 * sin(cos(gamma) / gamma) | Speed: 344ms/iter (1.7ms/iter) | Time: None | Current: [gamma, cos(gamma) / gamma, log(gamma), exp(log(gamma)), sqrt(cos(gamma)), log(gamma) + cos(gamma) + cos(gamma), gamma + gamma / cos(gamma), cos(gamma)] (N=1, Q=0.96, MDL=40)
[demo1|mcts|I|Oct23 13:36:59|0:00:41.044469] Iter: 114 | Reward: 0.97024 | Complexity: 18 | R2: 0.98773 | MDL: 21.46530 | Best: [gamma, log(gamma), sin(cos(gamma) / gamma)] (N=0, Q=0.00, MDL=21) | Best equation: 0.011971 + 5.8e-05 * gamma + 0.00887 * log(gamma) + 0.010412 * sin(cos(gamma) / gamma) | Speed: 344ms/iter (1.7ms/iter) | Time: None | Current: [gamma, gamma * gamma, log(gamma), exp(log(gamma)), sqrt(cos(gamma)), log(gamma) + cos(gamma) + cos(gamma), gamma + gamma / cos(gamma), cos(gamma)] (N=1, Q=0.95, MDL=41)
[demo1|mcts|I|Oct23 13:36:59|0:00:41.415002] Iter: 115 | Reward: 0.97024 | Complexity: 18 | R2: 0.98773 | MDL: 21.46530 | Best: [gamma, log(gamma), sin(cos(gamma) / gamma)] (N=0, Q=0.00, MDL=21) | Best equation: 0.011971 + 5.8e-05 * gamma + 0.00887 * log(gamma) + 0.010412 * sin(cos(gamma) / gamma) | Speed: 344ms/iter (1.7ms/iter) | Time: None | Current: [gamma, gamma * gamma, log(gamma), exp(log(gamma)), cos(gamma) * gamma, log(gamma) + cos(gamma) + cos(gamma), gamma + gamma / cos(gamma), cos(gamma)] (N=1, Q=0.96, MDL=39)
[demo1|mcts|I|Oct23 13:36:59|0:00:41.772650] Iter: 116 | Reward: 0.97024 | Complexity: 18 | R2: 0.98773 | MDL: 21.46530 | Best: [gamma, log(gamma), sin(cos(gamma) / gamma)] (N=0, Q=0.00, MDL=21) | Best equation: 0.011971 + 5.8e-05 * gamma + 0.00887 * log(gamma) + 0.010412 * sin(cos(gamma) / gamma) | Speed: 344ms/iter (1.7ms/iter) | Time: None | Current: [gamma, gamma * gamma, log(gamma), exp(log(gamma)), cos(gamma) * gamma, log(gamma) * exp(log(gamma)), gamma + gamma / cos(gamma), cos(gamma)] (N=1, Q=0.95, MDL=37)
[demo1|mcts|I|Oct23 13:37:00|0:00:42.111469] Iter: 117 | Reward: 0.97024 | Complexity: 18 | R2: 0.98773 | MDL: 21.46530 | Best: [gamma, log(gamma), sin(cos(gamma) / gamma)] (N=0, Q=0.00, MDL=21) | Best equation: 0.011971 + 5.8e-05 * gamma + 0.00887 * log(gamma) + 0.010412 * sin(cos(gamma) / gamma) | Speed: 344ms/iter (1.7ms/iter) | Time: None | Current: [gamma, gamma * gamma, log(gamma), exp(log(gamma)), cos(gamma) * gamma, log(gamma) + gamma, gamma + gamma / cos(gamma), cos(gamma)] (N=1, Q=0.95, MDL=36)
[demo1|mcts|I|Oct23 13:37:00|0:00:42.433923] Iter: 118 | Reward: 0.97024 | Complexity: 18 | R2: 0.98773 | MDL: 21.46530 | Best: [gamma, log(gamma), sin(cos(gamma) / gamma)] (N=0, Q=0.00, MDL=21) | Best equation: 0.011971 + 5.8e-05 * gamma + 0.00887 * log(gamma) + 0.010412 * sin(cos(gamma) / gamma) | Speed: 344ms/iter (1.7ms/iter) | Time: None | Current: [gamma, gamma * gamma, log(gamma), exp(log(gamma)), cos(gamma) * gamma, gamma * (log(gamma) + gamma), gamma + gamma / cos(gamma), cos(gamma)] (N=1, Q=0.96, MDL=37)
[demo1|mcts|I|Oct23 13:37:01|0:00:43.509135] Iter: 119 | Reward: 0.97024 | Complexity: 18 | R2: 0.98773 | MDL: 21.46530 | Best: [gamma, log(gamma), sin(cos(gamma) / gamma)] (N=0, Q=0.00, MDL=21) | Best equation: 0.011971 + 5.8e-05 * gamma + 0.00887 * log(gamma) + 0.010412 * sin(cos(gamma) / gamma) | Speed: 350ms/iter (1.7ms/iter) | Time: None | Current: [gamma, gamma * gamma, log(gamma), exp(log(gamma)), cos(gamma) * gamma, cos(gamma) * gamma / exp(log(gamma)), gamma + gamma / cos(gamma), cos(gamma)] (N=1, Q=0.95, MDL=38)
[demo1|mcts|I|Oct23 13:37:01|0:00:43.848595] Iter: 120 | Reward: 0.97024 | Complexity: 18 | R2: 0.98773 | MDL: 21.46530 | Best: [gamma, log(gamma), sin(cos(gamma) / gamma)] (N=0, Q=0.00, MDL=21) | Best equation: 0.011971 + 5.8e-05 * gamma + 0.00887 * log(gamma) + 0.010412 * sin(cos(gamma) / gamma) | Speed: 350ms/iter (1.7ms/iter) | Time: None | Current: [gamma, gamma * gamma, log(gamma), exp(log(gamma)), gamma * gamma / gamma, cos(gamma) * gamma / exp(log(gamma)), gamma + gamma / cos(gamma), cos(gamma)] (N=1, Q=0.95, MDL=38)
[demo1|mcts|I|Oct23 13:37:02|0:00:44.179081] Iter: 121 | Reward: 0.97024 | Complexity: 18 | R2: 0.98773 | MDL: 21.46530 | Best: [gamma, log(gamma), sin(cos(gamma) / gamma)] (N=0, Q=0.00, MDL=21) | Best equation: 0.011971 + 5.8e-05 * gamma + 0.00887 * log(gamma) + 0.010412 * sin(cos(gamma) / gamma) | Speed: 350ms/iter (1.7ms/iter) | Time: None | Current: [gamma, gamma * gamma, log(gamma), exp(log(gamma)), gamma * gamma / gamma, log(gamma) / gamma, gamma + gamma / cos(gamma), cos(gamma)] (N=1, Q=0.96, MDL=37)
[demo1|mcts|I|Oct23 13:37:02|0:00:44.494704] Iter: 122 | Reward: 0.97024 | Complexity: 18 | R2: 0.98773 | MDL: 21.46530 | Best: [gamma, log(gamma), sin(cos(gamma) / gamma)] (N=0, Q=0.00, MDL=21) | Best equation: 0.011971 + 5.8e-05 * gamma + 0.00887 * log(gamma) + 0.010412 * sin(cos(gamma) / gamma) | Speed: 350ms/iter (1.7ms/iter) | Time: None | Current: [gamma, gamma * gamma, log(gamma), log(log(gamma) / gamma), gamma * gamma / gamma, log(gamma) / gamma, gamma + gamma / cos(gamma), cos(gamma)] (N=1, Q=0.96, MDL=43)
[demo1|mcts|I|Oct23 13:37:02|0:00:44.814146] Iter: 123 | Reward: 0.97024 | Complexity: 18 | R2: 0.98773 | MDL: 21.46530 | Best: [gamma, log(gamma), sin(cos(gamma) / gamma)] (N=0, Q=0.00, MDL=21) | Best equation: 0.011971 + 5.8e-05 * gamma + 0.00887 * log(gamma) + 0.010412 * sin(cos(gamma) / gamma) | Speed: 349ms/iter (1.7ms/iter) | Time: None | Current: [gamma, gamma * gamma, log(gamma), gamma / log(gamma), gamma * gamma / gamma, log(gamma) / gamma, gamma + gamma / cos(gamma), cos(gamma)] (N=1, Q=0.96, MDL=39)
[demo1|mcts|I|Oct23 13:37:03|0:00:45.139104] Iter: 124 | Reward: 0.97024 | Complexity: 18 | R2: 0.98773 | MDL: 21.46530 | Best: [gamma, log(gamma), sin(cos(gamma) / gamma)] (N=0, Q=0.00, MDL=21) | Best equation: 0.011971 + 5.8e-05 * gamma + 0.00887 * log(gamma) + 0.010412 * sin(cos(gamma) / gamma) | Speed: 349ms/iter (1.7ms/iter) | Time: None | Current: [gamma, gamma * gamma, cos(gamma) / gamma, gamma / log(gamma), gamma * gamma / gamma, log(gamma) / gamma, gamma + gamma / cos(gamma), cos(gamma)] (N=1, Q=0.95, MDL=43)
[demo1|mcts|I|Oct23 13:37:03|0:00:45.475625] Iter: 125 | Reward: 0.97024 | Complexity: 18 | R2: 0.98773 | MDL: 21.46530 | Best: [gamma, log(gamma), sin(cos(gamma) / gamma)] (N=0, Q=0.00, MDL=21) | Best equation: 0.011971 + 5.8e-05 * gamma + 0.00887 * log(gamma) + 0.010412 * sin(cos(gamma) / gamma) | Speed: 349ms/iter (1.7ms/iter) | Time: None | Current: [gamma, gamma * gamma, cos(gamma) / gamma, cos(gamma) * cos(gamma), gamma * gamma / gamma, log(gamma) / gamma, gamma + gamma / cos(gamma), cos(gamma)] (N=1, Q=0.96, MDL=46)
[demo1|mcts|I|Oct23 13:37:03|0:00:45.823099] Iter: 126 | Reward: 0.97024 | Complexity: 18 | R2: 0.98773 | MDL: 21.46530 | Best: [gamma, log(gamma), sin(cos(gamma) / gamma)] (N=0, Q=0.00, MDL=21) | Best equation: 0.011971 + 5.8e-05 * gamma + 0.00887 * log(gamma) + 0.010412 * sin(cos(gamma) / gamma) | Speed: 349ms/iter (1.7ms/iter) | Time: None | Current: [gamma, gamma * gamma, cos(gamma) / gamma, cos(gamma) * cos(gamma), gamma * gamma / gamma, log(gamma), gamma + gamma / cos(gamma), cos(gamma)] (N=1, Q=0.96, MDL=44)
[demo1|mcts|I|Oct23 13:37:04|0:00:46.229783] Iter: 127 | Reward: 0.97148 | Complexity: 17 | R2: 0.98800 | MDL: 44.95943 | Best: [gamma, cos(gamma) / gamma, sqrt(gamma) / cos(gamma), log(gamma)] (N=0, Q=0.00, MDL=45) | Best equation: 0.011569 + 4.5e-05 * gamma + 0.00947 * cos(gamma) / gamma + 0.009107 * log(gamma) | Speed: 349ms/iter (1.7ms/iter) | Time: None | Current: [gamma, gamma * gamma, cos(gamma) / gamma, cos(gamma) / (gamma * gamma), gamma * gamma / gamma, log(gamma), gamma + gamma / cos(gamma), cos(gamma)] (N=1, Q=0.97, MDL=45)
[demo1|mcts|I|Oct23 13:37:04|0:00:46.547092] Iter: 128 | Reward: 0.97148 | Complexity: 17 | R2: 0.98800 | MDL: 44.95943 | Best: [gamma, cos(gamma) / gamma, sqrt(gamma) / cos(gamma), log(gamma)] (N=0, Q=0.00, MDL=45) | Best equation: 0.011569 + 4.5e-05 * gamma + 0.00947 * cos(gamma) / gamma + 0.009107 * log(gamma) | Speed: 349ms/iter (1.7ms/iter) | Time: None | Current: [gamma, gamma * gamma, cos(gamma) / gamma, gamma / (gamma * gamma), gamma * gamma / gamma, log(gamma), gamma + gamma / cos(gamma), cos(gamma)] (N=1, Q=0.96, MDL=45)
[demo1|mcts|I|Oct23 13:37:05|0:00:46.883552] Iter: 129 | Reward: 0.97148 | Complexity: 17 | R2: 0.98800 | MDL: 44.95943 | Best: [gamma, cos(gamma) / gamma, sqrt(gamma) / cos(gamma), log(gamma)] (N=0, Q=0.00, MDL=45) | Best equation: 0.011569 + 4.5e-05 * gamma + 0.00947 * cos(gamma) / gamma + 0.009107 * log(gamma) | Speed: 349ms/iter (1.7ms/iter) | Time: None | Current: [gamma, gamma * gamma, cos(gamma) / gamma, gamma / (gamma * gamma), gamma * gamma / gamma, log(gamma), gamma + gamma / cos(gamma), gamma / cos(gamma)] (N=1, Q=0.96, MDL=43)
[demo1|mcts|I|Oct23 13:37:05|0:00:47.223294] Iter: 130 | Reward: 0.97148 | Complexity: 17 | R2: 0.98800 | MDL: 44.95943 | Best: [gamma, cos(gamma) / gamma, sqrt(gamma) / cos(gamma), log(gamma)] (N=0, Q=0.00, MDL=45) | Best equation: 0.011569 + 4.5e-05 * gamma + 0.00947 * cos(gamma) / gamma + 0.009107 * log(gamma) | Speed: 349ms/iter (1.7ms/iter) | Time: None | Current: [gamma, gamma * gamma, cos(gamma) / gamma, gamma / (gamma * gamma), gamma * gamma / gamma, log(gamma), gamma * log(gamma), gamma / cos(gamma)] (N=1, Q=0.96, MDL=43)
[demo1|mcts|I|Oct23 13:37:05|0:00:47.516065] Iter: 131 | Reward: 0.97148 | Complexity: 17 | R2: 0.98800 | MDL: 44.95943 | Best: [gamma, cos(gamma) / gamma, sqrt(gamma) / cos(gamma), log(gamma)] (N=0, Q=0.00, MDL=45) | Best equation: 0.011569 + 4.5e-05 * gamma + 0.00947 * cos(gamma) / gamma + 0.009107 * log(gamma) | Speed: 349ms/iter (1.7ms/iter) | Time: None | Current: [gamma, gamma * gamma, exp(gamma), gamma / (gamma * gamma), gamma * gamma / gamma, log(gamma), gamma * log(gamma), gamma / cos(gamma)] (N=1, Q=0.96, MDL=38)
[demo1|mcts|I|Oct23 13:37:05|0:00:47.810314] Iter: 132 | Reward: 0.97148 | Complexity: 17 | R2: 0.98800 | MDL: 44.95943 | Best: [gamma, cos(gamma) / gamma, sqrt(gamma) / cos(gamma), log(gamma)] (N=0, Q=0.00, MDL=45) | Best equation: 0.011569 + 4.5e-05 * gamma + 0.00947 * cos(gamma) / gamma + 0.009107 * log(gamma) | Speed: 348ms/iter (1.7ms/iter) | Time: None | Current: [gamma, gamma * gamma, exp(gamma), gamma * gamma * gamma * log(gamma), gamma * gamma / gamma, log(gamma), gamma * log(gamma), gamma / cos(gamma)] (N=1, Q=0.96, MDL=37)
[demo1|mcts|I|Oct23 13:37:06|0:00:48.107585] Iter: 133 | Reward: 0.97148 | Complexity: 17 | R2: 0.98800 | MDL: 44.95943 | Best: [gamma, cos(gamma) / gamma, sqrt(gamma) / cos(gamma), log(gamma)] (N=0, Q=0.00, MDL=45) | Best equation: 0.011569 + 4.5e-05 * gamma + 0.00947 * cos(gamma) / gamma + 0.009107 * log(gamma) | Speed: 348ms/iter (1.7ms/iter) | Time: None | Current: [gamma, gamma * gamma, exp(gamma), gamma / log(gamma), gamma * gamma / gamma, log(gamma), gamma * log(gamma), gamma / cos(gamma)] (N=1, Q=0.95, MDL=34)
[demo1|mcts|I|Oct23 13:37:06|0:00:48.395236] Iter: 134 | Reward: 0.97148 | Complexity: 17 | R2: 0.98800 | MDL: 44.95943 | Best: [gamma, cos(gamma) / gamma, sqrt(gamma) / cos(gamma), log(gamma)] (N=0, Q=0.00, MDL=45) | Best equation: 0.011569 + 4.5e-05 * gamma + 0.00947 * cos(gamma) / gamma + 0.009107 * log(gamma) | Speed: 347ms/iter (1.7ms/iter) | Time: None | Current: [gamma, gamma * gamma, exp(gamma), gamma / log(gamma), gamma * gamma / gamma, exp(gamma * log(gamma)), gamma * log(gamma), gamma / cos(gamma)] (N=1, Q=0.94, MDL=33)
[demo1|mcts|I|Oct23 13:37:06|0:00:48.704398] Iter: 135 | Reward: 0.97148 | Complexity: 17 | R2: 0.98800 | MDL: 44.95943 | Best: [gamma, cos(gamma) / gamma, sqrt(gamma) / cos(gamma), log(gamma)] (N=0, Q=0.00, MDL=45) | Best equation: 0.011569 + 4.5e-05 * gamma + 0.00947 * cos(gamma) / gamma + 0.009107 * log(gamma) | Speed: 347ms/iter (1.7ms/iter) | Time: None | Current: [gamma, gamma * gamma, exp(gamma), gamma / log(gamma), gamma * gamma / gamma, gamma / log(gamma) + gamma, gamma * log(gamma), gamma / cos(gamma)] (N=1, Q=0.94, MDL=35)
[demo1|mcts|I|Oct23 13:37:07|0:00:49.033178] Iter: 136 | Reward: 0.97148 | Complexity: 17 | R2: 0.98800 | MDL: 44.95943 | Best: [gamma, cos(gamma) / gamma, sqrt(gamma) / cos(gamma), log(gamma)] (N=0, Q=0.00, MDL=45) | Best equation: 0.011569 + 4.5e-05 * gamma + 0.00947 * cos(gamma) / gamma + 0.009107 * log(gamma) | Speed: 347ms/iter (1.7ms/iter) | Time: None | Current: [gamma, gamma * gamma, exp(gamma), gamma / log(gamma), gamma * gamma / gamma, exp(gamma) + gamma, gamma * log(gamma), gamma / cos(gamma)] (N=1, Q=0.95, MDL=33)
[demo1|mcts|I|Oct23 13:37:07|0:00:49.337872] Iter: 137 | Reward: 0.97148 | Complexity: 17 | R2: 0.98800 | MDL: 44.95943 | Best: [gamma, cos(gamma) / gamma, sqrt(gamma) / cos(gamma), log(gamma)] (N=0, Q=0.00, MDL=45) | Best equation: 0.011569 + 4.5e-05 * gamma + 0.00947 * cos(gamma) / gamma + 0.009107 * log(gamma) | Speed: 347ms/iter (1.7ms/iter) | Time: None | Current: [gamma, gamma * gamma, exp(gamma), log(gamma * gamma), gamma * gamma / gamma, exp(gamma) + gamma, gamma * log(gamma), gamma / cos(gamma)] (N=1, Q=0.94, MDL=32)
[demo1|mcts|I|Oct23 13:37:07|0:00:49.641597] Iter: 138 | Reward: 0.97148 | Complexity: 17 | R2: 0.98800 | MDL: 44.95943 | Best: [gamma, cos(gamma) / gamma, sqrt(gamma) / cos(gamma), log(gamma)] (N=0, Q=0.00, MDL=45) | Best equation: 0.011569 + 4.5e-05 * gamma + 0.00947 * cos(gamma) / gamma + 0.009107 * log(gamma) | Speed: 346ms/iter (1.7ms/iter) | Time: None | Current: [gamma, gamma * gamma, exp(gamma), log(gamma * gamma), gamma * gamma / gamma, exp(gamma) + gamma, sin(gamma * gamma), gamma / cos(gamma)] (N=1, Q=0.94, MDL=37)
[demo1|mcts|I|Oct23 13:37:08|0:00:49.971709] Iter: 139 | Reward: 0.97148 | Complexity: 17 | R2: 0.98800 | MDL: 44.95943 | Best: [gamma, cos(gamma) / gamma, sqrt(gamma) / cos(gamma), log(gamma)] (N=0, Q=0.00, MDL=45) | Best equation: 0.011569 + 4.5e-05 * gamma + 0.00947 * cos(gamma) / gamma + 0.009107 * log(gamma) | Speed: 346ms/iter (1.7ms/iter) | Time: None | Current: [gamma, sin(gamma / cos(gamma)), exp(gamma), log(gamma * gamma), gamma * gamma / gamma, exp(gamma) + gamma, sin(gamma * gamma), gamma / cos(gamma)] (N=1, Q=0.95, MDL=45)
[demo1|mcts|I|Oct23 13:37:08|0:00:50.295877] Iter: 140 | Reward: 0.97148 | Complexity: 17 | R2: 0.98800 | MDL: 44.95943 | Best: [gamma, cos(gamma) / gamma, sqrt(gamma) / cos(gamma), log(gamma)] (N=0, Q=0.00, MDL=45) | Best equation: 0.011569 + 4.5e-05 * gamma + 0.00947 * cos(gamma) / gamma + 0.009107 * log(gamma) | Speed: 346ms/iter (1.7ms/iter) | Time: None | Current: [gamma, exp(sin(gamma * gamma)), exp(gamma), log(gamma * gamma), gamma * gamma / gamma, exp(gamma) + gamma, sin(gamma * gamma), gamma / cos(gamma)] (N=1, Q=0.95, MDL=42)
[demo1|mcts|I|Oct23 13:37:08|0:00:50.613044] Iter: 141 | Reward: 0.97148 | Complexity: 17 | R2: 0.98800 | MDL: 44.95943 | Best: [gamma, cos(gamma) / gamma, sqrt(gamma) / cos(gamma), log(gamma)] (N=0, Q=0.00, MDL=45) | Best equation: 0.011569 + 4.5e-05 * gamma + 0.00947 * cos(gamma) / gamma + 0.009107 * log(gamma) | Speed: 346ms/iter (1.7ms/iter) | Time: None | Current: [gamma, exp(sin(gamma * gamma)), exp(gamma), log(gamma * gamma), gamma * gamma / gamma, sin(gamma), sin(gamma * gamma), gamma / cos(gamma)] (N=1, Q=0.94, MDL=44)
[demo1|mcts|I|Oct23 13:37:09|0:00:50.917269] Iter: 142 | Reward: 0.97148 | Complexity: 17 | R2: 0.98800 | MDL: 44.95943 | Best: [gamma, cos(gamma) / gamma, sqrt(gamma) / cos(gamma), log(gamma)] (N=0, Q=0.00, MDL=45) | Best equation: 0.011569 + 4.5e-05 * gamma + 0.00947 * cos(gamma) / gamma + 0.009107 * log(gamma) | Speed: 346ms/iter (1.7ms/iter) | Time: None | Current: [gamma, gamma / cos(gamma) + gamma, exp(gamma), log(gamma * gamma), gamma * gamma / gamma, sin(gamma), sin(gamma * gamma), gamma / cos(gamma)] (N=1, Q=0.95, MDL=46)
[demo1|mcts|I|Oct23 13:37:09|0:00:51.229484] Iter: 143 | Reward: 0.97148 | Complexity: 17 | R2: 0.98800 | MDL: 44.95943 | Best: [gamma, cos(gamma) / gamma, sqrt(gamma) / cos(gamma), log(gamma)] (N=0, Q=0.00, MDL=45) | Best equation: 0.011569 + 4.5e-05 * gamma + 0.00947 * cos(gamma) / gamma + 0.009107 * log(gamma) | Speed: 345ms/iter (1.7ms/iter) | Time: None | Current: [gamma, gamma / cos(gamma) + gamma, exp(gamma), gamma / (gamma / cos(gamma)), gamma * gamma / gamma, sin(gamma), sin(gamma * gamma), gamma / cos(gamma)] (N=1, Q=0.95, MDL=48)
[demo1|mcts|I|Oct23 13:37:09|0:00:51.534771] Iter: 144 | Reward: 0.97148 | Complexity: 17 | R2: 0.98800 | MDL: 44.95943 | Best: [gamma, cos(gamma) / gamma, sqrt(gamma) / cos(gamma), log(gamma)] (N=0, Q=0.00, MDL=45) | Best equation: 0.011569 + 4.5e-05 * gamma + 0.00947 * cos(gamma) / gamma + 0.009107 * log(gamma) | Speed: 345ms/iter (1.7ms/iter) | Time: None | Current: [gamma, gamma / cos(gamma) + gamma, exp(gamma), gamma / (gamma / cos(gamma)), sin(gamma) / gamma, sin(gamma), sin(gamma * gamma), gamma / cos(gamma)] (N=1, Q=0.95, MDL=48)
[demo1|mcts|I|Oct23 13:37:09|0:00:51.859668] Iter: 145 | Reward: 0.97148 | Complexity: 17 | R2: 0.98800 | MDL: 44.95943 | Best: [gamma, cos(gamma) / gamma, sqrt(gamma) / cos(gamma), log(gamma)] (N=0, Q=0.00, MDL=45) | Best equation: 0.011569 + 4.5e-05 * gamma + 0.00947 * cos(gamma) / gamma + 0.009107 * log(gamma) | Speed: 345ms/iter (1.7ms/iter) | Time: None | Current: [gamma, gamma / cos(gamma) + gamma, exp(gamma), sin(gamma) / gamma + sin(gamma), sin(gamma) / gamma, sin(gamma), sin(gamma * gamma), gamma / cos(gamma)] (N=1, Q=0.95, MDL=48)
[demo1|mcts|I|Oct23 13:37:10|0:00:52.170468] Iter: 146 | Reward: 0.97148 | Complexity: 17 | R2: 0.98800 | MDL: 44.95943 | Best: [gamma, cos(gamma) / gamma, sqrt(gamma) / cos(gamma), log(gamma)] (N=0, Q=0.00, MDL=45) | Best equation: 0.011569 + 4.5e-05 * gamma + 0.00947 * cos(gamma) / gamma + 0.009107 * log(gamma) | Speed: 345ms/iter (1.7ms/iter) | Time: None | Current: [gamma, sin(gamma) + sin(gamma), exp(gamma), sin(gamma) / gamma + sin(gamma), sin(gamma) / gamma, sin(gamma), sin(gamma * gamma), gamma / cos(gamma)] (N=1, Q=0.94, MDL=48)
[demo1|mcts|I|Oct23 13:37:10|0:00:52.471820] Iter: 147 | Reward: 0.97148 | Complexity: 17 | R2: 0.98800 | MDL: 44.95943 | Best: [gamma, cos(gamma) / gamma, sqrt(gamma) / cos(gamma), log(gamma)] (N=0, Q=0.00, MDL=45) | Best equation: 0.011569 + 4.5e-05 * gamma + 0.00947 * cos(gamma) / gamma + 0.009107 * log(gamma) | Speed: 344ms/iter (1.7ms/iter) | Time: None | Current: [gamma, sqrt(gamma), exp(gamma), sin(gamma) / gamma + sin(gamma), sin(gamma) / gamma, sin(gamma), sin(gamma * gamma), gamma / cos(gamma)] (N=1, Q=0.95, MDL=46)
[demo1|mcts|I|Oct23 13:37:10|0:00:52.775463] Iter: 148 | Reward: 0.97148 | Complexity: 17 | R2: 0.98800 | MDL: 44.95943 | Best: [gamma, cos(gamma) / gamma, sqrt(gamma) / cos(gamma), log(gamma)] (N=0, Q=0.00, MDL=45) | Best equation: 0.011569 + 4.5e-05 * gamma + 0.00947 * cos(gamma) / gamma + 0.009107 * log(gamma) | Speed: 344ms/iter (1.7ms/iter) | Time: None | Current: [gamma, sqrt(gamma), exp(gamma), log(exp(gamma)), sin(gamma) / gamma, sin(gamma), sin(gamma * gamma), gamma / cos(gamma)] (N=1, Q=0.95, MDL=45)
[demo1|mcts|I|Oct23 13:37:11|0:00:53.052337] Iter: 149 | Reward: 0.97148 | Complexity: 17 | R2: 0.98800 | MDL: 44.95943 | Best: [gamma, cos(gamma) / gamma, sqrt(gamma) / cos(gamma), log(gamma)] (N=0, Q=0.00, MDL=45) | Best equation: 0.011569 + 4.5e-05 * gamma + 0.00947 * cos(gamma) / gamma + 0.009107 * log(gamma) | Speed: 344ms/iter (1.7ms/iter) | Time: None | Current: [gamma, sqrt(gamma), exp(gamma), log(exp(gamma)), sqrt(gamma) * exp(gamma), sin(gamma), sin(gamma * gamma), gamma / cos(gamma)] (N=1, Q=0.95, MDL=43)
[demo1|mcts|I|Oct23 13:37:11|0:00:53.347846] Iter: 150 | Reward: 0.97148 | Complexity: 17 | R2: 0.98800 | MDL: 44.95943 | Best: [gamma, cos(gamma) / gamma, sqrt(gamma) / cos(gamma), log(gamma)] (N=0, Q=0.00, MDL=45) | Best equation: 0.011569 + 4.5e-05 * gamma + 0.00947 * cos(gamma) / gamma + 0.009107 * log(gamma) | Speed: 343ms/iter (1.7ms/iter) | Time: None | Current: [gamma, sqrt(gamma), exp(gamma), log(exp(gamma)) / gamma, sqrt(gamma) * exp(gamma), sin(gamma), sin(gamma * gamma), gamma / cos(gamma)] (N=1, Q=0.95, MDL=45)
[demo1|search|N|Oct23 13:39:09|0:02:51.236576] Interrupted
[demo1|single_test|E|Oct23 13:39:09|0:02:51.241454] (pix/single_test.py:321) 测试过程中出现错误: cannot access local variable 'loss' where it is not associated with a value
